
*** Running vivado
    with args -log vid_oe3_xbar_1.vds -m64 -product Vivado -mode batch -messageDb vivado.pb -notrace -source vid_oe3_xbar_1.tcl


****** Vivado v2022.2 (64-bit)
  **** SW Build 3671981 on Fri Oct 14 04:59:54 MDT 2022
  **** IP Build 3669848 on Fri Oct 14 08:30:02 MDT 2022
    ** Copyright 1986-2022 Xilinx, Inc. All Rights Reserved.

source vid_oe3_xbar_1.tcl -notrace
INFO: [IP_Flow 19-234] Refreshing IP repositories
INFO: [IP_Flow 19-1700] Loaded user IP repository '/home/sean/Downloads/git/ECE385_FP/digilent/vivado-library-master'.
INFO: [IP_Flow 19-2313] Loaded Vivado IP repository '/alottadata/tools/Xilinx/Vivado/2022.2/data/ip'.
INFO: [IP_Flow 19-6924] IPCACHE: Running cache check for IP inst: vid_oe3_xbar_1
Command: synth_design -top vid_oe3_xbar_1 -part xc7s50csga324-1 -incremental_mode off -mode out_of_context
Starting synth_design
Attempting to get a license for feature 'Synthesis' and/or device 'xc7s50'
INFO: [Common 17-349] Got license for feature 'Synthesis' and/or device 'xc7s50'
INFO: [Device 21-403] Loading part xc7s50csga324-1
INFO: [Synth 8-7079] Multithreading enabled for synth_design using a maximum of 4 processes.
INFO: [Synth 8-7078] Launching helper process for spawning children vivado processes
INFO: [Synth 8-7075] Helper process launched with PID 9563
INFO: [Synth 8-11241] undeclared symbol 'REGCCE', assumed default net type 'wire' [/alottadata/tools/Xilinx/Vivado/2022.2/data/verilog/src/unimacro/BRAM_SINGLE_MACRO.v:2170]
---------------------------------------------------------------------------------
Starting RTL Elaboration : Time (s): cpu = 00:00:04 ; elapsed = 00:00:05 . Memory (MB): peak = 2181.410 ; gain = 371.738 ; free physical = 4591 ; free virtual = 12017
Synthesis current peak Physical Memory [PSS] (MB): peak = 1219.426; parent = 1077.443; children = 141.982
Synthesis current peak Virtual Memory [VSS] (MB): peak = 3809.230; parent = 2188.352; children = 1620.879
---------------------------------------------------------------------------------
INFO: [Synth 8-6157] synthesizing module 'vid_oe3_xbar_1' [/home/sean/Downloads/git/ECE385_FP/VID_OE3/VID_OE3.gen/sources_1/bd/vid_oe3/ip/vid_oe3_xbar_1/synth/vid_oe3_xbar_1.v:53]
INFO: [Synth 8-6157] synthesizing module 'axi_crossbar_v2_1_28_axi_crossbar' [/home/sean/Downloads/git/ECE385_FP/VID_OE3/VID_OE3.gen/sources_1/bd/vid_oe3/ipshared/c40e/hdl/axi_crossbar_v2_1_vl_rfs.v:4883]
INFO: [Synth 8-6157] synthesizing module 'axi_crossbar_v2_1_28_crossbar' [/home/sean/Downloads/git/ECE385_FP/VID_OE3/VID_OE3.gen/sources_1/bd/vid_oe3/ipshared/c40e/hdl/axi_crossbar_v2_1_vl_rfs.v:2238]
INFO: [Synth 8-6157] synthesizing module 'axi_crossbar_v2_1_28_si_transactor' [/home/sean/Downloads/git/ECE385_FP/VID_OE3/VID_OE3.gen/sources_1/bd/vid_oe3/ipshared/c40e/hdl/axi_crossbar_v2_1_vl_rfs.v:3799]
INFO: [Synth 8-6157] synthesizing module 'axi_crossbar_v2_1_28_addr_decoder' [/home/sean/Downloads/git/ECE385_FP/VID_OE3/VID_OE3.gen/sources_1/bd/vid_oe3/ipshared/c40e/hdl/axi_crossbar_v2_1_vl_rfs.v:793]
INFO: [Synth 8-6157] synthesizing module 'generic_baseblocks_v2_1_0_comparator_static' [/home/sean/Downloads/git/ECE385_FP/VID_OE3/VID_OE3.gen/sources_1/bd/vid_oe3/ipshared/b752/hdl/generic_baseblocks_v2_1_vl_rfs.v:2132]
INFO: [Synth 8-6157] synthesizing module 'generic_baseblocks_v2_1_0_carry_and' [/home/sean/Downloads/git/ECE385_FP/VID_OE3/VID_OE3.gen/sources_1/bd/vid_oe3/ipshared/b752/hdl/generic_baseblocks_v2_1_vl_rfs.v:61]
INFO: [Synth 8-6155] done synthesizing module 'generic_baseblocks_v2_1_0_carry_and' (0#1) [/home/sean/Downloads/git/ECE385_FP/VID_OE3/VID_OE3.gen/sources_1/bd/vid_oe3/ipshared/b752/hdl/generic_baseblocks_v2_1_vl_rfs.v:61]
INFO: [Synth 8-6155] done synthesizing module 'generic_baseblocks_v2_1_0_comparator_static' (0#1) [/home/sean/Downloads/git/ECE385_FP/VID_OE3/VID_OE3.gen/sources_1/bd/vid_oe3/ipshared/b752/hdl/generic_baseblocks_v2_1_vl_rfs.v:2132]
INFO: [Synth 8-6157] synthesizing module 'generic_baseblocks_v2_1_0_comparator_static__parameterized0' [/home/sean/Downloads/git/ECE385_FP/VID_OE3/VID_OE3.gen/sources_1/bd/vid_oe3/ipshared/b752/hdl/generic_baseblocks_v2_1_vl_rfs.v:2132]
INFO: [Synth 8-6155] done synthesizing module 'generic_baseblocks_v2_1_0_comparator_static__parameterized0' (0#1) [/home/sean/Downloads/git/ECE385_FP/VID_OE3/VID_OE3.gen/sources_1/bd/vid_oe3/ipshared/b752/hdl/generic_baseblocks_v2_1_vl_rfs.v:2132]
INFO: [Synth 8-6157] synthesizing module 'generic_baseblocks_v2_1_0_comparator_static__parameterized1' [/home/sean/Downloads/git/ECE385_FP/VID_OE3/VID_OE3.gen/sources_1/bd/vid_oe3/ipshared/b752/hdl/generic_baseblocks_v2_1_vl_rfs.v:2132]
INFO: [Synth 8-6155] done synthesizing module 'generic_baseblocks_v2_1_0_comparator_static__parameterized1' (0#1) [/home/sean/Downloads/git/ECE385_FP/VID_OE3/VID_OE3.gen/sources_1/bd/vid_oe3/ipshared/b752/hdl/generic_baseblocks_v2_1_vl_rfs.v:2132]
INFO: [Synth 8-6157] synthesizing module 'generic_baseblocks_v2_1_0_comparator_static__parameterized2' [/home/sean/Downloads/git/ECE385_FP/VID_OE3/VID_OE3.gen/sources_1/bd/vid_oe3/ipshared/b752/hdl/generic_baseblocks_v2_1_vl_rfs.v:2132]
INFO: [Synth 8-6155] done synthesizing module 'generic_baseblocks_v2_1_0_comparator_static__parameterized2' (0#1) [/home/sean/Downloads/git/ECE385_FP/VID_OE3/VID_OE3.gen/sources_1/bd/vid_oe3/ipshared/b752/hdl/generic_baseblocks_v2_1_vl_rfs.v:2132]
INFO: [Synth 8-6157] synthesizing module 'generic_baseblocks_v2_1_0_comparator_static__parameterized3' [/home/sean/Downloads/git/ECE385_FP/VID_OE3/VID_OE3.gen/sources_1/bd/vid_oe3/ipshared/b752/hdl/generic_baseblocks_v2_1_vl_rfs.v:2132]
INFO: [Synth 8-6155] done synthesizing module 'generic_baseblocks_v2_1_0_comparator_static__parameterized3' (0#1) [/home/sean/Downloads/git/ECE385_FP/VID_OE3/VID_OE3.gen/sources_1/bd/vid_oe3/ipshared/b752/hdl/generic_baseblocks_v2_1_vl_rfs.v:2132]
INFO: [Synth 8-6157] synthesizing module 'generic_baseblocks_v2_1_0_comparator_static__parameterized4' [/home/sean/Downloads/git/ECE385_FP/VID_OE3/VID_OE3.gen/sources_1/bd/vid_oe3/ipshared/b752/hdl/generic_baseblocks_v2_1_vl_rfs.v:2132]
INFO: [Synth 8-6155] done synthesizing module 'generic_baseblocks_v2_1_0_comparator_static__parameterized4' (0#1) [/home/sean/Downloads/git/ECE385_FP/VID_OE3/VID_OE3.gen/sources_1/bd/vid_oe3/ipshared/b752/hdl/generic_baseblocks_v2_1_vl_rfs.v:2132]
INFO: [Synth 8-6155] done synthesizing module 'axi_crossbar_v2_1_28_addr_decoder' (0#1) [/home/sean/Downloads/git/ECE385_FP/VID_OE3/VID_OE3.gen/sources_1/bd/vid_oe3/ipshared/c40e/hdl/axi_crossbar_v2_1_vl_rfs.v:793]
INFO: [Synth 8-6157] synthesizing module 'axi_data_fifo_v2_1_26_axic_srl_fifo' [/home/sean/Downloads/git/ECE385_FP/VID_OE3/VID_OE3.gen/sources_1/bd/vid_oe3/ipshared/3111/hdl/axi_data_fifo_v2_1_vl_rfs.v:697]
INFO: [Synth 8-6157] synthesizing module 'axi_data_fifo_v2_1_26_ndeep_srl' [/home/sean/Downloads/git/ECE385_FP/VID_OE3/VID_OE3.gen/sources_1/bd/vid_oe3/ipshared/3111/hdl/axi_data_fifo_v2_1_vl_rfs.v:1134]
INFO: [Synth 8-6155] done synthesizing module 'axi_data_fifo_v2_1_26_ndeep_srl' (0#1) [/home/sean/Downloads/git/ECE385_FP/VID_OE3/VID_OE3.gen/sources_1/bd/vid_oe3/ipshared/3111/hdl/axi_data_fifo_v2_1_vl_rfs.v:1134]
INFO: [Synth 8-6155] done synthesizing module 'axi_data_fifo_v2_1_26_axic_srl_fifo' (0#1) [/home/sean/Downloads/git/ECE385_FP/VID_OE3/VID_OE3.gen/sources_1/bd/vid_oe3/ipshared/3111/hdl/axi_data_fifo_v2_1_vl_rfs.v:697]
INFO: [Synth 8-6157] synthesizing module 'generic_baseblocks_v2_1_0_mux_enc' [/home/sean/Downloads/git/ECE385_FP/VID_OE3/VID_OE3.gen/sources_1/bd/vid_oe3/ipshared/b752/hdl/generic_baseblocks_v2_1_vl_rfs.v:2451]
INFO: [Synth 8-6155] done synthesizing module 'generic_baseblocks_v2_1_0_mux_enc' (0#1) [/home/sean/Downloads/git/ECE385_FP/VID_OE3/VID_OE3.gen/sources_1/bd/vid_oe3/ipshared/b752/hdl/generic_baseblocks_v2_1_vl_rfs.v:2451]
INFO: [Synth 8-6155] done synthesizing module 'axi_crossbar_v2_1_28_si_transactor' (0#1) [/home/sean/Downloads/git/ECE385_FP/VID_OE3/VID_OE3.gen/sources_1/bd/vid_oe3/ipshared/c40e/hdl/axi_crossbar_v2_1_vl_rfs.v:3799]
INFO: [Synth 8-6157] synthesizing module 'axi_crossbar_v2_1_28_si_transactor__parameterized0' [/home/sean/Downloads/git/ECE385_FP/VID_OE3/VID_OE3.gen/sources_1/bd/vid_oe3/ipshared/c40e/hdl/axi_crossbar_v2_1_vl_rfs.v:3799]
INFO: [Synth 8-6157] synthesizing module 'generic_baseblocks_v2_1_0_mux_enc__parameterized0' [/home/sean/Downloads/git/ECE385_FP/VID_OE3/VID_OE3.gen/sources_1/bd/vid_oe3/ipshared/b752/hdl/generic_baseblocks_v2_1_vl_rfs.v:2451]
INFO: [Synth 8-6155] done synthesizing module 'generic_baseblocks_v2_1_0_mux_enc__parameterized0' (0#1) [/home/sean/Downloads/git/ECE385_FP/VID_OE3/VID_OE3.gen/sources_1/bd/vid_oe3/ipshared/b752/hdl/generic_baseblocks_v2_1_vl_rfs.v:2451]
INFO: [Synth 8-6155] done synthesizing module 'axi_crossbar_v2_1_28_si_transactor__parameterized0' (0#1) [/home/sean/Downloads/git/ECE385_FP/VID_OE3/VID_OE3.gen/sources_1/bd/vid_oe3/ipshared/c40e/hdl/axi_crossbar_v2_1_vl_rfs.v:3799]
INFO: [Synth 8-6157] synthesizing module 'axi_crossbar_v2_1_28_splitter' [/home/sean/Downloads/git/ECE385_FP/VID_OE3/VID_OE3.gen/sources_1/bd/vid_oe3/ipshared/c40e/hdl/axi_crossbar_v2_1_vl_rfs.v:4460]
INFO: [Synth 8-6155] done synthesizing module 'axi_crossbar_v2_1_28_splitter' (0#1) [/home/sean/Downloads/git/ECE385_FP/VID_OE3/VID_OE3.gen/sources_1/bd/vid_oe3/ipshared/c40e/hdl/axi_crossbar_v2_1_vl_rfs.v:4460]
INFO: [Synth 8-6157] synthesizing module 'axi_crossbar_v2_1_28_wdata_router' [/home/sean/Downloads/git/ECE385_FP/VID_OE3/VID_OE3.gen/sources_1/bd/vid_oe3/ipshared/c40e/hdl/axi_crossbar_v2_1_vl_rfs.v:4735]
INFO: [Synth 8-6157] synthesizing module 'axi_data_fifo_v2_1_26_axic_reg_srl_fifo' [/home/sean/Downloads/git/ECE385_FP/VID_OE3/VID_OE3.gen/sources_1/bd/vid_oe3/ipshared/3111/hdl/axi_data_fifo_v2_1_vl_rfs.v:888]
INFO: [Synth 8-155] case statement is not full and has no default [/home/sean/Downloads/git/ECE385_FP/VID_OE3/VID_OE3.gen/sources_1/bd/vid_oe3/ipshared/3111/hdl/axi_data_fifo_v2_1_vl_rfs.v:986]
INFO: [Synth 8-6155] done synthesizing module 'axi_data_fifo_v2_1_26_axic_reg_srl_fifo' (0#1) [/home/sean/Downloads/git/ECE385_FP/VID_OE3/VID_OE3.gen/sources_1/bd/vid_oe3/ipshared/3111/hdl/axi_data_fifo_v2_1_vl_rfs.v:888]
INFO: [Synth 8-6155] done synthesizing module 'axi_crossbar_v2_1_28_wdata_router' (0#1) [/home/sean/Downloads/git/ECE385_FP/VID_OE3/VID_OE3.gen/sources_1/bd/vid_oe3/ipshared/c40e/hdl/axi_crossbar_v2_1_vl_rfs.v:4735]
INFO: [Synth 8-6157] synthesizing module 'axi_crossbar_v2_1_28_si_transactor__parameterized1' [/home/sean/Downloads/git/ECE385_FP/VID_OE3/VID_OE3.gen/sources_1/bd/vid_oe3/ipshared/c40e/hdl/axi_crossbar_v2_1_vl_rfs.v:3799]
INFO: [Synth 8-6157] synthesizing module 'axi_data_fifo_v2_1_26_axic_srl_fifo__parameterized0' [/home/sean/Downloads/git/ECE385_FP/VID_OE3/VID_OE3.gen/sources_1/bd/vid_oe3/ipshared/3111/hdl/axi_data_fifo_v2_1_vl_rfs.v:697]
INFO: [Synth 8-6155] done synthesizing module 'axi_data_fifo_v2_1_26_axic_srl_fifo__parameterized0' (0#1) [/home/sean/Downloads/git/ECE385_FP/VID_OE3/VID_OE3.gen/sources_1/bd/vid_oe3/ipshared/3111/hdl/axi_data_fifo_v2_1_vl_rfs.v:697]
INFO: [Synth 8-6155] done synthesizing module 'axi_crossbar_v2_1_28_si_transactor__parameterized1' (0#1) [/home/sean/Downloads/git/ECE385_FP/VID_OE3/VID_OE3.gen/sources_1/bd/vid_oe3/ipshared/c40e/hdl/axi_crossbar_v2_1_vl_rfs.v:3799]
INFO: [Synth 8-6157] synthesizing module 'axi_crossbar_v2_1_28_si_transactor__parameterized2' [/home/sean/Downloads/git/ECE385_FP/VID_OE3/VID_OE3.gen/sources_1/bd/vid_oe3/ipshared/c40e/hdl/axi_crossbar_v2_1_vl_rfs.v:3799]
INFO: [Synth 8-6157] synthesizing module 'axi_data_fifo_v2_1_26_axic_srl_fifo__parameterized1' [/home/sean/Downloads/git/ECE385_FP/VID_OE3/VID_OE3.gen/sources_1/bd/vid_oe3/ipshared/3111/hdl/axi_data_fifo_v2_1_vl_rfs.v:697]
INFO: [Synth 8-6157] synthesizing module 'axi_data_fifo_v2_1_26_ndeep_srl__parameterized0' [/home/sean/Downloads/git/ECE385_FP/VID_OE3/VID_OE3.gen/sources_1/bd/vid_oe3/ipshared/3111/hdl/axi_data_fifo_v2_1_vl_rfs.v:1134]
INFO: [Synth 8-6155] done synthesizing module 'axi_data_fifo_v2_1_26_ndeep_srl__parameterized0' (0#1) [/home/sean/Downloads/git/ECE385_FP/VID_OE3/VID_OE3.gen/sources_1/bd/vid_oe3/ipshared/3111/hdl/axi_data_fifo_v2_1_vl_rfs.v:1134]
INFO: [Synth 8-6155] done synthesizing module 'axi_data_fifo_v2_1_26_axic_srl_fifo__parameterized1' (0#1) [/home/sean/Downloads/git/ECE385_FP/VID_OE3/VID_OE3.gen/sources_1/bd/vid_oe3/ipshared/3111/hdl/axi_data_fifo_v2_1_vl_rfs.v:697]
INFO: [Synth 8-6155] done synthesizing module 'axi_crossbar_v2_1_28_si_transactor__parameterized2' (0#1) [/home/sean/Downloads/git/ECE385_FP/VID_OE3/VID_OE3.gen/sources_1/bd/vid_oe3/ipshared/c40e/hdl/axi_crossbar_v2_1_vl_rfs.v:3799]
INFO: [Synth 8-6157] synthesizing module 'axi_crossbar_v2_1_28_wdata_router__parameterized0' [/home/sean/Downloads/git/ECE385_FP/VID_OE3/VID_OE3.gen/sources_1/bd/vid_oe3/ipshared/c40e/hdl/axi_crossbar_v2_1_vl_rfs.v:4735]
INFO: [Synth 8-6157] synthesizing module 'axi_data_fifo_v2_1_26_axic_reg_srl_fifo__parameterized0' [/home/sean/Downloads/git/ECE385_FP/VID_OE3/VID_OE3.gen/sources_1/bd/vid_oe3/ipshared/3111/hdl/axi_data_fifo_v2_1_vl_rfs.v:888]
INFO: [Synth 8-6157] synthesizing module 'axi_data_fifo_v2_1_26_ndeep_srl__parameterized1' [/home/sean/Downloads/git/ECE385_FP/VID_OE3/VID_OE3.gen/sources_1/bd/vid_oe3/ipshared/3111/hdl/axi_data_fifo_v2_1_vl_rfs.v:1134]
INFO: [Synth 8-6155] done synthesizing module 'axi_data_fifo_v2_1_26_ndeep_srl__parameterized1' (0#1) [/home/sean/Downloads/git/ECE385_FP/VID_OE3/VID_OE3.gen/sources_1/bd/vid_oe3/ipshared/3111/hdl/axi_data_fifo_v2_1_vl_rfs.v:1134]
INFO: [Synth 8-155] case statement is not full and has no default [/home/sean/Downloads/git/ECE385_FP/VID_OE3/VID_OE3.gen/sources_1/bd/vid_oe3/ipshared/3111/hdl/axi_data_fifo_v2_1_vl_rfs.v:986]
INFO: [Synth 8-6155] done synthesizing module 'axi_data_fifo_v2_1_26_axic_reg_srl_fifo__parameterized0' (0#1) [/home/sean/Downloads/git/ECE385_FP/VID_OE3/VID_OE3.gen/sources_1/bd/vid_oe3/ipshared/3111/hdl/axi_data_fifo_v2_1_vl_rfs.v:888]
INFO: [Synth 8-6155] done synthesizing module 'axi_crossbar_v2_1_28_wdata_router__parameterized0' (0#1) [/home/sean/Downloads/git/ECE385_FP/VID_OE3/VID_OE3.gen/sources_1/bd/vid_oe3/ipshared/c40e/hdl/axi_crossbar_v2_1_vl_rfs.v:4735]
INFO: [Synth 8-6157] synthesizing module 'axi_crossbar_v2_1_28_si_transactor__parameterized3' [/home/sean/Downloads/git/ECE385_FP/VID_OE3/VID_OE3.gen/sources_1/bd/vid_oe3/ipshared/c40e/hdl/axi_crossbar_v2_1_vl_rfs.v:3799]
INFO: [Synth 8-6157] synthesizing module 'axi_data_fifo_v2_1_26_axic_srl_fifo__parameterized2' [/home/sean/Downloads/git/ECE385_FP/VID_OE3/VID_OE3.gen/sources_1/bd/vid_oe3/ipshared/3111/hdl/axi_data_fifo_v2_1_vl_rfs.v:697]
INFO: [Synth 8-6157] synthesizing module 'axi_data_fifo_v2_1_26_ndeep_srl__parameterized2' [/home/sean/Downloads/git/ECE385_FP/VID_OE3/VID_OE3.gen/sources_1/bd/vid_oe3/ipshared/3111/hdl/axi_data_fifo_v2_1_vl_rfs.v:1134]
INFO: [Synth 8-6155] done synthesizing module 'axi_data_fifo_v2_1_26_ndeep_srl__parameterized2' (0#1) [/home/sean/Downloads/git/ECE385_FP/VID_OE3/VID_OE3.gen/sources_1/bd/vid_oe3/ipshared/3111/hdl/axi_data_fifo_v2_1_vl_rfs.v:1134]
INFO: [Synth 8-6155] done synthesizing module 'axi_data_fifo_v2_1_26_axic_srl_fifo__parameterized2' (0#1) [/home/sean/Downloads/git/ECE385_FP/VID_OE3/VID_OE3.gen/sources_1/bd/vid_oe3/ipshared/3111/hdl/axi_data_fifo_v2_1_vl_rfs.v:697]
INFO: [Synth 8-6155] done synthesizing module 'axi_crossbar_v2_1_28_si_transactor__parameterized3' (0#1) [/home/sean/Downloads/git/ECE385_FP/VID_OE3/VID_OE3.gen/sources_1/bd/vid_oe3/ipshared/c40e/hdl/axi_crossbar_v2_1_vl_rfs.v:3799]
INFO: [Synth 8-6157] synthesizing module 'axi_crossbar_v2_1_28_addr_decoder__parameterized0' [/home/sean/Downloads/git/ECE385_FP/VID_OE3/VID_OE3.gen/sources_1/bd/vid_oe3/ipshared/c40e/hdl/axi_crossbar_v2_1_vl_rfs.v:793]
INFO: [Synth 8-6155] done synthesizing module 'axi_crossbar_v2_1_28_addr_decoder__parameterized0' (0#1) [/home/sean/Downloads/git/ECE385_FP/VID_OE3/VID_OE3.gen/sources_1/bd/vid_oe3/ipshared/c40e/hdl/axi_crossbar_v2_1_vl_rfs.v:793]
INFO: [Synth 8-6157] synthesizing module 'axi_crossbar_v2_1_28_addr_decoder__parameterized1' [/home/sean/Downloads/git/ECE385_FP/VID_OE3/VID_OE3.gen/sources_1/bd/vid_oe3/ipshared/c40e/hdl/axi_crossbar_v2_1_vl_rfs.v:793]
INFO: [Synth 8-6155] done synthesizing module 'axi_crossbar_v2_1_28_addr_decoder__parameterized1' (0#1) [/home/sean/Downloads/git/ECE385_FP/VID_OE3/VID_OE3.gen/sources_1/bd/vid_oe3/ipshared/c40e/hdl/axi_crossbar_v2_1_vl_rfs.v:793]
INFO: [Synth 8-6157] synthesizing module 'axi_data_fifo_v2_1_26_axic_srl_fifo__parameterized3' [/home/sean/Downloads/git/ECE385_FP/VID_OE3/VID_OE3.gen/sources_1/bd/vid_oe3/ipshared/3111/hdl/axi_data_fifo_v2_1_vl_rfs.v:697]
INFO: [Synth 8-6155] done synthesizing module 'axi_data_fifo_v2_1_26_axic_srl_fifo__parameterized3' (0#1) [/home/sean/Downloads/git/ECE385_FP/VID_OE3/VID_OE3.gen/sources_1/bd/vid_oe3/ipshared/3111/hdl/axi_data_fifo_v2_1_vl_rfs.v:697]
INFO: [Synth 8-6157] synthesizing module 'axi_crossbar_v2_1_28_wdata_mux' [/home/sean/Downloads/git/ECE385_FP/VID_OE3/VID_OE3.gen/sources_1/bd/vid_oe3/ipshared/c40e/hdl/axi_crossbar_v2_1_vl_rfs.v:4560]
INFO: [Synth 8-6157] synthesizing module 'axi_data_fifo_v2_1_26_axic_reg_srl_fifo__parameterized1' [/home/sean/Downloads/git/ECE385_FP/VID_OE3/VID_OE3.gen/sources_1/bd/vid_oe3/ipshared/3111/hdl/axi_data_fifo_v2_1_vl_rfs.v:888]
INFO: [Synth 8-155] case statement is not full and has no default [/home/sean/Downloads/git/ECE385_FP/VID_OE3/VID_OE3.gen/sources_1/bd/vid_oe3/ipshared/3111/hdl/axi_data_fifo_v2_1_vl_rfs.v:986]
INFO: [Synth 8-6155] done synthesizing module 'axi_data_fifo_v2_1_26_axic_reg_srl_fifo__parameterized1' (0#1) [/home/sean/Downloads/git/ECE385_FP/VID_OE3/VID_OE3.gen/sources_1/bd/vid_oe3/ipshared/3111/hdl/axi_data_fifo_v2_1_vl_rfs.v:888]
INFO: [Synth 8-6157] synthesizing module 'generic_baseblocks_v2_1_0_mux_enc__parameterized1' [/home/sean/Downloads/git/ECE385_FP/VID_OE3/VID_OE3.gen/sources_1/bd/vid_oe3/ipshared/b752/hdl/generic_baseblocks_v2_1_vl_rfs.v:2451]
INFO: [Synth 8-6155] done synthesizing module 'generic_baseblocks_v2_1_0_mux_enc__parameterized1' (0#1) [/home/sean/Downloads/git/ECE385_FP/VID_OE3/VID_OE3.gen/sources_1/bd/vid_oe3/ipshared/b752/hdl/generic_baseblocks_v2_1_vl_rfs.v:2451]
INFO: [Synth 8-6155] done synthesizing module 'axi_crossbar_v2_1_28_wdata_mux' (0#1) [/home/sean/Downloads/git/ECE385_FP/VID_OE3/VID_OE3.gen/sources_1/bd/vid_oe3/ipshared/c40e/hdl/axi_crossbar_v2_1_vl_rfs.v:4560]
INFO: [Synth 8-6157] synthesizing module 'axi_register_slice_v2_1_27_axi_register_slice' [/home/sean/Downloads/git/ECE385_FP/VID_OE3/VID_OE3.gen/sources_1/bd/vid_oe3/ipshared/f0b4/hdl/axi_register_slice_v2_1_vl_rfs.v:3725]
INFO: [Synth 8-6157] synthesizing module 'axi_infrastructure_v1_1_0_axi2vector' [/home/sean/Downloads/git/ECE385_FP/VID_OE3/VID_OE3.gen/sources_1/bd/vid_oe3/ipshared/ec67/hdl/axi_infrastructure_v1_1_vl_rfs.v:59]
INFO: [Synth 8-6155] done synthesizing module 'axi_infrastructure_v1_1_0_axi2vector' (0#1) [/home/sean/Downloads/git/ECE385_FP/VID_OE3/VID_OE3.gen/sources_1/bd/vid_oe3/ipshared/ec67/hdl/axi_infrastructure_v1_1_vl_rfs.v:59]
INFO: [Synth 8-6157] synthesizing module 'axi_infrastructure_v1_1_0_vector2axi' [/home/sean/Downloads/git/ECE385_FP/VID_OE3/VID_OE3.gen/sources_1/bd/vid_oe3/ipshared/ec67/hdl/axi_infrastructure_v1_1_vl_rfs.v:473]
INFO: [Synth 8-6155] done synthesizing module 'axi_infrastructure_v1_1_0_vector2axi' (0#1) [/home/sean/Downloads/git/ECE385_FP/VID_OE3/VID_OE3.gen/sources_1/bd/vid_oe3/ipshared/ec67/hdl/axi_infrastructure_v1_1_vl_rfs.v:473]
INFO: [Synth 8-6157] synthesizing module 'axi_register_slice_v2_1_27_axic_register_slice' [/home/sean/Downloads/git/ECE385_FP/VID_OE3/VID_OE3.gen/sources_1/bd/vid_oe3/ipshared/f0b4/hdl/axi_register_slice_v2_1_vl_rfs.v:1497]
INFO: [Synth 8-6155] done synthesizing module 'axi_register_slice_v2_1_27_axic_register_slice' (0#1) [/home/sean/Downloads/git/ECE385_FP/VID_OE3/VID_OE3.gen/sources_1/bd/vid_oe3/ipshared/f0b4/hdl/axi_register_slice_v2_1_vl_rfs.v:1497]
INFO: [Synth 8-6157] synthesizing module 'axi_register_slice_v2_1_27_axic_register_slice__parameterized0' [/home/sean/Downloads/git/ECE385_FP/VID_OE3/VID_OE3.gen/sources_1/bd/vid_oe3/ipshared/f0b4/hdl/axi_register_slice_v2_1_vl_rfs.v:1497]
INFO: [Synth 8-6155] done synthesizing module 'axi_register_slice_v2_1_27_axic_register_slice__parameterized0' (0#1) [/home/sean/Downloads/git/ECE385_FP/VID_OE3/VID_OE3.gen/sources_1/bd/vid_oe3/ipshared/f0b4/hdl/axi_register_slice_v2_1_vl_rfs.v:1497]
INFO: [Synth 8-6157] synthesizing module 'axi_register_slice_v2_1_27_axic_register_slice__parameterized1' [/home/sean/Downloads/git/ECE385_FP/VID_OE3/VID_OE3.gen/sources_1/bd/vid_oe3/ipshared/f0b4/hdl/axi_register_slice_v2_1_vl_rfs.v:1497]
INFO: [Synth 8-6155] done synthesizing module 'axi_register_slice_v2_1_27_axic_register_slice__parameterized1' (0#1) [/home/sean/Downloads/git/ECE385_FP/VID_OE3/VID_OE3.gen/sources_1/bd/vid_oe3/ipshared/f0b4/hdl/axi_register_slice_v2_1_vl_rfs.v:1497]
INFO: [Synth 8-6157] synthesizing module 'axi_register_slice_v2_1_27_axic_register_slice__parameterized2' [/home/sean/Downloads/git/ECE385_FP/VID_OE3/VID_OE3.gen/sources_1/bd/vid_oe3/ipshared/f0b4/hdl/axi_register_slice_v2_1_vl_rfs.v:1497]
INFO: [Synth 8-6155] done synthesizing module 'axi_register_slice_v2_1_27_axic_register_slice__parameterized2' (0#1) [/home/sean/Downloads/git/ECE385_FP/VID_OE3/VID_OE3.gen/sources_1/bd/vid_oe3/ipshared/f0b4/hdl/axi_register_slice_v2_1_vl_rfs.v:1497]
INFO: [Synth 8-6155] done synthesizing module 'axi_register_slice_v2_1_27_axi_register_slice' (0#1) [/home/sean/Downloads/git/ECE385_FP/VID_OE3/VID_OE3.gen/sources_1/bd/vid_oe3/ipshared/f0b4/hdl/axi_register_slice_v2_1_vl_rfs.v:3725]
WARNING: [Synth 8-7071] port 'aclk2x' of module 'axi_register_slice_v2_1_27_axi_register_slice' is unconnected for instance 'reg_slice_mi' [/home/sean/Downloads/git/ECE385_FP/VID_OE3/VID_OE3.gen/sources_1/bd/vid_oe3/ipshared/c40e/hdl/axi_crossbar_v2_1_vl_rfs.v:3122]
WARNING: [Synth 8-7023] instance 'reg_slice_mi' of module 'axi_register_slice_v2_1_27_axi_register_slice' has 93 connections declared, but only 92 given [/home/sean/Downloads/git/ECE385_FP/VID_OE3/VID_OE3.gen/sources_1/bd/vid_oe3/ipshared/c40e/hdl/axi_crossbar_v2_1_vl_rfs.v:3122]
WARNING: [Synth 8-7071] port 'aclk2x' of module 'axi_register_slice_v2_1_27_axi_register_slice' is unconnected for instance 'reg_slice_mi' [/home/sean/Downloads/git/ECE385_FP/VID_OE3/VID_OE3.gen/sources_1/bd/vid_oe3/ipshared/c40e/hdl/axi_crossbar_v2_1_vl_rfs.v:3122]
WARNING: [Synth 8-7023] instance 'reg_slice_mi' of module 'axi_register_slice_v2_1_27_axi_register_slice' has 93 connections declared, but only 92 given [/home/sean/Downloads/git/ECE385_FP/VID_OE3/VID_OE3.gen/sources_1/bd/vid_oe3/ipshared/c40e/hdl/axi_crossbar_v2_1_vl_rfs.v:3122]
WARNING: [Synth 8-7071] port 'aclk2x' of module 'axi_register_slice_v2_1_27_axi_register_slice' is unconnected for instance 'reg_slice_mi' [/home/sean/Downloads/git/ECE385_FP/VID_OE3/VID_OE3.gen/sources_1/bd/vid_oe3/ipshared/c40e/hdl/axi_crossbar_v2_1_vl_rfs.v:3122]
WARNING: [Synth 8-7023] instance 'reg_slice_mi' of module 'axi_register_slice_v2_1_27_axi_register_slice' has 93 connections declared, but only 92 given [/home/sean/Downloads/git/ECE385_FP/VID_OE3/VID_OE3.gen/sources_1/bd/vid_oe3/ipshared/c40e/hdl/axi_crossbar_v2_1_vl_rfs.v:3122]
INFO: [Synth 8-6157] synthesizing module 'axi_data_fifo_v2_1_26_axic_srl_fifo__parameterized4' [/home/sean/Downloads/git/ECE385_FP/VID_OE3/VID_OE3.gen/sources_1/bd/vid_oe3/ipshared/3111/hdl/axi_data_fifo_v2_1_vl_rfs.v:697]
INFO: [Synth 8-6157] synthesizing module 'axi_data_fifo_v2_1_26_ndeep_srl__parameterized3' [/home/sean/Downloads/git/ECE385_FP/VID_OE3/VID_OE3.gen/sources_1/bd/vid_oe3/ipshared/3111/hdl/axi_data_fifo_v2_1_vl_rfs.v:1134]
INFO: [Synth 8-6155] done synthesizing module 'axi_data_fifo_v2_1_26_ndeep_srl__parameterized3' (0#1) [/home/sean/Downloads/git/ECE385_FP/VID_OE3/VID_OE3.gen/sources_1/bd/vid_oe3/ipshared/3111/hdl/axi_data_fifo_v2_1_vl_rfs.v:1134]
INFO: [Synth 8-6155] done synthesizing module 'axi_data_fifo_v2_1_26_axic_srl_fifo__parameterized4' (0#1) [/home/sean/Downloads/git/ECE385_FP/VID_OE3/VID_OE3.gen/sources_1/bd/vid_oe3/ipshared/3111/hdl/axi_data_fifo_v2_1_vl_rfs.v:697]
INFO: [Synth 8-6157] synthesizing module 'axi_crossbar_v2_1_28_wdata_mux__parameterized0' [/home/sean/Downloads/git/ECE385_FP/VID_OE3/VID_OE3.gen/sources_1/bd/vid_oe3/ipshared/c40e/hdl/axi_crossbar_v2_1_vl_rfs.v:4560]
INFO: [Synth 8-6157] synthesizing module 'axi_data_fifo_v2_1_26_axic_reg_srl_fifo__parameterized2' [/home/sean/Downloads/git/ECE385_FP/VID_OE3/VID_OE3.gen/sources_1/bd/vid_oe3/ipshared/3111/hdl/axi_data_fifo_v2_1_vl_rfs.v:888]
INFO: [Synth 8-155] case statement is not full and has no default [/home/sean/Downloads/git/ECE385_FP/VID_OE3/VID_OE3.gen/sources_1/bd/vid_oe3/ipshared/3111/hdl/axi_data_fifo_v2_1_vl_rfs.v:986]
INFO: [Synth 8-6155] done synthesizing module 'axi_data_fifo_v2_1_26_axic_reg_srl_fifo__parameterized2' (0#1) [/home/sean/Downloads/git/ECE385_FP/VID_OE3/VID_OE3.gen/sources_1/bd/vid_oe3/ipshared/3111/hdl/axi_data_fifo_v2_1_vl_rfs.v:888]
INFO: [Synth 8-6155] done synthesizing module 'axi_crossbar_v2_1_28_wdata_mux__parameterized0' (0#1) [/home/sean/Downloads/git/ECE385_FP/VID_OE3/VID_OE3.gen/sources_1/bd/vid_oe3/ipshared/c40e/hdl/axi_crossbar_v2_1_vl_rfs.v:4560]
WARNING: [Synth 8-7071] port 'aclk2x' of module 'axi_register_slice_v2_1_27_axi_register_slice' is unconnected for instance 'reg_slice_mi' [/home/sean/Downloads/git/ECE385_FP/VID_OE3/VID_OE3.gen/sources_1/bd/vid_oe3/ipshared/c40e/hdl/axi_crossbar_v2_1_vl_rfs.v:3122]
WARNING: [Synth 8-7023] instance 'reg_slice_mi' of module 'axi_register_slice_v2_1_27_axi_register_slice' has 93 connections declared, but only 92 given [/home/sean/Downloads/git/ECE385_FP/VID_OE3/VID_OE3.gen/sources_1/bd/vid_oe3/ipshared/c40e/hdl/axi_crossbar_v2_1_vl_rfs.v:3122]
WARNING: [Synth 8-7071] port 'aclk2x' of module 'axi_register_slice_v2_1_27_axi_register_slice' is unconnected for instance 'reg_slice_mi' [/home/sean/Downloads/git/ECE385_FP/VID_OE3/VID_OE3.gen/sources_1/bd/vid_oe3/ipshared/c40e/hdl/axi_crossbar_v2_1_vl_rfs.v:3122]
WARNING: [Synth 8-7023] instance 'reg_slice_mi' of module 'axi_register_slice_v2_1_27_axi_register_slice' has 93 connections declared, but only 92 given [/home/sean/Downloads/git/ECE385_FP/VID_OE3/VID_OE3.gen/sources_1/bd/vid_oe3/ipshared/c40e/hdl/axi_crossbar_v2_1_vl_rfs.v:3122]
WARNING: [Synth 8-7071] port 'aclk2x' of module 'axi_register_slice_v2_1_27_axi_register_slice' is unconnected for instance 'reg_slice_mi' [/home/sean/Downloads/git/ECE385_FP/VID_OE3/VID_OE3.gen/sources_1/bd/vid_oe3/ipshared/c40e/hdl/axi_crossbar_v2_1_vl_rfs.v:3122]
WARNING: [Synth 8-7023] instance 'reg_slice_mi' of module 'axi_register_slice_v2_1_27_axi_register_slice' has 93 connections declared, but only 92 given [/home/sean/Downloads/git/ECE385_FP/VID_OE3/VID_OE3.gen/sources_1/bd/vid_oe3/ipshared/c40e/hdl/axi_crossbar_v2_1_vl_rfs.v:3122]
INFO: [Synth 8-6157] synthesizing module 'axi_data_fifo_v2_1_26_axic_srl_fifo__parameterized5' [/home/sean/Downloads/git/ECE385_FP/VID_OE3/VID_OE3.gen/sources_1/bd/vid_oe3/ipshared/3111/hdl/axi_data_fifo_v2_1_vl_rfs.v:697]
INFO: [Synth 8-6155] done synthesizing module 'axi_data_fifo_v2_1_26_axic_srl_fifo__parameterized5' (0#1) [/home/sean/Downloads/git/ECE385_FP/VID_OE3/VID_OE3.gen/sources_1/bd/vid_oe3/ipshared/3111/hdl/axi_data_fifo_v2_1_vl_rfs.v:697]
INFO: [Synth 8-6157] synthesizing module 'axi_crossbar_v2_1_28_wdata_mux__parameterized1' [/home/sean/Downloads/git/ECE385_FP/VID_OE3/VID_OE3.gen/sources_1/bd/vid_oe3/ipshared/c40e/hdl/axi_crossbar_v2_1_vl_rfs.v:4560]
INFO: [Synth 8-6157] synthesizing module 'axi_data_fifo_v2_1_26_axic_reg_srl_fifo__parameterized3' [/home/sean/Downloads/git/ECE385_FP/VID_OE3/VID_OE3.gen/sources_1/bd/vid_oe3/ipshared/3111/hdl/axi_data_fifo_v2_1_vl_rfs.v:888]
INFO: [Synth 8-155] case statement is not full and has no default [/home/sean/Downloads/git/ECE385_FP/VID_OE3/VID_OE3.gen/sources_1/bd/vid_oe3/ipshared/3111/hdl/axi_data_fifo_v2_1_vl_rfs.v:986]
INFO: [Synth 8-6155] done synthesizing module 'axi_data_fifo_v2_1_26_axic_reg_srl_fifo__parameterized3' (0#1) [/home/sean/Downloads/git/ECE385_FP/VID_OE3/VID_OE3.gen/sources_1/bd/vid_oe3/ipshared/3111/hdl/axi_data_fifo_v2_1_vl_rfs.v:888]
INFO: [Synth 8-6155] done synthesizing module 'axi_crossbar_v2_1_28_wdata_mux__parameterized1' (0#1) [/home/sean/Downloads/git/ECE385_FP/VID_OE3/VID_OE3.gen/sources_1/bd/vid_oe3/ipshared/c40e/hdl/axi_crossbar_v2_1_vl_rfs.v:4560]
WARNING: [Synth 8-7071] port 'aclk2x' of module 'axi_register_slice_v2_1_27_axi_register_slice' is unconnected for instance 'reg_slice_mi' [/home/sean/Downloads/git/ECE385_FP/VID_OE3/VID_OE3.gen/sources_1/bd/vid_oe3/ipshared/c40e/hdl/axi_crossbar_v2_1_vl_rfs.v:3122]
WARNING: [Synth 8-7023] instance 'reg_slice_mi' of module 'axi_register_slice_v2_1_27_axi_register_slice' has 93 connections declared, but only 92 given [/home/sean/Downloads/git/ECE385_FP/VID_OE3/VID_OE3.gen/sources_1/bd/vid_oe3/ipshared/c40e/hdl/axi_crossbar_v2_1_vl_rfs.v:3122]
INFO: [Synth 8-6157] synthesizing module 'axi_crossbar_v2_1_28_decerr_slave' [/home/sean/Downloads/git/ECE385_FP/VID_OE3/VID_OE3.gen/sources_1/bd/vid_oe3/ipshared/c40e/hdl/axi_crossbar_v2_1_vl_rfs.v:3500]
INFO: [Synth 8-155] case statement is not full and has no default [/home/sean/Downloads/git/ECE385_FP/VID_OE3/VID_OE3.gen/sources_1/bd/vid_oe3/ipshared/c40e/hdl/axi_crossbar_v2_1_vl_rfs.v:3633]
INFO: [Synth 8-6155] done synthesizing module 'axi_crossbar_v2_1_28_decerr_slave' (0#1) [/home/sean/Downloads/git/ECE385_FP/VID_OE3/VID_OE3.gen/sources_1/bd/vid_oe3/ipshared/c40e/hdl/axi_crossbar_v2_1_vl_rfs.v:3500]
INFO: [Synth 8-6157] synthesizing module 'axi_crossbar_v2_1_28_addr_arbiter' [/home/sean/Downloads/git/ECE385_FP/VID_OE3/VID_OE3.gen/sources_1/bd/vid_oe3/ipshared/c40e/hdl/axi_crossbar_v2_1_vl_rfs.v:422]
INFO: [Synth 8-6157] synthesizing module 'generic_baseblocks_v2_1_0_mux_enc__parameterized2' [/home/sean/Downloads/git/ECE385_FP/VID_OE3/VID_OE3.gen/sources_1/bd/vid_oe3/ipshared/b752/hdl/generic_baseblocks_v2_1_vl_rfs.v:2451]
INFO: [Synth 8-6155] done synthesizing module 'generic_baseblocks_v2_1_0_mux_enc__parameterized2' (0#1) [/home/sean/Downloads/git/ECE385_FP/VID_OE3/VID_OE3.gen/sources_1/bd/vid_oe3/ipshared/b752/hdl/generic_baseblocks_v2_1_vl_rfs.v:2451]
INFO: [Synth 8-6157] synthesizing module 'generic_baseblocks_v2_1_0_mux_enc__parameterized3' [/home/sean/Downloads/git/ECE385_FP/VID_OE3/VID_OE3.gen/sources_1/bd/vid_oe3/ipshared/b752/hdl/generic_baseblocks_v2_1_vl_rfs.v:2451]
INFO: [Synth 8-6155] done synthesizing module 'generic_baseblocks_v2_1_0_mux_enc__parameterized3' (0#1) [/home/sean/Downloads/git/ECE385_FP/VID_OE3/VID_OE3.gen/sources_1/bd/vid_oe3/ipshared/b752/hdl/generic_baseblocks_v2_1_vl_rfs.v:2451]
INFO: [Synth 8-6155] done synthesizing module 'axi_crossbar_v2_1_28_addr_arbiter' (0#1) [/home/sean/Downloads/git/ECE385_FP/VID_OE3/VID_OE3.gen/sources_1/bd/vid_oe3/ipshared/c40e/hdl/axi_crossbar_v2_1_vl_rfs.v:422]
INFO: [Synth 8-6155] done synthesizing module 'axi_crossbar_v2_1_28_crossbar' (0#1) [/home/sean/Downloads/git/ECE385_FP/VID_OE3/VID_OE3.gen/sources_1/bd/vid_oe3/ipshared/c40e/hdl/axi_crossbar_v2_1_vl_rfs.v:2238]
INFO: [Synth 8-6155] done synthesizing module 'axi_crossbar_v2_1_28_axi_crossbar' (0#1) [/home/sean/Downloads/git/ECE385_FP/VID_OE3/VID_OE3.gen/sources_1/bd/vid_oe3/ipshared/c40e/hdl/axi_crossbar_v2_1_vl_rfs.v:4883]
INFO: [Synth 8-6155] done synthesizing module 'vid_oe3_xbar_1' (0#1) [/home/sean/Downloads/git/ECE385_FP/VID_OE3/VID_OE3.gen/sources_1/bd/vid_oe3/ip/vid_oe3_xbar_1/synth/vid_oe3_xbar_1.v:53]
WARNING: [Synth 8-6014] Unused sequential element areset_d1_reg was removed.  [/home/sean/Downloads/git/ECE385_FP/VID_OE3/VID_OE3.gen/sources_1/bd/vid_oe3/ipshared/3111/hdl/axi_data_fifo_v2_1_vl_rfs.v:750]
WARNING: [Synth 8-6014] Unused sequential element S_READY_i_reg was removed.  [/home/sean/Downloads/git/ECE385_FP/VID_OE3/VID_OE3.gen/sources_1/bd/vid_oe3/ipshared/3111/hdl/axi_data_fifo_v2_1_vl_rfs.v:789]
WARNING: [Synth 8-6014] Unused sequential element gen_single_issue.gen_debug_r_single_issue.debug_r_beat_cnt_i_reg was removed.  [/home/sean/Downloads/git/ECE385_FP/VID_OE3/VID_OE3.gen/sources_1/bd/vid_oe3/ipshared/c40e/hdl/axi_crossbar_v2_1_vl_rfs.v:4086]
WARNING: [Synth 8-6014] Unused sequential element gen_single_issue.gen_debug_r_single_issue.debug_r_beat_cnt_i_reg was removed.  [/home/sean/Downloads/git/ECE385_FP/VID_OE3/VID_OE3.gen/sources_1/bd/vid_oe3/ipshared/c40e/hdl/axi_crossbar_v2_1_vl_rfs.v:4086]
WARNING: [Synth 8-6014] Unused sequential element areset_d1_reg was removed.  [/home/sean/Downloads/git/ECE385_FP/VID_OE3/VID_OE3.gen/sources_1/bd/vid_oe3/ipshared/3111/hdl/axi_data_fifo_v2_1_vl_rfs.v:750]
WARNING: [Synth 8-6014] Unused sequential element S_READY_i_reg was removed.  [/home/sean/Downloads/git/ECE385_FP/VID_OE3/VID_OE3.gen/sources_1/bd/vid_oe3/ipshared/3111/hdl/axi_data_fifo_v2_1_vl_rfs.v:789]
WARNING: [Synth 8-6014] Unused sequential element gen_single_thread.gen_debug_r_single_thread.debug_r_beat_cnt_i_reg was removed.  [/home/sean/Downloads/git/ECE385_FP/VID_OE3/VID_OE3.gen/sources_1/bd/vid_oe3/ipshared/c40e/hdl/axi_crossbar_v2_1_vl_rfs.v:4192]
WARNING: [Synth 8-6014] Unused sequential element gen_single_thread.active_id_reg was removed.  [/home/sean/Downloads/git/ECE385_FP/VID_OE3/VID_OE3.gen/sources_1/bd/vid_oe3/ipshared/c40e/hdl/axi_crossbar_v2_1_vl_rfs.v:4150]
WARNING: [Synth 8-6014] Unused sequential element areset_d1_reg was removed.  [/home/sean/Downloads/git/ECE385_FP/VID_OE3/VID_OE3.gen/sources_1/bd/vid_oe3/ipshared/3111/hdl/axi_data_fifo_v2_1_vl_rfs.v:750]
WARNING: [Synth 8-6014] Unused sequential element S_READY_i_reg was removed.  [/home/sean/Downloads/git/ECE385_FP/VID_OE3/VID_OE3.gen/sources_1/bd/vid_oe3/ipshared/3111/hdl/axi_data_fifo_v2_1_vl_rfs.v:789]
WARNING: [Synth 8-6014] Unused sequential element gen_single_thread.gen_debug_r_single_thread.debug_r_beat_cnt_i_reg was removed.  [/home/sean/Downloads/git/ECE385_FP/VID_OE3/VID_OE3.gen/sources_1/bd/vid_oe3/ipshared/c40e/hdl/axi_crossbar_v2_1_vl_rfs.v:4192]
WARNING: [Synth 8-6014] Unused sequential element gen_single_thread.active_id_reg was removed.  [/home/sean/Downloads/git/ECE385_FP/VID_OE3/VID_OE3.gen/sources_1/bd/vid_oe3/ipshared/c40e/hdl/axi_crossbar_v2_1_vl_rfs.v:4150]
WARNING: [Synth 8-6014] Unused sequential element areset_d1_reg was removed.  [/home/sean/Downloads/git/ECE385_FP/VID_OE3/VID_OE3.gen/sources_1/bd/vid_oe3/ipshared/3111/hdl/axi_data_fifo_v2_1_vl_rfs.v:750]
WARNING: [Synth 8-6014] Unused sequential element S_READY_i_reg was removed.  [/home/sean/Downloads/git/ECE385_FP/VID_OE3/VID_OE3.gen/sources_1/bd/vid_oe3/ipshared/3111/hdl/axi_data_fifo_v2_1_vl_rfs.v:789]
WARNING: [Synth 8-6014] Unused sequential element gen_single_thread.gen_debug_r_single_thread.debug_r_beat_cnt_i_reg was removed.  [/home/sean/Downloads/git/ECE385_FP/VID_OE3/VID_OE3.gen/sources_1/bd/vid_oe3/ipshared/c40e/hdl/axi_crossbar_v2_1_vl_rfs.v:4192]
WARNING: [Synth 8-6014] Unused sequential element gen_single_thread.active_id_reg was removed.  [/home/sean/Downloads/git/ECE385_FP/VID_OE3/VID_OE3.gen/sources_1/bd/vid_oe3/ipshared/c40e/hdl/axi_crossbar_v2_1_vl_rfs.v:4150]
WARNING: [Synth 8-6014] Unused sequential element areset_d1_reg was removed.  [/home/sean/Downloads/git/ECE385_FP/VID_OE3/VID_OE3.gen/sources_1/bd/vid_oe3/ipshared/3111/hdl/axi_data_fifo_v2_1_vl_rfs.v:750]
WARNING: [Synth 8-6014] Unused sequential element S_READY_i_reg was removed.  [/home/sean/Downloads/git/ECE385_FP/VID_OE3/VID_OE3.gen/sources_1/bd/vid_oe3/ipshared/3111/hdl/axi_data_fifo_v2_1_vl_rfs.v:789]
WARNING: [Synth 8-6014] Unused sequential element s_ready_i_reg was removed.  [/home/sean/Downloads/git/ECE385_FP/VID_OE3/VID_OE3.gen/sources_1/bd/vid_oe3/ipshared/3111/hdl/axi_data_fifo_v2_1_vl_rfs.v:1038]
WARNING: [Synth 8-6014] Unused sequential element areset_d1_reg was removed.  [/home/sean/Downloads/git/ECE385_FP/VID_OE3/VID_OE3.gen/sources_1/bd/vid_oe3/ipshared/3111/hdl/axi_data_fifo_v2_1_vl_rfs.v:750]
WARNING: [Synth 8-6014] Unused sequential element S_READY_i_reg was removed.  [/home/sean/Downloads/git/ECE385_FP/VID_OE3/VID_OE3.gen/sources_1/bd/vid_oe3/ipshared/3111/hdl/axi_data_fifo_v2_1_vl_rfs.v:789]
WARNING: [Synth 8-6014] Unused sequential element s_ready_i_reg was removed.  [/home/sean/Downloads/git/ECE385_FP/VID_OE3/VID_OE3.gen/sources_1/bd/vid_oe3/ipshared/3111/hdl/axi_data_fifo_v2_1_vl_rfs.v:1038]
WARNING: [Synth 8-6014] Unused sequential element areset_d1_reg was removed.  [/home/sean/Downloads/git/ECE385_FP/VID_OE3/VID_OE3.gen/sources_1/bd/vid_oe3/ipshared/3111/hdl/axi_data_fifo_v2_1_vl_rfs.v:750]
WARNING: [Synth 8-6014] Unused sequential element S_READY_i_reg was removed.  [/home/sean/Downloads/git/ECE385_FP/VID_OE3/VID_OE3.gen/sources_1/bd/vid_oe3/ipshared/3111/hdl/axi_data_fifo_v2_1_vl_rfs.v:789]
WARNING: [Synth 8-6014] Unused sequential element s_ready_i_reg was removed.  [/home/sean/Downloads/git/ECE385_FP/VID_OE3/VID_OE3.gen/sources_1/bd/vid_oe3/ipshared/3111/hdl/axi_data_fifo_v2_1_vl_rfs.v:1038]
WARNING: [Synth 8-6014] Unused sequential element gen_master_slots[0].gen_mi_write.gen_debug_w.debug_w_beat_cnt_i_reg was removed.  [/home/sean/Downloads/git/ECE385_FP/VID_OE3/VID_OE3.gen/sources_1/bd/vid_oe3/ipshared/c40e/hdl/axi_crossbar_v2_1_vl_rfs.v:2997]
WARNING: [Synth 8-6014] Unused sequential element gen_master_slots[1].gen_mi_write.gen_debug_w.debug_w_beat_cnt_i_reg was removed.  [/home/sean/Downloads/git/ECE385_FP/VID_OE3/VID_OE3.gen/sources_1/bd/vid_oe3/ipshared/c40e/hdl/axi_crossbar_v2_1_vl_rfs.v:2997]
WARNING: [Synth 8-6014] Unused sequential element gen_master_slots[2].gen_mi_write.gen_debug_w.debug_w_beat_cnt_i_reg was removed.  [/home/sean/Downloads/git/ECE385_FP/VID_OE3/VID_OE3.gen/sources_1/bd/vid_oe3/ipshared/c40e/hdl/axi_crossbar_v2_1_vl_rfs.v:2997]
WARNING: [Synth 8-6014] Unused sequential element gen_master_slots[3].gen_mi_write.gen_debug_w.debug_w_beat_cnt_i_reg was removed.  [/home/sean/Downloads/git/ECE385_FP/VID_OE3/VID_OE3.gen/sources_1/bd/vid_oe3/ipshared/c40e/hdl/axi_crossbar_v2_1_vl_rfs.v:2997]
WARNING: [Synth 8-6014] Unused sequential element gen_master_slots[4].gen_mi_write.gen_debug_w.debug_w_beat_cnt_i_reg was removed.  [/home/sean/Downloads/git/ECE385_FP/VID_OE3/VID_OE3.gen/sources_1/bd/vid_oe3/ipshared/c40e/hdl/axi_crossbar_v2_1_vl_rfs.v:2997]
WARNING: [Synth 8-6014] Unused sequential element gen_master_slots[5].gen_mi_write.gen_debug_w.debug_w_beat_cnt_i_reg was removed.  [/home/sean/Downloads/git/ECE385_FP/VID_OE3/VID_OE3.gen/sources_1/bd/vid_oe3/ipshared/c40e/hdl/axi_crossbar_v2_1_vl_rfs.v:2997]
WARNING: [Synth 8-6014] Unused sequential element gen_master_slots[6].gen_mi_write.gen_debug_w.debug_w_beat_cnt_i_reg was removed.  [/home/sean/Downloads/git/ECE385_FP/VID_OE3/VID_OE3.gen/sources_1/bd/vid_oe3/ipshared/c40e/hdl/axi_crossbar_v2_1_vl_rfs.v:2997]
WARNING: [Synth 8-7129] Port ACLK in module axi_register_slice_v2_1_27_axic_register_slice is either unconnected or has no load
WARNING: [Synth 8-7129] Port ARESET in module axi_register_slice_v2_1_27_axic_register_slice is either unconnected or has no load
WARNING: [Synth 8-7129] Port ACLK in module axi_register_slice_v2_1_27_axic_register_slice__parameterized0 is either unconnected or has no load
WARNING: [Synth 8-7129] Port ARESET in module axi_register_slice_v2_1_27_axic_register_slice__parameterized0 is either unconnected or has no load
WARNING: [Synth 8-7129] Port m_axi_buser[0] in module axi_infrastructure_v1_1_0_vector2axi is either unconnected or has no load
WARNING: [Synth 8-7129] Port m_axi_ruser[0] in module axi_infrastructure_v1_1_0_vector2axi is either unconnected or has no load
WARNING: [Synth 8-7129] Port s_axi_awuser[0] in module axi_infrastructure_v1_1_0_axi2vector is either unconnected or has no load
WARNING: [Synth 8-7129] Port s_axi_wid[1] in module axi_infrastructure_v1_1_0_axi2vector is either unconnected or has no load
WARNING: [Synth 8-7129] Port s_axi_wid[0] in module axi_infrastructure_v1_1_0_axi2vector is either unconnected or has no load
WARNING: [Synth 8-7129] Port s_axi_wuser[0] in module axi_infrastructure_v1_1_0_axi2vector is either unconnected or has no load
WARNING: [Synth 8-7129] Port s_axi_aruser[0] in module axi_infrastructure_v1_1_0_axi2vector is either unconnected or has no load
WARNING: [Synth 8-7129] Port aclk2x in module axi_register_slice_v2_1_27_axi_register_slice is either unconnected or has no load
WARNING: [Synth 8-7129] Port ADDR[1] in module axi_crossbar_v2_1_28_addr_decoder is either unconnected or has no load
WARNING: [Synth 8-7129] Port ADDR[0] in module axi_crossbar_v2_1_28_addr_decoder is either unconnected or has no load
WARNING: [Synth 8-7129] Port S_ABURST[1] in module axi_crossbar_v2_1_28_si_transactor__parameterized3 is either unconnected or has no load
WARNING: [Synth 8-7129] Port S_ABURST[0] in module axi_crossbar_v2_1_28_si_transactor__parameterized3 is either unconnected or has no load
WARNING: [Synth 8-7129] Port S_ABURST[1] in module axi_crossbar_v2_1_28_si_transactor__parameterized2 is either unconnected or has no load
WARNING: [Synth 8-7129] Port S_ABURST[0] in module axi_crossbar_v2_1_28_si_transactor__parameterized2 is either unconnected or has no load
WARNING: [Synth 8-7129] Port S_ABURST[1] in module axi_crossbar_v2_1_28_si_transactor__parameterized1 is either unconnected or has no load
WARNING: [Synth 8-7129] Port S_ABURST[0] in module axi_crossbar_v2_1_28_si_transactor__parameterized1 is either unconnected or has no load
WARNING: [Synth 8-7129] Port S_ABURST[1] in module axi_crossbar_v2_1_28_si_transactor__parameterized0 is either unconnected or has no load
WARNING: [Synth 8-7129] Port S_ABURST[0] in module axi_crossbar_v2_1_28_si_transactor__parameterized0 is either unconnected or has no load
WARNING: [Synth 8-7129] Port S_ABURST[1] in module axi_crossbar_v2_1_28_si_transactor is either unconnected or has no load
WARNING: [Synth 8-7129] Port S_ABURST[0] in module axi_crossbar_v2_1_28_si_transactor is either unconnected or has no load
WARNING: [Synth 8-7129] Port S_AXI_AWID[5] in module axi_crossbar_v2_1_28_crossbar is either unconnected or has no load
WARNING: [Synth 8-7129] Port S_AXI_AWID[4] in module axi_crossbar_v2_1_28_crossbar is either unconnected or has no load
WARNING: [Synth 8-7129] Port S_AXI_AWID[3] in module axi_crossbar_v2_1_28_crossbar is either unconnected or has no load
WARNING: [Synth 8-7129] Port S_AXI_AWID[2] in module axi_crossbar_v2_1_28_crossbar is either unconnected or has no load
WARNING: [Synth 8-7129] Port S_AXI_AWID[1] in module axi_crossbar_v2_1_28_crossbar is either unconnected or has no load
WARNING: [Synth 8-7129] Port S_AXI_AWID[0] in module axi_crossbar_v2_1_28_crossbar is either unconnected or has no load
WARNING: [Synth 8-7129] Port S_AXI_AWADDR[95] in module axi_crossbar_v2_1_28_crossbar is either unconnected or has no load
WARNING: [Synth 8-7129] Port S_AXI_AWADDR[94] in module axi_crossbar_v2_1_28_crossbar is either unconnected or has no load
WARNING: [Synth 8-7129] Port S_AXI_AWADDR[93] in module axi_crossbar_v2_1_28_crossbar is either unconnected or has no load
WARNING: [Synth 8-7129] Port S_AXI_AWADDR[92] in module axi_crossbar_v2_1_28_crossbar is either unconnected or has no load
WARNING: [Synth 8-7129] Port S_AXI_AWADDR[91] in module axi_crossbar_v2_1_28_crossbar is either unconnected or has no load
WARNING: [Synth 8-7129] Port S_AXI_AWADDR[90] in module axi_crossbar_v2_1_28_crossbar is either unconnected or has no load
WARNING: [Synth 8-7129] Port S_AXI_AWADDR[89] in module axi_crossbar_v2_1_28_crossbar is either unconnected or has no load
WARNING: [Synth 8-7129] Port S_AXI_AWADDR[88] in module axi_crossbar_v2_1_28_crossbar is either unconnected or has no load
WARNING: [Synth 8-7129] Port S_AXI_AWADDR[87] in module axi_crossbar_v2_1_28_crossbar is either unconnected or has no load
WARNING: [Synth 8-7129] Port S_AXI_AWADDR[86] in module axi_crossbar_v2_1_28_crossbar is either unconnected or has no load
WARNING: [Synth 8-7129] Port S_AXI_AWADDR[85] in module axi_crossbar_v2_1_28_crossbar is either unconnected or has no load
WARNING: [Synth 8-7129] Port S_AXI_AWADDR[84] in module axi_crossbar_v2_1_28_crossbar is either unconnected or has no load
WARNING: [Synth 8-7129] Port S_AXI_AWADDR[83] in module axi_crossbar_v2_1_28_crossbar is either unconnected or has no load
WARNING: [Synth 8-7129] Port S_AXI_AWADDR[82] in module axi_crossbar_v2_1_28_crossbar is either unconnected or has no load
WARNING: [Synth 8-7129] Port S_AXI_AWADDR[81] in module axi_crossbar_v2_1_28_crossbar is either unconnected or has no load
WARNING: [Synth 8-7129] Port S_AXI_AWADDR[80] in module axi_crossbar_v2_1_28_crossbar is either unconnected or has no load
WARNING: [Synth 8-7129] Port S_AXI_AWADDR[79] in module axi_crossbar_v2_1_28_crossbar is either unconnected or has no load
WARNING: [Synth 8-7129] Port S_AXI_AWADDR[78] in module axi_crossbar_v2_1_28_crossbar is either unconnected or has no load
WARNING: [Synth 8-7129] Port S_AXI_AWADDR[77] in module axi_crossbar_v2_1_28_crossbar is either unconnected or has no load
WARNING: [Synth 8-7129] Port S_AXI_AWADDR[76] in module axi_crossbar_v2_1_28_crossbar is either unconnected or has no load
WARNING: [Synth 8-7129] Port S_AXI_AWADDR[75] in module axi_crossbar_v2_1_28_crossbar is either unconnected or has no load
WARNING: [Synth 8-7129] Port S_AXI_AWADDR[74] in module axi_crossbar_v2_1_28_crossbar is either unconnected or has no load
WARNING: [Synth 8-7129] Port S_AXI_AWADDR[73] in module axi_crossbar_v2_1_28_crossbar is either unconnected or has no load
WARNING: [Synth 8-7129] Port S_AXI_AWADDR[72] in module axi_crossbar_v2_1_28_crossbar is either unconnected or has no load
WARNING: [Synth 8-7129] Port S_AXI_AWADDR[71] in module axi_crossbar_v2_1_28_crossbar is either unconnected or has no load
WARNING: [Synth 8-7129] Port S_AXI_AWADDR[70] in module axi_crossbar_v2_1_28_crossbar is either unconnected or has no load
WARNING: [Synth 8-7129] Port S_AXI_AWADDR[69] in module axi_crossbar_v2_1_28_crossbar is either unconnected or has no load
WARNING: [Synth 8-7129] Port S_AXI_AWADDR[68] in module axi_crossbar_v2_1_28_crossbar is either unconnected or has no load
WARNING: [Synth 8-7129] Port S_AXI_AWADDR[67] in module axi_crossbar_v2_1_28_crossbar is either unconnected or has no load
WARNING: [Synth 8-7129] Port S_AXI_AWADDR[66] in module axi_crossbar_v2_1_28_crossbar is either unconnected or has no load
WARNING: [Synth 8-7129] Port S_AXI_AWADDR[65] in module axi_crossbar_v2_1_28_crossbar is either unconnected or has no load
WARNING: [Synth 8-7129] Port S_AXI_AWADDR[64] in module axi_crossbar_v2_1_28_crossbar is either unconnected or has no load
WARNING: [Synth 8-7129] Port S_AXI_AWLEN[23] in module axi_crossbar_v2_1_28_crossbar is either unconnected or has no load
WARNING: [Synth 8-7129] Port S_AXI_AWLEN[22] in module axi_crossbar_v2_1_28_crossbar is either unconnected or has no load
WARNING: [Synth 8-7129] Port S_AXI_AWLEN[21] in module axi_crossbar_v2_1_28_crossbar is either unconnected or has no load
WARNING: [Synth 8-7129] Port S_AXI_AWLEN[20] in module axi_crossbar_v2_1_28_crossbar is either unconnected or has no load
WARNING: [Synth 8-7129] Port S_AXI_AWLEN[19] in module axi_crossbar_v2_1_28_crossbar is either unconnected or has no load
WARNING: [Synth 8-7129] Port S_AXI_AWLEN[18] in module axi_crossbar_v2_1_28_crossbar is either unconnected or has no load
WARNING: [Synth 8-7129] Port S_AXI_AWLEN[17] in module axi_crossbar_v2_1_28_crossbar is either unconnected or has no load
WARNING: [Synth 8-7129] Port S_AXI_AWLEN[16] in module axi_crossbar_v2_1_28_crossbar is either unconnected or has no load
WARNING: [Synth 8-7129] Port S_AXI_AWSIZE[8] in module axi_crossbar_v2_1_28_crossbar is either unconnected or has no load
WARNING: [Synth 8-7129] Port S_AXI_AWSIZE[7] in module axi_crossbar_v2_1_28_crossbar is either unconnected or has no load
WARNING: [Synth 8-7129] Port S_AXI_AWSIZE[6] in module axi_crossbar_v2_1_28_crossbar is either unconnected or has no load
WARNING: [Synth 8-7129] Port S_AXI_AWBURST[5] in module axi_crossbar_v2_1_28_crossbar is either unconnected or has no load
WARNING: [Synth 8-7129] Port S_AXI_AWBURST[4] in module axi_crossbar_v2_1_28_crossbar is either unconnected or has no load
WARNING: [Synth 8-7129] Port S_AXI_AWLOCK[5] in module axi_crossbar_v2_1_28_crossbar is either unconnected or has no load
WARNING: [Synth 8-7129] Port S_AXI_AWLOCK[4] in module axi_crossbar_v2_1_28_crossbar is either unconnected or has no load
WARNING: [Synth 8-7129] Port S_AXI_AWCACHE[11] in module axi_crossbar_v2_1_28_crossbar is either unconnected or has no load
WARNING: [Synth 8-7129] Port S_AXI_AWCACHE[10] in module axi_crossbar_v2_1_28_crossbar is either unconnected or has no load
WARNING: [Synth 8-7129] Port S_AXI_AWCACHE[9] in module axi_crossbar_v2_1_28_crossbar is either unconnected or has no load
WARNING: [Synth 8-7129] Port S_AXI_AWCACHE[8] in module axi_crossbar_v2_1_28_crossbar is either unconnected or has no load
WARNING: [Synth 8-7129] Port S_AXI_AWPROT[8] in module axi_crossbar_v2_1_28_crossbar is either unconnected or has no load
WARNING: [Synth 8-7129] Port S_AXI_AWPROT[7] in module axi_crossbar_v2_1_28_crossbar is either unconnected or has no load
WARNING: [Synth 8-7129] Port S_AXI_AWPROT[6] in module axi_crossbar_v2_1_28_crossbar is either unconnected or has no load
WARNING: [Synth 8-7129] Port S_AXI_AWQOS[11] in module axi_crossbar_v2_1_28_crossbar is either unconnected or has no load
WARNING: [Synth 8-7129] Port S_AXI_AWQOS[10] in module axi_crossbar_v2_1_28_crossbar is either unconnected or has no load
WARNING: [Synth 8-7129] Port S_AXI_AWQOS[9] in module axi_crossbar_v2_1_28_crossbar is either unconnected or has no load
WARNING: [Synth 8-7129] Port S_AXI_AWQOS[8] in module axi_crossbar_v2_1_28_crossbar is either unconnected or has no load
WARNING: [Synth 8-7129] Port S_AXI_AWUSER[2] in module axi_crossbar_v2_1_28_crossbar is either unconnected or has no load
WARNING: [Synth 8-7129] Port S_AXI_AWVALID[2] in module axi_crossbar_v2_1_28_crossbar is either unconnected or has no load
WARNING: [Synth 8-7129] Port S_AXI_WID[5] in module axi_crossbar_v2_1_28_crossbar is either unconnected or has no load
WARNING: [Synth 8-7129] Port S_AXI_WID[4] in module axi_crossbar_v2_1_28_crossbar is either unconnected or has no load
WARNING: [Synth 8-7129] Port S_AXI_WID[3] in module axi_crossbar_v2_1_28_crossbar is either unconnected or has no load
WARNING: [Synth 8-7129] Port S_AXI_WID[2] in module axi_crossbar_v2_1_28_crossbar is either unconnected or has no load
WARNING: [Synth 8-7129] Port S_AXI_WID[1] in module axi_crossbar_v2_1_28_crossbar is either unconnected or has no load
WARNING: [Synth 8-7129] Port S_AXI_WID[0] in module axi_crossbar_v2_1_28_crossbar is either unconnected or has no load
WARNING: [Synth 8-7129] Port S_AXI_WDATA[383] in module axi_crossbar_v2_1_28_crossbar is either unconnected or has no load
WARNING: [Synth 8-7129] Port S_AXI_WDATA[382] in module axi_crossbar_v2_1_28_crossbar is either unconnected or has no load
WARNING: [Synth 8-7129] Port S_AXI_WDATA[381] in module axi_crossbar_v2_1_28_crossbar is either unconnected or has no load
WARNING: [Synth 8-7129] Port S_AXI_WDATA[380] in module axi_crossbar_v2_1_28_crossbar is either unconnected or has no load
INFO: [Common 17-14] Message 'Synth 8-7129' appears 100 times and further instances of the messages will be disabled. Use the Tcl command set_msg_config to change the current settings.
---------------------------------------------------------------------------------
Finished RTL Elaboration : Time (s): cpu = 00:00:08 ; elapsed = 00:00:10 . Memory (MB): peak = 2380.316 ; gain = 570.645 ; free physical = 4166 ; free virtual = 11605
Synthesis current peak Physical Memory [PSS] (MB): peak = 1219.426; parent = 1077.443; children = 141.982
Synthesis current peak Virtual Memory [VSS] (MB): peak = 4001.199; parent = 2380.320; children = 1620.879
---------------------------------------------------------------------------------
---------------------------------------------------------------------------------
Start Handling Custom Attributes
---------------------------------------------------------------------------------
---------------------------------------------------------------------------------
Finished Handling Custom Attributes : Time (s): cpu = 00:00:08 ; elapsed = 00:00:10 . Memory (MB): peak = 2392.191 ; gain = 582.520 ; free physical = 4160 ; free virtual = 11601
Synthesis current peak Physical Memory [PSS] (MB): peak = 1219.426; parent = 1077.443; children = 141.982
Synthesis current peak Virtual Memory [VSS] (MB): peak = 4013.074; parent = 2392.195; children = 1620.879
---------------------------------------------------------------------------------
---------------------------------------------------------------------------------
Finished RTL Optimization Phase 1 : Time (s): cpu = 00:00:08 ; elapsed = 00:00:10 . Memory (MB): peak = 2392.191 ; gain = 582.520 ; free physical = 4159 ; free virtual = 11600
Synthesis current peak Physical Memory [PSS] (MB): peak = 1219.426; parent = 1077.443; children = 141.982
Synthesis current peak Virtual Memory [VSS] (MB): peak = 4013.074; parent = 2392.195; children = 1620.879
---------------------------------------------------------------------------------
Netlist sorting complete. Time (s): cpu = 00:00:00.13 ; elapsed = 00:00:00.13 . Memory (MB): peak = 2392.191 ; gain = 0.000 ; free physical = 4085 ; free virtual = 11528
INFO: [Project 1-570] Preparing netlist for logic optimization

Processing XDC Constraints
Initializing timing engine
Parsing XDC File [/home/sean/Downloads/git/ECE385_FP/VID_OE3/VID_OE3.gen/sources_1/bd/vid_oe3/ip/vid_oe3_xbar_1/vid_oe3_xbar_1_ooc.xdc] for cell 'inst'
Finished Parsing XDC File [/home/sean/Downloads/git/ECE385_FP/VID_OE3/VID_OE3.gen/sources_1/bd/vid_oe3/ip/vid_oe3_xbar_1/vid_oe3_xbar_1_ooc.xdc] for cell 'inst'
Parsing XDC File [/home/sean/Downloads/git/ECE385_FP/VID_OE3/VID_OE3.runs/vid_oe3_xbar_1_synth_1/dont_touch.xdc]
Finished Parsing XDC File [/home/sean/Downloads/git/ECE385_FP/VID_OE3/VID_OE3.runs/vid_oe3_xbar_1_synth_1/dont_touch.xdc]
Completed Processing XDC Constraints

Netlist sorting complete. Time (s): cpu = 00:00:00 ; elapsed = 00:00:00 . Memory (MB): peak = 2514.941 ; gain = 0.000 ; free physical = 4159 ; free virtual = 11603
INFO: [Project 1-111] Unisim Transformation Summary:
No Unisim elements were transformed.

Constraint Validation Runtime : Time (s): cpu = 00:00:00.28 ; elapsed = 00:00:00.15 . Memory (MB): peak = 2514.941 ; gain = 0.000 ; free physical = 4145 ; free virtual = 11589
INFO: [Designutils 20-5008] Incremental synthesis strategy off
INFO: [Synth 8-11241] undeclared symbol 'REGCCE', assumed default net type 'wire' [/alottadata/tools/Xilinx/Vivado/2022.2/data/verilog/src/unimacro/BRAM_SINGLE_MACRO.v:2170]
---------------------------------------------------------------------------------
Finished Constraint Validation : Time (s): cpu = 00:00:14 ; elapsed = 00:00:16 . Memory (MB): peak = 2514.941 ; gain = 705.270 ; free physical = 3850 ; free virtual = 11292
Synthesis current peak Physical Memory [PSS] (MB): peak = 1219.426; parent = 1077.443; children = 141.982
Synthesis current peak Virtual Memory [VSS] (MB): peak = 4103.809; parent = 2482.930; children = 1620.879
---------------------------------------------------------------------------------
---------------------------------------------------------------------------------
Start Loading Part and Timing Information
---------------------------------------------------------------------------------
Loading part: xc7s50csga324-1
---------------------------------------------------------------------------------
Finished Loading Part and Timing Information : Time (s): cpu = 00:00:14 ; elapsed = 00:00:16 . Memory (MB): peak = 2514.941 ; gain = 705.270 ; free physical = 3844 ; free virtual = 11286
Synthesis current peak Physical Memory [PSS] (MB): peak = 1219.426; parent = 1077.443; children = 141.982
Synthesis current peak Virtual Memory [VSS] (MB): peak = 4103.809; parent = 2482.930; children = 1620.879
---------------------------------------------------------------------------------
---------------------------------------------------------------------------------
Start Applying 'set_property' XDC Constraints
---------------------------------------------------------------------------------
Applied set_property KEEP_HIERARCHY = SOFT for inst. (constraint file  /home/sean/Downloads/git/ECE385_FP/VID_OE3/VID_OE3.runs/vid_oe3_xbar_1_synth_1/dont_touch.xdc, line 9).
---------------------------------------------------------------------------------
Finished applying 'set_property' XDC Constraints : Time (s): cpu = 00:00:14 ; elapsed = 00:00:16 . Memory (MB): peak = 2514.941 ; gain = 705.270 ; free physical = 3843 ; free virtual = 11284
Synthesis current peak Physical Memory [PSS] (MB): peak = 1219.426; parent = 1077.443; children = 141.982
Synthesis current peak Virtual Memory [VSS] (MB): peak = 4103.809; parent = 2482.930; children = 1620.879
---------------------------------------------------------------------------------
INFO: [Synth 8-802] inferred FSM for state register 'state_reg' in module 'axi_data_fifo_v2_1_26_axic_reg_srl_fifo'
INFO: [Synth 8-802] inferred FSM for state register 'state_reg' in module 'axi_data_fifo_v2_1_26_axic_reg_srl_fifo__parameterized0'
INFO: [Synth 8-802] inferred FSM for state register 'state_reg' in module 'axi_data_fifo_v2_1_26_axic_reg_srl_fifo__parameterized1'
INFO: [Synth 8-802] inferred FSM for state register 'state_reg' in module 'axi_data_fifo_v2_1_26_axic_reg_srl_fifo__parameterized2'
INFO: [Synth 8-802] inferred FSM for state register 'state_reg' in module 'axi_data_fifo_v2_1_26_axic_reg_srl_fifo__parameterized3'
INFO: [Synth 8-802] inferred FSM for state register 'gen_axi.write_cs_reg' in module 'axi_crossbar_v2_1_28_decerr_slave'
---------------------------------------------------------------------------------------------------
                   State |                     New Encoding |                Previous Encoding 
---------------------------------------------------------------------------------------------------
                    ZERO |                             1000 |                               10
                     ONE |                             0010 |                               11
                     TWO |                             0001 |                               01
                  iSTATE |                             0100 |                               00
---------------------------------------------------------------------------------------------------
INFO: [Synth 8-3354] encoded FSM with state register 'state_reg' using encoding 'one-hot' in module 'axi_data_fifo_v2_1_26_axic_reg_srl_fifo'
---------------------------------------------------------------------------------------------------
                   State |                     New Encoding |                Previous Encoding 
---------------------------------------------------------------------------------------------------
                    ZERO |                             1000 |                               10
                     ONE |                             0010 |                               11
                     TWO |                             0001 |                               01
                  iSTATE |                             0100 |                               00
---------------------------------------------------------------------------------------------------
INFO: [Synth 8-3354] encoded FSM with state register 'state_reg' using encoding 'one-hot' in module 'axi_data_fifo_v2_1_26_axic_reg_srl_fifo__parameterized0'
---------------------------------------------------------------------------------------------------
                   State |                     New Encoding |                Previous Encoding 
---------------------------------------------------------------------------------------------------
                    ZERO |                             1000 |                               10
                     ONE |                             0010 |                               11
                     TWO |                             0001 |                               01
                  iSTATE |                             0100 |                               00
---------------------------------------------------------------------------------------------------
INFO: [Synth 8-3354] encoded FSM with state register 'state_reg' using encoding 'one-hot' in module 'axi_data_fifo_v2_1_26_axic_reg_srl_fifo__parameterized1'
---------------------------------------------------------------------------------------------------
                   State |                     New Encoding |                Previous Encoding 
---------------------------------------------------------------------------------------------------
                    ZERO |                             1000 |                               10
                     ONE |                             0010 |                               11
                     TWO |                             0001 |                               01
                  iSTATE |                             0100 |                               00
---------------------------------------------------------------------------------------------------
INFO: [Synth 8-3354] encoded FSM with state register 'state_reg' using encoding 'one-hot' in module 'axi_data_fifo_v2_1_26_axic_reg_srl_fifo__parameterized2'
---------------------------------------------------------------------------------------------------
                   State |                     New Encoding |                Previous Encoding 
---------------------------------------------------------------------------------------------------
                    ZERO |                             1000 |                               10
                     ONE |                             0010 |                               11
                     TWO |                             0001 |                               01
                  iSTATE |                             0100 |                               00
---------------------------------------------------------------------------------------------------
INFO: [Synth 8-3354] encoded FSM with state register 'state_reg' using encoding 'one-hot' in module 'axi_data_fifo_v2_1_26_axic_reg_srl_fifo__parameterized3'
---------------------------------------------------------------------------------------------------
                   State |                     New Encoding |                Previous Encoding 
---------------------------------------------------------------------------------------------------
            P_WRITE_IDLE |                              001 |                               00
            P_WRITE_DATA |                              010 |                               01
            P_WRITE_RESP |                              100 |                               10
---------------------------------------------------------------------------------------------------
INFO: [Synth 8-3354] encoded FSM with state register 'gen_axi.write_cs_reg' using encoding 'one-hot' in module 'axi_crossbar_v2_1_28_decerr_slave'
---------------------------------------------------------------------------------
Finished RTL Optimization Phase 2 : Time (s): cpu = 00:00:15 ; elapsed = 00:00:18 . Memory (MB): peak = 2514.941 ; gain = 705.270 ; free physical = 4206 ; free virtual = 11653
Synthesis current peak Physical Memory [PSS] (MB): peak = 1219.426; parent = 1077.443; children = 141.982
Synthesis current peak Virtual Memory [VSS] (MB): peak = 4103.809; parent = 2482.930; children = 1620.879
---------------------------------------------------------------------------------
---------------------------------------------------------------------------------
Start RTL Component Statistics 
---------------------------------------------------------------------------------
Detailed RTL Component Info : 
+---Adders : 
	   2 Input    8 Bit       Adders := 3     
	   2 Input    6 Bit       Adders := 7     
	   2 Input    5 Bit       Adders := 11    
	   2 Input    4 Bit       Adders := 9     
	   2 Input    3 Bit       Adders := 3     
	   2 Input    2 Bit       Adders := 9     
	   2 Input    1 Bit       Adders := 4     
+---XORs : 
	   2 Input      1 Bit         XORs := 21    
+---Registers : 
	              133 Bit    Registers := 14    
	               65 Bit    Registers := 2     
	                8 Bit    Registers := 3     
	                7 Bit    Registers := 7     
	                6 Bit    Registers := 2     
	                5 Bit    Registers := 11    
	                4 Bit    Registers := 14    
	                3 Bit    Registers := 15    
	                2 Bit    Registers := 35    
	                1 Bit    Registers := 73    
+---Muxes : 
	   2 Input  133 Bit        Muxes := 14    
	   2 Input   56 Bit        Muxes := 14    
	   2 Input    8 Bit        Muxes := 1     
	   2 Input    7 Bit        Muxes := 5     
	   2 Input    6 Bit        Muxes := 10    
	   2 Input    4 Bit        Muxes := 38    
	   3 Input    4 Bit        Muxes := 9     
	   2 Input    3 Bit        Muxes := 20    
	   2 Input    2 Bit        Muxes := 42    
	   2 Input    1 Bit        Muxes := 185   
	   4 Input    1 Bit        Muxes := 27    
	   3 Input    1 Bit        Muxes := 9     
---------------------------------------------------------------------------------
Finished RTL Component Statistics 
---------------------------------------------------------------------------------
---------------------------------------------------------------------------------
Start Part Resource Summary
---------------------------------------------------------------------------------
Part Resources:
DSPs: 120 (col length:60)
BRAMs: 150 (col length: RAMB18 60 RAMB36 30)
---------------------------------------------------------------------------------
Finished Part Resource Summary
---------------------------------------------------------------------------------
---------------------------------------------------------------------------------
Start Cross Boundary and Area Optimization
---------------------------------------------------------------------------------
WARNING: [Synth 8-7080] Parallel synthesis criteria is not met
INFO: [Synth 8-3332] Sequential element (wrouter_aw_fifo/FSM_onehot_state_reg[2]) is unused and will be removed from module axi_crossbar_v2_1_28_wdata_router.
INFO: [Synth 8-3332] Sequential element (wrouter_aw_fifo/FSM_onehot_state_reg[2]) is unused and will be removed from module axi_crossbar_v2_1_28_wdata_router__parameterized0.
INFO: [Synth 8-3332] Sequential element (FSM_onehot_state_reg[2]) is unused and will be removed from module axi_data_fifo_v2_1_26_axic_reg_srl_fifo__parameterized1__1.
INFO: [Synth 8-3332] Sequential element (FSM_onehot_state_reg[2]) is unused and will be removed from module axi_data_fifo_v2_1_26_axic_reg_srl_fifo__parameterized1__2.
INFO: [Synth 8-3332] Sequential element (FSM_onehot_state_reg[2]) is unused and will be removed from module axi_data_fifo_v2_1_26_axic_reg_srl_fifo__parameterized1__3.
INFO: [Synth 8-3332] Sequential element (FSM_onehot_state_reg[2]) is unused and will be removed from module axi_data_fifo_v2_1_26_axic_reg_srl_fifo__parameterized2.
INFO: [Synth 8-3332] Sequential element (FSM_onehot_state_reg[2]) is unused and will be removed from module axi_data_fifo_v2_1_26_axic_reg_srl_fifo__parameterized1__4.
INFO: [Synth 8-3332] Sequential element (FSM_onehot_state_reg[2]) is unused and will be removed from module axi_data_fifo_v2_1_26_axic_reg_srl_fifo__parameterized1.
INFO: [Synth 8-3332] Sequential element (FSM_onehot_state_reg[2]) is unused and will be removed from module axi_data_fifo_v2_1_26_axic_reg_srl_fifo__parameterized3.
---------------------------------------------------------------------------------
Finished Cross Boundary and Area Optimization : Time (s): cpu = 00:00:24 ; elapsed = 00:00:27 . Memory (MB): peak = 2514.941 ; gain = 705.270 ; free physical = 3989 ; free virtual = 11431
Synthesis current peak Physical Memory [PSS] (MB): peak = 1219.426; parent = 1077.443; children = 143.430
Synthesis current peak Virtual Memory [VSS] (MB): peak = 4103.809; parent = 2482.930; children = 1620.879
---------------------------------------------------------------------------------
---------------------------------------------------------------------------------
Start Applying XDC Timing Constraints
---------------------------------------------------------------------------------
---------------------------------------------------------------------------------
Finished Applying XDC Timing Constraints : Time (s): cpu = 00:00:27 ; elapsed = 00:00:30 . Memory (MB): peak = 2514.941 ; gain = 705.270 ; free physical = 3582 ; free virtual = 11025
Synthesis current peak Physical Memory [PSS] (MB): peak = 1326.281; parent = 1183.549; children = 143.430
Synthesis current peak Virtual Memory [VSS] (MB): peak = 4103.809; parent = 2482.930; children = 1620.879
---------------------------------------------------------------------------------
---------------------------------------------------------------------------------
Start Timing Optimization
---------------------------------------------------------------------------------
---------------------------------------------------------------------------------
Finished Timing Optimization : Time (s): cpu = 00:00:30 ; elapsed = 00:00:33 . Memory (MB): peak = 2514.941 ; gain = 705.270 ; free physical = 3539 ; free virtual = 10984
Synthesis current peak Physical Memory [PSS] (MB): peak = 1342.887; parent = 1203.218; children = 143.430
Synthesis current peak Virtual Memory [VSS] (MB): peak = 4103.809; parent = 2482.930; children = 1620.879
---------------------------------------------------------------------------------
---------------------------------------------------------------------------------
Start Technology Mapping
---------------------------------------------------------------------------------
---------------------------------------------------------------------------------
Finished Technology Mapping : Time (s): cpu = 00:00:32 ; elapsed = 00:00:35 . Memory (MB): peak = 2514.941 ; gain = 705.270 ; free physical = 3360 ; free virtual = 10805
Synthesis current peak Physical Memory [PSS] (MB): peak = 1344.947; parent = 1206.455; children = 143.430
Synthesis current peak Virtual Memory [VSS] (MB): peak = 4103.809; parent = 2482.930; children = 1620.879
---------------------------------------------------------------------------------
---------------------------------------------------------------------------------
Start IO Insertion
---------------------------------------------------------------------------------
---------------------------------------------------------------------------------
Start Flattening Before IO Insertion
---------------------------------------------------------------------------------
---------------------------------------------------------------------------------
Finished Flattening Before IO Insertion
---------------------------------------------------------------------------------
---------------------------------------------------------------------------------
Start Final Netlist Cleanup
---------------------------------------------------------------------------------
---------------------------------------------------------------------------------
Finished Final Netlist Cleanup
---------------------------------------------------------------------------------
---------------------------------------------------------------------------------
Finished IO Insertion : Time (s): cpu = 00:00:34 ; elapsed = 00:00:38 . Memory (MB): peak = 2514.941 ; gain = 705.270 ; free physical = 3936 ; free virtual = 11387
Synthesis current peak Physical Memory [PSS] (MB): peak = 1346.860; parent = 1207.859; children = 143.430
Synthesis current peak Virtual Memory [VSS] (MB): peak = 4103.809; parent = 2482.930; children = 1620.879
---------------------------------------------------------------------------------
---------------------------------------------------------------------------------
Start Renaming Generated Instances
---------------------------------------------------------------------------------
---------------------------------------------------------------------------------
Finished Renaming Generated Instances : Time (s): cpu = 00:00:35 ; elapsed = 00:00:38 . Memory (MB): peak = 2514.941 ; gain = 705.270 ; free physical = 3862 ; free virtual = 11313
Synthesis current peak Physical Memory [PSS] (MB): peak = 1346.860; parent = 1207.859; children = 143.430
Synthesis current peak Virtual Memory [VSS] (MB): peak = 4103.809; parent = 2482.930; children = 1620.879
---------------------------------------------------------------------------------
---------------------------------------------------------------------------------
Start Rebuilding User Hierarchy
---------------------------------------------------------------------------------
---------------------------------------------------------------------------------
Finished Rebuilding User Hierarchy : Time (s): cpu = 00:00:35 ; elapsed = 00:00:39 . Memory (MB): peak = 2514.941 ; gain = 705.270 ; free physical = 3840 ; free virtual = 11291
Synthesis current peak Physical Memory [PSS] (MB): peak = 1346.860; parent = 1207.859; children = 143.430
Synthesis current peak Virtual Memory [VSS] (MB): peak = 4103.809; parent = 2482.930; children = 1620.879
---------------------------------------------------------------------------------
---------------------------------------------------------------------------------
Start Renaming Generated Ports
---------------------------------------------------------------------------------
---------------------------------------------------------------------------------
Finished Renaming Generated Ports : Time (s): cpu = 00:00:35 ; elapsed = 00:00:39 . Memory (MB): peak = 2514.941 ; gain = 705.270 ; free physical = 3928 ; free virtual = 11379
Synthesis current peak Physical Memory [PSS] (MB): peak = 1346.860; parent = 1207.859; children = 143.430
Synthesis current peak Virtual Memory [VSS] (MB): peak = 4103.809; parent = 2482.930; children = 1620.879
---------------------------------------------------------------------------------
---------------------------------------------------------------------------------
Start Handling Custom Attributes
---------------------------------------------------------------------------------
---------------------------------------------------------------------------------
Finished Handling Custom Attributes : Time (s): cpu = 00:00:35 ; elapsed = 00:00:39 . Memory (MB): peak = 2514.941 ; gain = 705.270 ; free physical = 3969 ; free virtual = 11433
Synthesis current peak Physical Memory [PSS] (MB): peak = 1346.860; parent = 1207.859; children = 143.430
Synthesis current peak Virtual Memory [VSS] (MB): peak = 4103.809; parent = 2482.930; children = 1620.879
---------------------------------------------------------------------------------
---------------------------------------------------------------------------------
Start Renaming Generated Nets
---------------------------------------------------------------------------------
---------------------------------------------------------------------------------
Finished Renaming Generated Nets : Time (s): cpu = 00:00:35 ; elapsed = 00:00:39 . Memory (MB): peak = 2514.941 ; gain = 705.270 ; free physical = 3914 ; free virtual = 11367
Synthesis current peak Physical Memory [PSS] (MB): peak = 1346.860; parent = 1207.859; children = 143.430
Synthesis current peak Virtual Memory [VSS] (MB): peak = 4103.809; parent = 2482.930; children = 1620.879
---------------------------------------------------------------------------------
---------------------------------------------------------------------------------
Start ROM, RAM, DSP, Shift Register and Retiming Reporting
---------------------------------------------------------------------------------

Dynamic Shift Register Report:
+------------+-------------------------------------------------+--------+------------+--------+---------+--------+--------+--------+
|Module Name | RTL Name                                        | Length | Data Width | SRL16E | SRLC32E | Mux F7 | Mux F8 | Mux F9 | 
+------------+-------------------------------------------------+--------+------------+--------+---------+--------+--------+--------+
|dsrl        | gen_rtl_shifter.gen_inferred_srl.shift_reg_reg  | 32     | 1          | 0      | 1       | 0      | 0      | 0      | 
|dsrl__1     | gen_rtl_shifter.gen_logic_shifter.shift_reg_reg | 64     | 1          | 0      | 2       | 1      | 0      | 0      | 
|dsrl__2     | gen_rtl_shifter.gen_inferred_srl.shift_reg_reg  | 32     | 1          | 0      | 1       | 0      | 0      | 0      | 
|dsrl__3     | gen_rtl_shifter.gen_inferred_srl.shift_reg_reg  | 32     | 1          | 0      | 1       | 0      | 0      | 0      | 
|dsrl__4     | gen_rtl_shifter.gen_inferred_srl.shift_reg_reg  | 32     | 1          | 0      | 1       | 0      | 0      | 0      | 
+------------+-------------------------------------------------+--------+------------+--------+---------+--------+--------+--------+

---------------------------------------------------------------------------------
Finished ROM, RAM, DSP, Shift Register and Retiming Reporting
---------------------------------------------------------------------------------
---------------------------------------------------------------------------------
Start Writing Synthesis Report
---------------------------------------------------------------------------------

Report BlackBoxes: 
+-+--------------+----------+
| |BlackBox name |Instances |
+-+--------------+----------+
+-+--------------+----------+

Report Cell Usage: 
+------+--------+------+
|      |Cell    |Count |
+------+--------+------+
|1     |LUT1    |    25|
|2     |LUT2    |    52|
|3     |LUT3    |  1831|
|4     |LUT4    |   320|
|5     |LUT5    |   825|
|6     |LUT6    |   697|
|7     |SRLC32E |    13|
|8     |FDRE    |  2003|
|9     |FDSE    |    52|
+------+--------+------+
---------------------------------------------------------------------------------
Finished Writing Synthesis Report : Time (s): cpu = 00:00:35 ; elapsed = 00:00:39 . Memory (MB): peak = 2514.941 ; gain = 705.270 ; free physical = 3885 ; free virtual = 11338
Synthesis current peak Physical Memory [PSS] (MB): peak = 1346.860; parent = 1207.859; children = 143.430
Synthesis current peak Virtual Memory [VSS] (MB): peak = 4103.809; parent = 2482.930; children = 1620.879
---------------------------------------------------------------------------------
Synthesis finished with 0 errors, 0 critical warnings and 505 warnings.
Synthesis Optimization Runtime : Time (s): cpu = 00:00:32 ; elapsed = 00:00:37 . Memory (MB): peak = 2514.941 ; gain = 582.520 ; free physical = 4038 ; free virtual = 11491
Synthesis Optimization Complete : Time (s): cpu = 00:00:35 ; elapsed = 00:00:39 . Memory (MB): peak = 2514.941 ; gain = 705.270 ; free physical = 4038 ; free virtual = 11491
INFO: [Project 1-571] Translating synthesized netlist
Netlist sorting complete. Time (s): cpu = 00:00:00.07 ; elapsed = 00:00:00.06 . Memory (MB): peak = 2514.941 ; gain = 0.000 ; free physical = 4101 ; free virtual = 11554
INFO: [Project 1-570] Preparing netlist for logic optimization
INFO: [Opt 31-138] Pushed 0 inverter(s) to 0 load pin(s).
Netlist sorting complete. Time (s): cpu = 00:00:00 ; elapsed = 00:00:00 . Memory (MB): peak = 2514.941 ; gain = 0.000 ; free physical = 3978 ; free virtual = 11431
INFO: [Project 1-111] Unisim Transformation Summary:
No Unisim elements were transformed.

Synth Design complete, checksum: 5a7c8a76
INFO: [Common 17-83] Releasing license: Synthesis
157 Infos, 147 Warnings, 0 Critical Warnings and 0 Errors encountered.
synth_design completed successfully
synth_design: Time (s): cpu = 00:00:41 ; elapsed = 00:00:43 . Memory (MB): peak = 2514.941 ; gain = 1013.238 ; free physical = 4145 ; free virtual = 11598
INFO: [Common 17-1381] The checkpoint '/home/sean/Downloads/git/ECE385_FP/VID_OE3/VID_OE3.runs/vid_oe3_xbar_1_synth_1/vid_oe3_xbar_1.dcp' has been generated.
INFO: [Coretcl 2-1648] Added synthesis output to IP cache for IP vid_oe3_xbar_1, cache-ID = 4fbf13d7fcca4cf5
INFO: [Coretcl 2-1174] Renamed 71 cell refs.
INFO: [Common 17-1381] The checkpoint '/home/sean/Downloads/git/ECE385_FP/VID_OE3/VID_OE3.runs/vid_oe3_xbar_1_synth_1/vid_oe3_xbar_1.dcp' has been generated.
INFO: [runtcl-4] Executing : report_utilization -file vid_oe3_xbar_1_utilization_synth.rpt -pb vid_oe3_xbar_1_utilization_synth.pb
INFO: [Common 17-206] Exiting Vivado at Wed Nov 20 03:59:20 2024...
