Tue Nov 19 22:04:04 2024: Running xcd server. This server was built by gradle.
Tue Nov 19 22:04:04 2024: Server was asked to start on port: '41789'
Tue Nov 19 22:04:04 2024: Server is using token UUID: '9f0490f9-2140-4d38-af78-7e66c3203ec1'
Tue Nov 19 22:04:04 2024: SESSION_MGR: creating session with session uuid: '6d04a3e9-ade5-4ab9-8d63-1f78fcd2ec76' and name 'default'
Tue Nov 19 22:04:04 2024: Attempting to start server on port '41789'
Tue Nov 19 22:04:04 2024: XCD main fifo: created main fifo '/tmp/xcdmain9f0490f9-2140-4d38-af78-7e66c3203ec1', fd read = 227
Tue Nov 19 22:04:04 2024: Running Dispatch Server
Tue Nov 19 22:04:04 2024: Version 2.2.0
Tue Nov 19 22:04:13 2024: Dispatch Server: Accepted socket connection from client
Tue Nov 19 22:04:13 2024: Starting Socket connection
Tue Nov 19 22:04:13 2024: EXCHANGE_TOKEN received, server token: 9f0490f9-2140-4d38-af78-7e66c3203ec1, passed token: 9f0490f9-2140-4d38-af78-7e66c3203ec1
Tue Nov 19 22:04:13 2024: SESSION_MGR: creating session with session uuid: 'aa9d90a3-f2f0-44b5-a920-73f4653b6a3b' and name 'vitis_hls'
Tue Nov 19 22:04:13 2024: KERNEL_SVC: creating session with uuid: 'aa9d90a3-f2f0-44b5-a920-73f4653b6a3b' and name 'vitis_hls'
Tue Nov 19 22:04:13 2024: GUIDANCE_SMGR: creating guidance session with uuid: 'aa9d90a3-f2f0-44b5-a920-73f4653b6a3b' and name 'vitis_hls'
Tue Nov 19 22:05:24 2024: STOP_SERVER received, server token: 9f0490f9-2140-4d38-af78-7e66c3203ec1, passed token: 9f0490f9-2140-4d38-af78-7e66c3203ec1
Tue Nov 19 22:05:24 2024: Socket received request to stop server.
Tue Nov 19 22:05:24 2024: Dispatch Server: do_await_stop
Tue Nov 19 22:05:24 2024: Dispatch Server: stopping mainFifo_
Tue Nov 19 22:05:24 2024: XCD main fifo: Stopping
Tue Nov 19 22:05:24 2024: XCD main fifo: do_read error code: Operation canceled
Tue Nov 19 22:05:24 2024: XCD main fifo: bytes_transferred: 0
Tue Nov 19 22:05:24 2024: SERVER: destructor for server bound to port 41789
Tue Nov 19 22:05:24 2024: XCD main fifo: Good unlink of /tmp/xcdmain9f0490f9-2140-4d38-af78-7e66c3203ec1
Tue Nov 19 22:05:24 2024: Server exiting with status 0.
Tue Nov 19 22:05:24 2024: Closing log file.
