Fri Nov 22 00:26:03 2024: Running xcd server. This server was built by gradle.
Fri Nov 22 00:26:03 2024: Server was asked to start on port: '38881'
Fri Nov 22 00:26:03 2024: Server is using token UUID: '5eccf010-2784-4415-aaab-1c364f2c8a83'
Fri Nov 22 00:26:03 2024: SESSION_MGR: creating session with session uuid: '6d04a3e9-ade5-4ab9-8d63-1f78fcd2ec76' and name 'default'
Fri Nov 22 00:26:03 2024: Attempting to start server on port '38881'
Fri Nov 22 00:26:03 2024: XCD main fifo: created main fifo '/tmp/xcdmain5eccf010-2784-4415-aaab-1c364f2c8a83', fd read = 227
Fri Nov 22 00:26:03 2024: Running Dispatch Server
Fri Nov 22 00:26:03 2024: Version 2.2.0
Fri Nov 22 00:26:12 2024: Dispatch Server: Accepted socket connection from client
Fri Nov 22 00:26:12 2024: Starting Socket connection
Fri Nov 22 00:26:12 2024: EXCHANGE_TOKEN received, server token: 5eccf010-2784-4415-aaab-1c364f2c8a83, passed token: 5eccf010-2784-4415-aaab-1c364f2c8a83
Fri Nov 22 00:26:12 2024: SESSION_MGR: creating session with session uuid: 'fd023548-3122-4f5f-bf32-4bb521073bb5' and name 'vitis_hls'
Fri Nov 22 00:26:12 2024: KERNEL_SVC: creating session with uuid: 'fd023548-3122-4f5f-bf32-4bb521073bb5' and name 'vitis_hls'
Fri Nov 22 00:26:12 2024: GUIDANCE_SMGR: creating guidance session with uuid: 'fd023548-3122-4f5f-bf32-4bb521073bb5' and name 'vitis_hls'
Fri Nov 22 00:27:15 2024: STOP_SERVER received, server token: 5eccf010-2784-4415-aaab-1c364f2c8a83, passed token: 5eccf010-2784-4415-aaab-1c364f2c8a83
Fri Nov 22 00:27:15 2024: Socket received request to stop server.
Fri Nov 22 00:27:15 2024: Dispatch Server: do_await_stop
Fri Nov 22 00:27:15 2024: Dispatch Server: stopping mainFifo_
Fri Nov 22 00:27:15 2024: XCD main fifo: Stopping
Fri Nov 22 00:27:15 2024: XCD main fifo: do_read error code: Operation canceled
Fri Nov 22 00:27:15 2024: XCD main fifo: bytes_transferred: 0
Fri Nov 22 00:27:15 2024: SERVER: destructor for server bound to port 38881
Fri Nov 22 00:27:15 2024: XCD main fifo: Good unlink of /tmp/xcdmain5eccf010-2784-4415-aaab-1c364f2c8a83
Fri Nov 22 00:27:15 2024: Server exiting with status 0.
Fri Nov 22 00:27:15 2024: Closing log file.
