

================================================================
== Vitis HLS Report for 'MultiPixStream2AXIvideo_Pipeline_VITIS_LOOP_936_2'
================================================================
* Date:           Wed Nov 20 03:58:41 2024

* Version:        2022.2 (Build 3670227 on Oct 13 2022)
* Project:        prj
* Solution:       sol (Vivado IP Flow Target)
* Product family: spartan7
* Target device:  xc7s50-csga324-1


================================================================
== Performance Estimates
================================================================
+ Timing: 
    * Summary: 
    +--------+----------+----------+------------+
    |  Clock |  Target  | Estimated| Uncertainty|
    +--------+----------+----------+------------+
    |ap_clk  |  12.00 ns|  4.810 ns|     3.24 ns|
    +--------+----------+----------+------------+

+ Latency: 
    * Summary: 
    +---------+---------+-----------+----------+-----+-----+---------+
    |  Latency (cycles) |  Latency (absolute)  |  Interval | Pipeline|
    |   min   |   max   |    min    |    max   | min | max |   Type  |
    +---------+---------+-----------+----------+-----+-----+---------+
    |        4|      643|  48.000 ns|  7.716 us|    4|  643|       no|
    +---------+---------+-----------+----------+-----+-----+---------+

    + Detail: 
        * Instance: 
        N/A

        * Loop: 
        +--------------------+---------+---------+----------+-----------+-----------+---------+----------+
        |                    |  Latency (cycles) | Iteration|  Initiation Interval  |   Trip  |          |
        |      Loop Name     |   min   |   max   |  Latency |  achieved |   target  |  Count  | Pipelined|
        +--------------------+---------+---------+----------+-----------+-----------+---------+----------+
        |- VITIS_LOOP_936_2  |        1|      640|         2|          1|          1|  1 ~ 640|       yes|
        +--------------------+---------+---------+----------+-----------+-----------+---------+----------+



================================================================
== Utilization Estimates
================================================================
* Summary: 
+-----------------+---------+-----+-------+-------+-----+
|       Name      | BRAM_18K| DSP |   FF  |  LUT  | URAM|
+-----------------+---------+-----+-------+-------+-----+
|DSP              |        -|    -|      -|      -|    -|
|Expression       |        -|    -|      0|     99|    -|
|FIFO             |        -|    -|      -|      -|    -|
|Instance         |        -|    -|      -|      -|    -|
|Memory           |        -|    -|      -|      -|    -|
|Multiplexer      |        -|    -|      -|    105|    -|
|Register         |        -|    -|     20|      -|    -|
+-----------------+---------+-----+-------+-------+-----+
|Total            |        0|    0|     20|    204|    0|
+-----------------+---------+-----+-------+-------+-----+
|Available        |      150|  120|  65200|  32600|    0|
+-----------------+---------+-----+-------+-------+-----+
|Utilization (%)  |        0|    0|     ~0|     ~0|    0|
+-----------------+---------+-----+-------+-------+-----+

+ Detail: 
    * Instance: 
    N/A

    * DSP: 
    N/A

    * Memory: 
    N/A

    * FIFO: 
    N/A

    * Expression: 
    +----------------------------------+----------+----+---+----+------------+------------+
    |           Variable Name          | Operation| DSP| FF| LUT| Bitwidth P0| Bitwidth P1|
    +----------------------------------+----------+----+---+----+------------+------------+
    |add_ln960_fu_235_p2               |         +|   0|  0|  23|          16|           1|
    |j_2_fu_220_p2                     |         +|   0|  0|  17|          10|           1|
    |ap_block_pp0_stage0_01001         |       and|   0|  0|   2|           1|           1|
    |ap_block_pp0_stage0_11001         |       and|   0|  0|   2|           1|           1|
    |ap_block_state3_io                |       and|   0|  0|   2|           1|           1|
    |icmp_ln936_fu_215_p2              |      icmp|   0|  0|  11|          10|          10|
    |tmp_last_V_fu_226_p2              |      icmp|   0|  0|  11|          11|          11|
    |ap_block_state3_pp0_stage0_iter1  |        or|   0|  0|   2|           1|           1|
    |axi_data_V_fu_306_p3              |    select|   0|  0|   9|           1|           9|
    |select_ln975_1_fu_324_p3          |    select|   0|  0|   8|           1|           8|
    |select_ln975_fu_317_p3            |    select|   0|  0|   8|           1|           8|
    |ap_enable_pp0                     |       xor|   0|  0|   2|           1|           2|
    |ap_enable_reg_pp0_iter1           |       xor|   0|  0|   2|           2|           1|
    +----------------------------------+----------+----+---+----+------------+------------+
    |Total                             |          |   0|  0|  99|          57|          55|
    +----------------------------------+----------+----+---+----+------------+------------+

    * Multiplexer: 
    +-------------------------------------+----+-----------+-----+-----------+
    |                 Name                | LUT| Input Size| Bits| Total Bits|
    +-------------------------------------+----+-----------+-----+-----------+
    |ap_NS_fsm                            |  27|          5|    1|          5|
    |ap_enable_reg_pp0_iter1              |  15|          3|    1|          3|
    |ap_phi_mux_tmp_user_V_phi_fu_182_p4  |   9|          2|    1|          2|
    |counter_loc_1_out_o                  |   9|          2|   16|         32|
    |j_fu_108                             |   9|          2|   10|         20|
    |m_axis_video_TDATA_blk_n             |   9|          2|    1|          2|
    |ovrlayYUV_blk_n                      |   9|          2|    1|          2|
    |phi_ln991_reg_190                    |   9|          2|    1|          2|
    |tmp_user_V_reg_178                   |   9|          2|    1|          2|
    +-------------------------------------+----+-----------+-----+-----------+
    |Total                                | 105|         22|   33|         70|
    +-------------------------------------+----+-----------+-----+-----------+

    * Register: 
    +-------------------------+----+----+-----+-----------+
    |           Name          | FF | LUT| Bits| Const Bits|
    +-------------------------+----+----+-----+-----------+
    |ap_CS_fsm                |   4|   0|    4|          0|
    |ap_enable_reg_pp0_iter0  |   1|   0|    1|          0|
    |ap_enable_reg_pp0_iter1  |   1|   0|    1|          0|
    |icmp_ln936_reg_381       |   1|   0|    1|          0|
    |j_fu_108                 |  10|   0|   10|          0|
    |phi_ln991_reg_190        |   1|   0|    1|          0|
    |tmp_last_V_reg_385       |   1|   0|    1|          0|
    |tmp_user_V_reg_178       |   1|   0|    1|          0|
    +-------------------------+----+----+-----+-----------+
    |Total                    |  20|   0|   20|          0|
    +-------------------------+----+----+-----+-----------+



================================================================
== Interface
================================================================
* Summary: 
+----------------------------+-----+-----+------------+---------------------------------------------------+--------------+
|          RTL Ports         | Dir | Bits|  Protocol  |                   Source Object                   |    C Type    |
+----------------------------+-----+-----+------------+---------------------------------------------------+--------------+
|ap_clk                      |   in|    1|  ap_ctrl_hs|  MultiPixStream2AXIvideo_Pipeline_VITIS_LOOP_936_2|  return value|
|ap_rst                      |   in|    1|  ap_ctrl_hs|  MultiPixStream2AXIvideo_Pipeline_VITIS_LOOP_936_2|  return value|
|ap_start                    |   in|    1|  ap_ctrl_hs|  MultiPixStream2AXIvideo_Pipeline_VITIS_LOOP_936_2|  return value|
|ap_done                     |  out|    1|  ap_ctrl_hs|  MultiPixStream2AXIvideo_Pipeline_VITIS_LOOP_936_2|  return value|
|ap_idle                     |  out|    1|  ap_ctrl_hs|  MultiPixStream2AXIvideo_Pipeline_VITIS_LOOP_936_2|  return value|
|ap_ready                    |  out|    1|  ap_ctrl_hs|  MultiPixStream2AXIvideo_Pipeline_VITIS_LOOP_936_2|  return value|
|sof                         |   in|    1|     ap_none|                                                sof|        scalar|
|width_load_cast1            |   in|   10|   ap_stable|                                   width_load_cast1|        scalar|
|ovrlayYUV_dout              |   in|   24|     ap_fifo|                                          ovrlayYUV|       pointer|
|ovrlayYUV_num_data_valid    |   in|    5|     ap_fifo|                                          ovrlayYUV|       pointer|
|ovrlayYUV_fifo_cap          |   in|    5|     ap_fifo|                                          ovrlayYUV|       pointer|
|ovrlayYUV_empty_n           |   in|    1|     ap_fifo|                                          ovrlayYUV|       pointer|
|ovrlayYUV_read              |  out|    1|     ap_fifo|                                          ovrlayYUV|       pointer|
|icmp_ln975                  |   in|    1|   ap_stable|                                         icmp_ln975|        scalar|
|m_axis_video_TDATA          |  out|   24|        axis|                              m_axis_video_V_data_V|       pointer|
|m_axis_video_TREADY         |   in|    1|        axis|                              m_axis_video_V_data_V|       pointer|
|m_axis_video_TVALID         |  out|    1|        axis|                              m_axis_video_V_dest_V|       pointer|
|m_axis_video_TDEST          |  out|    1|        axis|                              m_axis_video_V_dest_V|       pointer|
|m_axis_video_TKEEP          |  out|    3|        axis|                              m_axis_video_V_keep_V|       pointer|
|m_axis_video_TSTRB          |  out|    3|        axis|                              m_axis_video_V_strb_V|       pointer|
|m_axis_video_TUSER          |  out|    1|        axis|                              m_axis_video_V_user_V|       pointer|
|m_axis_video_TLAST          |  out|    1|        axis|                              m_axis_video_V_last_V|       pointer|
|m_axis_video_TID            |  out|    1|        axis|                                m_axis_video_V_id_V|       pointer|
|sub                         |   in|   11|   ap_stable|                                                sub|        scalar|
|counter_loc_1_out_i         |   in|   16|     ap_ovld|                                  counter_loc_1_out|       pointer|
|counter_loc_1_out_o         |  out|   16|     ap_ovld|                                  counter_loc_1_out|       pointer|
|counter_loc_1_out_o_ap_vld  |  out|    1|     ap_ovld|                                  counter_loc_1_out|       pointer|
|phi_ln991_out               |  out|    1|      ap_vld|                                      phi_ln991_out|       pointer|
|phi_ln991_out_ap_vld        |  out|    1|      ap_vld|                                      phi_ln991_out|       pointer|
|counter                     |  out|   16|      ap_vld|                                            counter|       pointer|
|counter_ap_vld              |  out|    1|      ap_vld|                                            counter|       pointer|
+----------------------------+-----+-----+------------+---------------------------------------------------+--------------+

