

================================================================
== Vitis HLS Report for 'MultiPixStream2AXIvideo'
================================================================
* Date:           Fri Nov 22 00:26:54 2024

* Version:        2022.2 (Build 3670227 on Oct 13 2022)
* Project:        prj
* Solution:       sol (Vivado IP Flow Target)
* Product family: spartan7
* Target device:  xc7s50-csga324-1


================================================================
== Performance Estimates
================================================================
+ Timing: 
    * Summary: 
    +--------+----------+----------+------------+
    |  Clock |  Target  | Estimated| Uncertainty|
    +--------+----------+----------+------------+
    |ap_clk  |  12.00 ns|  4.810 ns|     3.24 ns|
    +--------+----------+----------+------------+

+ Latency: 
    * Summary: 
    +---------+---------+-----------+-----------+-----+---------+---------+
    |  Latency (cycles) |   Latency (absolute)  |    Interval   | Pipeline|
    |   min   |   max   |    min    |    max    | min |   max   |   Type  |
    +---------+---------+-----------+-----------+-----+---------+---------+
    |        1|  2080081|  12.000 ns|  24.961 ms|    1|  2080081|       no|
    +---------+---------+-----------+-----------+-----+---------+---------+

    + Detail: 
        * Instance: 
        +--------------------------------------------------------------+---------------------------------------------------+---------+---------+-----------+-----------+-----+------+---------+
        |                                                              |                                                   |  Latency (cycles) |   Latency (absolute)  |  Interval  | Pipeline|
        |                           Instance                           |                       Module                      |   min   |   max   |    min    |    max    | min |  max |   Type  |
        +--------------------------------------------------------------+---------------------------------------------------+---------+---------+-----------+-----------+-----+------+---------+
        |grp_MultiPixStream2AXIvideo_Pipeline_VITIS_LOOP_936_2_fu_155  |MultiPixStream2AXIvideo_Pipeline_VITIS_LOOP_936_2  |        4|     1923|  48.000 ns|  23.076 us|    4|  1923|       no|
        +--------------------------------------------------------------+---------------------------------------------------+---------+---------+-----------+-----------+-----+------+---------+

        * Loop: 
        +--------------------+---------+---------+----------+-----------+-----------+----------+----------+
        |                    |  Latency (cycles) | Iteration|  Initiation Interval  |   Trip   |          |
        |      Loop Name     |   min   |   max   |  Latency |  achieved |   target  |   Count  | Pipelined|
        +--------------------+---------+---------+----------+-----------+-----------+----------+----------+
        |- VITIS_LOOP_934_1  |        0|  2080080|  2 ~ 1926|          -|          -|  0 ~ 1080|        no|
        +--------------------+---------+---------+----------+-----------+-----------+----------+----------+



================================================================
== Utilization Estimates
================================================================
* Summary: 
+-----------------+---------+-----+-------+-------+-----+
|       Name      | BRAM_18K| DSP |   FF  |  LUT  | URAM|
+-----------------+---------+-----+-------+-------+-----+
|DSP              |        -|    -|      -|      -|    -|
|Expression       |        -|    -|      0|    152|    -|
|FIFO             |        -|    -|      -|      -|    -|
|Instance         |        -|    -|     21|    206|    -|
|Memory           |        -|    -|      -|      -|    -|
|Multiplexer      |        -|    -|      -|     81|    -|
|Register         |        -|    -|    105|      -|    -|
+-----------------+---------+-----+-------+-------+-----+
|Total            |        0|    0|    126|    439|    0|
+-----------------+---------+-----+-------+-------+-----+
|Available        |      150|  120|  65200|  32600|    0|
+-----------------+---------+-----+-------+-------+-----+
|Utilization (%)  |        0|    0|     ~0|      1|    0|
+-----------------+---------+-----+-------+-------+-----+

+ Detail: 
    * Instance: 
    +--------------------------------------------------------------+---------------------------------------------------+---------+----+----+-----+-----+
    |                           Instance                           |                       Module                      | BRAM_18K| DSP| FF | LUT | URAM|
    +--------------------------------------------------------------+---------------------------------------------------+---------+----+----+-----+-----+
    |grp_MultiPixStream2AXIvideo_Pipeline_VITIS_LOOP_936_2_fu_155  |MultiPixStream2AXIvideo_Pipeline_VITIS_LOOP_936_2  |        0|   0|  21|  206|    0|
    +--------------------------------------------------------------+---------------------------------------------------+---------+----+----+-----+-----+
    |Total                                                         |                                                   |        0|   0|  21|  206|    0|
    +--------------------------------------------------------------+---------------------------------------------------+---------+----+----+-----+-----+

    * DSP: 
    N/A

    * Memory: 
    N/A

    * FIFO: 
    N/A

    * Expression: 
    +----------------------------------------------------------------------------------+----------+----+---+----+------------+------------+
    |                                   Variable Name                                  | Operation| DSP| FF| LUT| Bitwidth P0| Bitwidth P1|
    +----------------------------------------------------------------------------------+----------+----+---+----+------------+------------+
    |i_2_fu_279_p2                                                                     |         +|   0|  0|  18|          11|           1|
    |sub_fu_199_p2                                                                     |         +|   0|  0|  19|          12|           2|
    |and_ln993_fu_302_p2                                                               |       and|   0|  0|   2|           1|           1|
    |grp_MultiPixStream2AXIvideo_Pipeline_VITIS_LOOP_936_2_fu_155_m_axis_video_TREADY  |       and|   0|  0|   2|           1|           1|
    |cmp103_fu_205_p2                                                                  |      icmp|   0|  0|  13|          16|           2|
    |cmp19230_fu_211_p2                                                                |      icmp|   0|  0|  11|          11|           1|
    |icmp_ln934_fu_274_p2                                                              |      icmp|   0|  0|  11|          11|          11|
    |icmp_ln975_fu_245_p2                                                              |      icmp|   0|  0|  11|           8|           1|
    |icmp_ln993_1_fu_235_p2                                                            |      icmp|   0|  0|  13|          16|           1|
    |icmp_ln993_fu_229_p2                                                              |      icmp|   0|  0|  13|          16|           1|
    |switch_le_fu_223_p2                                                               |      icmp|   0|  0|  13|          16|           2|
    |ap_block_state1                                                                   |        or|   0|  0|   2|           1|           1|
    |empty_134_fu_217_p2                                                               |        or|   0|  0|  16|          16|           1|
    |or_ln993_fu_307_p2                                                                |        or|   0|  0|   2|           1|           1|
    |select_ln1006_fu_318_p3                                                           |    select|   0|  0|   2|           1|           1|
    |select_ln993_fu_324_p3                                                            |    select|   0|  0|   2|           1|           1|
    |xor_ln1008_fu_312_p2                                                              |       xor|   0|  0|   2|           1|           2|
    +----------------------------------------------------------------------------------+----------+----+---+----+------------+------------+
    |Total                                                                             |          |   0|  0| 152|         140|          31|
    +----------------------------------------------------------------------------------+----------+----+---+----+------------+------------+

    * Multiplexer: 
    +----------------------+----+-----------+-----+-----------+
    |         Name         | LUT| Input Size| Bits| Total Bits|
    +----------------------+----+-----------+-----+-----------+
    |ap_NS_fsm             |  27|          5|    1|          5|
    |ap_done               |   9|          2|    1|          2|
    |counter_loc_0_fu_110  |   9|          2|   16|         32|
    |empty_fu_102          |   9|          2|    1|          2|
    |fid                   |   9|          2|    1|          2|
    |i_fu_98               |   9|          2|   11|         22|
    |ovrlayYUV_read        |   9|          2|    1|          2|
    +----------------------+----+-----------+-----+-----------+
    |Total                 |  81|         17|   32|         67|
    +----------------------+----+-----------+-----+-----------+

    * Register: 
    +---------------------------------------------------------------------------+----+----+-----+-----------+
    |                                    Name                                   | FF | LUT| Bits| Const Bits|
    +---------------------------------------------------------------------------+----+----+-----+-----------+
    |ap_CS_fsm                                                                  |   4|   0|    4|          0|
    |ap_done_reg                                                                |   1|   0|    1|          0|
    |cmp103_reg_393                                                             |   1|   0|    1|          0|
    |cmp19230_reg_403                                                           |   1|   0|    1|          0|
    |counter                                                                    |  16|   0|   16|          0|
    |counter_loc_0_fu_110                                                       |  16|   0|   16|          0|
    |empty_133_reg_383                                                          |  11|   0|   11|          0|
    |empty_fu_102                                                               |   1|   0|    1|          0|
    |fidStored                                                                  |   1|   0|    1|          0|
    |fid_preg                                                                   |   1|   0|    1|          0|
    |grp_MultiPixStream2AXIvideo_Pipeline_VITIS_LOOP_936_2_fu_155_ap_start_reg  |   1|   0|    1|          0|
    |i_2_reg_430                                                                |  11|   0|   11|          0|
    |i_fu_98                                                                    |  11|   0|   11|          0|
    |icmp_ln975_reg_422                                                         |   1|   0|    1|          0|
    |icmp_ln993_1_reg_417                                                       |   1|   0|    1|          0|
    |icmp_ln993_reg_412                                                         |   1|   0|    1|          0|
    |phi_ln991_loc_fu_114                                                       |   1|   0|    1|          0|
    |sof_fu_106                                                                 |   1|   0|    1|          0|
    |sub_reg_388                                                                |  12|   0|   12|          0|
    |switch_le_reg_407                                                          |   1|   0|    1|          0|
    |trunc_ln882_reg_378                                                        |  11|   0|   11|          0|
    +---------------------------------------------------------------------------+----+----+-----+-----------+
    |Total                                                                      | 105|   0|  105|          0|
    +---------------------------------------------------------------------------+----+----+-----+-----------+



================================================================
== Interface
================================================================
* Summary: 
+--------------------------+-----+-----+------------+-------------------------+--------------+
|         RTL Ports        | Dir | Bits|  Protocol  |      Source Object      |    C Type    |
+--------------------------+-----+-----+------------+-------------------------+--------------+
|ap_clk                    |   in|    1|  ap_ctrl_hs|  MultiPixStream2AXIvideo|  return value|
|ap_rst                    |   in|    1|  ap_ctrl_hs|  MultiPixStream2AXIvideo|  return value|
|ap_start                  |   in|    1|  ap_ctrl_hs|  MultiPixStream2AXIvideo|  return value|
|ap_done                   |  out|    1|  ap_ctrl_hs|  MultiPixStream2AXIvideo|  return value|
|ap_continue               |   in|    1|  ap_ctrl_hs|  MultiPixStream2AXIvideo|  return value|
|ap_idle                   |  out|    1|  ap_ctrl_hs|  MultiPixStream2AXIvideo|  return value|
|ap_ready                  |  out|    1|  ap_ctrl_hs|  MultiPixStream2AXIvideo|  return value|
|ovrlayYUV_dout            |   in|   24|     ap_fifo|                ovrlayYUV|       pointer|
|ovrlayYUV_num_data_valid  |   in|    5|     ap_fifo|                ovrlayYUV|       pointer|
|ovrlayYUV_fifo_cap        |   in|    5|     ap_fifo|                ovrlayYUV|       pointer|
|ovrlayYUV_empty_n         |   in|    1|     ap_fifo|                ovrlayYUV|       pointer|
|ovrlayYUV_read            |  out|    1|     ap_fifo|                ovrlayYUV|       pointer|
|m_axis_video_TDATA        |  out|   24|        axis|    m_axis_video_V_data_V|       pointer|
|m_axis_video_TVALID       |  out|    1|        axis|    m_axis_video_V_dest_V|       pointer|
|m_axis_video_TREADY       |   in|    1|        axis|    m_axis_video_V_dest_V|       pointer|
|m_axis_video_TDEST        |  out|    1|        axis|    m_axis_video_V_dest_V|       pointer|
|m_axis_video_TKEEP        |  out|    3|        axis|    m_axis_video_V_keep_V|       pointer|
|m_axis_video_TSTRB        |  out|    3|        axis|    m_axis_video_V_strb_V|       pointer|
|m_axis_video_TUSER        |  out|    1|        axis|    m_axis_video_V_user_V|       pointer|
|m_axis_video_TLAST        |  out|    1|        axis|    m_axis_video_V_last_V|       pointer|
|m_axis_video_TID          |  out|    1|        axis|      m_axis_video_V_id_V|       pointer|
|height                    |   in|   16|   ap_stable|                   height|       pointer|
|width                     |   in|   16|   ap_stable|                    width|       pointer|
|colorFormat               |   in|    8|   ap_stable|              colorFormat|       pointer|
|fid_in                    |   in|    1|   ap_stable|                   fid_in|       pointer|
|fid                       |  out|    1|      ap_vld|                      fid|       pointer|
|fid_ap_vld                |  out|    1|      ap_vld|                      fid|       pointer|
|field_id                  |   in|   16|   ap_stable|                 field_id|       pointer|
+--------------------------+-----+-----+------------+-------------------------+--------------+

============================================================
+ Verbose Summary: Synthesis Manager
============================================================
InlineROM: 1
ExposeGlobal: 0
============================================================
+ Verbose Summary: CDFG Model
============================================================
IsTopModel: 0
ResetActiveHigh: 1
IsCombinational: 2
IsDatapathOnly: 0
HasWiredReturn: 1
HasMFsm: 0
HasVarLatency: 1
IsPipeline: 0
IsRtlPipelined: 0
IsInstanceOverlapped: 0
IsDontTouch: 0
HasImplIP: 0
IsGatedGlobalClock: 0


============================================================
+ Verbose Summary: Schedule
============================================================
* Number of FSM states : 4
* Pipeline : 0
* Dataflow Pipeline: 0

* FSM state transitions: 
1 --> 2 
2 --> 3 4 
3 --> 4 
4 --> 2 

* FSM state operations: 

State 1 <SV = 0> <Delay = 2.53>
ST_1 : Operation 5 [1/1] (0.00ns)   --->   "%i = alloca i32 1"   --->   Operation 5 'alloca' 'i' <Predicate = true> <Delay = 0.00>
ST_1 : Operation 6 [1/1] (0.00ns)   --->   "%empty = alloca i32 1"   --->   Operation 6 'alloca' 'empty' <Predicate = true> <Delay = 0.00>
ST_1 : Operation 7 [1/1] (0.00ns)   --->   "%sof = alloca i32 1"   --->   Operation 7 'alloca' 'sof' <Predicate = true> <Delay = 0.00>
ST_1 : Operation 8 [1/1] (0.00ns)   --->   "%counter_loc_0 = alloca i32 1"   --->   Operation 8 'alloca' 'counter_loc_0' <Predicate = true> <Delay = 0.00>
ST_1 : Operation 9 [1/1] (0.00ns)   --->   "%phi_ln991_loc = alloca i64 1"   --->   Operation 9 'alloca' 'phi_ln991_loc' <Predicate = true> <Delay = 0.00>
ST_1 : Operation 10 [1/1] (0.00ns)   --->   "%specaxissidechannel_ln0 = specaxissidechannel void @_ssdm_op_SpecAXISSideChannel, i24 %m_axis_video_V_data_V, i3 %m_axis_video_V_keep_V, i3 %m_axis_video_V_strb_V, i1 %m_axis_video_V_user_V, i1 %m_axis_video_V_last_V, i1 %m_axis_video_V_id_V, i1 %m_axis_video_V_dest_V, void @empty_6"   --->   Operation 10 'specaxissidechannel' 'specaxissidechannel_ln0' <Predicate = true> <Delay = 0.00>
ST_1 : Operation 11 [1/1] (0.00ns)   --->   "%specstablecontent_ln0 = specstablecontent void @_ssdm_op_SpecStableContent, i8 %colorFormat, void "   --->   Operation 11 'specstablecontent' 'specstablecontent_ln0' <Predicate = true> <Delay = 0.00>
ST_1 : Operation 12 [1/1] (0.00ns)   --->   "%specstablecontent_ln0 = specstablecontent void @_ssdm_op_SpecStableContent, i1 %fid_in, void "   --->   Operation 12 'specstablecontent' 'specstablecontent_ln0' <Predicate = true> <Delay = 0.00>
ST_1 : Operation 13 [1/1] (0.00ns)   --->   "%specstablecontent_ln0 = specstablecontent void @_ssdm_op_SpecStableContent, i16 %field_id, void "   --->   Operation 13 'specstablecontent' 'specstablecontent_ln0' <Predicate = true> <Delay = 0.00>
ST_1 : Operation 14 [1/1] (0.00ns)   --->   "%specstablecontent_ln0 = specstablecontent void @_ssdm_op_SpecStableContent, i16 %height, void "   --->   Operation 14 'specstablecontent' 'specstablecontent_ln0' <Predicate = true> <Delay = 0.00>
ST_1 : Operation 15 [1/1] (0.00ns)   --->   "%specstablecontent_ln0 = specstablecontent void @_ssdm_op_SpecStableContent, i16 %width, void "   --->   Operation 15 'specstablecontent' 'specstablecontent_ln0' <Predicate = true> <Delay = 0.00>
ST_1 : Operation 16 [1/1] (0.00ns)   --->   "%specinterface_ln0 = specinterface void @_ssdm_op_SpecInterface, i24 %ovrlayYUV, void @empty_10, i32 0, i32 0, void @empty_0, i32 0, i32 0, void @empty_0, void @empty_0, void @empty_0, i32 0, i32 0, i32 0, i32 0, void @empty_0, void @empty_0, i32 4294967295, i32 0"   --->   Operation 16 'specinterface' 'specinterface_ln0' <Predicate = true> <Delay = 0.00>
ST_1 : Operation 17 [1/1] (0.00ns)   --->   "%specinterface_ln0 = specinterface void @_ssdm_op_SpecInterface, i24 %m_axis_video_V_data_V, i3 %m_axis_video_V_keep_V, i3 %m_axis_video_V_strb_V, i1 %m_axis_video_V_user_V, i1 %m_axis_video_V_last_V, i1 %m_axis_video_V_id_V, i1 %m_axis_video_V_dest_V, void @empty_23, i32 0, i32 0, void @empty_13, i32 0, i32 0, void @empty_0, void @empty_0, void @empty_0, i32 0, i32 0, i32 0, i32 0, void @empty_0, void @empty_0, i32 4294967295, i32 0"   --->   Operation 17 'specinterface' 'specinterface_ln0' <Predicate = true> <Delay = 0.00>
ST_1 : Operation 18 [1/1] (0.00ns)   --->   "%rows = read i16 @_ssdm_op_Read.ap_auto.i16P0A, i16 %height" [/home/sean/Downloads/git/ECE385_FP/VID_OE4/VID_OE4.runs/vid_oe4_v_tpg_0_0_synth_1/prj/sol/.autopilot/db/v_tpg.cpp:882]   --->   Operation 18 'read' 'rows' <Predicate = true> <Delay = 0.00>
ST_1 : Operation 19 [1/1] (0.00ns)   --->   "%trunc_ln882 = trunc i16 %rows" [/home/sean/Downloads/git/ECE385_FP/VID_OE4/VID_OE4.runs/vid_oe4_v_tpg_0_0_synth_1/prj/sol/.autopilot/db/v_tpg.cpp:882]   --->   Operation 19 'trunc' 'trunc_ln882' <Predicate = true> <Delay = 0.00>
ST_1 : Operation 20 [1/1] (0.00ns)   --->   "%cols = read i16 @_ssdm_op_Read.ap_auto.i16P0A, i16 %width" [/home/sean/Downloads/git/ECE385_FP/VID_OE4/VID_OE4.runs/vid_oe4_v_tpg_0_0_synth_1/prj/sol/.autopilot/db/v_tpg.cpp:883]   --->   Operation 20 'read' 'cols' <Predicate = true> <Delay = 0.00>
ST_1 : Operation 21 [1/1] (0.00ns)   --->   "%empty_133 = trunc i16 %cols" [/home/sean/Downloads/git/ECE385_FP/VID_OE4/VID_OE4.runs/vid_oe4_v_tpg_0_0_synth_1/prj/sol/.autopilot/db/v_tpg.cpp:883]   --->   Operation 21 'trunc' 'empty_133' <Predicate = true> <Delay = 0.00>
ST_1 : Operation 22 [1/1] (0.00ns)   --->   "%zext_ln883 = zext i11 %empty_133" [/home/sean/Downloads/git/ECE385_FP/VID_OE4/VID_OE4.runs/vid_oe4_v_tpg_0_0_synth_1/prj/sol/.autopilot/db/v_tpg.cpp:883]   --->   Operation 22 'zext' 'zext_ln883' <Predicate = true> <Delay = 0.00>
ST_1 : Operation 23 [1/1] (0.00ns)   --->   "%fidStored_load = load i1 %fidStored" [/home/sean/Downloads/git/ECE385_FP/VID_OE4/VID_OE4.runs/vid_oe4_v_tpg_0_0_synth_1/prj/sol/.autopilot/db/v_tpg.cpp:933]   --->   Operation 23 'load' 'fidStored_load' <Predicate = true> <Delay = 0.00>
ST_1 : Operation 24 [1/1] (1.97ns)   --->   "%sub = add i12 %zext_ln883, i12 4095" [/home/sean/Downloads/git/ECE385_FP/VID_OE4/VID_OE4.runs/vid_oe4_v_tpg_0_0_synth_1/prj/sol/.autopilot/db/v_tpg.cpp:883]   --->   Operation 24 'add' 'sub' <Predicate = true> <Delay = 1.97> <CoreInst = "Adder">   --->   Core 1 'Adder' <Latency = 0> <II = 1> <Delay = 2.00> <FuncUnit> <Opcode : 'add' 'sub'> <InPorts = 2> <OutPorts = 1>
ST_1 : Operation 25 [1/1] (0.00ns)   --->   "%colorFormat_read = read i8 @_ssdm_op_Read.ap_auto.i8P0A, i8 %colorFormat"   --->   Operation 25 'read' 'colorFormat_read' <Predicate = true> <Delay = 0.00>
ST_1 : Operation 26 [1/1] (0.00ns)   --->   "%field_id_read = read i16 @_ssdm_op_Read.ap_auto.i16P0A, i16 %field_id"   --->   Operation 26 'read' 'field_id_read' <Predicate = true> <Delay = 0.00>
ST_1 : Operation 27 [1/1] (2.53ns)   --->   "%cmp103 = icmp_eq  i16 %field_id_read, i16 3"   --->   Operation 27 'icmp' 'cmp103' <Predicate = true> <Delay = 2.53> <CoreInst = "Cmp">   --->   Core 9 'Cmp' <Latency = 0> <II = 1> <Delay = 2.53> <FuncUnit> <Opcode : 'icmp'> <InPorts = 2> <OutPorts = 1>
ST_1 : Operation 28 [1/1] (0.00ns)   --->   "%fid_in_read = read i1 @_ssdm_op_Read.ap_auto.i1P0A, i1 %fid_in"   --->   Operation 28 'read' 'fid_in_read' <Predicate = true> <Delay = 0.00>
ST_1 : Operation 29 [1/1] (1.96ns)   --->   "%cmp19230 = icmp_eq  i11 %empty_133, i11 0" [/home/sean/Downloads/git/ECE385_FP/VID_OE4/VID_OE4.runs/vid_oe4_v_tpg_0_0_synth_1/prj/sol/.autopilot/db/v_tpg.cpp:883]   --->   Operation 29 'icmp' 'cmp19230' <Predicate = true> <Delay = 1.96> <CoreInst = "Cmp">   --->   Core 9 'Cmp' <Latency = 0> <II = 1> <Delay = 1.96> <FuncUnit> <Opcode : 'icmp'> <InPorts = 2> <OutPorts = 1>
ST_1 : Operation 30 [1/1] (0.00ns) (grouped into LUT with out node icmp_ln993_1)   --->   "%empty_134 = or i16 %field_id_read, i16 1"   --->   Operation 30 'or' 'empty_134' <Predicate = true> <Delay = 0.00>
ST_1 : Operation 31 [1/1] (2.53ns)   --->   "%switch_le = icmp_ult  i16 %field_id_read, i16 3"   --->   Operation 31 'icmp' 'switch_le' <Predicate = true> <Delay = 2.53> <CoreInst = "Cmp">   --->   Core 9 'Cmp' <Latency = 0> <II = 1> <Delay = 2.53> <FuncUnit> <Opcode : 'icmp'> <InPorts = 2> <OutPorts = 1>
ST_1 : Operation 32 [1/1] (2.53ns)   --->   "%icmp_ln993 = icmp_ne  i16 %field_id_read, i16 0" [/home/sean/Downloads/git/ECE385_FP/VID_OE4/VID_OE4.runs/vid_oe4_v_tpg_0_0_synth_1/prj/sol/.autopilot/db/v_tpg.cpp:993]   --->   Operation 32 'icmp' 'icmp_ln993' <Predicate = true> <Delay = 2.53> <CoreInst = "Cmp">   --->   Core 9 'Cmp' <Latency = 0> <II = 1> <Delay = 2.53> <FuncUnit> <Opcode : 'icmp'> <InPorts = 2> <OutPorts = 1>
ST_1 : Operation 33 [1/1] (2.53ns) (out node of the LUT)   --->   "%icmp_ln993_1 = icmp_ne  i16 %empty_134, i16 1" [/home/sean/Downloads/git/ECE385_FP/VID_OE4/VID_OE4.runs/vid_oe4_v_tpg_0_0_synth_1/prj/sol/.autopilot/db/v_tpg.cpp:993]   --->   Operation 33 'icmp' 'icmp_ln993_1' <Predicate = true> <Delay = 2.53> <CoreInst = "Cmp">   --->   Core 9 'Cmp' <Latency = 0> <II = 1> <Delay = 2.53> <FuncUnit> <Opcode : 'icmp'> <InPorts = 2> <OutPorts = 1>
ST_1 : Operation 34 [1/1] (0.00ns)   --->   "%counter_load = load i16 %counter" [/home/sean/Downloads/git/ECE385_FP/VID_OE4/VID_OE4.runs/vid_oe4_v_tpg_0_0_synth_1/prj/sol/.autopilot/db/v_tpg.cpp:960]   --->   Operation 34 'load' 'counter_load' <Predicate = true> <Delay = 0.00>
ST_1 : Operation 35 [1/1] (1.62ns)   --->   "%icmp_ln975 = icmp_eq  i8 %colorFormat_read, i8 0" [/home/sean/Downloads/git/ECE385_FP/VID_OE4/VID_OE4.runs/vid_oe4_v_tpg_0_0_synth_1/prj/sol/.autopilot/db/v_tpg.cpp:975]   --->   Operation 35 'icmp' 'icmp_ln975' <Predicate = true> <Delay = 1.62> <CoreInst = "Cmp">   --->   Core 9 'Cmp' <Latency = 0> <II = 1> <Delay = 1.62> <FuncUnit> <Opcode : 'icmp'> <InPorts = 2> <OutPorts = 1>
ST_1 : Operation 36 [1/1] (0.00ns)   --->   "%store_ln934 = store i16 %counter_load, i16 %counter_loc_0" [/home/sean/Downloads/git/ECE385_FP/VID_OE4/VID_OE4.runs/vid_oe4_v_tpg_0_0_synth_1/prj/sol/.autopilot/db/v_tpg.cpp:934]   --->   Operation 36 'store' 'store_ln934' <Predicate = true> <Delay = 0.00>
ST_1 : Operation 37 [1/1] (1.58ns)   --->   "%store_ln934 = store i1 1, i1 %sof" [/home/sean/Downloads/git/ECE385_FP/VID_OE4/VID_OE4.runs/vid_oe4_v_tpg_0_0_synth_1/prj/sol/.autopilot/db/v_tpg.cpp:934]   --->   Operation 37 'store' 'store_ln934' <Predicate = true> <Delay = 1.58>
ST_1 : Operation 38 [1/1] (1.58ns)   --->   "%store_ln934 = store i1 %fidStored_load, i1 %empty" [/home/sean/Downloads/git/ECE385_FP/VID_OE4/VID_OE4.runs/vid_oe4_v_tpg_0_0_synth_1/prj/sol/.autopilot/db/v_tpg.cpp:934]   --->   Operation 38 'store' 'store_ln934' <Predicate = true> <Delay = 1.58>
ST_1 : Operation 39 [1/1] (1.58ns)   --->   "%store_ln934 = store i11 0, i11 %i" [/home/sean/Downloads/git/ECE385_FP/VID_OE4/VID_OE4.runs/vid_oe4_v_tpg_0_0_synth_1/prj/sol/.autopilot/db/v_tpg.cpp:934]   --->   Operation 39 'store' 'store_ln934' <Predicate = true> <Delay = 1.58>
ST_1 : Operation 40 [1/1] (0.00ns)   --->   "%br_ln934 = br void %VITIS_LOOP_936_2" [/home/sean/Downloads/git/ECE385_FP/VID_OE4/VID_OE4.runs/vid_oe4_v_tpg_0_0_synth_1/prj/sol/.autopilot/db/v_tpg.cpp:934]   --->   Operation 40 'br' 'br_ln934' <Predicate = true> <Delay = 0.00>

State 2 <SV = 1> <Delay = 3.54>
ST_2 : Operation 41 [1/1] (0.00ns)   --->   "%i_1 = load i11 %i" [/home/sean/Downloads/git/ECE385_FP/VID_OE4/VID_OE4.runs/vid_oe4_v_tpg_0_0_synth_1/prj/sol/.autopilot/db/v_tpg.cpp:934]   --->   Operation 41 'load' 'i_1' <Predicate = true> <Delay = 0.00>
ST_2 : Operation 42 [1/1] (1.96ns)   --->   "%icmp_ln934 = icmp_eq  i11 %i_1, i11 %trunc_ln882" [/home/sean/Downloads/git/ECE385_FP/VID_OE4/VID_OE4.runs/vid_oe4_v_tpg_0_0_synth_1/prj/sol/.autopilot/db/v_tpg.cpp:934]   --->   Operation 42 'icmp' 'icmp_ln934' <Predicate = true> <Delay = 1.96> <CoreInst = "Cmp">   --->   Core 9 'Cmp' <Latency = 0> <II = 1> <Delay = 1.96> <FuncUnit> <Opcode : 'icmp'> <InPorts = 2> <OutPorts = 1>
ST_2 : Operation 43 [1/1] (0.00ns)   --->   "%empty_135 = speclooptripcount i32 @_ssdm_op_SpecLoopTripCount, i64 0, i64 1080, i64 0"   --->   Operation 43 'speclooptripcount' 'empty_135' <Predicate = true> <Delay = 0.00>
ST_2 : Operation 44 [1/1] (1.97ns)   --->   "%i_2 = add i11 %i_1, i11 1" [/home/sean/Downloads/git/ECE385_FP/VID_OE4/VID_OE4.runs/vid_oe4_v_tpg_0_0_synth_1/prj/sol/.autopilot/db/v_tpg.cpp:934]   --->   Operation 44 'add' 'i_2' <Predicate = true> <Delay = 1.97> <CoreInst = "Adder">   --->   Core 1 'Adder' <Latency = 0> <II = 1> <Delay = 1.97> <FuncUnit> <Opcode : 'add' 'sub'> <InPorts = 2> <OutPorts = 1>
ST_2 : Operation 45 [1/1] (0.00ns)   --->   "%br_ln934 = br i1 %icmp_ln934, void %VITIS_LOOP_936_2.split, void %for.cond.cleanup.loopexit" [/home/sean/Downloads/git/ECE385_FP/VID_OE4/VID_OE4.runs/vid_oe4_v_tpg_0_0_synth_1/prj/sol/.autopilot/db/v_tpg.cpp:934]   --->   Operation 45 'br' 'br_ln934' <Predicate = true> <Delay = 0.00>
ST_2 : Operation 46 [1/1] (0.00ns)   --->   "%specloopname_ln928 = specloopname void @_ssdm_op_SpecLoopName, void @empty_29" [/home/sean/Downloads/git/ECE385_FP/VID_OE4/VID_OE4.runs/vid_oe4_v_tpg_0_0_synth_1/prj/sol/.autopilot/db/v_tpg.cpp:928]   --->   Operation 46 'specloopname' 'specloopname_ln928' <Predicate = (!icmp_ln934)> <Delay = 0.00>
ST_2 : Operation 47 [1/1] (0.00ns)   --->   "%br_ln936 = br i1 %cmp19230, void %for.body21.preheader, void %for.inc113" [/home/sean/Downloads/git/ECE385_FP/VID_OE4/VID_OE4.runs/vid_oe4_v_tpg_0_0_synth_1/prj/sol/.autopilot/db/v_tpg.cpp:936]   --->   Operation 47 'br' 'br_ln936' <Predicate = (!icmp_ln934)> <Delay = 0.00>
ST_2 : Operation 48 [1/1] (0.00ns)   --->   "%sof_load = load i1 %sof"   --->   Operation 48 'load' 'sof_load' <Predicate = (!icmp_ln934 & !cmp19230)> <Delay = 0.00>
ST_2 : Operation 49 [1/1] (0.00ns)   --->   "%empty_136 = wait i32 @_ssdm_op_Wait"   --->   Operation 49 'wait' 'empty_136' <Predicate = (!icmp_ln934 & !cmp19230)> <Delay = 0.00>
ST_2 : Operation 50 [2/2] (1.58ns)   --->   "%call_ln883 = call void @MultiPixStream2AXIvideo_Pipeline_VITIS_LOOP_936_2, i1 %sof_load, i11 %empty_133, i24 %ovrlayYUV, i1 %icmp_ln975, i24 %m_axis_video_V_data_V, i3 %m_axis_video_V_keep_V, i3 %m_axis_video_V_strb_V, i1 %m_axis_video_V_user_V, i1 %m_axis_video_V_last_V, i1 %m_axis_video_V_id_V, i1 %m_axis_video_V_dest_V, i12 %sub, i16 %counter_loc_0, i1 %phi_ln991_loc, i16 %counter" [/home/sean/Downloads/git/ECE385_FP/VID_OE4/VID_OE4.runs/vid_oe4_v_tpg_0_0_synth_1/prj/sol/.autopilot/db/v_tpg.cpp:883]   --->   Operation 50 'call' 'call_ln883' <Predicate = (!icmp_ln934 & !cmp19230)> <Delay = 1.58> <CoreType = "Generic">   --->   Core 0 '' <Latency = 0> <II = 1> <Delay = 1.00> <Generic> <Opcode : >
ST_2 : Operation 51 [1/1] (0.00ns)   --->   "%p_load = load i1 %empty" [/home/sean/Downloads/git/ECE385_FP/VID_OE4/VID_OE4.runs/vid_oe4_v_tpg_0_0_synth_1/prj/sol/.autopilot/db/v_tpg.cpp:933]   --->   Operation 51 'load' 'p_load' <Predicate = (icmp_ln934)> <Delay = 0.00>
ST_2 : Operation 52 [1/1] (0.00ns)   --->   "%store_ln1017 = store i1 %p_load, i1 %fidStored" [/home/sean/Downloads/git/ECE385_FP/VID_OE4/VID_OE4.runs/vid_oe4_v_tpg_0_0_synth_1/prj/sol/.autopilot/db/v_tpg.cpp:1017]   --->   Operation 52 'store' 'store_ln1017' <Predicate = (icmp_ln934)> <Delay = 0.00>
ST_2 : Operation 53 [1/1] (0.00ns)   --->   "%write_ln933 = write void @_ssdm_op_Write.ap_auto.i1P0A, i1 %fid, i1 %p_load" [/home/sean/Downloads/git/ECE385_FP/VID_OE4/VID_OE4.runs/vid_oe4_v_tpg_0_0_synth_1/prj/sol/.autopilot/db/v_tpg.cpp:933]   --->   Operation 53 'write' 'write_ln933' <Predicate = (icmp_ln934)> <Delay = 0.00>
ST_2 : Operation 54 [1/1] (0.00ns)   --->   "%ret_ln0 = ret"   --->   Operation 54 'ret' 'ret_ln0' <Predicate = (icmp_ln934)> <Delay = 0.00>

State 3 <SV = 2> <Delay = 4.81>
ST_3 : Operation 55 [1/2] (4.81ns)   --->   "%call_ln883 = call void @MultiPixStream2AXIvideo_Pipeline_VITIS_LOOP_936_2, i1 %sof_load, i11 %empty_133, i24 %ovrlayYUV, i1 %icmp_ln975, i24 %m_axis_video_V_data_V, i3 %m_axis_video_V_keep_V, i3 %m_axis_video_V_strb_V, i1 %m_axis_video_V_user_V, i1 %m_axis_video_V_last_V, i1 %m_axis_video_V_id_V, i1 %m_axis_video_V_dest_V, i12 %sub, i16 %counter_loc_0, i1 %phi_ln991_loc, i16 %counter" [/home/sean/Downloads/git/ECE385_FP/VID_OE4/VID_OE4.runs/vid_oe4_v_tpg_0_0_synth_1/prj/sol/.autopilot/db/v_tpg.cpp:883]   --->   Operation 55 'call' 'call_ln883' <Predicate = true> <Delay = 4.81> <CoreType = "Generic">   --->   Core 0 '' <Latency = 0> <II = 1> <Delay = 1.00> <Generic> <Opcode : >

State 4 <SV = 3> <Delay = 3.56>
ST_4 : Operation 56 [1/1] (0.00ns)   --->   "%phi_ln991_loc_load = load i1 %phi_ln991_loc"   --->   Operation 56 'load' 'phi_ln991_loc_load' <Predicate = (!cmp19230)> <Delay = 0.00>
ST_4 : Operation 57 [1/1] (0.00ns) (grouped into LUT with out node select_ln993)   --->   "%and_ln993 = and i1 %phi_ln991_loc_load, i1 %icmp_ln993" [/home/sean/Downloads/git/ECE385_FP/VID_OE4/VID_OE4.runs/vid_oe4_v_tpg_0_0_synth_1/prj/sol/.autopilot/db/v_tpg.cpp:993]   --->   Operation 57 'and' 'and_ln993' <Predicate = (!cmp19230 & switch_le)> <Delay = 0.00> <CoreInst = "LogicGate">   --->   Core 74 'LogicGate' <Latency = 0> <II = 1> <Delay = 0.97> <FuncUnit> <Opcode : 'and' 'or' 'xor'> <InPorts = 2> <OutPorts = 1>
ST_4 : Operation 58 [1/1] (0.00ns) (grouped into LUT with out node select_ln993)   --->   "%or_ln993 = or i1 %and_ln993, i1 %icmp_ln993_1" [/home/sean/Downloads/git/ECE385_FP/VID_OE4/VID_OE4.runs/vid_oe4_v_tpg_0_0_synth_1/prj/sol/.autopilot/db/v_tpg.cpp:993]   --->   Operation 58 'or' 'or_ln993' <Predicate = (!cmp19230 & switch_le)> <Delay = 0.00> <CoreInst = "LogicGate">   --->   Core 74 'LogicGate' <Latency = 0> <II = 1> <Delay = 0.97> <FuncUnit> <Opcode : 'and' 'or' 'xor'> <InPorts = 2> <OutPorts = 1>
ST_4 : Operation 59 [1/1] (0.00ns) (grouped into LUT with out node select_ln1006)   --->   "%xor_ln1008 = xor i1 %phi_ln991_loc_load, i1 1" [/home/sean/Downloads/git/ECE385_FP/VID_OE4/VID_OE4.runs/vid_oe4_v_tpg_0_0_synth_1/prj/sol/.autopilot/db/v_tpg.cpp:1008]   --->   Operation 59 'xor' 'xor_ln1008' <Predicate = (!cmp19230 & cmp103 & !switch_le)> <Delay = 0.00> <CoreInst = "LogicGate">   --->   Core 74 'LogicGate' <Latency = 0> <II = 1> <Delay = 0.97> <FuncUnit> <Opcode : 'and' 'or' 'xor'> <InPorts = 2> <OutPorts = 1>
ST_4 : Operation 60 [1/1] (0.99ns) (out node of the LUT)   --->   "%select_ln1006 = select i1 %cmp103, i1 %xor_ln1008, i1 %fid_in_read" [/home/sean/Downloads/git/ECE385_FP/VID_OE4/VID_OE4.runs/vid_oe4_v_tpg_0_0_synth_1/prj/sol/.autopilot/db/v_tpg.cpp:1006]   --->   Operation 60 'select' 'select_ln1006' <Predicate = (!cmp19230 & !switch_le)> <Delay = 0.99> <CoreInst = "Sel">   --->   Core 73 'Sel' <Latency = 0> <II = 1> <Delay = 0.99> <FuncUnit> <Opcode : 'select'> <InPorts = 3> <OutPorts = 1>
ST_4 : Operation 61 [1/1] (0.99ns) (out node of the LUT)   --->   "%select_ln993 = select i1 %switch_le, i1 %or_ln993, i1 %select_ln1006" [/home/sean/Downloads/git/ECE385_FP/VID_OE4/VID_OE4.runs/vid_oe4_v_tpg_0_0_synth_1/prj/sol/.autopilot/db/v_tpg.cpp:993]   --->   Operation 61 'select' 'select_ln993' <Predicate = (!cmp19230)> <Delay = 0.99> <CoreInst = "Sel">   --->   Core 73 'Sel' <Latency = 0> <II = 1> <Delay = 0.99> <FuncUnit> <Opcode : 'select'> <InPorts = 3> <OutPorts = 1>
ST_4 : Operation 62 [1/1] (1.58ns)   --->   "%store_ln934 = store i1 0, i1 %sof" [/home/sean/Downloads/git/ECE385_FP/VID_OE4/VID_OE4.runs/vid_oe4_v_tpg_0_0_synth_1/prj/sol/.autopilot/db/v_tpg.cpp:934]   --->   Operation 62 'store' 'store_ln934' <Predicate = (!cmp19230)> <Delay = 1.58>
ST_4 : Operation 63 [1/1] (1.58ns)   --->   "%store_ln934 = store i1 %select_ln993, i1 %empty" [/home/sean/Downloads/git/ECE385_FP/VID_OE4/VID_OE4.runs/vid_oe4_v_tpg_0_0_synth_1/prj/sol/.autopilot/db/v_tpg.cpp:934]   --->   Operation 63 'store' 'store_ln934' <Predicate = (!cmp19230)> <Delay = 1.58>
ST_4 : Operation 64 [1/1] (0.00ns)   --->   "%br_ln934 = br void %for.inc113" [/home/sean/Downloads/git/ECE385_FP/VID_OE4/VID_OE4.runs/vid_oe4_v_tpg_0_0_synth_1/prj/sol/.autopilot/db/v_tpg.cpp:934]   --->   Operation 64 'br' 'br_ln934' <Predicate = (!cmp19230)> <Delay = 0.00>
ST_4 : Operation 65 [1/1] (1.58ns)   --->   "%store_ln934 = store i11 %i_2, i11 %i" [/home/sean/Downloads/git/ECE385_FP/VID_OE4/VID_OE4.runs/vid_oe4_v_tpg_0_0_synth_1/prj/sol/.autopilot/db/v_tpg.cpp:934]   --->   Operation 65 'store' 'store_ln934' <Predicate = true> <Delay = 1.58>
ST_4 : Operation 66 [1/1] (0.00ns)   --->   "%br_ln934 = br void %VITIS_LOOP_936_2" [/home/sean/Downloads/git/ECE385_FP/VID_OE4/VID_OE4.runs/vid_oe4_v_tpg_0_0_synth_1/prj/sol/.autopilot/db/v_tpg.cpp:934]   --->   Operation 66 'br' 'br_ln934' <Predicate = true> <Delay = 0.00>


============================================================
+ Verbose Summary: Binding
============================================================
STG Binding: 
---------------- STG Properties BEGIN ----------------
- Is combinational: 0
- Is one-state seq: 0
- Is datapath-only: 0
- Is pipelined: 0
- Is top level: 0
Port [ Return ] is wired: 1; IO mode=ap_ctrl_hs:ce=0
Port [ ovrlayYUV]:  wired=1; compound=1; hidden=0; nouse=0; global=0; static=0; extern=0; dir=0; type=3; pingpong=0; private_global=0; IO mode=ap_fifo:ce=0
Port [ m_axis_video_V_data_V]:  wired=1; compound=1; hidden=0; nouse=0; global=0; static=0; extern=0; dir=1; type=0; pingpong=0; private_global=0; IO mode=axis:ce=0
Port [ m_axis_video_V_keep_V]:  wired=1; compound=1; hidden=0; nouse=0; global=0; static=0; extern=0; dir=1; type=0; pingpong=0; private_global=0; IO mode=axis:ce=0
Port [ m_axis_video_V_strb_V]:  wired=1; compound=1; hidden=0; nouse=0; global=0; static=0; extern=0; dir=1; type=0; pingpong=0; private_global=0; IO mode=axis:ce=0
Port [ m_axis_video_V_user_V]:  wired=1; compound=1; hidden=0; nouse=0; global=0; static=0; extern=0; dir=1; type=0; pingpong=0; private_global=0; IO mode=axis:ce=0
Port [ m_axis_video_V_last_V]:  wired=1; compound=1; hidden=0; nouse=0; global=0; static=0; extern=0; dir=1; type=0; pingpong=0; private_global=0; IO mode=axis:ce=0
Port [ m_axis_video_V_id_V]:  wired=1; compound=1; hidden=0; nouse=0; global=0; static=0; extern=0; dir=1; type=0; pingpong=0; private_global=0; IO mode=axis:ce=0
Port [ m_axis_video_V_dest_V]:  wired=1; compound=1; hidden=0; nouse=0; global=0; static=0; extern=0; dir=1; type=0; pingpong=0; private_global=0; IO mode=axis:ce=0
Port [ height]:  wired=1; compound=0; hidden=0; nouse=0; global=0; static=0; extern=0; dir=0; type=0; pingpong=0; private_global=0; IO mode=ap_stable:ce=0
Port [ width]:  wired=1; compound=0; hidden=0; nouse=0; global=0; static=0; extern=0; dir=0; type=0; pingpong=0; private_global=0; IO mode=ap_stable:ce=0
Port [ colorFormat]:  wired=1; compound=0; hidden=0; nouse=0; global=0; static=0; extern=0; dir=0; type=0; pingpong=0; private_global=0; IO mode=ap_stable:ce=0
Port [ fid_in]:  wired=1; compound=0; hidden=0; nouse=0; global=0; static=0; extern=0; dir=0; type=0; pingpong=0; private_global=0; IO mode=ap_stable:ce=0
Port [ fid]:  wired=1; compound=0; hidden=0; nouse=0; global=0; static=0; extern=0; dir=1; type=0; pingpong=0; private_global=0; IO mode=ap_vld:ce=0
Port [ field_id]:  wired=1; compound=0; hidden=0; nouse=0; global=0; static=0; extern=0; dir=0; type=0; pingpong=0; private_global=0; IO mode=ap_stable:ce=0
Port [ fidStored]:  wired=0; compound=0; hidden=1; nouse=0; global=1; static=1; extern=0; dir=2; type=0; pingpong=0; private_global=1; IO mode=ap_ovld:ce=0
Port [ counter]:  wired=0; compound=0; hidden=1; nouse=0; global=1; static=1; extern=0; dir=2; type=0; pingpong=0; private_global=1; IO mode=ap_ovld:ce=0
---------------- STG Properties END ------------------

---------------- Datapath Model BEGIN ----------------

<LifeTime>
<method=bitvector/>
i                       (alloca             ) [ 01111]
empty                   (alloca             ) [ 01111]
sof                     (alloca             ) [ 01111]
counter_loc_0           (alloca             ) [ 01111]
phi_ln991_loc           (alloca             ) [ 00111]
specaxissidechannel_ln0 (specaxissidechannel) [ 00000]
specstablecontent_ln0   (specstablecontent  ) [ 00000]
specstablecontent_ln0   (specstablecontent  ) [ 00000]
specstablecontent_ln0   (specstablecontent  ) [ 00000]
specstablecontent_ln0   (specstablecontent  ) [ 00000]
specstablecontent_ln0   (specstablecontent  ) [ 00000]
specinterface_ln0       (specinterface      ) [ 00000]
specinterface_ln0       (specinterface      ) [ 00000]
rows                    (read               ) [ 00000]
trunc_ln882             (trunc              ) [ 00111]
cols                    (read               ) [ 00000]
empty_133               (trunc              ) [ 00111]
zext_ln883              (zext               ) [ 00000]
fidStored_load          (load               ) [ 00000]
sub                     (add                ) [ 00111]
colorFormat_read        (read               ) [ 00000]
field_id_read           (read               ) [ 00000]
cmp103                  (icmp               ) [ 00111]
fid_in_read             (read               ) [ 00111]
cmp19230                (icmp               ) [ 00111]
empty_134               (or                 ) [ 00000]
switch_le               (icmp               ) [ 00111]
icmp_ln993              (icmp               ) [ 00111]
icmp_ln993_1            (icmp               ) [ 00111]
counter_load            (load               ) [ 00000]
icmp_ln975              (icmp               ) [ 00111]
store_ln934             (store              ) [ 00000]
store_ln934             (store              ) [ 00000]
store_ln934             (store              ) [ 00000]
store_ln934             (store              ) [ 00000]
br_ln934                (br                 ) [ 00000]
i_1                     (load               ) [ 00000]
icmp_ln934              (icmp               ) [ 00111]
empty_135               (speclooptripcount  ) [ 00000]
i_2                     (add                ) [ 00011]
br_ln934                (br                 ) [ 00000]
specloopname_ln928      (specloopname       ) [ 00000]
br_ln936                (br                 ) [ 00000]
sof_load                (load               ) [ 00010]
empty_136               (wait               ) [ 00000]
p_load                  (load               ) [ 00000]
store_ln1017            (store              ) [ 00000]
write_ln933             (write              ) [ 00000]
ret_ln0                 (ret                ) [ 00000]
call_ln883              (call               ) [ 00000]
phi_ln991_loc_load      (load               ) [ 00000]
and_ln993               (and                ) [ 00000]
or_ln993                (or                 ) [ 00000]
xor_ln1008              (xor                ) [ 00000]
select_ln1006           (select             ) [ 00000]
select_ln993            (select             ) [ 00000]
store_ln934             (store              ) [ 00000]
store_ln934             (store              ) [ 00000]
br_ln934                (br                 ) [ 00000]
store_ln934             (store              ) [ 00000]
br_ln934                (br                 ) [ 00000]
</LifeTime>

<model>

<comp_list>
<comp id="0" class="1000" name="ovrlayYUV">
<pin_list>
<pin id="1" dir="1" index="0" bw="1" slack="0"/>
</pin_list>
<bind>
<StgValue><ssdm name="ovrlayYUV"/></StgValue>
</bind>
</comp>

<comp id="2" class="1000" name="m_axis_video_V_data_V">
<pin_list>
<pin id="3" dir="1" index="0" bw="1" slack="0"/>
</pin_list>
<bind>
<StgValue><ssdm name="m_axis_video_V_data_V"/></StgValue>
</bind>
</comp>

<comp id="4" class="1000" name="m_axis_video_V_keep_V">
<pin_list>
<pin id="5" dir="1" index="0" bw="1" slack="0"/>
</pin_list>
<bind>
<StgValue><ssdm name="m_axis_video_V_keep_V"/></StgValue>
</bind>
</comp>

<comp id="6" class="1000" name="m_axis_video_V_strb_V">
<pin_list>
<pin id="7" dir="1" index="0" bw="1" slack="0"/>
</pin_list>
<bind>
<StgValue><ssdm name="m_axis_video_V_strb_V"/></StgValue>
</bind>
</comp>

<comp id="8" class="1000" name="m_axis_video_V_user_V">
<pin_list>
<pin id="9" dir="1" index="0" bw="1" slack="0"/>
</pin_list>
<bind>
<StgValue><ssdm name="m_axis_video_V_user_V"/></StgValue>
</bind>
</comp>

<comp id="10" class="1000" name="m_axis_video_V_last_V">
<pin_list>
<pin id="11" dir="1" index="0" bw="1" slack="0"/>
</pin_list>
<bind>
<StgValue><ssdm name="m_axis_video_V_last_V"/></StgValue>
</bind>
</comp>

<comp id="12" class="1000" name="m_axis_video_V_id_V">
<pin_list>
<pin id="13" dir="1" index="0" bw="1" slack="0"/>
</pin_list>
<bind>
<StgValue><ssdm name="m_axis_video_V_id_V"/></StgValue>
</bind>
</comp>

<comp id="14" class="1000" name="m_axis_video_V_dest_V">
<pin_list>
<pin id="15" dir="1" index="0" bw="1" slack="0"/>
</pin_list>
<bind>
<StgValue><ssdm name="m_axis_video_V_dest_V"/></StgValue>
</bind>
</comp>

<comp id="16" class="1000" name="height">
<pin_list>
<pin id="17" dir="1" index="0" bw="1" slack="0"/>
</pin_list>
<bind>
<StgValue><ssdm name="height"/></StgValue>
</bind>
</comp>

<comp id="18" class="1000" name="width">
<pin_list>
<pin id="19" dir="1" index="0" bw="1" slack="0"/>
</pin_list>
<bind>
<StgValue><ssdm name="width"/></StgValue>
</bind>
</comp>

<comp id="20" class="1000" name="colorFormat">
<pin_list>
<pin id="21" dir="1" index="0" bw="1" slack="0"/>
</pin_list>
<bind>
<StgValue><ssdm name="colorFormat"/></StgValue>
</bind>
</comp>

<comp id="22" class="1000" name="fid_in">
<pin_list>
<pin id="23" dir="1" index="0" bw="1" slack="0"/>
</pin_list>
<bind>
<StgValue><ssdm name="fid_in"/></StgValue>
</bind>
</comp>

<comp id="24" class="1000" name="fid">
<pin_list>
<pin id="25" dir="1" index="0" bw="1" slack="0"/>
</pin_list>
<bind>
<StgValue><ssdm name="fid"/></StgValue>
</bind>
</comp>

<comp id="26" class="1000" name="field_id">
<pin_list>
<pin id="27" dir="1" index="0" bw="1" slack="0"/>
</pin_list>
<bind>
<StgValue><ssdm name="field_id"/></StgValue>
</bind>
</comp>

<comp id="28" class="1000" name="fidStored">
<pin_list>
<pin id="29" dir="1" index="0" bw="1" slack="0"/>
</pin_list>
<bind>
<StgValue><ssdm name="fidStored"/></StgValue>
</bind>
</comp>

<comp id="30" class="1000" name="counter">
<pin_list>
<pin id="31" dir="1" index="0" bw="1" slack="0"/>
</pin_list>
<bind>
<StgValue><ssdm name="counter"/></StgValue>
</bind>
</comp>

<comp id="32" class="1001" name="const_32">
<pin_list>
<pin id="33" dir="1" index="0" bw="1" slack="0"/>
</pin_list>
<bind>
<StgValue><ssdm name=""/></StgValue>
</bind>
</comp>

<comp id="34" class="1001" name="const_34">
<pin_list>
<pin id="35" dir="1" index="0" bw="1" slack="0"/>
</pin_list>
<bind>
<StgValue><ssdm name=""/></StgValue>
</bind>
</comp>

<comp id="36" class="1001" name="const_36">
<pin_list>
<pin id="37" dir="1" index="0" bw="1" slack="2147483647"/>
</pin_list>
<bind>
<StgValue><ssdm name="_ssdm_op_SpecAXISSideChannel"/></StgValue>
</bind>
</comp>

<comp id="38" class="1001" name="const_38">
<pin_list>
<pin id="39" dir="1" index="0" bw="1" slack="2147483647"/>
</pin_list>
<bind>
<StgValue><ssdm name="empty_6"/></StgValue>
</bind>
</comp>

<comp id="40" class="1001" name="const_40">
<pin_list>
<pin id="41" dir="1" index="0" bw="1" slack="2147483647"/>
</pin_list>
<bind>
<StgValue><ssdm name="_ssdm_op_SpecStableContent"/></StgValue>
</bind>
</comp>

<comp id="42" class="1001" name="const_42">
<pin_list>
<pin id="43" dir="1" index="0" bw="1" slack="2147483647"/>
</pin_list>
<bind>
<StgValue><ssdm name=""/></StgValue>
</bind>
</comp>

<comp id="44" class="1001" name="const_44">
<pin_list>
<pin id="45" dir="1" index="0" bw="1" slack="2147483647"/>
</pin_list>
<bind>
<StgValue><ssdm name="_ssdm_op_SpecInterface"/></StgValue>
</bind>
</comp>

<comp id="46" class="1001" name="const_46">
<pin_list>
<pin id="47" dir="1" index="0" bw="1" slack="2147483647"/>
</pin_list>
<bind>
<StgValue><ssdm name="empty_10"/></StgValue>
</bind>
</comp>

<comp id="48" class="1001" name="const_48">
<pin_list>
<pin id="49" dir="1" index="0" bw="1" slack="2147483647"/>
</pin_list>
<bind>
<StgValue><ssdm name=""/></StgValue>
</bind>
</comp>

<comp id="50" class="1001" name="const_50">
<pin_list>
<pin id="51" dir="1" index="0" bw="1" slack="2147483647"/>
</pin_list>
<bind>
<StgValue><ssdm name="empty_0"/></StgValue>
</bind>
</comp>

<comp id="52" class="1001" name="const_52">
<pin_list>
<pin id="53" dir="1" index="0" bw="1" slack="2147483647"/>
</pin_list>
<bind>
<StgValue><ssdm name=""/></StgValue>
</bind>
</comp>

<comp id="54" class="1001" name="const_54">
<pin_list>
<pin id="55" dir="1" index="0" bw="1" slack="2147483647"/>
</pin_list>
<bind>
<StgValue><ssdm name="empty_23"/></StgValue>
</bind>
</comp>

<comp id="56" class="1001" name="const_56">
<pin_list>
<pin id="57" dir="1" index="0" bw="1" slack="2147483647"/>
</pin_list>
<bind>
<StgValue><ssdm name="empty_13"/></StgValue>
</bind>
</comp>

<comp id="58" class="1001" name="const_58">
<pin_list>
<pin id="59" dir="1" index="0" bw="1" slack="0"/>
</pin_list>
<bind>
<StgValue><ssdm name="_ssdm_op_Read.ap_auto.i16P0A"/></StgValue>
</bind>
</comp>

<comp id="60" class="1001" name="const_60">
<pin_list>
<pin id="61" dir="1" index="0" bw="1" slack="0"/>
</pin_list>
<bind>
<StgValue><ssdm name=""/></StgValue>
</bind>
</comp>

<comp id="62" class="1001" name="const_62">
<pin_list>
<pin id="63" dir="1" index="0" bw="1" slack="0"/>
</pin_list>
<bind>
<StgValue><ssdm name="_ssdm_op_Read.ap_auto.i8P0A"/></StgValue>
</bind>
</comp>

<comp id="64" class="1001" name="const_64">
<pin_list>
<pin id="65" dir="1" index="0" bw="1" slack="0"/>
</pin_list>
<bind>
<StgValue><ssdm name=""/></StgValue>
</bind>
</comp>

<comp id="66" class="1001" name="const_66">
<pin_list>
<pin id="67" dir="1" index="0" bw="1" slack="0"/>
</pin_list>
<bind>
<StgValue><ssdm name="_ssdm_op_Read.ap_auto.i1P0A"/></StgValue>
</bind>
</comp>

<comp id="68" class="1001" name="const_68">
<pin_list>
<pin id="69" dir="1" index="0" bw="1" slack="0"/>
</pin_list>
<bind>
<StgValue><ssdm name=""/></StgValue>
</bind>
</comp>

<comp id="70" class="1001" name="const_70">
<pin_list>
<pin id="71" dir="1" index="0" bw="1" slack="0"/>
</pin_list>
<bind>
<StgValue><ssdm name=""/></StgValue>
</bind>
</comp>

<comp id="72" class="1001" name="const_72">
<pin_list>
<pin id="73" dir="1" index="0" bw="1" slack="0"/>
</pin_list>
<bind>
<StgValue><ssdm name=""/></StgValue>
</bind>
</comp>

<comp id="74" class="1001" name="const_74">
<pin_list>
<pin id="75" dir="1" index="0" bw="1" slack="0"/>
</pin_list>
<bind>
<StgValue><ssdm name=""/></StgValue>
</bind>
</comp>

<comp id="76" class="1001" name="const_76">
<pin_list>
<pin id="77" dir="1" index="0" bw="1" slack="0"/>
</pin_list>
<bind>
<StgValue><ssdm name=""/></StgValue>
</bind>
</comp>

<comp id="78" class="1001" name="const_78">
<pin_list>
<pin id="79" dir="1" index="0" bw="1" slack="2147483647"/>
</pin_list>
<bind>
<StgValue><ssdm name="_ssdm_op_SpecLoopTripCount"/></StgValue>
</bind>
</comp>

<comp id="80" class="1001" name="const_80">
<pin_list>
<pin id="81" dir="1" index="0" bw="1" slack="2147483647"/>
</pin_list>
<bind>
<StgValue><ssdm name=""/></StgValue>
</bind>
</comp>

<comp id="82" class="1001" name="const_82">
<pin_list>
<pin id="83" dir="1" index="0" bw="1" slack="2147483647"/>
</pin_list>
<bind>
<StgValue><ssdm name=""/></StgValue>
</bind>
</comp>

<comp id="84" class="1001" name="const_84">
<pin_list>
<pin id="85" dir="1" index="0" bw="1" slack="0"/>
</pin_list>
<bind>
<StgValue><ssdm name=""/></StgValue>
</bind>
</comp>

<comp id="86" class="1001" name="const_86">
<pin_list>
<pin id="87" dir="1" index="0" bw="1" slack="2147483647"/>
</pin_list>
<bind>
<StgValue><ssdm name="_ssdm_op_SpecLoopName"/></StgValue>
</bind>
</comp>

<comp id="88" class="1001" name="const_88">
<pin_list>
<pin id="89" dir="1" index="0" bw="1" slack="2147483647"/>
</pin_list>
<bind>
<StgValue><ssdm name="empty_29"/></StgValue>
</bind>
</comp>

<comp id="90" class="1001" name="const_90">
<pin_list>
<pin id="91" dir="1" index="0" bw="1" slack="2147483647"/>
</pin_list>
<bind>
<StgValue><ssdm name="_ssdm_op_Wait"/></StgValue>
</bind>
</comp>

<comp id="92" class="1001" name="const_92">
<pin_list>
<pin id="93" dir="1" index="0" bw="1" slack="0"/>
</pin_list>
<bind>
<StgValue><ssdm name="MultiPixStream2AXIvideo_Pipeline_VITIS_LOOP_936_2"/></StgValue>
</bind>
</comp>

<comp id="94" class="1001" name="const_94">
<pin_list>
<pin id="95" dir="1" index="0" bw="1" slack="0"/>
</pin_list>
<bind>
<StgValue><ssdm name="_ssdm_op_Write.ap_auto.i1P0A"/></StgValue>
</bind>
</comp>

<comp id="96" class="1001" name="const_96">
<pin_list>
<pin id="97" dir="1" index="0" bw="1" slack="0"/>
</pin_list>
<bind>
<StgValue><ssdm name=""/></StgValue>
</bind>
</comp>

<comp id="98" class="1004" name="i_fu_98">
<pin_list>
<pin id="99" dir="0" index="0" bw="1" slack="0"/>
<pin id="100" dir="1" index="1" bw="11" slack="0"/>
</pin_list>
<bind>
<opcode="alloca(26) " fcode="alloca"/>
<opset="i/1 "/>
</bind>
</comp>

<comp id="102" class="1004" name="empty_fu_102">
<pin_list>
<pin id="103" dir="0" index="0" bw="1" slack="0"/>
<pin id="104" dir="1" index="1" bw="1" slack="0"/>
</pin_list>
<bind>
<opcode="alloca(26) " fcode="alloca"/>
<opset="empty/1 "/>
</bind>
</comp>

<comp id="106" class="1004" name="sof_fu_106">
<pin_list>
<pin id="107" dir="0" index="0" bw="1" slack="0"/>
<pin id="108" dir="1" index="1" bw="1" slack="0"/>
</pin_list>
<bind>
<opcode="alloca(26) " fcode="alloca"/>
<opset="sof/1 "/>
</bind>
</comp>

<comp id="110" class="1004" name="counter_loc_0_fu_110">
<pin_list>
<pin id="111" dir="0" index="0" bw="1" slack="0"/>
<pin id="112" dir="1" index="1" bw="16" slack="0"/>
</pin_list>
<bind>
<opcode="alloca(26) " fcode="alloca"/>
<opset="counter_loc_0/1 "/>
</bind>
</comp>

<comp id="114" class="1004" name="phi_ln991_loc_fu_114">
<pin_list>
<pin id="115" dir="0" index="0" bw="1" slack="0"/>
<pin id="116" dir="1" index="1" bw="1" slack="1"/>
</pin_list>
<bind>
<opcode="alloca(26) " fcode="alloca"/>
<opset="phi_ln991_loc/1 "/>
</bind>
</comp>

<comp id="118" class="1004" name="rows_read_fu_118">
<pin_list>
<pin id="119" dir="0" index="0" bw="16" slack="0"/>
<pin id="120" dir="0" index="1" bw="16" slack="0"/>
<pin id="121" dir="1" index="2" bw="16" slack="0"/>
</pin_list>
<bind>
<opcode="read(1150) " fcode="read"/>
<opset="rows/1 "/>
</bind>
</comp>

<comp id="124" class="1004" name="cols_read_fu_124">
<pin_list>
<pin id="125" dir="0" index="0" bw="16" slack="0"/>
<pin id="126" dir="0" index="1" bw="16" slack="0"/>
<pin id="127" dir="1" index="2" bw="16" slack="0"/>
</pin_list>
<bind>
<opcode="read(1150) " fcode="read"/>
<opset="cols/1 "/>
</bind>
</comp>

<comp id="130" class="1004" name="colorFormat_read_read_fu_130">
<pin_list>
<pin id="131" dir="0" index="0" bw="8" slack="0"/>
<pin id="132" dir="0" index="1" bw="8" slack="0"/>
<pin id="133" dir="1" index="2" bw="8" slack="0"/>
</pin_list>
<bind>
<opcode="read(1150) " fcode="read"/>
<opset="colorFormat_read/1 "/>
</bind>
</comp>

<comp id="136" class="1004" name="field_id_read_read_fu_136">
<pin_list>
<pin id="137" dir="0" index="0" bw="16" slack="0"/>
<pin id="138" dir="0" index="1" bw="16" slack="0"/>
<pin id="139" dir="1" index="2" bw="16" slack="0"/>
</pin_list>
<bind>
<opcode="read(1150) " fcode="read"/>
<opset="field_id_read/1 "/>
</bind>
</comp>

<comp id="142" class="1004" name="fid_in_read_read_fu_142">
<pin_list>
<pin id="143" dir="0" index="0" bw="1" slack="0"/>
<pin id="144" dir="0" index="1" bw="1" slack="0"/>
<pin id="145" dir="1" index="2" bw="1" slack="3"/>
</pin_list>
<bind>
<opcode="read(1150) " fcode="read"/>
<opset="fid_in_read/1 "/>
</bind>
</comp>

<comp id="148" class="1004" name="write_ln933_write_fu_148">
<pin_list>
<pin id="149" dir="0" index="0" bw="0" slack="0"/>
<pin id="150" dir="0" index="1" bw="1" slack="0"/>
<pin id="151" dir="0" index="2" bw="1" slack="0"/>
<pin id="152" dir="1" index="3" bw="0" slack="2147483647"/>
</pin_list>
<bind>
<opcode="write(1151) " fcode="write"/>
<opset="write_ln933/2 "/>
</bind>
</comp>

<comp id="155" class="1004" name="grp_MultiPixStream2AXIvideo_Pipeline_VITIS_LOOP_936_2_fu_155">
<pin_list>
<pin id="156" dir="0" index="0" bw="0" slack="0"/>
<pin id="157" dir="0" index="1" bw="1" slack="0"/>
<pin id="158" dir="0" index="2" bw="11" slack="1"/>
<pin id="159" dir="0" index="3" bw="24" slack="0"/>
<pin id="160" dir="0" index="4" bw="1" slack="1"/>
<pin id="161" dir="0" index="5" bw="24" slack="0"/>
<pin id="162" dir="0" index="6" bw="3" slack="0"/>
<pin id="163" dir="0" index="7" bw="3" slack="0"/>
<pin id="164" dir="0" index="8" bw="1" slack="0"/>
<pin id="165" dir="0" index="9" bw="1" slack="0"/>
<pin id="166" dir="0" index="10" bw="1" slack="0"/>
<pin id="167" dir="0" index="11" bw="1" slack="0"/>
<pin id="168" dir="0" index="12" bw="12" slack="1"/>
<pin id="169" dir="0" index="13" bw="16" slack="1"/>
<pin id="170" dir="0" index="14" bw="1" slack="1"/>
<pin id="171" dir="0" index="15" bw="16" slack="0"/>
<pin id="172" dir="1" index="16" bw="0" slack="2147483647"/>
</pin_list>
<bind>
<opcode="call(48) " fcode="call"/>
<opset="call_ln883/2 "/>
</bind>
</comp>

<comp id="183" class="1004" name="trunc_ln882_fu_183">
<pin_list>
<pin id="184" dir="0" index="0" bw="16" slack="0"/>
<pin id="185" dir="1" index="1" bw="11" slack="1"/>
</pin_list>
<bind>
<opcode="trunc(33) " fcode="trunc"/>
<opset="trunc_ln882/1 "/>
</bind>
</comp>

<comp id="187" class="1004" name="empty_133_fu_187">
<pin_list>
<pin id="188" dir="0" index="0" bw="16" slack="0"/>
<pin id="189" dir="1" index="1" bw="11" slack="0"/>
</pin_list>
<bind>
<opcode="trunc(33) " fcode="trunc"/>
<opset="empty_133/1 "/>
</bind>
</comp>

<comp id="191" class="1004" name="zext_ln883_fu_191">
<pin_list>
<pin id="192" dir="0" index="0" bw="11" slack="0"/>
<pin id="193" dir="1" index="1" bw="12" slack="0"/>
</pin_list>
<bind>
<opcode="zext(34) " fcode="zext"/>
<opset="zext_ln883/1 "/>
</bind>
</comp>

<comp id="195" class="1004" name="fidStored_load_load_fu_195">
<pin_list>
<pin id="196" dir="0" index="0" bw="1" slack="0"/>
<pin id="197" dir="1" index="1" bw="1" slack="0"/>
</pin_list>
<bind>
<opcode="load(27) " fcode="load"/>
<opset="fidStored_load/1 "/>
</bind>
</comp>

<comp id="199" class="1004" name="sub_fu_199">
<pin_list>
<pin id="200" dir="0" index="0" bw="11" slack="0"/>
<pin id="201" dir="0" index="1" bw="1" slack="0"/>
<pin id="202" dir="1" index="2" bw="12" slack="1"/>
</pin_list>
<bind>
<opcode="add(8) " fcode="add"/>
<opset="sub/1 "/>
</bind>
</comp>

<comp id="205" class="1004" name="cmp103_fu_205">
<pin_list>
<pin id="206" dir="0" index="0" bw="16" slack="0"/>
<pin id="207" dir="0" index="1" bw="16" slack="0"/>
<pin id="208" dir="1" index="2" bw="1" slack="3"/>
</pin_list>
<bind>
<opcode="icmp(45) " fcode="icmp"/>
<opset="cmp103/1 "/>
</bind>
</comp>

<comp id="211" class="1004" name="cmp19230_fu_211">
<pin_list>
<pin id="212" dir="0" index="0" bw="11" slack="0"/>
<pin id="213" dir="0" index="1" bw="11" slack="0"/>
<pin id="214" dir="1" index="2" bw="1" slack="1"/>
</pin_list>
<bind>
<opcode="icmp(45) " fcode="icmp"/>
<opset="cmp19230/1 "/>
</bind>
</comp>

<comp id="217" class="1004" name="empty_134_fu_217">
<pin_list>
<pin id="218" dir="0" index="0" bw="16" slack="0"/>
<pin id="219" dir="0" index="1" bw="16" slack="0"/>
<pin id="220" dir="1" index="2" bw="16" slack="0"/>
</pin_list>
<bind>
<opcode="or(24) " fcode="or"/>
<opset="empty_134/1 "/>
</bind>
</comp>

<comp id="223" class="1004" name="switch_le_fu_223">
<pin_list>
<pin id="224" dir="0" index="0" bw="16" slack="0"/>
<pin id="225" dir="0" index="1" bw="16" slack="0"/>
<pin id="226" dir="1" index="2" bw="1" slack="3"/>
</pin_list>
<bind>
<opcode="icmp(45) " fcode="icmp"/>
<opset="switch_le/1 "/>
</bind>
</comp>

<comp id="229" class="1004" name="icmp_ln993_fu_229">
<pin_list>
<pin id="230" dir="0" index="0" bw="16" slack="0"/>
<pin id="231" dir="0" index="1" bw="16" slack="0"/>
<pin id="232" dir="1" index="2" bw="1" slack="3"/>
</pin_list>
<bind>
<opcode="icmp(45) " fcode="icmp"/>
<opset="icmp_ln993/1 "/>
</bind>
</comp>

<comp id="235" class="1004" name="icmp_ln993_1_fu_235">
<pin_list>
<pin id="236" dir="0" index="0" bw="16" slack="0"/>
<pin id="237" dir="0" index="1" bw="16" slack="0"/>
<pin id="238" dir="1" index="2" bw="1" slack="3"/>
</pin_list>
<bind>
<opcode="icmp(45) " fcode="icmp"/>
<opset="icmp_ln993_1/1 "/>
</bind>
</comp>

<comp id="241" class="1004" name="counter_load_load_fu_241">
<pin_list>
<pin id="242" dir="0" index="0" bw="16" slack="0"/>
<pin id="243" dir="1" index="1" bw="16" slack="0"/>
</pin_list>
<bind>
<opcode="load(27) " fcode="load"/>
<opset="counter_load/1 "/>
</bind>
</comp>

<comp id="245" class="1004" name="icmp_ln975_fu_245">
<pin_list>
<pin id="246" dir="0" index="0" bw="8" slack="0"/>
<pin id="247" dir="0" index="1" bw="8" slack="0"/>
<pin id="248" dir="1" index="2" bw="1" slack="1"/>
</pin_list>
<bind>
<opcode="icmp(45) " fcode="icmp"/>
<opset="icmp_ln975/1 "/>
</bind>
</comp>

<comp id="251" class="1004" name="store_ln934_store_fu_251">
<pin_list>
<pin id="252" dir="0" index="0" bw="16" slack="0"/>
<pin id="253" dir="0" index="1" bw="16" slack="0"/>
<pin id="254" dir="1" index="2" bw="0" slack="2147483647"/>
</pin_list>
<bind>
<opcode="store(28) " fcode="store"/>
<opset="store_ln934/1 "/>
</bind>
</comp>

<comp id="256" class="1004" name="store_ln934_store_fu_256">
<pin_list>
<pin id="257" dir="0" index="0" bw="1" slack="0"/>
<pin id="258" dir="0" index="1" bw="1" slack="0"/>
<pin id="259" dir="1" index="2" bw="0" slack="2147483647"/>
</pin_list>
<bind>
<opcode="store(28) " fcode="store"/>
<opset="store_ln934/1 "/>
</bind>
</comp>

<comp id="261" class="1004" name="store_ln934_store_fu_261">
<pin_list>
<pin id="262" dir="0" index="0" bw="1" slack="0"/>
<pin id="263" dir="0" index="1" bw="1" slack="0"/>
<pin id="264" dir="1" index="2" bw="0" slack="2147483647"/>
</pin_list>
<bind>
<opcode="store(28) " fcode="store"/>
<opset="store_ln934/1 "/>
</bind>
</comp>

<comp id="266" class="1004" name="store_ln934_store_fu_266">
<pin_list>
<pin id="267" dir="0" index="0" bw="1" slack="0"/>
<pin id="268" dir="0" index="1" bw="11" slack="0"/>
<pin id="269" dir="1" index="2" bw="0" slack="2147483647"/>
</pin_list>
<bind>
<opcode="store(28) " fcode="store"/>
<opset="store_ln934/1 "/>
</bind>
</comp>

<comp id="271" class="1004" name="i_1_load_fu_271">
<pin_list>
<pin id="272" dir="0" index="0" bw="11" slack="1"/>
<pin id="273" dir="1" index="1" bw="11" slack="0"/>
</pin_list>
<bind>
<opcode="load(27) " fcode="load"/>
<opset="i_1/2 "/>
</bind>
</comp>

<comp id="274" class="1004" name="icmp_ln934_fu_274">
<pin_list>
<pin id="275" dir="0" index="0" bw="11" slack="0"/>
<pin id="276" dir="0" index="1" bw="11" slack="1"/>
<pin id="277" dir="1" index="2" bw="1" slack="2147483647"/>
</pin_list>
<bind>
<opcode="icmp(45) " fcode="icmp"/>
<opset="icmp_ln934/2 "/>
</bind>
</comp>

<comp id="279" class="1004" name="i_2_fu_279">
<pin_list>
<pin id="280" dir="0" index="0" bw="11" slack="0"/>
<pin id="281" dir="0" index="1" bw="1" slack="0"/>
<pin id="282" dir="1" index="2" bw="11" slack="2"/>
</pin_list>
<bind>
<opcode="add(8) " fcode="add"/>
<opset="i_2/2 "/>
</bind>
</comp>

<comp id="285" class="1004" name="sof_load_load_fu_285">
<pin_list>
<pin id="286" dir="0" index="0" bw="1" slack="1"/>
<pin id="287" dir="1" index="1" bw="1" slack="0"/>
</pin_list>
<bind>
<opcode="load(27) " fcode="load"/>
<opset="sof_load/2 "/>
</bind>
</comp>

<comp id="289" class="1004" name="p_load_load_fu_289">
<pin_list>
<pin id="290" dir="0" index="0" bw="1" slack="1"/>
<pin id="291" dir="1" index="1" bw="1" slack="0"/>
</pin_list>
<bind>
<opcode="load(27) " fcode="load"/>
<opset="p_load/2 "/>
</bind>
</comp>

<comp id="293" class="1004" name="store_ln1017_store_fu_293">
<pin_list>
<pin id="294" dir="0" index="0" bw="1" slack="0"/>
<pin id="295" dir="0" index="1" bw="1" slack="0"/>
<pin id="296" dir="1" index="2" bw="0" slack="2147483647"/>
</pin_list>
<bind>
<opcode="store(28) " fcode="store"/>
<opset="store_ln1017/2 "/>
</bind>
</comp>

<comp id="299" class="1004" name="phi_ln991_loc_load_load_fu_299">
<pin_list>
<pin id="300" dir="0" index="0" bw="1" slack="3"/>
<pin id="301" dir="1" index="1" bw="1" slack="0"/>
</pin_list>
<bind>
<opcode="load(27) " fcode="load"/>
<opset="phi_ln991_loc_load/4 "/>
</bind>
</comp>

<comp id="302" class="1004" name="and_ln993_fu_302">
<pin_list>
<pin id="303" dir="0" index="0" bw="1" slack="0"/>
<pin id="304" dir="0" index="1" bw="1" slack="3"/>
<pin id="305" dir="1" index="2" bw="1" slack="0"/>
</pin_list>
<bind>
<opcode="and(23) " fcode="and"/>
<opset="and_ln993/4 "/>
</bind>
</comp>

<comp id="307" class="1004" name="or_ln993_fu_307">
<pin_list>
<pin id="308" dir="0" index="0" bw="1" slack="0"/>
<pin id="309" dir="0" index="1" bw="1" slack="3"/>
<pin id="310" dir="1" index="2" bw="1" slack="0"/>
</pin_list>
<bind>
<opcode="or(24) " fcode="or"/>
<opset="or_ln993/4 "/>
</bind>
</comp>

<comp id="312" class="1004" name="xor_ln1008_fu_312">
<pin_list>
<pin id="313" dir="0" index="0" bw="1" slack="0"/>
<pin id="314" dir="0" index="1" bw="1" slack="0"/>
<pin id="315" dir="1" index="2" bw="1" slack="0"/>
</pin_list>
<bind>
<opcode="xor(25) " fcode="xor"/>
<opset="xor_ln1008/4 "/>
</bind>
</comp>

<comp id="318" class="1004" name="select_ln1006_fu_318">
<pin_list>
<pin id="319" dir="0" index="0" bw="1" slack="3"/>
<pin id="320" dir="0" index="1" bw="1" slack="0"/>
<pin id="321" dir="0" index="2" bw="1" slack="3"/>
<pin id="322" dir="1" index="3" bw="1" slack="0"/>
</pin_list>
<bind>
<opcode="select(49) " fcode="select"/>
<opset="select_ln1006/4 "/>
</bind>
</comp>

<comp id="324" class="1004" name="select_ln993_fu_324">
<pin_list>
<pin id="325" dir="0" index="0" bw="1" slack="3"/>
<pin id="326" dir="0" index="1" bw="1" slack="0"/>
<pin id="327" dir="0" index="2" bw="1" slack="0"/>
<pin id="328" dir="1" index="3" bw="1" slack="0"/>
</pin_list>
<bind>
<opcode="select(49) " fcode="select"/>
<opset="select_ln993/4 "/>
</bind>
</comp>

<comp id="331" class="1004" name="store_ln934_store_fu_331">
<pin_list>
<pin id="332" dir="0" index="0" bw="1" slack="0"/>
<pin id="333" dir="0" index="1" bw="1" slack="3"/>
<pin id="334" dir="1" index="2" bw="0" slack="2147483647"/>
</pin_list>
<bind>
<opcode="store(28) " fcode="store"/>
<opset="store_ln934/4 "/>
</bind>
</comp>

<comp id="336" class="1004" name="store_ln934_store_fu_336">
<pin_list>
<pin id="337" dir="0" index="0" bw="1" slack="0"/>
<pin id="338" dir="0" index="1" bw="1" slack="3"/>
<pin id="339" dir="1" index="2" bw="0" slack="2147483647"/>
</pin_list>
<bind>
<opcode="store(28) " fcode="store"/>
<opset="store_ln934/4 "/>
</bind>
</comp>

<comp id="341" class="1004" name="store_ln934_store_fu_341">
<pin_list>
<pin id="342" dir="0" index="0" bw="11" slack="2"/>
<pin id="343" dir="0" index="1" bw="11" slack="3"/>
<pin id="344" dir="1" index="2" bw="0" slack="2147483647"/>
</pin_list>
<bind>
<opcode="store(28) " fcode="store"/>
<opset="store_ln934/4 "/>
</bind>
</comp>

<comp id="345" class="1005" name="i_reg_345">
<pin_list>
<pin id="346" dir="0" index="0" bw="11" slack="0"/>
<pin id="347" dir="1" index="1" bw="11" slack="0"/>
</pin_list>
<bind>
<opset="i "/>
</bind>
</comp>

<comp id="352" class="1005" name="empty_reg_352">
<pin_list>
<pin id="353" dir="0" index="0" bw="1" slack="0"/>
<pin id="354" dir="1" index="1" bw="1" slack="0"/>
</pin_list>
<bind>
<opset="empty "/>
</bind>
</comp>

<comp id="359" class="1005" name="sof_reg_359">
<pin_list>
<pin id="360" dir="0" index="0" bw="1" slack="0"/>
<pin id="361" dir="1" index="1" bw="1" slack="0"/>
</pin_list>
<bind>
<opset="sof "/>
</bind>
</comp>

<comp id="366" class="1005" name="counter_loc_0_reg_366">
<pin_list>
<pin id="367" dir="0" index="0" bw="16" slack="0"/>
<pin id="368" dir="1" index="1" bw="16" slack="0"/>
</pin_list>
<bind>
<opset="counter_loc_0 "/>
</bind>
</comp>

<comp id="372" class="1005" name="phi_ln991_loc_reg_372">
<pin_list>
<pin id="373" dir="0" index="0" bw="1" slack="1"/>
<pin id="374" dir="1" index="1" bw="1" slack="1"/>
</pin_list>
<bind>
<opset="phi_ln991_loc "/>
</bind>
</comp>

<comp id="378" class="1005" name="trunc_ln882_reg_378">
<pin_list>
<pin id="379" dir="0" index="0" bw="11" slack="1"/>
<pin id="380" dir="1" index="1" bw="11" slack="1"/>
</pin_list>
<bind>
<opset="trunc_ln882 "/>
</bind>
</comp>

<comp id="383" class="1005" name="empty_133_reg_383">
<pin_list>
<pin id="384" dir="0" index="0" bw="11" slack="1"/>
<pin id="385" dir="1" index="1" bw="11" slack="1"/>
</pin_list>
<bind>
<opset="empty_133 "/>
</bind>
</comp>

<comp id="388" class="1005" name="sub_reg_388">
<pin_list>
<pin id="389" dir="0" index="0" bw="12" slack="1"/>
<pin id="390" dir="1" index="1" bw="12" slack="1"/>
</pin_list>
<bind>
<opset="sub "/>
</bind>
</comp>

<comp id="393" class="1005" name="cmp103_reg_393">
<pin_list>
<pin id="394" dir="0" index="0" bw="1" slack="3"/>
<pin id="395" dir="1" index="1" bw="1" slack="3"/>
</pin_list>
<bind>
<opset="cmp103 "/>
</bind>
</comp>

<comp id="398" class="1005" name="fid_in_read_reg_398">
<pin_list>
<pin id="399" dir="0" index="0" bw="1" slack="3"/>
<pin id="400" dir="1" index="1" bw="1" slack="3"/>
</pin_list>
<bind>
<opset="fid_in_read "/>
</bind>
</comp>

<comp id="403" class="1005" name="cmp19230_reg_403">
<pin_list>
<pin id="404" dir="0" index="0" bw="1" slack="1"/>
<pin id="405" dir="1" index="1" bw="1" slack="2147483647"/>
</pin_list>
<bind>
<opset="cmp19230 "/>
</bind>
</comp>

<comp id="407" class="1005" name="switch_le_reg_407">
<pin_list>
<pin id="408" dir="0" index="0" bw="1" slack="3"/>
<pin id="409" dir="1" index="1" bw="1" slack="3"/>
</pin_list>
<bind>
<opset="switch_le "/>
</bind>
</comp>

<comp id="412" class="1005" name="icmp_ln993_reg_412">
<pin_list>
<pin id="413" dir="0" index="0" bw="1" slack="3"/>
<pin id="414" dir="1" index="1" bw="1" slack="3"/>
</pin_list>
<bind>
<opset="icmp_ln993 "/>
</bind>
</comp>

<comp id="417" class="1005" name="icmp_ln993_1_reg_417">
<pin_list>
<pin id="418" dir="0" index="0" bw="1" slack="3"/>
<pin id="419" dir="1" index="1" bw="1" slack="3"/>
</pin_list>
<bind>
<opset="icmp_ln993_1 "/>
</bind>
</comp>

<comp id="422" class="1005" name="icmp_ln975_reg_422">
<pin_list>
<pin id="423" dir="0" index="0" bw="1" slack="1"/>
<pin id="424" dir="1" index="1" bw="1" slack="1"/>
</pin_list>
<bind>
<opset="icmp_ln975 "/>
</bind>
</comp>

<comp id="430" class="1005" name="i_2_reg_430">
<pin_list>
<pin id="431" dir="0" index="0" bw="11" slack="2"/>
<pin id="432" dir="1" index="1" bw="11" slack="2"/>
</pin_list>
<bind>
<opset="i_2 "/>
</bind>
</comp>

</comp_list>

<net_list>
<net id="101"><net_src comp="32" pin="0"/><net_sink comp="98" pin=0"/></net>

<net id="105"><net_src comp="32" pin="0"/><net_sink comp="102" pin=0"/></net>

<net id="109"><net_src comp="32" pin="0"/><net_sink comp="106" pin=0"/></net>

<net id="113"><net_src comp="32" pin="0"/><net_sink comp="110" pin=0"/></net>

<net id="117"><net_src comp="34" pin="0"/><net_sink comp="114" pin=0"/></net>

<net id="122"><net_src comp="58" pin="0"/><net_sink comp="118" pin=0"/></net>

<net id="123"><net_src comp="16" pin="0"/><net_sink comp="118" pin=1"/></net>

<net id="128"><net_src comp="58" pin="0"/><net_sink comp="124" pin=0"/></net>

<net id="129"><net_src comp="18" pin="0"/><net_sink comp="124" pin=1"/></net>

<net id="134"><net_src comp="62" pin="0"/><net_sink comp="130" pin=0"/></net>

<net id="135"><net_src comp="20" pin="0"/><net_sink comp="130" pin=1"/></net>

<net id="140"><net_src comp="58" pin="0"/><net_sink comp="136" pin=0"/></net>

<net id="141"><net_src comp="26" pin="0"/><net_sink comp="136" pin=1"/></net>

<net id="146"><net_src comp="66" pin="0"/><net_sink comp="142" pin=0"/></net>

<net id="147"><net_src comp="22" pin="0"/><net_sink comp="142" pin=1"/></net>

<net id="153"><net_src comp="94" pin="0"/><net_sink comp="148" pin=0"/></net>

<net id="154"><net_src comp="24" pin="0"/><net_sink comp="148" pin=1"/></net>

<net id="173"><net_src comp="92" pin="0"/><net_sink comp="155" pin=0"/></net>

<net id="174"><net_src comp="0" pin="0"/><net_sink comp="155" pin=3"/></net>

<net id="175"><net_src comp="2" pin="0"/><net_sink comp="155" pin=5"/></net>

<net id="176"><net_src comp="4" pin="0"/><net_sink comp="155" pin=6"/></net>

<net id="177"><net_src comp="6" pin="0"/><net_sink comp="155" pin=7"/></net>

<net id="178"><net_src comp="8" pin="0"/><net_sink comp="155" pin=8"/></net>

<net id="179"><net_src comp="10" pin="0"/><net_sink comp="155" pin=9"/></net>

<net id="180"><net_src comp="12" pin="0"/><net_sink comp="155" pin=10"/></net>

<net id="181"><net_src comp="14" pin="0"/><net_sink comp="155" pin=11"/></net>

<net id="182"><net_src comp="30" pin="0"/><net_sink comp="155" pin=15"/></net>

<net id="186"><net_src comp="118" pin="2"/><net_sink comp="183" pin=0"/></net>

<net id="190"><net_src comp="124" pin="2"/><net_sink comp="187" pin=0"/></net>

<net id="194"><net_src comp="187" pin="1"/><net_sink comp="191" pin=0"/></net>

<net id="198"><net_src comp="28" pin="0"/><net_sink comp="195" pin=0"/></net>

<net id="203"><net_src comp="191" pin="1"/><net_sink comp="199" pin=0"/></net>

<net id="204"><net_src comp="60" pin="0"/><net_sink comp="199" pin=1"/></net>

<net id="209"><net_src comp="136" pin="2"/><net_sink comp="205" pin=0"/></net>

<net id="210"><net_src comp="64" pin="0"/><net_sink comp="205" pin=1"/></net>

<net id="215"><net_src comp="187" pin="1"/><net_sink comp="211" pin=0"/></net>

<net id="216"><net_src comp="68" pin="0"/><net_sink comp="211" pin=1"/></net>

<net id="221"><net_src comp="136" pin="2"/><net_sink comp="217" pin=0"/></net>

<net id="222"><net_src comp="70" pin="0"/><net_sink comp="217" pin=1"/></net>

<net id="227"><net_src comp="136" pin="2"/><net_sink comp="223" pin=0"/></net>

<net id="228"><net_src comp="64" pin="0"/><net_sink comp="223" pin=1"/></net>

<net id="233"><net_src comp="136" pin="2"/><net_sink comp="229" pin=0"/></net>

<net id="234"><net_src comp="72" pin="0"/><net_sink comp="229" pin=1"/></net>

<net id="239"><net_src comp="217" pin="2"/><net_sink comp="235" pin=0"/></net>

<net id="240"><net_src comp="70" pin="0"/><net_sink comp="235" pin=1"/></net>

<net id="244"><net_src comp="30" pin="0"/><net_sink comp="241" pin=0"/></net>

<net id="249"><net_src comp="130" pin="2"/><net_sink comp="245" pin=0"/></net>

<net id="250"><net_src comp="74" pin="0"/><net_sink comp="245" pin=1"/></net>

<net id="255"><net_src comp="241" pin="1"/><net_sink comp="251" pin=0"/></net>

<net id="260"><net_src comp="76" pin="0"/><net_sink comp="256" pin=0"/></net>

<net id="265"><net_src comp="195" pin="1"/><net_sink comp="261" pin=0"/></net>

<net id="270"><net_src comp="68" pin="0"/><net_sink comp="266" pin=0"/></net>

<net id="278"><net_src comp="271" pin="1"/><net_sink comp="274" pin=0"/></net>

<net id="283"><net_src comp="271" pin="1"/><net_sink comp="279" pin=0"/></net>

<net id="284"><net_src comp="84" pin="0"/><net_sink comp="279" pin=1"/></net>

<net id="288"><net_src comp="285" pin="1"/><net_sink comp="155" pin=1"/></net>

<net id="292"><net_src comp="289" pin="1"/><net_sink comp="148" pin=2"/></net>

<net id="297"><net_src comp="289" pin="1"/><net_sink comp="293" pin=0"/></net>

<net id="298"><net_src comp="28" pin="0"/><net_sink comp="293" pin=1"/></net>

<net id="306"><net_src comp="299" pin="1"/><net_sink comp="302" pin=0"/></net>

<net id="311"><net_src comp="302" pin="2"/><net_sink comp="307" pin=0"/></net>

<net id="316"><net_src comp="299" pin="1"/><net_sink comp="312" pin=0"/></net>

<net id="317"><net_src comp="76" pin="0"/><net_sink comp="312" pin=1"/></net>

<net id="323"><net_src comp="312" pin="2"/><net_sink comp="318" pin=1"/></net>

<net id="329"><net_src comp="307" pin="2"/><net_sink comp="324" pin=1"/></net>

<net id="330"><net_src comp="318" pin="3"/><net_sink comp="324" pin=2"/></net>

<net id="335"><net_src comp="96" pin="0"/><net_sink comp="331" pin=0"/></net>

<net id="340"><net_src comp="324" pin="3"/><net_sink comp="336" pin=0"/></net>

<net id="348"><net_src comp="98" pin="1"/><net_sink comp="345" pin=0"/></net>

<net id="349"><net_src comp="345" pin="1"/><net_sink comp="266" pin=1"/></net>

<net id="350"><net_src comp="345" pin="1"/><net_sink comp="271" pin=0"/></net>

<net id="351"><net_src comp="345" pin="1"/><net_sink comp="341" pin=1"/></net>

<net id="355"><net_src comp="102" pin="1"/><net_sink comp="352" pin=0"/></net>

<net id="356"><net_src comp="352" pin="1"/><net_sink comp="261" pin=1"/></net>

<net id="357"><net_src comp="352" pin="1"/><net_sink comp="289" pin=0"/></net>

<net id="358"><net_src comp="352" pin="1"/><net_sink comp="336" pin=1"/></net>

<net id="362"><net_src comp="106" pin="1"/><net_sink comp="359" pin=0"/></net>

<net id="363"><net_src comp="359" pin="1"/><net_sink comp="256" pin=1"/></net>

<net id="364"><net_src comp="359" pin="1"/><net_sink comp="285" pin=0"/></net>

<net id="365"><net_src comp="359" pin="1"/><net_sink comp="331" pin=1"/></net>

<net id="369"><net_src comp="110" pin="1"/><net_sink comp="366" pin=0"/></net>

<net id="370"><net_src comp="366" pin="1"/><net_sink comp="251" pin=1"/></net>

<net id="371"><net_src comp="366" pin="1"/><net_sink comp="155" pin=13"/></net>

<net id="375"><net_src comp="114" pin="1"/><net_sink comp="372" pin=0"/></net>

<net id="376"><net_src comp="372" pin="1"/><net_sink comp="155" pin=14"/></net>

<net id="377"><net_src comp="372" pin="1"/><net_sink comp="299" pin=0"/></net>

<net id="381"><net_src comp="183" pin="1"/><net_sink comp="378" pin=0"/></net>

<net id="382"><net_src comp="378" pin="1"/><net_sink comp="274" pin=1"/></net>

<net id="386"><net_src comp="187" pin="1"/><net_sink comp="383" pin=0"/></net>

<net id="387"><net_src comp="383" pin="1"/><net_sink comp="155" pin=2"/></net>

<net id="391"><net_src comp="199" pin="2"/><net_sink comp="388" pin=0"/></net>

<net id="392"><net_src comp="388" pin="1"/><net_sink comp="155" pin=12"/></net>

<net id="396"><net_src comp="205" pin="2"/><net_sink comp="393" pin=0"/></net>

<net id="397"><net_src comp="393" pin="1"/><net_sink comp="318" pin=0"/></net>

<net id="401"><net_src comp="142" pin="2"/><net_sink comp="398" pin=0"/></net>

<net id="402"><net_src comp="398" pin="1"/><net_sink comp="318" pin=2"/></net>

<net id="406"><net_src comp="211" pin="2"/><net_sink comp="403" pin=0"/></net>

<net id="410"><net_src comp="223" pin="2"/><net_sink comp="407" pin=0"/></net>

<net id="411"><net_src comp="407" pin="1"/><net_sink comp="324" pin=0"/></net>

<net id="415"><net_src comp="229" pin="2"/><net_sink comp="412" pin=0"/></net>

<net id="416"><net_src comp="412" pin="1"/><net_sink comp="302" pin=1"/></net>

<net id="420"><net_src comp="235" pin="2"/><net_sink comp="417" pin=0"/></net>

<net id="421"><net_src comp="417" pin="1"/><net_sink comp="307" pin=1"/></net>

<net id="425"><net_src comp="245" pin="2"/><net_sink comp="422" pin=0"/></net>

<net id="426"><net_src comp="422" pin="1"/><net_sink comp="155" pin=4"/></net>

<net id="433"><net_src comp="279" pin="2"/><net_sink comp="430" pin=0"/></net>

<net id="434"><net_src comp="430" pin="1"/><net_sink comp="341" pin=0"/></net>

</net_list>

</model> 
---------------- Datapath Model END ------------------

* FSMD analyzer results:
  - Output states:
	Port: m_axis_video_V_data_V | {2 3 }
	Port: m_axis_video_V_keep_V | {2 3 }
	Port: m_axis_video_V_strb_V | {2 3 }
	Port: m_axis_video_V_user_V | {2 3 }
	Port: m_axis_video_V_last_V | {2 3 }
	Port: m_axis_video_V_id_V | {2 3 }
	Port: m_axis_video_V_dest_V | {2 3 }
	Port: height | {}
	Port: width | {}
	Port: colorFormat | {}
	Port: fid_in | {}
	Port: fid | {2 }
	Port: field_id | {}
	Port: fidStored | {2 }
	Port: counter | {2 3 }
 - Input state : 
	Port: MultiPixStream2AXIvideo : ovrlayYUV | {2 3 }
	Port: MultiPixStream2AXIvideo : m_axis_video_V_data_V | {}
	Port: MultiPixStream2AXIvideo : m_axis_video_V_keep_V | {}
	Port: MultiPixStream2AXIvideo : m_axis_video_V_strb_V | {}
	Port: MultiPixStream2AXIvideo : m_axis_video_V_user_V | {}
	Port: MultiPixStream2AXIvideo : m_axis_video_V_last_V | {}
	Port: MultiPixStream2AXIvideo : m_axis_video_V_id_V | {}
	Port: MultiPixStream2AXIvideo : m_axis_video_V_dest_V | {}
	Port: MultiPixStream2AXIvideo : height | {1 }
	Port: MultiPixStream2AXIvideo : width | {1 }
	Port: MultiPixStream2AXIvideo : colorFormat | {1 }
	Port: MultiPixStream2AXIvideo : fid_in | {1 }
	Port: MultiPixStream2AXIvideo : fid | {}
	Port: MultiPixStream2AXIvideo : field_id | {1 }
	Port: MultiPixStream2AXIvideo : fidStored | {1 }
	Port: MultiPixStream2AXIvideo : counter | {1 }
  - Chain level:
	State 1
		zext_ln883 : 1
		sub : 2
		cmp19230 : 1
		store_ln934 : 1
		store_ln934 : 1
		store_ln934 : 1
		store_ln934 : 1
	State 2
		icmp_ln934 : 1
		i_2 : 1
		br_ln934 : 2
		call_ln883 : 1
		store_ln1017 : 1
		write_ln933 : 1
	State 3
	State 4
		and_ln993 : 1
		or_ln993 : 1
		xor_ln1008 : 1
		select_ln1006 : 1
		select_ln993 : 2
		store_ln934 : 3


============================================================
+ Verbose Summary: Datapath Resource usage 
============================================================

* Functional unit list:
|----------|--------------------------------------------------------------|---------|---------|---------|
| Operation|                        Functional Unit                       |  Delay  |    FF   |   LUT   |
|----------|--------------------------------------------------------------|---------|---------|---------|
|   call   | grp_MultiPixStream2AXIvideo_Pipeline_VITIS_LOOP_936_2_fu_155 |  1.581  |    41   |    98   |
|----------|--------------------------------------------------------------|---------|---------|---------|
|          |                         cmp103_fu_205                        |    0    |    0    |    13   |
|          |                        cmp19230_fu_211                       |    0    |    0    |    11   |
|          |                       switch_le_fu_223                       |    0    |    0    |    13   |
|   icmp   |                       icmp_ln993_fu_229                      |    0    |    0    |    13   |
|          |                      icmp_ln993_1_fu_235                     |    0    |    0    |    13   |
|          |                       icmp_ln975_fu_245                      |    0    |    0    |    11   |
|          |                       icmp_ln934_fu_274                      |    0    |    0    |    11   |
|----------|--------------------------------------------------------------|---------|---------|---------|
|    add   |                          sub_fu_199                          |    0    |    0    |    18   |
|          |                          i_2_fu_279                          |    0    |    0    |    18   |
|----------|--------------------------------------------------------------|---------|---------|---------|
|  select  |                     select_ln1006_fu_318                     |    0    |    0    |    2    |
|          |                      select_ln993_fu_324                     |    0    |    0    |    2    |
|----------|--------------------------------------------------------------|---------|---------|---------|
|    or    |                       empty_134_fu_217                       |    0    |    0    |    0    |
|          |                        or_ln993_fu_307                       |    0    |    0    |    2    |
|----------|--------------------------------------------------------------|---------|---------|---------|
|    and   |                       and_ln993_fu_302                       |    0    |    0    |    2    |
|----------|--------------------------------------------------------------|---------|---------|---------|
|    xor   |                       xor_ln1008_fu_312                      |    0    |    0    |    2    |
|----------|--------------------------------------------------------------|---------|---------|---------|
|          |                       rows_read_fu_118                       |    0    |    0    |    0    |
|          |                       cols_read_fu_124                       |    0    |    0    |    0    |
|   read   |                 colorFormat_read_read_fu_130                 |    0    |    0    |    0    |
|          |                   field_id_read_read_fu_136                  |    0    |    0    |    0    |
|          |                    fid_in_read_read_fu_142                   |    0    |    0    |    0    |
|----------|--------------------------------------------------------------|---------|---------|---------|
|   write  |                   write_ln933_write_fu_148                   |    0    |    0    |    0    |
|----------|--------------------------------------------------------------|---------|---------|---------|
|   trunc  |                      trunc_ln882_fu_183                      |    0    |    0    |    0    |
|          |                       empty_133_fu_187                       |    0    |    0    |    0    |
|----------|--------------------------------------------------------------|---------|---------|---------|
|   zext   |                       zext_ln883_fu_191                      |    0    |    0    |    0    |
|----------|--------------------------------------------------------------|---------|---------|---------|
|   Total  |                                                              |  1.581  |    41   |   229   |
|----------|--------------------------------------------------------------|---------|---------|---------|

Memories:
N/A

* Register list:
+---------------------+--------+
|                     |   FF   |
+---------------------+--------+
|    cmp103_reg_393   |    1   |
|   cmp19230_reg_403  |    1   |
|counter_loc_0_reg_366|   16   |
|  empty_133_reg_383  |   11   |
|    empty_reg_352    |    1   |
| fid_in_read_reg_398 |    1   |
|     i_2_reg_430     |   11   |
|      i_reg_345      |   11   |
|  icmp_ln975_reg_422 |    1   |
| icmp_ln993_1_reg_417|    1   |
|  icmp_ln993_reg_412 |    1   |
|phi_ln991_loc_reg_372|    1   |
|     sof_reg_359     |    1   |
|     sub_reg_388     |   12   |
|  switch_le_reg_407  |    1   |
| trunc_ln882_reg_378 |   11   |
+---------------------+--------+
|        Total        |   82   |
+---------------------+--------+

* Multiplexer (MUX) list: 
|--------|------|------|------|--------|
|  Comp  |  Pin | Size |  BW  | S x BW |
|--------|------|------|------|--------|
|  Total |      |      |      |    0   |
|--------|------|------|------|--------|



* Summary:
+-----------+--------+--------+--------+
|           |  Delay |   FF   |   LUT  |
+-----------+--------+--------+--------+
|  Function |    1   |   41   |   229  |
|   Memory  |    -   |    -   |    -   |
|Multiplexer|    -   |    -   |    -   |
|  Register |    -   |   82   |    -   |
+-----------+--------+--------+--------+
|   Total   |    1   |   123  |   229  |
+-----------+--------+--------+--------+
