

================================================================
== Vitis HLS Report for 'tpgForeground'
================================================================
* Date:           Fri Nov 22 00:26:49 2024

* Version:        2022.2 (Build 3670227 on Oct 13 2022)
* Project:        prj
* Solution:       sol (Vivado IP Flow Target)
* Product family: spartan7
* Target device:  xc7s50-csga324-1


================================================================
== Performance Estimates
================================================================
+ Timing: 
    * Summary: 
    +--------+----------+----------+------------+
    |  Clock |  Target  | Estimated| Uncertainty|
    +--------+----------+----------+------------+
    |ap_clk  |  12.00 ns|  7.597 ns|     3.24 ns|
    +--------+----------+----------+------------+

+ Latency: 
    * Summary: 
    +---------+---------+----------+----------+-----+-----+---------+
    |  Latency (cycles) |  Latency (absolute) |  Interval | Pipeline|
    |   min   |   max   |    min   |    max   | min | max |   Type  |
    +---------+---------+----------+----------+-----+-----+---------+
    |        ?|        ?|         ?|         ?|    ?|    ?|       no|
    +---------+---------+----------+----------+-----+-----+---------+

    + Detail: 
        * Instance: 
        +----------------------------------------------------+-----------------------------------------+---------+---------+----------+----------+-----+-----+---------+
        |                                                    |                                         |  Latency (cycles) |  Latency (absolute) |  Interval | Pipeline|
        |                      Instance                      |                  Module                 |   min   |   max   |    min   |    max   | min | max |   Type  |
        +----------------------------------------------------+-----------------------------------------+---------+---------+----------+----------+-----+-----+---------+
        |grp_tpgForeground_Pipeline_VITIS_LOOP_729_2_fu_174  |tpgForeground_Pipeline_VITIS_LOOP_729_2  |        ?|        ?|         ?|         ?|    ?|    ?|       no|
        +----------------------------------------------------+-----------------------------------------+---------+---------+----------+----------+-----+-----+---------+

        * Loop: 
        +--------------------+---------+---------+----------+-----------+-----------+------+----------+
        |                    |  Latency (cycles) | Iteration|  Initiation Interval  | Trip |          |
        |      Loop Name     |   min   |   max   |  Latency |  achieved |   target  | Count| Pipelined|
        +--------------------+---------+---------+----------+-----------+-----------+------+----------+
        |- VITIS_LOOP_727_1  |        ?|        ?|         ?|          -|          -|     ?|        no|
        +--------------------+---------+---------+----------+-----------+-----------+------+----------+

============================================================
+ Verbose Summary: Synthesis Manager
============================================================
InlineROM: 1
ExposeGlobal: 0
============================================================
+ Verbose Summary: CDFG Model
============================================================
IsTopModel: 0
ResetActiveHigh: 1
IsCombinational: 2
IsDatapathOnly: 0
HasWiredReturn: 1
HasMFsm: 0
HasVarLatency: 1
IsPipeline: 0
IsRtlPipelined: 0
IsInstanceOverlapped: 0
IsDontTouch: 0
HasImplIP: 0
IsGatedGlobalClock: 0


============================================================
+ Verbose Summary: Schedule
============================================================
* Number of FSM states : 4
* Pipeline : 0
* Dataflow Pipeline: 0

* FSM state transitions: 
1 --> 2 
2 --> 3 
3 --> 4 
4 --> 2 

* FSM state operations: 

State 1 <SV = 0> <Delay = 2.86>
ST_1 : Operation 5 [1/1] (0.00ns)   --->   "%y = alloca i32 1"   --->   Operation 5 'alloca' 'y' <Predicate = true> <Delay = 0.00>
ST_1 : Operation 6 [1/1] (0.00ns)   --->   "%boxVCoord_loc_0 = alloca i32 1"   --->   Operation 6 'alloca' 'boxVCoord_loc_0' <Predicate = true> <Delay = 0.00>
ST_1 : Operation 7 [1/1] (0.00ns)   --->   "%boxHCoord_loc_0 = alloca i32 1"   --->   Operation 7 'alloca' 'boxHCoord_loc_0' <Predicate = true> <Delay = 0.00>
ST_1 : Operation 8 [1/1] (0.00ns)   --->   "%specstablecontent_ln0 = specstablecontent void @_ssdm_op_SpecStableContent, i16 %boxColorB, void "   --->   Operation 8 'specstablecontent' 'specstablecontent_ln0' <Predicate = true> <Delay = 0.00>
ST_1 : Operation 9 [1/1] (0.00ns)   --->   "%specstablecontent_ln0 = specstablecontent void @_ssdm_op_SpecStableContent, i16 %boxColorG, void "   --->   Operation 9 'specstablecontent' 'specstablecontent_ln0' <Predicate = true> <Delay = 0.00>
ST_1 : Operation 10 [1/1] (0.00ns)   --->   "%specstablecontent_ln0 = specstablecontent void @_ssdm_op_SpecStableContent, i16 %boxColorR, void "   --->   Operation 10 'specstablecontent' 'specstablecontent_ln0' <Predicate = true> <Delay = 0.00>
ST_1 : Operation 11 [1/1] (0.00ns)   --->   "%specstablecontent_ln0 = specstablecontent void @_ssdm_op_SpecStableContent, i16 %boxSize, void "   --->   Operation 11 'specstablecontent' 'specstablecontent_ln0' <Predicate = true> <Delay = 0.00>
ST_1 : Operation 12 [1/1] (0.00ns)   --->   "%specstablecontent_ln0 = specstablecontent void @_ssdm_op_SpecStableContent, i16 %crossHairY, void "   --->   Operation 12 'specstablecontent' 'specstablecontent_ln0' <Predicate = true> <Delay = 0.00>
ST_1 : Operation 13 [1/1] (0.00ns)   --->   "%specstablecontent_ln0 = specstablecontent void @_ssdm_op_SpecStableContent, i16 %crossHairX, void "   --->   Operation 13 'specstablecontent' 'specstablecontent_ln0' <Predicate = true> <Delay = 0.00>
ST_1 : Operation 14 [1/1] (0.00ns)   --->   "%specstablecontent_ln0 = specstablecontent void @_ssdm_op_SpecStableContent, i8 %colorFormat, void "   --->   Operation 14 'specstablecontent' 'specstablecontent_ln0' <Predicate = true> <Delay = 0.00>
ST_1 : Operation 15 [1/1] (0.00ns)   --->   "%specstablecontent_ln0 = specstablecontent void @_ssdm_op_SpecStableContent, i8 %motionSpeed, void "   --->   Operation 15 'specstablecontent' 'specstablecontent_ln0' <Predicate = true> <Delay = 0.00>
ST_1 : Operation 16 [1/1] (0.00ns)   --->   "%specstablecontent_ln0 = specstablecontent void @_ssdm_op_SpecStableContent, i8 %maskId, void "   --->   Operation 16 'specstablecontent' 'specstablecontent_ln0' <Predicate = true> <Delay = 0.00>
ST_1 : Operation 17 [1/1] (0.00ns)   --->   "%specstablecontent_ln0 = specstablecontent void @_ssdm_op_SpecStableContent, i8 %ovrlayId, void "   --->   Operation 17 'specstablecontent' 'specstablecontent_ln0' <Predicate = true> <Delay = 0.00>
ST_1 : Operation 18 [1/1] (0.00ns)   --->   "%specstablecontent_ln0 = specstablecontent void @_ssdm_op_SpecStableContent, i16 %height, void "   --->   Operation 18 'specstablecontent' 'specstablecontent_ln0' <Predicate = true> <Delay = 0.00>
ST_1 : Operation 19 [1/1] (0.00ns)   --->   "%specstablecontent_ln0 = specstablecontent void @_ssdm_op_SpecStableContent, i16 %width, void "   --->   Operation 19 'specstablecontent' 'specstablecontent_ln0' <Predicate = true> <Delay = 0.00>
ST_1 : Operation 20 [1/1] (0.00ns)   --->   "%specinterface_ln0 = specinterface void @_ssdm_op_SpecInterface, i24 %ovrlayYUV, void @empty_10, i32 0, i32 0, void @empty_0, i32 0, i32 0, void @empty_0, void @empty_0, void @empty_0, i32 0, i32 0, i32 0, i32 0, void @empty_0, void @empty_0, i32 4294967295, i32 0"   --->   Operation 20 'specinterface' 'specinterface_ln0' <Predicate = true> <Delay = 0.00>
ST_1 : Operation 21 [1/1] (0.00ns)   --->   "%specinterface_ln0 = specinterface void @_ssdm_op_SpecInterface, i24 %bckgndYUV, void @empty_10, i32 0, i32 0, void @empty_0, i32 0, i32 0, void @empty_0, void @empty_0, void @empty_0, i32 0, i32 0, i32 0, i32 0, void @empty_0, void @empty_0, i32 4294967295, i32 0"   --->   Operation 21 'specinterface' 'specinterface_ln0' <Predicate = true> <Delay = 0.00>
ST_1 : Operation 22 [1/1] (0.00ns)   --->   "%loopHeight = read i16 @_ssdm_op_Read.ap_auto.i16P0A, i16 %height" [/home/sean/Downloads/git/ECE385_FP/VID_OE4/VID_OE4.runs/vid_oe4_v_tpg_0_0_synth_1/prj/sol/.autopilot/db/v_tpg.cpp:719]   --->   Operation 22 'read' 'loopHeight' <Predicate = true> <Delay = 0.00>
ST_1 : Operation 23 [1/1] (0.00ns)   --->   "%loopWidth = read i16 @_ssdm_op_Read.ap_auto.i16P0A, i16 %width" [/home/sean/Downloads/git/ECE385_FP/VID_OE4/VID_OE4.runs/vid_oe4_v_tpg_0_0_synth_1/prj/sol/.autopilot/db/v_tpg.cpp:720]   --->   Operation 23 'read' 'loopWidth' <Predicate = true> <Delay = 0.00>
ST_1 : Operation 24 [1/1] (0.00ns)   --->   "%ovrlayId_read = read i8 @_ssdm_op_Read.ap_auto.i8P0A, i8 %ovrlayId"   --->   Operation 24 'read' 'ovrlayId_read' <Predicate = true> <Delay = 0.00>
ST_1 : Operation 25 [1/1] (0.00ns)   --->   "%maskId_read = read i8 @_ssdm_op_Read.ap_auto.i8P0A, i8 %maskId"   --->   Operation 25 'read' 'maskId_read' <Predicate = true> <Delay = 0.00>
ST_1 : Operation 26 [1/1] (1.62ns)   --->   "%tobool = icmp_eq  i8 %maskId_read, i8 0"   --->   Operation 26 'icmp' 'tobool' <Predicate = true> <Delay = 1.62> <CoreInst = "Cmp">   --->   Core 9 'Cmp' <Latency = 0> <II = 1> <Delay = 1.62> <FuncUnit> <Opcode : 'icmp'> <InPorts = 2> <OutPorts = 1>
ST_1 : Operation 27 [1/1] (0.00ns)   --->   "%boxSize_read = read i16 @_ssdm_op_Read.ap_auto.i16P0A, i16 %boxSize"   --->   Operation 27 'read' 'boxSize_read' <Predicate = true> <Delay = 0.00>
ST_1 : Operation 28 [1/1] (0.00ns)   --->   "%boxColorR_read = read i16 @_ssdm_op_Read.ap_auto.i16P0A, i16 %boxColorR"   --->   Operation 28 'read' 'boxColorR_read' <Predicate = true> <Delay = 0.00>
ST_1 : Operation 29 [1/1] (0.00ns)   --->   "%boxColorG_read = read i16 @_ssdm_op_Read.ap_auto.i16P0A, i16 %boxColorG"   --->   Operation 29 'read' 'boxColorG_read' <Predicate = true> <Delay = 0.00>
ST_1 : Operation 30 [1/1] (0.00ns)   --->   "%empty = trunc i16 %boxColorG_read"   --->   Operation 30 'trunc' 'empty' <Predicate = true> <Delay = 0.00>
ST_1 : Operation 31 [1/1] (0.00ns)   --->   "%boxColorB_read = read i16 @_ssdm_op_Read.ap_auto.i16P0A, i16 %boxColorB"   --->   Operation 31 'read' 'boxColorB_read' <Predicate = true> <Delay = 0.00>
ST_1 : Operation 32 [1/1] (0.00ns)   --->   "%motionSpeed_read = read i8 @_ssdm_op_Read.ap_auto.i8P0A, i8 %motionSpeed"   --->   Operation 32 'read' 'motionSpeed_read' <Predicate = true> <Delay = 0.00>
ST_1 : Operation 33 [1/1] (0.00ns)   --->   "%colorFormat_read = read i8 @_ssdm_op_Read.ap_auto.i8P0A, i8 %colorFormat"   --->   Operation 33 'read' 'colorFormat_read' <Predicate = true> <Delay = 0.00>
ST_1 : Operation 34 [1/1] (0.00ns)   --->   "%crossHairX_read = read i16 @_ssdm_op_Read.ap_auto.i16P0A, i16 %crossHairX"   --->   Operation 34 'read' 'crossHairX_read' <Predicate = true> <Delay = 0.00>
ST_1 : Operation 35 [1/1] (0.00ns)   --->   "%crossHairY_read = read i16 @_ssdm_op_Read.ap_auto.i16P0A, i16 %crossHairY"   --->   Operation 35 'read' 'crossHairY_read' <Predicate = true> <Delay = 0.00>
ST_1 : Operation 36 [1/1] (1.62ns)   --->   "%cmp31_i = icmp_eq  i8 %colorFormat_read, i8 0"   --->   Operation 36 'icmp' 'cmp31_i' <Predicate = true> <Delay = 1.62> <CoreInst = "Cmp">   --->   Core 9 'Cmp' <Latency = 0> <II = 1> <Delay = 1.62> <FuncUnit> <Opcode : 'icmp'> <InPorts = 2> <OutPorts = 1>
ST_1 : Operation 37 [1/1] (1.24ns)   --->   "%pixOut_val_V = select i1 %cmp31_i, i8 240, i8 128"   --->   Operation 37 'select' 'pixOut_val_V' <Predicate = true> <Delay = 1.24> <CoreInst = "Sel">   --->   Core 73 'Sel' <Latency = 0> <II = 1> <Delay = 1.24> <FuncUnit> <Opcode : 'select'> <InPorts = 3> <OutPorts = 1>
ST_1 : Operation 38 [1/1] (2.13ns)   --->   "%hMax = sub i16 %loopWidth, i16 %boxSize_read" [/home/sean/Downloads/git/ECE385_FP/VID_OE4/VID_OE4.runs/vid_oe4_v_tpg_0_0_synth_1/prj/sol/.autopilot/db/v_tpg.cpp:720]   --->   Operation 38 'sub' 'hMax' <Predicate = true> <Delay = 2.13> <CoreInst = "Adder">   --->   Core 1 'Adder' <Latency = 0> <II = 1> <Delay = 2.13> <FuncUnit> <Opcode : 'add' 'sub'> <InPorts = 2> <OutPorts = 1>
ST_1 : Operation 39 [1/1] (2.13ns)   --->   "%vMax = sub i16 %loopHeight, i16 %boxSize_read" [/home/sean/Downloads/git/ECE385_FP/VID_OE4/VID_OE4.runs/vid_oe4_v_tpg_0_0_synth_1/prj/sol/.autopilot/db/v_tpg.cpp:719]   --->   Operation 39 'sub' 'vMax' <Predicate = true> <Delay = 2.13> <CoreInst = "Adder">   --->   Core 1 'Adder' <Latency = 0> <II = 1> <Delay = 2.13> <FuncUnit> <Opcode : 'add' 'sub'> <InPorts = 2> <OutPorts = 1>
ST_1 : Operation 40 [1/1] (0.00ns)   --->   "%empty_66 = trunc i8 %maskId_read"   --->   Operation 40 'trunc' 'empty_66' <Predicate = true> <Delay = 0.00>
ST_1 : Operation 41 [1/1] (0.97ns)   --->   "%and4_i = and i1 %cmp31_i, i1 %empty_66"   --->   Operation 41 'and' 'and4_i' <Predicate = true> <Delay = 0.97> <CoreInst = "LogicGate">   --->   Core 74 'LogicGate' <Latency = 0> <II = 1> <Delay = 0.97> <FuncUnit> <Opcode : 'and' 'or' 'xor'> <InPorts = 2> <OutPorts = 1>
ST_1 : Operation 42 [1/1] (0.00ns)   --->   "%tmp = bitselect i1 @_ssdm_op_BitSelect.i1.i8.i32, i8 %maskId_read, i32 1"   --->   Operation 42 'bitselect' 'tmp' <Predicate = true> <Delay = 0.00>
ST_1 : Operation 43 [1/1] (0.97ns)   --->   "%and10_i = and i1 %cmp31_i, i1 %tmp"   --->   Operation 43 'and' 'and10_i' <Predicate = true> <Delay = 0.97> <CoreInst = "LogicGate">   --->   Core 74 'LogicGate' <Latency = 0> <II = 1> <Delay = 0.97> <FuncUnit> <Opcode : 'and' 'or' 'xor'> <InPorts = 2> <OutPorts = 1>
ST_1 : Operation 44 [1/1] (0.00ns)   --->   "%tmp_2 = bitselect i1 @_ssdm_op_BitSelect.i1.i8.i32, i8 %maskId_read, i32 2"   --->   Operation 44 'bitselect' 'tmp_2' <Predicate = true> <Delay = 0.00>
ST_1 : Operation 45 [1/1] (0.97ns)   --->   "%and26_i = and i1 %cmp31_i, i1 %tmp_2"   --->   Operation 45 'and' 'and26_i' <Predicate = true> <Delay = 0.97> <CoreInst = "LogicGate">   --->   Core 74 'LogicGate' <Latency = 0> <II = 1> <Delay = 0.97> <FuncUnit> <Opcode : 'and' 'or' 'xor'> <InPorts = 2> <OutPorts = 1>
ST_1 : Operation 46 [1/1] (0.00ns)   --->   "%empty_67 = trunc i16 %boxColorR_read"   --->   Operation 46 'trunc' 'empty_67' <Predicate = true> <Delay = 0.00>
ST_1 : Operation 47 [1/1] (0.00ns)   --->   "%tmp_3 = partselect i7 @_ssdm_op_PartSelect.i7.i8.i32.i32, i8 %colorFormat_read, i32 1, i32 7"   --->   Operation 47 'partselect' 'tmp_3' <Predicate = true> <Delay = 0.00>
ST_1 : Operation 48 [1/1] (1.57ns)   --->   "%icmp = icmp_ne  i7 %tmp_3, i7 0"   --->   Operation 48 'icmp' 'icmp' <Predicate = true> <Delay = 1.57> <CoreInst = "Cmp">   --->   Core 9 'Cmp' <Latency = 0> <II = 1> <Delay = 1.57> <FuncUnit> <Opcode : 'icmp'> <InPorts = 2> <OutPorts = 1>
ST_1 : Operation 49 [1/1] (0.00ns)   --->   "%empty_68 = trunc i16 %boxColorB_read"   --->   Operation 49 'trunc' 'empty_68' <Predicate = true> <Delay = 0.00>
ST_1 : Operation 50 [1/1] (0.00ns)   --->   "%shl_i = bitconcatenate i9 @_ssdm_op_BitConcatenate.i9.i8.i1, i8 %motionSpeed_read, i1 0"   --->   Operation 50 'bitconcatenate' 'shl_i' <Predicate = true> <Delay = 0.00>
ST_1 : Operation 51 [1/1] (0.00ns)   --->   "%boxHCoord_load = load i16 %boxHCoord" [/home/sean/Downloads/git/ECE385_FP/VID_OE4/VID_OE4.runs/vid_oe4_v_tpg_0_0_synth_1/prj/sol/.autopilot/db/v_tpg.cpp:1844]   --->   Operation 51 'load' 'boxHCoord_load' <Predicate = true> <Delay = 0.00>
ST_1 : Operation 52 [1/1] (0.00ns)   --->   "%boxVCoord_load = load i16 %boxVCoord" [/home/sean/Downloads/git/ECE385_FP/VID_OE4/VID_OE4.runs/vid_oe4_v_tpg_0_0_synth_1/prj/sol/.autopilot/db/v_tpg.cpp:1856]   --->   Operation 52 'load' 'boxVCoord_load' <Predicate = true> <Delay = 0.00>
ST_1 : Operation 53 [1/1] (0.00ns)   --->   "%store_ln727 = store i16 %boxHCoord_load, i16 %boxHCoord_loc_0" [/home/sean/Downloads/git/ECE385_FP/VID_OE4/VID_OE4.runs/vid_oe4_v_tpg_0_0_synth_1/prj/sol/.autopilot/db/v_tpg.cpp:727]   --->   Operation 53 'store' 'store_ln727' <Predicate = true> <Delay = 0.00>
ST_1 : Operation 54 [1/1] (0.00ns)   --->   "%store_ln727 = store i16 %boxVCoord_load, i16 %boxVCoord_loc_0" [/home/sean/Downloads/git/ECE385_FP/VID_OE4/VID_OE4.runs/vid_oe4_v_tpg_0_0_synth_1/prj/sol/.autopilot/db/v_tpg.cpp:727]   --->   Operation 54 'store' 'store_ln727' <Predicate = true> <Delay = 0.00>
ST_1 : Operation 55 [1/1] (1.58ns)   --->   "%store_ln727 = store i16 0, i16 %y" [/home/sean/Downloads/git/ECE385_FP/VID_OE4/VID_OE4.runs/vid_oe4_v_tpg_0_0_synth_1/prj/sol/.autopilot/db/v_tpg.cpp:727]   --->   Operation 55 'store' 'store_ln727' <Predicate = true> <Delay = 1.58>
ST_1 : Operation 56 [1/1] (0.00ns)   --->   "%br_ln727 = br void %VITIS_LOOP_729_2" [/home/sean/Downloads/git/ECE385_FP/VID_OE4/VID_OE4.runs/vid_oe4_v_tpg_0_0_synth_1/prj/sol/.autopilot/db/v_tpg.cpp:727]   --->   Operation 56 'br' 'br_ln727' <Predicate = true> <Delay = 0.00>

State 2 <SV = 1> <Delay = 4.11>
ST_2 : Operation 57 [1/1] (0.00ns)   --->   "%y_1 = load i16 %y" [/home/sean/Downloads/git/ECE385_FP/VID_OE4/VID_OE4.runs/vid_oe4_v_tpg_0_0_synth_1/prj/sol/.autopilot/db/v_tpg.cpp:727]   --->   Operation 57 'load' 'y_1' <Predicate = true> <Delay = 0.00>
ST_2 : Operation 58 [1/1] (2.53ns)   --->   "%icmp_ln727 = icmp_eq  i16 %y_1, i16 %loopHeight" [/home/sean/Downloads/git/ECE385_FP/VID_OE4/VID_OE4.runs/vid_oe4_v_tpg_0_0_synth_1/prj/sol/.autopilot/db/v_tpg.cpp:727]   --->   Operation 58 'icmp' 'icmp_ln727' <Predicate = true> <Delay = 2.53> <CoreInst = "Cmp">   --->   Core 9 'Cmp' <Latency = 0> <II = 1> <Delay = 2.53> <FuncUnit> <Opcode : 'icmp'> <InPorts = 2> <OutPorts = 1>
ST_2 : Operation 59 [1/1] (2.13ns)   --->   "%y_2 = add i16 %y_1, i16 1" [/home/sean/Downloads/git/ECE385_FP/VID_OE4/VID_OE4.runs/vid_oe4_v_tpg_0_0_synth_1/prj/sol/.autopilot/db/v_tpg.cpp:727]   --->   Operation 59 'add' 'y_2' <Predicate = true> <Delay = 2.13> <CoreInst = "Adder">   --->   Core 1 'Adder' <Latency = 0> <II = 1> <Delay = 2.13> <FuncUnit> <Opcode : 'add' 'sub'> <InPorts = 2> <OutPorts = 1>
ST_2 : Operation 60 [1/1] (0.00ns)   --->   "%br_ln727 = br i1 %icmp_ln727, void %VITIS_LOOP_729_2.split, void %for.end18.loopexit" [/home/sean/Downloads/git/ECE385_FP/VID_OE4/VID_OE4.runs/vid_oe4_v_tpg_0_0_synth_1/prj/sol/.autopilot/db/v_tpg.cpp:727]   --->   Operation 60 'br' 'br_ln727' <Predicate = true> <Delay = 0.00>
ST_2 : Operation 61 [1/1] (0.00ns)   --->   "%boxVCoord_loc_0_load = load i16 %boxVCoord_loc_0"   --->   Operation 61 'load' 'boxVCoord_loc_0_load' <Predicate = (!icmp_ln727)> <Delay = 0.00>
ST_2 : Operation 62 [1/1] (0.00ns)   --->   "%boxHCoord_loc_0_load = load i16 %boxHCoord_loc_0"   --->   Operation 62 'load' 'boxHCoord_loc_0_load' <Predicate = (!icmp_ln727)> <Delay = 0.00>
ST_2 : Operation 63 [1/1] (2.53ns)   --->   "%cmp2_i = icmp_eq  i16 %y_1, i16 %crossHairY_read" [/home/sean/Downloads/git/ECE385_FP/VID_OE4/VID_OE4.runs/vid_oe4_v_tpg_0_0_synth_1/prj/sol/.autopilot/db/v_tpg.cpp:727]   --->   Operation 63 'icmp' 'cmp2_i' <Predicate = (!icmp_ln727)> <Delay = 2.53> <CoreInst = "Cmp">   --->   Core 9 'Cmp' <Latency = 0> <II = 1> <Delay = 2.53> <FuncUnit> <Opcode : 'icmp'> <InPorts = 2> <OutPorts = 1>
ST_2 : Operation 64 [1/1] (0.00ns)   --->   "%empty_69 = wait i32 @_ssdm_op_Wait"   --->   Operation 64 'wait' 'empty_69' <Predicate = (!icmp_ln727)> <Delay = 0.00>
ST_2 : Operation 65 [1/1] (1.58ns)   --->   "%store_ln727 = store i16 %y_2, i16 %y" [/home/sean/Downloads/git/ECE385_FP/VID_OE4/VID_OE4.runs/vid_oe4_v_tpg_0_0_synth_1/prj/sol/.autopilot/db/v_tpg.cpp:727]   --->   Operation 65 'store' 'store_ln727' <Predicate = (!icmp_ln727)> <Delay = 1.58>
ST_2 : Operation 66 [1/1] (0.00ns)   --->   "%ret_ln766 = ret" [/home/sean/Downloads/git/ECE385_FP/VID_OE4/VID_OE4.runs/vid_oe4_v_tpg_0_0_synth_1/prj/sol/.autopilot/db/v_tpg.cpp:766]   --->   Operation 66 'ret' 'ret_ln766' <Predicate = (icmp_ln727)> <Delay = 0.00>

State 3 <SV = 2> <Delay = 1.58>
ST_3 : Operation 67 [2/2] (1.58ns)   --->   "%call_ln720 = call void @tpgForeground_Pipeline_VITIS_LOOP_729_2, i16 %boxHCoord_loc_0_load, i16 %boxVCoord_loc_0_load, i16 %loopWidth, i8 %empty_68, i8 %pixOut_val_V, i8 %empty_67, i1 %and4_i, i1 %and26_i, i1 %tobool, i1 %and10_i, i24 %ovrlayYUV, i24 %bckgndYUV, i8 %ovrlayId_read, i16 %boxSize_read, i16 %y_1, i8 %motionSpeed_read, i16 %vMax, i16 %hMax, i9 %shl_i, i1 %icmp, i8 %empty, i16 %crossHairX_read, i1 %cmp2_i, i8 %colorFormat_read, i16 %boxHCoord_loc_0, i16 %boxVCoord_loc_0, i16 %boxHCoord, i16 %boxVCoord, i1 %vDir, i1 %hDir, i8 %whiYuv_2" [/home/sean/Downloads/git/ECE385_FP/VID_OE4/VID_OE4.runs/vid_oe4_v_tpg_0_0_synth_1/prj/sol/.autopilot/db/v_tpg.cpp:720]   --->   Operation 67 'call' 'call_ln720' <Predicate = true> <Delay = 1.58> <CoreType = "Generic">   --->   Core 0 '' <Latency = 0> <II = 1> <Delay = 1.00> <Generic> <Opcode : >

State 4 <SV = 3> <Delay = 0.00>
ST_4 : Operation 68 [1/1] (0.00ns)   --->   "%specloopname_ln718 = specloopname void @_ssdm_op_SpecLoopName, void @empty_33" [/home/sean/Downloads/git/ECE385_FP/VID_OE4/VID_OE4.runs/vid_oe4_v_tpg_0_0_synth_1/prj/sol/.autopilot/db/v_tpg.cpp:718]   --->   Operation 68 'specloopname' 'specloopname_ln718' <Predicate = true> <Delay = 0.00>
ST_4 : Operation 69 [1/2] (0.00ns)   --->   "%call_ln720 = call void @tpgForeground_Pipeline_VITIS_LOOP_729_2, i16 %boxHCoord_loc_0_load, i16 %boxVCoord_loc_0_load, i16 %loopWidth, i8 %empty_68, i8 %pixOut_val_V, i8 %empty_67, i1 %and4_i, i1 %and26_i, i1 %tobool, i1 %and10_i, i24 %ovrlayYUV, i24 %bckgndYUV, i8 %ovrlayId_read, i16 %boxSize_read, i16 %y_1, i8 %motionSpeed_read, i16 %vMax, i16 %hMax, i9 %shl_i, i1 %icmp, i8 %empty, i16 %crossHairX_read, i1 %cmp2_i, i8 %colorFormat_read, i16 %boxHCoord_loc_0, i16 %boxVCoord_loc_0, i16 %boxHCoord, i16 %boxVCoord, i1 %vDir, i1 %hDir, i8 %whiYuv_2" [/home/sean/Downloads/git/ECE385_FP/VID_OE4/VID_OE4.runs/vid_oe4_v_tpg_0_0_synth_1/prj/sol/.autopilot/db/v_tpg.cpp:720]   --->   Operation 69 'call' 'call_ln720' <Predicate = true> <Delay = 0.00> <CoreType = "Generic">   --->   Core 0 '' <Latency = 0> <II = 1> <Delay = 1.00> <Generic> <Opcode : >
ST_4 : Operation 70 [1/1] (0.00ns)   --->   "%br_ln727 = br void %VITIS_LOOP_729_2" [/home/sean/Downloads/git/ECE385_FP/VID_OE4/VID_OE4.runs/vid_oe4_v_tpg_0_0_synth_1/prj/sol/.autopilot/db/v_tpg.cpp:727]   --->   Operation 70 'br' 'br_ln727' <Predicate = true> <Delay = 0.00>


============================================================
+ Verbose Summary: Binding
============================================================
STG Binding: 
---------------- STG Properties BEGIN ----------------
- Is combinational: 0
- Is one-state seq: 0
- Is datapath-only: 0
- Is pipelined: 0
- Is top level: 0
Port [ Return ] is wired: 1; IO mode=ap_ctrl_hs:ce=0
Port [ bckgndYUV]:  wired=1; compound=1; hidden=0; nouse=0; global=0; static=0; extern=0; dir=0; type=3; pingpong=0; private_global=0; IO mode=ap_fifo:ce=0
Port [ height]:  wired=1; compound=0; hidden=0; nouse=0; global=0; static=0; extern=0; dir=0; type=0; pingpong=0; private_global=0; IO mode=ap_stable:ce=0
Port [ width]:  wired=1; compound=0; hidden=0; nouse=0; global=0; static=0; extern=0; dir=0; type=0; pingpong=0; private_global=0; IO mode=ap_stable:ce=0
Port [ ovrlayId]:  wired=1; compound=0; hidden=0; nouse=0; global=0; static=0; extern=0; dir=0; type=0; pingpong=0; private_global=0; IO mode=ap_stable:ce=0
Port [ maskId]:  wired=1; compound=0; hidden=0; nouse=0; global=0; static=0; extern=0; dir=0; type=0; pingpong=0; private_global=0; IO mode=ap_stable:ce=0
Port [ colorFormat]:  wired=1; compound=0; hidden=0; nouse=0; global=0; static=0; extern=0; dir=0; type=0; pingpong=0; private_global=0; IO mode=ap_stable:ce=0
Port [ crossHairX]:  wired=1; compound=0; hidden=0; nouse=0; global=0; static=0; extern=0; dir=0; type=0; pingpong=0; private_global=0; IO mode=ap_stable:ce=0
Port [ crossHairY]:  wired=1; compound=0; hidden=0; nouse=0; global=0; static=0; extern=0; dir=0; type=0; pingpong=0; private_global=0; IO mode=ap_stable:ce=0
Port [ boxSize]:  wired=1; compound=0; hidden=0; nouse=0; global=0; static=0; extern=0; dir=0; type=0; pingpong=0; private_global=0; IO mode=ap_stable:ce=0
Port [ boxColorR]:  wired=1; compound=0; hidden=0; nouse=0; global=0; static=0; extern=0; dir=0; type=0; pingpong=0; private_global=0; IO mode=ap_stable:ce=0
Port [ boxColorG]:  wired=1; compound=0; hidden=0; nouse=0; global=0; static=0; extern=0; dir=0; type=0; pingpong=0; private_global=0; IO mode=ap_stable:ce=0
Port [ boxColorB]:  wired=1; compound=0; hidden=0; nouse=0; global=0; static=0; extern=0; dir=0; type=0; pingpong=0; private_global=0; IO mode=ap_stable:ce=0
Port [ motionSpeed]:  wired=1; compound=0; hidden=0; nouse=0; global=0; static=0; extern=0; dir=0; type=0; pingpong=0; private_global=0; IO mode=ap_stable:ce=0
Port [ ovrlayYUV]:  wired=1; compound=1; hidden=0; nouse=0; global=0; static=0; extern=0; dir=1; type=3; pingpong=0; private_global=0; IO mode=ap_fifo:ce=0
Port [ boxHCoord]:  wired=0; compound=0; hidden=1; nouse=0; global=1; static=1; extern=0; dir=2; type=0; pingpong=0; private_global=1; IO mode=ap_ovld:ce=0
Port [ boxVCoord]:  wired=0; compound=0; hidden=1; nouse=0; global=1; static=1; extern=0; dir=2; type=0; pingpong=0; private_global=1; IO mode=ap_ovld:ce=0
Port [ vDir]:  wired=0; compound=0; hidden=1; nouse=1; global=1; static=1; extern=0; dir=2; type=0; pingpong=0; private_global=0; IO mode=ap_ovld:ce=0
Port [ hDir]:  wired=0; compound=0; hidden=1; nouse=1; global=1; static=1; extern=0; dir=2; type=0; pingpong=0; private_global=0; IO mode=ap_ovld:ce=0
Port [ whiYuv_2]:  wired=0; compound=1; hidden=1; nouse=1; global=1; static=1; extern=0; dir=0; type=1; pingpong=0; private_global=0; MemPort=[1]; IO mode=ap_memory:ce=0
---------------- STG Properties END ------------------

---------------- Datapath Model BEGIN ----------------

<LifeTime>
<method=bitvector/>
y                     (alloca           ) [ 01111]
boxVCoord_loc_0       (alloca           ) [ 01111]
boxHCoord_loc_0       (alloca           ) [ 01111]
specstablecontent_ln0 (specstablecontent) [ 00000]
specstablecontent_ln0 (specstablecontent) [ 00000]
specstablecontent_ln0 (specstablecontent) [ 00000]
specstablecontent_ln0 (specstablecontent) [ 00000]
specstablecontent_ln0 (specstablecontent) [ 00000]
specstablecontent_ln0 (specstablecontent) [ 00000]
specstablecontent_ln0 (specstablecontent) [ 00000]
specstablecontent_ln0 (specstablecontent) [ 00000]
specstablecontent_ln0 (specstablecontent) [ 00000]
specstablecontent_ln0 (specstablecontent) [ 00000]
specstablecontent_ln0 (specstablecontent) [ 00000]
specstablecontent_ln0 (specstablecontent) [ 00000]
specinterface_ln0     (specinterface    ) [ 00000]
specinterface_ln0     (specinterface    ) [ 00000]
loopHeight            (read             ) [ 00111]
loopWidth             (read             ) [ 00111]
ovrlayId_read         (read             ) [ 00111]
maskId_read           (read             ) [ 00000]
tobool                (icmp             ) [ 00111]
boxSize_read          (read             ) [ 00111]
boxColorR_read        (read             ) [ 00000]
boxColorG_read        (read             ) [ 00000]
empty                 (trunc            ) [ 00111]
boxColorB_read        (read             ) [ 00000]
motionSpeed_read      (read             ) [ 00111]
colorFormat_read      (read             ) [ 00111]
crossHairX_read       (read             ) [ 00111]
crossHairY_read       (read             ) [ 00111]
cmp31_i               (icmp             ) [ 00000]
pixOut_val_V          (select           ) [ 00111]
hMax                  (sub              ) [ 00111]
vMax                  (sub              ) [ 00111]
empty_66              (trunc            ) [ 00000]
and4_i                (and              ) [ 00111]
tmp                   (bitselect        ) [ 00000]
and10_i               (and              ) [ 00111]
tmp_2                 (bitselect        ) [ 00000]
and26_i               (and              ) [ 00111]
empty_67              (trunc            ) [ 00111]
tmp_3                 (partselect       ) [ 00000]
icmp                  (icmp             ) [ 00111]
empty_68              (trunc            ) [ 00111]
shl_i                 (bitconcatenate   ) [ 00111]
boxHCoord_load        (load             ) [ 00000]
boxVCoord_load        (load             ) [ 00000]
store_ln727           (store            ) [ 00000]
store_ln727           (store            ) [ 00000]
store_ln727           (store            ) [ 00000]
br_ln727              (br               ) [ 00000]
y_1                   (load             ) [ 00011]
icmp_ln727            (icmp             ) [ 00111]
y_2                   (add              ) [ 00000]
br_ln727              (br               ) [ 00000]
boxVCoord_loc_0_load  (load             ) [ 00011]
boxHCoord_loc_0_load  (load             ) [ 00011]
cmp2_i                (icmp             ) [ 00011]
empty_69              (wait             ) [ 00000]
store_ln727           (store            ) [ 00000]
ret_ln766             (ret              ) [ 00000]
specloopname_ln718    (specloopname     ) [ 00000]
call_ln720            (call             ) [ 00000]
br_ln727              (br               ) [ 00000]
</LifeTime>

<model>

<comp_list>
<comp id="0" class="1000" name="bckgndYUV">
<pin_list>
<pin id="1" dir="1" index="0" bw="1" slack="0"/>
</pin_list>
<bind>
<StgValue><ssdm name="bckgndYUV"/></StgValue>
</bind>
</comp>

<comp id="2" class="1000" name="height">
<pin_list>
<pin id="3" dir="1" index="0" bw="1" slack="0"/>
</pin_list>
<bind>
<StgValue><ssdm name="height"/></StgValue>
</bind>
</comp>

<comp id="4" class="1000" name="width">
<pin_list>
<pin id="5" dir="1" index="0" bw="1" slack="0"/>
</pin_list>
<bind>
<StgValue><ssdm name="width"/></StgValue>
</bind>
</comp>

<comp id="6" class="1000" name="ovrlayId">
<pin_list>
<pin id="7" dir="1" index="0" bw="1" slack="0"/>
</pin_list>
<bind>
<StgValue><ssdm name="ovrlayId"/></StgValue>
</bind>
</comp>

<comp id="8" class="1000" name="maskId">
<pin_list>
<pin id="9" dir="1" index="0" bw="1" slack="0"/>
</pin_list>
<bind>
<StgValue><ssdm name="maskId"/></StgValue>
</bind>
</comp>

<comp id="10" class="1000" name="colorFormat">
<pin_list>
<pin id="11" dir="1" index="0" bw="1" slack="0"/>
</pin_list>
<bind>
<StgValue><ssdm name="colorFormat"/></StgValue>
</bind>
</comp>

<comp id="12" class="1000" name="crossHairX">
<pin_list>
<pin id="13" dir="1" index="0" bw="1" slack="0"/>
</pin_list>
<bind>
<StgValue><ssdm name="crossHairX"/></StgValue>
</bind>
</comp>

<comp id="14" class="1000" name="crossHairY">
<pin_list>
<pin id="15" dir="1" index="0" bw="1" slack="0"/>
</pin_list>
<bind>
<StgValue><ssdm name="crossHairY"/></StgValue>
</bind>
</comp>

<comp id="16" class="1000" name="boxSize">
<pin_list>
<pin id="17" dir="1" index="0" bw="1" slack="0"/>
</pin_list>
<bind>
<StgValue><ssdm name="boxSize"/></StgValue>
</bind>
</comp>

<comp id="18" class="1000" name="boxColorR">
<pin_list>
<pin id="19" dir="1" index="0" bw="1" slack="0"/>
</pin_list>
<bind>
<StgValue><ssdm name="boxColorR"/></StgValue>
</bind>
</comp>

<comp id="20" class="1000" name="boxColorG">
<pin_list>
<pin id="21" dir="1" index="0" bw="1" slack="0"/>
</pin_list>
<bind>
<StgValue><ssdm name="boxColorG"/></StgValue>
</bind>
</comp>

<comp id="22" class="1000" name="boxColorB">
<pin_list>
<pin id="23" dir="1" index="0" bw="1" slack="0"/>
</pin_list>
<bind>
<StgValue><ssdm name="boxColorB"/></StgValue>
</bind>
</comp>

<comp id="24" class="1000" name="motionSpeed">
<pin_list>
<pin id="25" dir="1" index="0" bw="1" slack="0"/>
</pin_list>
<bind>
<StgValue><ssdm name="motionSpeed"/></StgValue>
</bind>
</comp>

<comp id="26" class="1000" name="ovrlayYUV">
<pin_list>
<pin id="27" dir="1" index="0" bw="1" slack="0"/>
</pin_list>
<bind>
<StgValue><ssdm name="ovrlayYUV"/></StgValue>
</bind>
</comp>

<comp id="28" class="1000" name="boxHCoord">
<pin_list>
<pin id="29" dir="1" index="0" bw="1" slack="0"/>
</pin_list>
<bind>
<StgValue><ssdm name="boxHCoord"/></StgValue>
</bind>
</comp>

<comp id="30" class="1000" name="boxVCoord">
<pin_list>
<pin id="31" dir="1" index="0" bw="1" slack="0"/>
</pin_list>
<bind>
<StgValue><ssdm name="boxVCoord"/></StgValue>
</bind>
</comp>

<comp id="32" class="1000" name="vDir">
<pin_list>
<pin id="33" dir="1" index="0" bw="1" slack="0"/>
</pin_list>
<bind>
<StgValue><ssdm name="vDir"/></StgValue>
</bind>
</comp>

<comp id="34" class="1000" name="hDir">
<pin_list>
<pin id="35" dir="1" index="0" bw="1" slack="0"/>
</pin_list>
<bind>
<StgValue><ssdm name="hDir"/></StgValue>
</bind>
</comp>

<comp id="36" class="1000" name="whiYuv_2">
<pin_list>
<pin id="37" dir="1" index="0" bw="1" slack="0"/>
</pin_list>
<bind>
<StgValue><ssdm name="whiYuv_2"/><MemPortTyVec>1 </MemPortTyVec>
</StgValue>
</bind>
</comp>

<comp id="38" class="1001" name="const_38">
<pin_list>
<pin id="39" dir="1" index="0" bw="1" slack="0"/>
</pin_list>
<bind>
<StgValue><ssdm name=""/></StgValue>
</bind>
</comp>

<comp id="40" class="1001" name="const_40">
<pin_list>
<pin id="41" dir="1" index="0" bw="1" slack="2147483647"/>
</pin_list>
<bind>
<StgValue><ssdm name="_ssdm_op_SpecStableContent"/></StgValue>
</bind>
</comp>

<comp id="42" class="1001" name="const_42">
<pin_list>
<pin id="43" dir="1" index="0" bw="1" slack="2147483647"/>
</pin_list>
<bind>
<StgValue><ssdm name=""/></StgValue>
</bind>
</comp>

<comp id="44" class="1001" name="const_44">
<pin_list>
<pin id="45" dir="1" index="0" bw="1" slack="2147483647"/>
</pin_list>
<bind>
<StgValue><ssdm name="_ssdm_op_SpecInterface"/></StgValue>
</bind>
</comp>

<comp id="46" class="1001" name="const_46">
<pin_list>
<pin id="47" dir="1" index="0" bw="1" slack="2147483647"/>
</pin_list>
<bind>
<StgValue><ssdm name="empty_10"/></StgValue>
</bind>
</comp>

<comp id="48" class="1001" name="const_48">
<pin_list>
<pin id="49" dir="1" index="0" bw="1" slack="2147483647"/>
</pin_list>
<bind>
<StgValue><ssdm name=""/></StgValue>
</bind>
</comp>

<comp id="50" class="1001" name="const_50">
<pin_list>
<pin id="51" dir="1" index="0" bw="1" slack="2147483647"/>
</pin_list>
<bind>
<StgValue><ssdm name="empty_0"/></StgValue>
</bind>
</comp>

<comp id="52" class="1001" name="const_52">
<pin_list>
<pin id="53" dir="1" index="0" bw="1" slack="2147483647"/>
</pin_list>
<bind>
<StgValue><ssdm name=""/></StgValue>
</bind>
</comp>

<comp id="54" class="1001" name="const_54">
<pin_list>
<pin id="55" dir="1" index="0" bw="1" slack="0"/>
</pin_list>
<bind>
<StgValue><ssdm name="_ssdm_op_Read.ap_auto.i16P0A"/></StgValue>
</bind>
</comp>

<comp id="56" class="1001" name="const_56">
<pin_list>
<pin id="57" dir="1" index="0" bw="1" slack="0"/>
</pin_list>
<bind>
<StgValue><ssdm name="_ssdm_op_Read.ap_auto.i8P0A"/></StgValue>
</bind>
</comp>

<comp id="58" class="1001" name="const_58">
<pin_list>
<pin id="59" dir="1" index="0" bw="1" slack="0"/>
</pin_list>
<bind>
<StgValue><ssdm name=""/></StgValue>
</bind>
</comp>

<comp id="60" class="1001" name="const_60">
<pin_list>
<pin id="61" dir="1" index="0" bw="1" slack="0"/>
</pin_list>
<bind>
<StgValue><ssdm name=""/></StgValue>
</bind>
</comp>

<comp id="62" class="1001" name="const_62">
<pin_list>
<pin id="63" dir="1" index="0" bw="1" slack="0"/>
</pin_list>
<bind>
<StgValue><ssdm name=""/></StgValue>
</bind>
</comp>

<comp id="64" class="1001" name="const_64">
<pin_list>
<pin id="65" dir="1" index="0" bw="1" slack="0"/>
</pin_list>
<bind>
<StgValue><ssdm name="_ssdm_op_BitSelect.i1.i8.i32"/></StgValue>
</bind>
</comp>

<comp id="66" class="1001" name="const_66">
<pin_list>
<pin id="67" dir="1" index="0" bw="1" slack="0"/>
</pin_list>
<bind>
<StgValue><ssdm name=""/></StgValue>
</bind>
</comp>

<comp id="68" class="1001" name="const_68">
<pin_list>
<pin id="69" dir="1" index="0" bw="1" slack="0"/>
</pin_list>
<bind>
<StgValue><ssdm name="_ssdm_op_PartSelect.i7.i8.i32.i32"/></StgValue>
</bind>
</comp>

<comp id="70" class="1001" name="const_70">
<pin_list>
<pin id="71" dir="1" index="0" bw="1" slack="0"/>
</pin_list>
<bind>
<StgValue><ssdm name=""/></StgValue>
</bind>
</comp>

<comp id="72" class="1001" name="const_72">
<pin_list>
<pin id="73" dir="1" index="0" bw="1" slack="0"/>
</pin_list>
<bind>
<StgValue><ssdm name=""/></StgValue>
</bind>
</comp>

<comp id="74" class="1001" name="const_74">
<pin_list>
<pin id="75" dir="1" index="0" bw="1" slack="0"/>
</pin_list>
<bind>
<StgValue><ssdm name="_ssdm_op_BitConcatenate.i9.i8.i1"/></StgValue>
</bind>
</comp>

<comp id="76" class="1001" name="const_76">
<pin_list>
<pin id="77" dir="1" index="0" bw="1" slack="0"/>
</pin_list>
<bind>
<StgValue><ssdm name=""/></StgValue>
</bind>
</comp>

<comp id="78" class="1001" name="const_78">
<pin_list>
<pin id="79" dir="1" index="0" bw="1" slack="0"/>
</pin_list>
<bind>
<StgValue><ssdm name=""/></StgValue>
</bind>
</comp>

<comp id="80" class="1001" name="const_80">
<pin_list>
<pin id="81" dir="1" index="0" bw="1" slack="0"/>
</pin_list>
<bind>
<StgValue><ssdm name=""/></StgValue>
</bind>
</comp>

<comp id="82" class="1001" name="const_82">
<pin_list>
<pin id="83" dir="1" index="0" bw="1" slack="2147483647"/>
</pin_list>
<bind>
<StgValue><ssdm name="_ssdm_op_Wait"/></StgValue>
</bind>
</comp>

<comp id="84" class="1001" name="const_84">
<pin_list>
<pin id="85" dir="1" index="0" bw="1" slack="0"/>
</pin_list>
<bind>
<StgValue><ssdm name="tpgForeground_Pipeline_VITIS_LOOP_729_2"/></StgValue>
</bind>
</comp>

<comp id="86" class="1001" name="const_86">
<pin_list>
<pin id="87" dir="1" index="0" bw="1" slack="2147483647"/>
</pin_list>
<bind>
<StgValue><ssdm name="_ssdm_op_SpecLoopName"/></StgValue>
</bind>
</comp>

<comp id="88" class="1001" name="const_88">
<pin_list>
<pin id="89" dir="1" index="0" bw="1" slack="2147483647"/>
</pin_list>
<bind>
<StgValue><ssdm name="empty_33"/></StgValue>
</bind>
</comp>

<comp id="90" class="1004" name="y_fu_90">
<pin_list>
<pin id="91" dir="0" index="0" bw="1" slack="0"/>
<pin id="92" dir="1" index="1" bw="16" slack="0"/>
</pin_list>
<bind>
<opcode="alloca(26) " fcode="alloca"/>
<opset="y/1 "/>
</bind>
</comp>

<comp id="94" class="1004" name="boxVCoord_loc_0_fu_94">
<pin_list>
<pin id="95" dir="0" index="0" bw="1" slack="0"/>
<pin id="96" dir="1" index="1" bw="16" slack="0"/>
</pin_list>
<bind>
<opcode="alloca(26) " fcode="alloca"/>
<opset="boxVCoord_loc_0/1 "/>
</bind>
</comp>

<comp id="98" class="1004" name="boxHCoord_loc_0_fu_98">
<pin_list>
<pin id="99" dir="0" index="0" bw="1" slack="0"/>
<pin id="100" dir="1" index="1" bw="16" slack="0"/>
</pin_list>
<bind>
<opcode="alloca(26) " fcode="alloca"/>
<opset="boxHCoord_loc_0/1 "/>
</bind>
</comp>

<comp id="102" class="1004" name="loopHeight_read_fu_102">
<pin_list>
<pin id="103" dir="0" index="0" bw="16" slack="0"/>
<pin id="104" dir="0" index="1" bw="16" slack="0"/>
<pin id="105" dir="1" index="2" bw="16" slack="0"/>
</pin_list>
<bind>
<opcode="read(1150) " fcode="read"/>
<opset="loopHeight/1 "/>
</bind>
</comp>

<comp id="108" class="1004" name="loopWidth_read_fu_108">
<pin_list>
<pin id="109" dir="0" index="0" bw="16" slack="0"/>
<pin id="110" dir="0" index="1" bw="16" slack="0"/>
<pin id="111" dir="1" index="2" bw="16" slack="0"/>
</pin_list>
<bind>
<opcode="read(1150) " fcode="read"/>
<opset="loopWidth/1 "/>
</bind>
</comp>

<comp id="114" class="1004" name="ovrlayId_read_read_fu_114">
<pin_list>
<pin id="115" dir="0" index="0" bw="8" slack="0"/>
<pin id="116" dir="0" index="1" bw="8" slack="0"/>
<pin id="117" dir="1" index="2" bw="8" slack="2"/>
</pin_list>
<bind>
<opcode="read(1150) " fcode="read"/>
<opset="ovrlayId_read/1 "/>
</bind>
</comp>

<comp id="120" class="1004" name="maskId_read_read_fu_120">
<pin_list>
<pin id="121" dir="0" index="0" bw="8" slack="0"/>
<pin id="122" dir="0" index="1" bw="8" slack="0"/>
<pin id="123" dir="1" index="2" bw="8" slack="0"/>
</pin_list>
<bind>
<opcode="read(1150) " fcode="read"/>
<opset="maskId_read/1 "/>
</bind>
</comp>

<comp id="126" class="1004" name="boxSize_read_read_fu_126">
<pin_list>
<pin id="127" dir="0" index="0" bw="16" slack="0"/>
<pin id="128" dir="0" index="1" bw="16" slack="0"/>
<pin id="129" dir="1" index="2" bw="16" slack="0"/>
</pin_list>
<bind>
<opcode="read(1150) " fcode="read"/>
<opset="boxSize_read/1 "/>
</bind>
</comp>

<comp id="132" class="1004" name="boxColorR_read_read_fu_132">
<pin_list>
<pin id="133" dir="0" index="0" bw="16" slack="0"/>
<pin id="134" dir="0" index="1" bw="16" slack="0"/>
<pin id="135" dir="1" index="2" bw="16" slack="0"/>
</pin_list>
<bind>
<opcode="read(1150) " fcode="read"/>
<opset="boxColorR_read/1 "/>
</bind>
</comp>

<comp id="138" class="1004" name="boxColorG_read_read_fu_138">
<pin_list>
<pin id="139" dir="0" index="0" bw="16" slack="0"/>
<pin id="140" dir="0" index="1" bw="16" slack="0"/>
<pin id="141" dir="1" index="2" bw="16" slack="0"/>
</pin_list>
<bind>
<opcode="read(1150) " fcode="read"/>
<opset="boxColorG_read/1 "/>
</bind>
</comp>

<comp id="144" class="1004" name="boxColorB_read_read_fu_144">
<pin_list>
<pin id="145" dir="0" index="0" bw="16" slack="0"/>
<pin id="146" dir="0" index="1" bw="16" slack="0"/>
<pin id="147" dir="1" index="2" bw="16" slack="0"/>
</pin_list>
<bind>
<opcode="read(1150) " fcode="read"/>
<opset="boxColorB_read/1 "/>
</bind>
</comp>

<comp id="150" class="1004" name="motionSpeed_read_read_fu_150">
<pin_list>
<pin id="151" dir="0" index="0" bw="8" slack="0"/>
<pin id="152" dir="0" index="1" bw="8" slack="0"/>
<pin id="153" dir="1" index="2" bw="8" slack="0"/>
</pin_list>
<bind>
<opcode="read(1150) " fcode="read"/>
<opset="motionSpeed_read/1 "/>
</bind>
</comp>

<comp id="156" class="1004" name="colorFormat_read_read_fu_156">
<pin_list>
<pin id="157" dir="0" index="0" bw="8" slack="0"/>
<pin id="158" dir="0" index="1" bw="8" slack="0"/>
<pin id="159" dir="1" index="2" bw="8" slack="0"/>
</pin_list>
<bind>
<opcode="read(1150) " fcode="read"/>
<opset="colorFormat_read/1 "/>
</bind>
</comp>

<comp id="162" class="1004" name="crossHairX_read_read_fu_162">
<pin_list>
<pin id="163" dir="0" index="0" bw="16" slack="0"/>
<pin id="164" dir="0" index="1" bw="16" slack="0"/>
<pin id="165" dir="1" index="2" bw="16" slack="2"/>
</pin_list>
<bind>
<opcode="read(1150) " fcode="read"/>
<opset="crossHairX_read/1 "/>
</bind>
</comp>

<comp id="168" class="1004" name="crossHairY_read_read_fu_168">
<pin_list>
<pin id="169" dir="0" index="0" bw="16" slack="0"/>
<pin id="170" dir="0" index="1" bw="16" slack="0"/>
<pin id="171" dir="1" index="2" bw="16" slack="1"/>
</pin_list>
<bind>
<opcode="read(1150) " fcode="read"/>
<opset="crossHairY_read/1 "/>
</bind>
</comp>

<comp id="174" class="1004" name="grp_tpgForeground_Pipeline_VITIS_LOOP_729_2_fu_174">
<pin_list>
<pin id="175" dir="0" index="0" bw="0" slack="0"/>
<pin id="176" dir="0" index="1" bw="16" slack="2"/>
<pin id="177" dir="0" index="2" bw="16" slack="2"/>
<pin id="178" dir="0" index="3" bw="16" slack="2"/>
<pin id="179" dir="0" index="4" bw="8" slack="2"/>
<pin id="180" dir="0" index="5" bw="8" slack="2"/>
<pin id="181" dir="0" index="6" bw="8" slack="2"/>
<pin id="182" dir="0" index="7" bw="1" slack="2"/>
<pin id="183" dir="0" index="8" bw="1" slack="2"/>
<pin id="184" dir="0" index="9" bw="1" slack="2"/>
<pin id="185" dir="0" index="10" bw="1" slack="2"/>
<pin id="186" dir="0" index="11" bw="24" slack="0"/>
<pin id="187" dir="0" index="12" bw="24" slack="0"/>
<pin id="188" dir="0" index="13" bw="8" slack="2"/>
<pin id="189" dir="0" index="14" bw="16" slack="2"/>
<pin id="190" dir="0" index="15" bw="16" slack="1"/>
<pin id="191" dir="0" index="16" bw="8" slack="2"/>
<pin id="192" dir="0" index="17" bw="16" slack="2"/>
<pin id="193" dir="0" index="18" bw="16" slack="2"/>
<pin id="194" dir="0" index="19" bw="9" slack="2"/>
<pin id="195" dir="0" index="20" bw="1" slack="2"/>
<pin id="196" dir="0" index="21" bw="8" slack="2"/>
<pin id="197" dir="0" index="22" bw="16" slack="2"/>
<pin id="198" dir="0" index="23" bw="1" slack="1"/>
<pin id="199" dir="0" index="24" bw="8" slack="2"/>
<pin id="200" dir="0" index="25" bw="16" slack="2"/>
<pin id="201" dir="0" index="26" bw="16" slack="2"/>
<pin id="202" dir="0" index="27" bw="16" slack="0"/>
<pin id="203" dir="0" index="28" bw="16" slack="0"/>
<pin id="204" dir="0" index="29" bw="1" slack="0"/>
<pin id="205" dir="0" index="30" bw="1" slack="0"/>
<pin id="206" dir="0" index="31" bw="8" slack="0"/>
<pin id="207" dir="1" index="32" bw="0" slack="2147483647"/>
</pin_list>
<bind>
<opcode="call(48) " fcode="call"/>
<opset="call_ln720/3 "/>
</bind>
</comp>

<comp id="216" class="1004" name="tobool_fu_216">
<pin_list>
<pin id="217" dir="0" index="0" bw="8" slack="0"/>
<pin id="218" dir="0" index="1" bw="1" slack="0"/>
<pin id="219" dir="1" index="2" bw="1" slack="2"/>
</pin_list>
<bind>
<opcode="icmp(45) " fcode="icmp"/>
<opset="tobool/1 "/>
</bind>
</comp>

<comp id="222" class="1004" name="empty_fu_222">
<pin_list>
<pin id="223" dir="0" index="0" bw="16" slack="0"/>
<pin id="224" dir="1" index="1" bw="8" slack="2"/>
</pin_list>
<bind>
<opcode="trunc(33) " fcode="trunc"/>
<opset="empty/1 "/>
</bind>
</comp>

<comp id="226" class="1004" name="cmp31_i_fu_226">
<pin_list>
<pin id="227" dir="0" index="0" bw="8" slack="0"/>
<pin id="228" dir="0" index="1" bw="1" slack="0"/>
<pin id="229" dir="1" index="2" bw="1" slack="0"/>
</pin_list>
<bind>
<opcode="icmp(45) " fcode="icmp"/>
<opset="cmp31_i/1 "/>
</bind>
</comp>

<comp id="232" class="1004" name="pixOut_val_V_fu_232">
<pin_list>
<pin id="233" dir="0" index="0" bw="1" slack="0"/>
<pin id="234" dir="0" index="1" bw="5" slack="0"/>
<pin id="235" dir="0" index="2" bw="8" slack="0"/>
<pin id="236" dir="1" index="3" bw="8" slack="2"/>
</pin_list>
<bind>
<opcode="select(49) " fcode="select"/>
<opset="pixOut_val_V/1 "/>
</bind>
</comp>

<comp id="240" class="1004" name="hMax_fu_240">
<pin_list>
<pin id="241" dir="0" index="0" bw="16" slack="0"/>
<pin id="242" dir="0" index="1" bw="16" slack="0"/>
<pin id="243" dir="1" index="2" bw="16" slack="2"/>
</pin_list>
<bind>
<opcode="sub(10) " fcode="sub"/>
<opset="hMax/1 "/>
</bind>
</comp>

<comp id="246" class="1004" name="vMax_fu_246">
<pin_list>
<pin id="247" dir="0" index="0" bw="16" slack="0"/>
<pin id="248" dir="0" index="1" bw="16" slack="0"/>
<pin id="249" dir="1" index="2" bw="16" slack="2"/>
</pin_list>
<bind>
<opcode="sub(10) " fcode="sub"/>
<opset="vMax/1 "/>
</bind>
</comp>

<comp id="252" class="1004" name="empty_66_fu_252">
<pin_list>
<pin id="253" dir="0" index="0" bw="8" slack="0"/>
<pin id="254" dir="1" index="1" bw="1" slack="0"/>
</pin_list>
<bind>
<opcode="trunc(33) " fcode="trunc"/>
<opset="empty_66/1 "/>
</bind>
</comp>

<comp id="256" class="1004" name="and4_i_fu_256">
<pin_list>
<pin id="257" dir="0" index="0" bw="1" slack="0"/>
<pin id="258" dir="0" index="1" bw="1" slack="0"/>
<pin id="259" dir="1" index="2" bw="1" slack="2"/>
</pin_list>
<bind>
<opcode="and(23) " fcode="and"/>
<opset="and4_i/1 "/>
</bind>
</comp>

<comp id="262" class="1004" name="tmp_fu_262">
<pin_list>
<pin id="263" dir="0" index="0" bw="1" slack="0"/>
<pin id="264" dir="0" index="1" bw="8" slack="0"/>
<pin id="265" dir="0" index="2" bw="1" slack="0"/>
<pin id="266" dir="1" index="3" bw="1" slack="0"/>
</pin_list>
<bind>
<opcode="bitselect(1000) " fcode="bitselect"/>
<opset="tmp/1 "/>
</bind>
</comp>

<comp id="270" class="1004" name="and10_i_fu_270">
<pin_list>
<pin id="271" dir="0" index="0" bw="1" slack="0"/>
<pin id="272" dir="0" index="1" bw="1" slack="0"/>
<pin id="273" dir="1" index="2" bw="1" slack="2"/>
</pin_list>
<bind>
<opcode="and(23) " fcode="and"/>
<opset="and10_i/1 "/>
</bind>
</comp>

<comp id="276" class="1004" name="tmp_2_fu_276">
<pin_list>
<pin id="277" dir="0" index="0" bw="1" slack="0"/>
<pin id="278" dir="0" index="1" bw="8" slack="0"/>
<pin id="279" dir="0" index="2" bw="3" slack="0"/>
<pin id="280" dir="1" index="3" bw="1" slack="0"/>
</pin_list>
<bind>
<opcode="bitselect(1000) " fcode="bitselect"/>
<opset="tmp_2/1 "/>
</bind>
</comp>

<comp id="284" class="1004" name="and26_i_fu_284">
<pin_list>
<pin id="285" dir="0" index="0" bw="1" slack="0"/>
<pin id="286" dir="0" index="1" bw="1" slack="0"/>
<pin id="287" dir="1" index="2" bw="1" slack="2"/>
</pin_list>
<bind>
<opcode="and(23) " fcode="and"/>
<opset="and26_i/1 "/>
</bind>
</comp>

<comp id="290" class="1004" name="empty_67_fu_290">
<pin_list>
<pin id="291" dir="0" index="0" bw="16" slack="0"/>
<pin id="292" dir="1" index="1" bw="8" slack="2"/>
</pin_list>
<bind>
<opcode="trunc(33) " fcode="trunc"/>
<opset="empty_67/1 "/>
</bind>
</comp>

<comp id="294" class="1004" name="tmp_3_fu_294">
<pin_list>
<pin id="295" dir="0" index="0" bw="7" slack="0"/>
<pin id="296" dir="0" index="1" bw="8" slack="0"/>
<pin id="297" dir="0" index="2" bw="1" slack="0"/>
<pin id="298" dir="0" index="3" bw="4" slack="0"/>
<pin id="299" dir="1" index="4" bw="7" slack="0"/>
</pin_list>
<bind>
<opcode="partselect(1002) " fcode="partselect"/>
<opset="tmp_3/1 "/>
</bind>
</comp>

<comp id="304" class="1004" name="icmp_fu_304">
<pin_list>
<pin id="305" dir="0" index="0" bw="7" slack="0"/>
<pin id="306" dir="0" index="1" bw="1" slack="0"/>
<pin id="307" dir="1" index="2" bw="1" slack="2"/>
</pin_list>
<bind>
<opcode="icmp(45) " fcode="icmp"/>
<opset="icmp/1 "/>
</bind>
</comp>

<comp id="310" class="1004" name="empty_68_fu_310">
<pin_list>
<pin id="311" dir="0" index="0" bw="16" slack="0"/>
<pin id="312" dir="1" index="1" bw="8" slack="2"/>
</pin_list>
<bind>
<opcode="trunc(33) " fcode="trunc"/>
<opset="empty_68/1 "/>
</bind>
</comp>

<comp id="314" class="1004" name="shl_i_fu_314">
<pin_list>
<pin id="315" dir="0" index="0" bw="9" slack="0"/>
<pin id="316" dir="0" index="1" bw="8" slack="0"/>
<pin id="317" dir="0" index="2" bw="1" slack="0"/>
<pin id="318" dir="1" index="3" bw="9" slack="2"/>
</pin_list>
<bind>
<opcode="bitconcatenate(1004) " fcode="bitconcatenate"/>
<opset="shl_i/1 "/>
</bind>
</comp>

<comp id="322" class="1004" name="boxHCoord_load_load_fu_322">
<pin_list>
<pin id="323" dir="0" index="0" bw="16" slack="0"/>
<pin id="324" dir="1" index="1" bw="16" slack="0"/>
</pin_list>
<bind>
<opcode="load(27) " fcode="load"/>
<opset="boxHCoord_load/1 "/>
</bind>
</comp>

<comp id="326" class="1004" name="boxVCoord_load_load_fu_326">
<pin_list>
<pin id="327" dir="0" index="0" bw="16" slack="0"/>
<pin id="328" dir="1" index="1" bw="16" slack="0"/>
</pin_list>
<bind>
<opcode="load(27) " fcode="load"/>
<opset="boxVCoord_load/1 "/>
</bind>
</comp>

<comp id="330" class="1004" name="store_ln727_store_fu_330">
<pin_list>
<pin id="331" dir="0" index="0" bw="16" slack="0"/>
<pin id="332" dir="0" index="1" bw="16" slack="0"/>
<pin id="333" dir="1" index="2" bw="0" slack="2147483647"/>
</pin_list>
<bind>
<opcode="store(28) " fcode="store"/>
<opset="store_ln727/1 "/>
</bind>
</comp>

<comp id="335" class="1004" name="store_ln727_store_fu_335">
<pin_list>
<pin id="336" dir="0" index="0" bw="16" slack="0"/>
<pin id="337" dir="0" index="1" bw="16" slack="0"/>
<pin id="338" dir="1" index="2" bw="0" slack="2147483647"/>
</pin_list>
<bind>
<opcode="store(28) " fcode="store"/>
<opset="store_ln727/1 "/>
</bind>
</comp>

<comp id="340" class="1004" name="store_ln727_store_fu_340">
<pin_list>
<pin id="341" dir="0" index="0" bw="1" slack="0"/>
<pin id="342" dir="0" index="1" bw="16" slack="0"/>
<pin id="343" dir="1" index="2" bw="0" slack="2147483647"/>
</pin_list>
<bind>
<opcode="store(28) " fcode="store"/>
<opset="store_ln727/1 "/>
</bind>
</comp>

<comp id="345" class="1004" name="y_1_load_fu_345">
<pin_list>
<pin id="346" dir="0" index="0" bw="16" slack="1"/>
<pin id="347" dir="1" index="1" bw="16" slack="0"/>
</pin_list>
<bind>
<opcode="load(27) " fcode="load"/>
<opset="y_1/2 "/>
</bind>
</comp>

<comp id="348" class="1004" name="icmp_ln727_fu_348">
<pin_list>
<pin id="349" dir="0" index="0" bw="16" slack="0"/>
<pin id="350" dir="0" index="1" bw="16" slack="1"/>
<pin id="351" dir="1" index="2" bw="1" slack="2147483647"/>
</pin_list>
<bind>
<opcode="icmp(45) " fcode="icmp"/>
<opset="icmp_ln727/2 "/>
</bind>
</comp>

<comp id="353" class="1004" name="y_2_fu_353">
<pin_list>
<pin id="354" dir="0" index="0" bw="16" slack="0"/>
<pin id="355" dir="0" index="1" bw="1" slack="0"/>
<pin id="356" dir="1" index="2" bw="16" slack="0"/>
</pin_list>
<bind>
<opcode="add(8) " fcode="add"/>
<opset="y_2/2 "/>
</bind>
</comp>

<comp id="359" class="1004" name="boxVCoord_loc_0_load_load_fu_359">
<pin_list>
<pin id="360" dir="0" index="0" bw="16" slack="1"/>
<pin id="361" dir="1" index="1" bw="16" slack="2"/>
</pin_list>
<bind>
<opcode="load(27) " fcode="load"/>
<opset="boxVCoord_loc_0_load/2 "/>
</bind>
</comp>

<comp id="362" class="1004" name="boxHCoord_loc_0_load_load_fu_362">
<pin_list>
<pin id="363" dir="0" index="0" bw="16" slack="1"/>
<pin id="364" dir="1" index="1" bw="16" slack="2"/>
</pin_list>
<bind>
<opcode="load(27) " fcode="load"/>
<opset="boxHCoord_loc_0_load/2 "/>
</bind>
</comp>

<comp id="365" class="1004" name="cmp2_i_fu_365">
<pin_list>
<pin id="366" dir="0" index="0" bw="16" slack="0"/>
<pin id="367" dir="0" index="1" bw="16" slack="1"/>
<pin id="368" dir="1" index="2" bw="1" slack="1"/>
</pin_list>
<bind>
<opcode="icmp(45) " fcode="icmp"/>
<opset="cmp2_i/2 "/>
</bind>
</comp>

<comp id="370" class="1004" name="store_ln727_store_fu_370">
<pin_list>
<pin id="371" dir="0" index="0" bw="16" slack="0"/>
<pin id="372" dir="0" index="1" bw="16" slack="1"/>
<pin id="373" dir="1" index="2" bw="0" slack="2147483647"/>
</pin_list>
<bind>
<opcode="store(28) " fcode="store"/>
<opset="store_ln727/2 "/>
</bind>
</comp>

<comp id="375" class="1005" name="y_reg_375">
<pin_list>
<pin id="376" dir="0" index="0" bw="16" slack="0"/>
<pin id="377" dir="1" index="1" bw="16" slack="0"/>
</pin_list>
<bind>
<opset="y "/>
</bind>
</comp>

<comp id="382" class="1005" name="boxVCoord_loc_0_reg_382">
<pin_list>
<pin id="383" dir="0" index="0" bw="16" slack="0"/>
<pin id="384" dir="1" index="1" bw="16" slack="0"/>
</pin_list>
<bind>
<opset="boxVCoord_loc_0 "/>
</bind>
</comp>

<comp id="389" class="1005" name="boxHCoord_loc_0_reg_389">
<pin_list>
<pin id="390" dir="0" index="0" bw="16" slack="0"/>
<pin id="391" dir="1" index="1" bw="16" slack="0"/>
</pin_list>
<bind>
<opset="boxHCoord_loc_0 "/>
</bind>
</comp>

<comp id="396" class="1005" name="loopHeight_reg_396">
<pin_list>
<pin id="397" dir="0" index="0" bw="16" slack="1"/>
<pin id="398" dir="1" index="1" bw="16" slack="1"/>
</pin_list>
<bind>
<opset="loopHeight "/>
</bind>
</comp>

<comp id="401" class="1005" name="loopWidth_reg_401">
<pin_list>
<pin id="402" dir="0" index="0" bw="16" slack="2"/>
<pin id="403" dir="1" index="1" bw="16" slack="2"/>
</pin_list>
<bind>
<opset="loopWidth "/>
</bind>
</comp>

<comp id="406" class="1005" name="ovrlayId_read_reg_406">
<pin_list>
<pin id="407" dir="0" index="0" bw="8" slack="2"/>
<pin id="408" dir="1" index="1" bw="8" slack="2"/>
</pin_list>
<bind>
<opset="ovrlayId_read "/>
</bind>
</comp>

<comp id="411" class="1005" name="tobool_reg_411">
<pin_list>
<pin id="412" dir="0" index="0" bw="1" slack="2"/>
<pin id="413" dir="1" index="1" bw="1" slack="2"/>
</pin_list>
<bind>
<opset="tobool "/>
</bind>
</comp>

<comp id="416" class="1005" name="boxSize_read_reg_416">
<pin_list>
<pin id="417" dir="0" index="0" bw="16" slack="2"/>
<pin id="418" dir="1" index="1" bw="16" slack="2"/>
</pin_list>
<bind>
<opset="boxSize_read "/>
</bind>
</comp>

<comp id="421" class="1005" name="empty_reg_421">
<pin_list>
<pin id="422" dir="0" index="0" bw="8" slack="2"/>
<pin id="423" dir="1" index="1" bw="8" slack="2"/>
</pin_list>
<bind>
<opset="empty "/>
</bind>
</comp>

<comp id="426" class="1005" name="motionSpeed_read_reg_426">
<pin_list>
<pin id="427" dir="0" index="0" bw="8" slack="2"/>
<pin id="428" dir="1" index="1" bw="8" slack="2"/>
</pin_list>
<bind>
<opset="motionSpeed_read "/>
</bind>
</comp>

<comp id="431" class="1005" name="colorFormat_read_reg_431">
<pin_list>
<pin id="432" dir="0" index="0" bw="8" slack="2"/>
<pin id="433" dir="1" index="1" bw="8" slack="2"/>
</pin_list>
<bind>
<opset="colorFormat_read "/>
</bind>
</comp>

<comp id="436" class="1005" name="crossHairX_read_reg_436">
<pin_list>
<pin id="437" dir="0" index="0" bw="16" slack="2"/>
<pin id="438" dir="1" index="1" bw="16" slack="2"/>
</pin_list>
<bind>
<opset="crossHairX_read "/>
</bind>
</comp>

<comp id="441" class="1005" name="crossHairY_read_reg_441">
<pin_list>
<pin id="442" dir="0" index="0" bw="16" slack="1"/>
<pin id="443" dir="1" index="1" bw="16" slack="1"/>
</pin_list>
<bind>
<opset="crossHairY_read "/>
</bind>
</comp>

<comp id="446" class="1005" name="pixOut_val_V_reg_446">
<pin_list>
<pin id="447" dir="0" index="0" bw="8" slack="2"/>
<pin id="448" dir="1" index="1" bw="8" slack="2"/>
</pin_list>
<bind>
<opset="pixOut_val_V "/>
</bind>
</comp>

<comp id="451" class="1005" name="hMax_reg_451">
<pin_list>
<pin id="452" dir="0" index="0" bw="16" slack="2"/>
<pin id="453" dir="1" index="1" bw="16" slack="2"/>
</pin_list>
<bind>
<opset="hMax "/>
</bind>
</comp>

<comp id="456" class="1005" name="vMax_reg_456">
<pin_list>
<pin id="457" dir="0" index="0" bw="16" slack="2"/>
<pin id="458" dir="1" index="1" bw="16" slack="2"/>
</pin_list>
<bind>
<opset="vMax "/>
</bind>
</comp>

<comp id="461" class="1005" name="and4_i_reg_461">
<pin_list>
<pin id="462" dir="0" index="0" bw="1" slack="2"/>
<pin id="463" dir="1" index="1" bw="1" slack="2"/>
</pin_list>
<bind>
<opset="and4_i "/>
</bind>
</comp>

<comp id="466" class="1005" name="and10_i_reg_466">
<pin_list>
<pin id="467" dir="0" index="0" bw="1" slack="2"/>
<pin id="468" dir="1" index="1" bw="1" slack="2"/>
</pin_list>
<bind>
<opset="and10_i "/>
</bind>
</comp>

<comp id="471" class="1005" name="and26_i_reg_471">
<pin_list>
<pin id="472" dir="0" index="0" bw="1" slack="2"/>
<pin id="473" dir="1" index="1" bw="1" slack="2"/>
</pin_list>
<bind>
<opset="and26_i "/>
</bind>
</comp>

<comp id="476" class="1005" name="empty_67_reg_476">
<pin_list>
<pin id="477" dir="0" index="0" bw="8" slack="2"/>
<pin id="478" dir="1" index="1" bw="8" slack="2"/>
</pin_list>
<bind>
<opset="empty_67 "/>
</bind>
</comp>

<comp id="481" class="1005" name="icmp_reg_481">
<pin_list>
<pin id="482" dir="0" index="0" bw="1" slack="2"/>
<pin id="483" dir="1" index="1" bw="1" slack="2"/>
</pin_list>
<bind>
<opset="icmp "/>
</bind>
</comp>

<comp id="486" class="1005" name="empty_68_reg_486">
<pin_list>
<pin id="487" dir="0" index="0" bw="8" slack="2"/>
<pin id="488" dir="1" index="1" bw="8" slack="2"/>
</pin_list>
<bind>
<opset="empty_68 "/>
</bind>
</comp>

<comp id="491" class="1005" name="shl_i_reg_491">
<pin_list>
<pin id="492" dir="0" index="0" bw="9" slack="2"/>
<pin id="493" dir="1" index="1" bw="9" slack="2"/>
</pin_list>
<bind>
<opset="shl_i "/>
</bind>
</comp>

<comp id="496" class="1005" name="y_1_reg_496">
<pin_list>
<pin id="497" dir="0" index="0" bw="16" slack="1"/>
<pin id="498" dir="1" index="1" bw="16" slack="1"/>
</pin_list>
<bind>
<opset="y_1 "/>
</bind>
</comp>

<comp id="504" class="1005" name="boxVCoord_loc_0_load_reg_504">
<pin_list>
<pin id="505" dir="0" index="0" bw="16" slack="2"/>
<pin id="506" dir="1" index="1" bw="16" slack="2"/>
</pin_list>
<bind>
<opset="boxVCoord_loc_0_load "/>
</bind>
</comp>

<comp id="509" class="1005" name="boxHCoord_loc_0_load_reg_509">
<pin_list>
<pin id="510" dir="0" index="0" bw="16" slack="2"/>
<pin id="511" dir="1" index="1" bw="16" slack="2"/>
</pin_list>
<bind>
<opset="boxHCoord_loc_0_load "/>
</bind>
</comp>

<comp id="514" class="1005" name="cmp2_i_reg_514">
<pin_list>
<pin id="515" dir="0" index="0" bw="1" slack="1"/>
<pin id="516" dir="1" index="1" bw="1" slack="1"/>
</pin_list>
<bind>
<opset="cmp2_i "/>
</bind>
</comp>

</comp_list>

<net_list>
<net id="93"><net_src comp="38" pin="0"/><net_sink comp="90" pin=0"/></net>

<net id="97"><net_src comp="38" pin="0"/><net_sink comp="94" pin=0"/></net>

<net id="101"><net_src comp="38" pin="0"/><net_sink comp="98" pin=0"/></net>

<net id="106"><net_src comp="54" pin="0"/><net_sink comp="102" pin=0"/></net>

<net id="107"><net_src comp="2" pin="0"/><net_sink comp="102" pin=1"/></net>

<net id="112"><net_src comp="54" pin="0"/><net_sink comp="108" pin=0"/></net>

<net id="113"><net_src comp="4" pin="0"/><net_sink comp="108" pin=1"/></net>

<net id="118"><net_src comp="56" pin="0"/><net_sink comp="114" pin=0"/></net>

<net id="119"><net_src comp="6" pin="0"/><net_sink comp="114" pin=1"/></net>

<net id="124"><net_src comp="56" pin="0"/><net_sink comp="120" pin=0"/></net>

<net id="125"><net_src comp="8" pin="0"/><net_sink comp="120" pin=1"/></net>

<net id="130"><net_src comp="54" pin="0"/><net_sink comp="126" pin=0"/></net>

<net id="131"><net_src comp="16" pin="0"/><net_sink comp="126" pin=1"/></net>

<net id="136"><net_src comp="54" pin="0"/><net_sink comp="132" pin=0"/></net>

<net id="137"><net_src comp="18" pin="0"/><net_sink comp="132" pin=1"/></net>

<net id="142"><net_src comp="54" pin="0"/><net_sink comp="138" pin=0"/></net>

<net id="143"><net_src comp="20" pin="0"/><net_sink comp="138" pin=1"/></net>

<net id="148"><net_src comp="54" pin="0"/><net_sink comp="144" pin=0"/></net>

<net id="149"><net_src comp="22" pin="0"/><net_sink comp="144" pin=1"/></net>

<net id="154"><net_src comp="56" pin="0"/><net_sink comp="150" pin=0"/></net>

<net id="155"><net_src comp="24" pin="0"/><net_sink comp="150" pin=1"/></net>

<net id="160"><net_src comp="56" pin="0"/><net_sink comp="156" pin=0"/></net>

<net id="161"><net_src comp="10" pin="0"/><net_sink comp="156" pin=1"/></net>

<net id="166"><net_src comp="54" pin="0"/><net_sink comp="162" pin=0"/></net>

<net id="167"><net_src comp="12" pin="0"/><net_sink comp="162" pin=1"/></net>

<net id="172"><net_src comp="54" pin="0"/><net_sink comp="168" pin=0"/></net>

<net id="173"><net_src comp="14" pin="0"/><net_sink comp="168" pin=1"/></net>

<net id="208"><net_src comp="84" pin="0"/><net_sink comp="174" pin=0"/></net>

<net id="209"><net_src comp="26" pin="0"/><net_sink comp="174" pin=11"/></net>

<net id="210"><net_src comp="0" pin="0"/><net_sink comp="174" pin=12"/></net>

<net id="211"><net_src comp="28" pin="0"/><net_sink comp="174" pin=27"/></net>

<net id="212"><net_src comp="30" pin="0"/><net_sink comp="174" pin=28"/></net>

<net id="213"><net_src comp="32" pin="0"/><net_sink comp="174" pin=29"/></net>

<net id="214"><net_src comp="34" pin="0"/><net_sink comp="174" pin=30"/></net>

<net id="215"><net_src comp="36" pin="0"/><net_sink comp="174" pin=31"/></net>

<net id="220"><net_src comp="120" pin="2"/><net_sink comp="216" pin=0"/></net>

<net id="221"><net_src comp="58" pin="0"/><net_sink comp="216" pin=1"/></net>

<net id="225"><net_src comp="138" pin="2"/><net_sink comp="222" pin=0"/></net>

<net id="230"><net_src comp="156" pin="2"/><net_sink comp="226" pin=0"/></net>

<net id="231"><net_src comp="58" pin="0"/><net_sink comp="226" pin=1"/></net>

<net id="237"><net_src comp="226" pin="2"/><net_sink comp="232" pin=0"/></net>

<net id="238"><net_src comp="60" pin="0"/><net_sink comp="232" pin=1"/></net>

<net id="239"><net_src comp="62" pin="0"/><net_sink comp="232" pin=2"/></net>

<net id="244"><net_src comp="108" pin="2"/><net_sink comp="240" pin=0"/></net>

<net id="245"><net_src comp="126" pin="2"/><net_sink comp="240" pin=1"/></net>

<net id="250"><net_src comp="102" pin="2"/><net_sink comp="246" pin=0"/></net>

<net id="251"><net_src comp="126" pin="2"/><net_sink comp="246" pin=1"/></net>

<net id="255"><net_src comp="120" pin="2"/><net_sink comp="252" pin=0"/></net>

<net id="260"><net_src comp="226" pin="2"/><net_sink comp="256" pin=0"/></net>

<net id="261"><net_src comp="252" pin="1"/><net_sink comp="256" pin=1"/></net>

<net id="267"><net_src comp="64" pin="0"/><net_sink comp="262" pin=0"/></net>

<net id="268"><net_src comp="120" pin="2"/><net_sink comp="262" pin=1"/></net>

<net id="269"><net_src comp="38" pin="0"/><net_sink comp="262" pin=2"/></net>

<net id="274"><net_src comp="226" pin="2"/><net_sink comp="270" pin=0"/></net>

<net id="275"><net_src comp="262" pin="3"/><net_sink comp="270" pin=1"/></net>

<net id="281"><net_src comp="64" pin="0"/><net_sink comp="276" pin=0"/></net>

<net id="282"><net_src comp="120" pin="2"/><net_sink comp="276" pin=1"/></net>

<net id="283"><net_src comp="66" pin="0"/><net_sink comp="276" pin=2"/></net>

<net id="288"><net_src comp="226" pin="2"/><net_sink comp="284" pin=0"/></net>

<net id="289"><net_src comp="276" pin="3"/><net_sink comp="284" pin=1"/></net>

<net id="293"><net_src comp="132" pin="2"/><net_sink comp="290" pin=0"/></net>

<net id="300"><net_src comp="68" pin="0"/><net_sink comp="294" pin=0"/></net>

<net id="301"><net_src comp="156" pin="2"/><net_sink comp="294" pin=1"/></net>

<net id="302"><net_src comp="38" pin="0"/><net_sink comp="294" pin=2"/></net>

<net id="303"><net_src comp="70" pin="0"/><net_sink comp="294" pin=3"/></net>

<net id="308"><net_src comp="294" pin="4"/><net_sink comp="304" pin=0"/></net>

<net id="309"><net_src comp="72" pin="0"/><net_sink comp="304" pin=1"/></net>

<net id="313"><net_src comp="144" pin="2"/><net_sink comp="310" pin=0"/></net>

<net id="319"><net_src comp="74" pin="0"/><net_sink comp="314" pin=0"/></net>

<net id="320"><net_src comp="150" pin="2"/><net_sink comp="314" pin=1"/></net>

<net id="321"><net_src comp="76" pin="0"/><net_sink comp="314" pin=2"/></net>

<net id="325"><net_src comp="28" pin="0"/><net_sink comp="322" pin=0"/></net>

<net id="329"><net_src comp="30" pin="0"/><net_sink comp="326" pin=0"/></net>

<net id="334"><net_src comp="322" pin="1"/><net_sink comp="330" pin=0"/></net>

<net id="339"><net_src comp="326" pin="1"/><net_sink comp="335" pin=0"/></net>

<net id="344"><net_src comp="78" pin="0"/><net_sink comp="340" pin=0"/></net>

<net id="352"><net_src comp="345" pin="1"/><net_sink comp="348" pin=0"/></net>

<net id="357"><net_src comp="345" pin="1"/><net_sink comp="353" pin=0"/></net>

<net id="358"><net_src comp="80" pin="0"/><net_sink comp="353" pin=1"/></net>

<net id="369"><net_src comp="345" pin="1"/><net_sink comp="365" pin=0"/></net>

<net id="374"><net_src comp="353" pin="2"/><net_sink comp="370" pin=0"/></net>

<net id="378"><net_src comp="90" pin="1"/><net_sink comp="375" pin=0"/></net>

<net id="379"><net_src comp="375" pin="1"/><net_sink comp="340" pin=1"/></net>

<net id="380"><net_src comp="375" pin="1"/><net_sink comp="345" pin=0"/></net>

<net id="381"><net_src comp="375" pin="1"/><net_sink comp="370" pin=1"/></net>

<net id="385"><net_src comp="94" pin="1"/><net_sink comp="382" pin=0"/></net>

<net id="386"><net_src comp="382" pin="1"/><net_sink comp="335" pin=1"/></net>

<net id="387"><net_src comp="382" pin="1"/><net_sink comp="359" pin=0"/></net>

<net id="388"><net_src comp="382" pin="1"/><net_sink comp="174" pin=26"/></net>

<net id="392"><net_src comp="98" pin="1"/><net_sink comp="389" pin=0"/></net>

<net id="393"><net_src comp="389" pin="1"/><net_sink comp="330" pin=1"/></net>

<net id="394"><net_src comp="389" pin="1"/><net_sink comp="362" pin=0"/></net>

<net id="395"><net_src comp="389" pin="1"/><net_sink comp="174" pin=25"/></net>

<net id="399"><net_src comp="102" pin="2"/><net_sink comp="396" pin=0"/></net>

<net id="400"><net_src comp="396" pin="1"/><net_sink comp="348" pin=1"/></net>

<net id="404"><net_src comp="108" pin="2"/><net_sink comp="401" pin=0"/></net>

<net id="405"><net_src comp="401" pin="1"/><net_sink comp="174" pin=3"/></net>

<net id="409"><net_src comp="114" pin="2"/><net_sink comp="406" pin=0"/></net>

<net id="410"><net_src comp="406" pin="1"/><net_sink comp="174" pin=13"/></net>

<net id="414"><net_src comp="216" pin="2"/><net_sink comp="411" pin=0"/></net>

<net id="415"><net_src comp="411" pin="1"/><net_sink comp="174" pin=9"/></net>

<net id="419"><net_src comp="126" pin="2"/><net_sink comp="416" pin=0"/></net>

<net id="420"><net_src comp="416" pin="1"/><net_sink comp="174" pin=14"/></net>

<net id="424"><net_src comp="222" pin="1"/><net_sink comp="421" pin=0"/></net>

<net id="425"><net_src comp="421" pin="1"/><net_sink comp="174" pin=21"/></net>

<net id="429"><net_src comp="150" pin="2"/><net_sink comp="426" pin=0"/></net>

<net id="430"><net_src comp="426" pin="1"/><net_sink comp="174" pin=16"/></net>

<net id="434"><net_src comp="156" pin="2"/><net_sink comp="431" pin=0"/></net>

<net id="435"><net_src comp="431" pin="1"/><net_sink comp="174" pin=24"/></net>

<net id="439"><net_src comp="162" pin="2"/><net_sink comp="436" pin=0"/></net>

<net id="440"><net_src comp="436" pin="1"/><net_sink comp="174" pin=22"/></net>

<net id="444"><net_src comp="168" pin="2"/><net_sink comp="441" pin=0"/></net>

<net id="445"><net_src comp="441" pin="1"/><net_sink comp="365" pin=1"/></net>

<net id="449"><net_src comp="232" pin="3"/><net_sink comp="446" pin=0"/></net>

<net id="450"><net_src comp="446" pin="1"/><net_sink comp="174" pin=5"/></net>

<net id="454"><net_src comp="240" pin="2"/><net_sink comp="451" pin=0"/></net>

<net id="455"><net_src comp="451" pin="1"/><net_sink comp="174" pin=18"/></net>

<net id="459"><net_src comp="246" pin="2"/><net_sink comp="456" pin=0"/></net>

<net id="460"><net_src comp="456" pin="1"/><net_sink comp="174" pin=17"/></net>

<net id="464"><net_src comp="256" pin="2"/><net_sink comp="461" pin=0"/></net>

<net id="465"><net_src comp="461" pin="1"/><net_sink comp="174" pin=7"/></net>

<net id="469"><net_src comp="270" pin="2"/><net_sink comp="466" pin=0"/></net>

<net id="470"><net_src comp="466" pin="1"/><net_sink comp="174" pin=10"/></net>

<net id="474"><net_src comp="284" pin="2"/><net_sink comp="471" pin=0"/></net>

<net id="475"><net_src comp="471" pin="1"/><net_sink comp="174" pin=8"/></net>

<net id="479"><net_src comp="290" pin="1"/><net_sink comp="476" pin=0"/></net>

<net id="480"><net_src comp="476" pin="1"/><net_sink comp="174" pin=6"/></net>

<net id="484"><net_src comp="304" pin="2"/><net_sink comp="481" pin=0"/></net>

<net id="485"><net_src comp="481" pin="1"/><net_sink comp="174" pin=20"/></net>

<net id="489"><net_src comp="310" pin="1"/><net_sink comp="486" pin=0"/></net>

<net id="490"><net_src comp="486" pin="1"/><net_sink comp="174" pin=4"/></net>

<net id="494"><net_src comp="314" pin="3"/><net_sink comp="491" pin=0"/></net>

<net id="495"><net_src comp="491" pin="1"/><net_sink comp="174" pin=19"/></net>

<net id="499"><net_src comp="345" pin="1"/><net_sink comp="496" pin=0"/></net>

<net id="500"><net_src comp="496" pin="1"/><net_sink comp="174" pin=15"/></net>

<net id="507"><net_src comp="359" pin="1"/><net_sink comp="504" pin=0"/></net>

<net id="508"><net_src comp="504" pin="1"/><net_sink comp="174" pin=2"/></net>

<net id="512"><net_src comp="362" pin="1"/><net_sink comp="509" pin=0"/></net>

<net id="513"><net_src comp="509" pin="1"/><net_sink comp="174" pin=1"/></net>

<net id="517"><net_src comp="365" pin="2"/><net_sink comp="514" pin=0"/></net>

<net id="518"><net_src comp="514" pin="1"/><net_sink comp="174" pin=23"/></net>

</net_list>

</model> 
---------------- Datapath Model END ------------------

* FSMD analyzer results:
  - Output states:
	Port: ovrlayYUV | {3 4 }
	Port: boxHCoord | {3 4 }
	Port: boxVCoord | {3 4 }
	Port: vDir | {3 4 }
	Port: hDir | {3 4 }
 - Input state : 
	Port: tpgForeground : bckgndYUV | {3 4 }
	Port: tpgForeground : height | {1 }
	Port: tpgForeground : width | {1 }
	Port: tpgForeground : ovrlayId | {1 }
	Port: tpgForeground : maskId | {1 }
	Port: tpgForeground : colorFormat | {1 }
	Port: tpgForeground : crossHairX | {1 }
	Port: tpgForeground : crossHairY | {1 }
	Port: tpgForeground : boxSize | {1 }
	Port: tpgForeground : boxColorR | {1 }
	Port: tpgForeground : boxColorG | {1 }
	Port: tpgForeground : boxColorB | {1 }
	Port: tpgForeground : motionSpeed | {1 }
	Port: tpgForeground : boxHCoord | {1 }
	Port: tpgForeground : boxVCoord | {1 }
	Port: tpgForeground : vDir | {3 4 }
	Port: tpgForeground : hDir | {3 4 }
	Port: tpgForeground : whiYuv_2 | {3 4 }
  - Chain level:
	State 1
		pixOut_val_V : 1
		and4_i : 1
		and10_i : 1
		and26_i : 1
		icmp : 1
		store_ln727 : 1
		store_ln727 : 1
		store_ln727 : 1
	State 2
		icmp_ln727 : 1
		y_2 : 1
		br_ln727 : 2
		cmp2_i : 1
		store_ln727 : 2
	State 3
	State 4


============================================================
+ Verbose Summary: Datapath Resource usage 
============================================================

* Functional unit list:
|----------|----------------------------------------------------|---------|---------|---------|
| Operation|                   Functional Unit                  |  Delay  |    FF   |   LUT   |
|----------|----------------------------------------------------|---------|---------|---------|
|   call   | grp_tpgForeground_Pipeline_VITIS_LOOP_729_2_fu_174 |  1.581  |   359   |   433   |
|----------|----------------------------------------------------|---------|---------|---------|
|          |                    tobool_fu_216                   |    0    |    0    |    11   |
|          |                   cmp31_i_fu_226                   |    0    |    0    |    11   |
|   icmp   |                     icmp_fu_304                    |    0    |    0    |    10   |
|          |                  icmp_ln727_fu_348                 |    0    |    0    |    13   |
|          |                    cmp2_i_fu_365                   |    0    |    0    |    13   |
|----------|----------------------------------------------------|---------|---------|---------|
|    sub   |                     hMax_fu_240                    |    0    |    0    |    23   |
|          |                     vMax_fu_246                    |    0    |    0    |    23   |
|----------|----------------------------------------------------|---------|---------|---------|
|    add   |                     y_2_fu_353                     |    0    |    0    |    23   |
|----------|----------------------------------------------------|---------|---------|---------|
|  select  |                 pixOut_val_V_fu_232                |    0    |    0    |    8    |
|----------|----------------------------------------------------|---------|---------|---------|
|          |                    and4_i_fu_256                   |    0    |    0    |    2    |
|    and   |                   and10_i_fu_270                   |    0    |    0    |    2    |
|          |                   and26_i_fu_284                   |    0    |    0    |    2    |
|----------|----------------------------------------------------|---------|---------|---------|
|          |               loopHeight_read_fu_102               |    0    |    0    |    0    |
|          |                loopWidth_read_fu_108               |    0    |    0    |    0    |
|          |              ovrlayId_read_read_fu_114             |    0    |    0    |    0    |
|          |               maskId_read_read_fu_120              |    0    |    0    |    0    |
|          |              boxSize_read_read_fu_126              |    0    |    0    |    0    |
|   read   |             boxColorR_read_read_fu_132             |    0    |    0    |    0    |
|          |             boxColorG_read_read_fu_138             |    0    |    0    |    0    |
|          |             boxColorB_read_read_fu_144             |    0    |    0    |    0    |
|          |            motionSpeed_read_read_fu_150            |    0    |    0    |    0    |
|          |            colorFormat_read_read_fu_156            |    0    |    0    |    0    |
|          |             crossHairX_read_read_fu_162            |    0    |    0    |    0    |
|          |             crossHairY_read_read_fu_168            |    0    |    0    |    0    |
|----------|----------------------------------------------------|---------|---------|---------|
|          |                    empty_fu_222                    |    0    |    0    |    0    |
|   trunc  |                   empty_66_fu_252                  |    0    |    0    |    0    |
|          |                   empty_67_fu_290                  |    0    |    0    |    0    |
|          |                   empty_68_fu_310                  |    0    |    0    |    0    |
|----------|----------------------------------------------------|---------|---------|---------|
| bitselect|                     tmp_fu_262                     |    0    |    0    |    0    |
|          |                    tmp_2_fu_276                    |    0    |    0    |    0    |
|----------|----------------------------------------------------|---------|---------|---------|
|partselect|                    tmp_3_fu_294                    |    0    |    0    |    0    |
|----------|----------------------------------------------------|---------|---------|---------|
|bitconcatenate|                    shl_i_fu_314                    |    0    |    0    |    0    |
|----------|----------------------------------------------------|---------|---------|---------|
|   Total  |                                                    |  1.581  |   359   |   574   |
|----------|----------------------------------------------------|---------|---------|---------|

Memories:
N/A

* Register list:
+----------------------------+--------+
|                            |   FF   |
+----------------------------+--------+
|       and10_i_reg_466      |    1   |
|       and26_i_reg_471      |    1   |
|       and4_i_reg_461       |    1   |
|boxHCoord_loc_0_load_reg_509|   16   |
|   boxHCoord_loc_0_reg_389  |   16   |
|    boxSize_read_reg_416    |   16   |
|boxVCoord_loc_0_load_reg_504|   16   |
|   boxVCoord_loc_0_reg_382  |   16   |
|       cmp2_i_reg_514       |    1   |
|  colorFormat_read_reg_431  |    8   |
|   crossHairX_read_reg_436  |   16   |
|   crossHairY_read_reg_441  |   16   |
|      empty_67_reg_476      |    8   |
|      empty_68_reg_486      |    8   |
|        empty_reg_421       |    8   |
|        hMax_reg_451        |   16   |
|        icmp_reg_481        |    1   |
|     loopHeight_reg_396     |   16   |
|      loopWidth_reg_401     |   16   |
|  motionSpeed_read_reg_426  |    8   |
|    ovrlayId_read_reg_406   |    8   |
|    pixOut_val_V_reg_446    |    8   |
|        shl_i_reg_491       |    9   |
|       tobool_reg_411       |    1   |
|        vMax_reg_456        |   16   |
|         y_1_reg_496        |   16   |
|          y_reg_375         |   16   |
+----------------------------+--------+
|            Total           |   279  |
+----------------------------+--------+

* Multiplexer (MUX) list: 
|--------|------|------|------|--------|
|  Comp  |  Pin | Size |  BW  | S x BW |
|--------|------|------|------|--------|
|  Total |      |      |      |    0   |
|--------|------|------|------|--------|



* Summary:
+-----------+--------+--------+--------+
|           |  Delay |   FF   |   LUT  |
+-----------+--------+--------+--------+
|  Function |    1   |   359  |   574  |
|   Memory  |    -   |    -   |    -   |
|Multiplexer|    -   |    -   |    -   |
|  Register |    -   |   279  |    -   |
+-----------+--------+--------+--------+
|   Total   |    1   |   638  |   574  |
+-----------+--------+--------+--------+
