

================================================================
== Vitis HLS Report for 'v_tpgHlsDataFlow'
================================================================
* Date:           Fri Nov 22 00:26:49 2024

* Version:        2022.2 (Build 3670227 on Oct 13 2022)
* Project:        prj
* Solution:       sol (Vivado IP Flow Target)
* Product family: spartan7
* Target device:  xc7s50-csga324-1


================================================================
== Performance Estimates
================================================================
+ Timing: 
    * Summary: 
    +--------+----------+----------+------------+
    |  Clock |  Target  | Estimated| Uncertainty|
    +--------+----------+----------+------------+
    |ap_clk  |  12.00 ns|  8.015 ns|     3.24 ns|
    +--------+----------+----------+------------+

+ Latency: 
    * Summary: 
    +---------+---------+----------+----------+-----+-----+----------+
    |  Latency (cycles) |  Latency (absolute) |  Interval | Pipeline |
    |   min   |   max   |    min   |    max   | min | max |   Type   |
    +---------+---------+----------+----------+-----+-----+----------+
    |        ?|        ?|         ?|         ?|    ?|    ?|  dataflow|
    +---------+---------+----------+----------+-----+-----+----------+

    + Detail: 
        * Instance: 
        N/A

        * Loop: 
        N/A

============================================================
+ Verbose Summary: Synthesis Manager
============================================================
InlineROM: 1
ExposeGlobal: 0
============================================================
+ Verbose Summary: CDFG Model
============================================================
IsTopModel: 0
ResetActiveHigh: 1
IsCombinational: 2
IsDatapathOnly: 0
HasWiredReturn: 1
HasMFsm: 0
HasVarLatency: 1
IsPipeline: 0
IsRtlPipelined: 0
IsInstanceOverlapped: 0
IsDontTouch: 0
HasImplIP: 0
IsGatedGlobalClock: 0


============================================================
+ Verbose Summary: Schedule
============================================================
* Number of FSM states : 6
* Pipeline : 0
* Dataflow Pipeline: 1
  DF-Pipeline-0: Size = 6, States = { 1 2 3 4 5 6 }

* FSM state transitions: 
1 --> 2 
2 --> 3 
3 --> 4 
4 --> 5 
5 --> 6 
6 --> 

* FSM state operations: 

State 1 <SV = 0> <Delay = 4.00>
ST_1 : Operation 7 [1/1] (0.00ns)   --->   "%bckgndYUV = alloca i64 1"   --->   Operation 7 'alloca' 'bckgndYUV' <Predicate = true> <Delay = 0.00> <CoreInst = "FIFO_SRL">   --->   Core 81 'FIFO_SRL' <Latency = 0> <II = 1> <Delay = 3.57> <Storage> <Opcode : 'read' 'write' 'nbread' 'nbwrite'> <Ports = 0> <Width = 24> <Depth = 16> <FIFO>
ST_1 : Operation 8 [1/1] (0.00ns)   --->   "%ovrlayYUV = alloca i64 1"   --->   Operation 8 'alloca' 'ovrlayYUV' <Predicate = true> <Delay = 0.00> <CoreInst = "FIFO_SRL">   --->   Core 81 'FIFO_SRL' <Latency = 0> <II = 1> <Delay = 3.57> <Storage> <Opcode : 'read' 'write' 'nbread' 'nbwrite'> <Ports = 0> <Width = 24> <Depth = 16> <FIFO>
ST_1 : Operation 9 [2/2] (4.00ns)   --->   "%call_ln300 = call void @tpgBackground, i16 %height, i16 %width, i8 %bckgndId, i16 %ZplateHorContStart, i16 %ZplateHorContDelta, i16 %ZplateVerContStart, i16 %ZplateVerContDelta, i8 %dpDynamicRange, i8 %dpYUVCoef, i8 %motionSpeed, i8 %colorFormat, i24 %bckgndYUV, i8 %rampStart, i16 %rampVal_1, i8 %rampVal, i8 %hBarSel_2, i16 %zonePlateVAddr, i3 %vBarSel, i3 %hBarSel, i16 %hdata, i8 %vBarSel_2, i3 %hBarSel_3, i16 %rampVal_2, i1 %vBarSel_1, i3 %hBarSel_1, i8 %redYuv, i8 %grnYuv, i8 %bluYuv, i8 %blkYuv, i8 %whiYuv, i2 %tpgBarSelRgb_r, i8 %tpgBarSelYuv_y, i2 %tpgBarSelRgb_g, i8 %tpgBarSelYuv_u, i8 %tpgBarSelYuv_v, i11 %xBar_V, i32 %s, i2 %tpgBarSelRgb_b, i20 %tpgSinTableArray, i16 %zonePlateVDelta, i3 %tpgTartanBarArray, i10 %xCount_V, i10 %yCount_V, i10 %xCount_V_2, i1 %vHatch, i10 %yCount_V_2, i8 %whiYuv_1, i8 %blkYuv_1, i8 %tpgSinTableArray_9bit_0, i8 %tpgSinTableArray_9bit_1, i9 %tpgSinTableArray_9bit_2, i8 %tpgSinTableArray_9bit_3, i8 %tpgSinTableArray_9bit_4, i2 %tpgCheckerBoardArray, i10 %xCount_V_3, i10 %yCount_V_3, i28 %rSerie_V, i28 %gSerie_V, i28 %bSerie_V, i2 %DPtpgBarSelRgb_VESA_r, i2 %DPtpgBarSelRgb_VESA_g, i2 %DPtpgBarSelRgb_VESA_b, i3 %DPtpgBarArray, i10 %xCount_V_1, i6 %yCount_V_1, i6 %DPtpgBarSelRgb_CEA_r, i6 %DPtpgBarSelRgb_CEA_g, i6 %DPtpgBarSelRgb_CEA_b, i8 %DPtpgBarSelYuv_601_y, i8 %DPtpgBarSelYuv_601_v, i8 %DPtpgBarSelYuv_601_u, i8 %DPtpgBarSelYuv_709_y, i8 %DPtpgBarSelYuv_709_v, i8 %DPtpgBarSelYuv_709_u" [/home/sean/Downloads/git/ECE385_FP/VID_OE4/VID_OE4.runs/vid_oe4_v_tpg_0_0_synth_1/prj/sol/.autopilot/db/v_tpg.cpp:300]   --->   Operation 9 'call' 'call_ln300' <Predicate = true> <Delay = 4.00> <CoreType = "Generic">   --->   Core 0 '' <Latency = 0> <II = 1> <Delay = 1.00> <Generic> <Opcode : >

State 2 <SV = 1> <Delay = 0.00>
ST_2 : Operation 10 [1/2] (0.00ns)   --->   "%call_ln300 = call void @tpgBackground, i16 %height, i16 %width, i8 %bckgndId, i16 %ZplateHorContStart, i16 %ZplateHorContDelta, i16 %ZplateVerContStart, i16 %ZplateVerContDelta, i8 %dpDynamicRange, i8 %dpYUVCoef, i8 %motionSpeed, i8 %colorFormat, i24 %bckgndYUV, i8 %rampStart, i16 %rampVal_1, i8 %rampVal, i8 %hBarSel_2, i16 %zonePlateVAddr, i3 %vBarSel, i3 %hBarSel, i16 %hdata, i8 %vBarSel_2, i3 %hBarSel_3, i16 %rampVal_2, i1 %vBarSel_1, i3 %hBarSel_1, i8 %redYuv, i8 %grnYuv, i8 %bluYuv, i8 %blkYuv, i8 %whiYuv, i2 %tpgBarSelRgb_r, i8 %tpgBarSelYuv_y, i2 %tpgBarSelRgb_g, i8 %tpgBarSelYuv_u, i8 %tpgBarSelYuv_v, i11 %xBar_V, i32 %s, i2 %tpgBarSelRgb_b, i20 %tpgSinTableArray, i16 %zonePlateVDelta, i3 %tpgTartanBarArray, i10 %xCount_V, i10 %yCount_V, i10 %xCount_V_2, i1 %vHatch, i10 %yCount_V_2, i8 %whiYuv_1, i8 %blkYuv_1, i8 %tpgSinTableArray_9bit_0, i8 %tpgSinTableArray_9bit_1, i9 %tpgSinTableArray_9bit_2, i8 %tpgSinTableArray_9bit_3, i8 %tpgSinTableArray_9bit_4, i2 %tpgCheckerBoardArray, i10 %xCount_V_3, i10 %yCount_V_3, i28 %rSerie_V, i28 %gSerie_V, i28 %bSerie_V, i2 %DPtpgBarSelRgb_VESA_r, i2 %DPtpgBarSelRgb_VESA_g, i2 %DPtpgBarSelRgb_VESA_b, i3 %DPtpgBarArray, i10 %xCount_V_1, i6 %yCount_V_1, i6 %DPtpgBarSelRgb_CEA_r, i6 %DPtpgBarSelRgb_CEA_g, i6 %DPtpgBarSelRgb_CEA_b, i8 %DPtpgBarSelYuv_601_y, i8 %DPtpgBarSelYuv_601_v, i8 %DPtpgBarSelYuv_601_u, i8 %DPtpgBarSelYuv_709_y, i8 %DPtpgBarSelYuv_709_v, i8 %DPtpgBarSelYuv_709_u" [/home/sean/Downloads/git/ECE385_FP/VID_OE4/VID_OE4.runs/vid_oe4_v_tpg_0_0_synth_1/prj/sol/.autopilot/db/v_tpg.cpp:300]   --->   Operation 10 'call' 'call_ln300' <Predicate = true> <Delay = 0.00> <CoreType = "Generic">   --->   Core 0 '' <Latency = 0> <II = 1> <Delay = 1.00> <Generic> <Opcode : >

State 3 <SV = 2> <Delay = 2.86>
ST_3 : Operation 11 [2/2] (2.86ns)   --->   "%call_ln313 = call void @tpgForeground, i24 %bckgndYUV, i16 %height, i16 %width, i8 %ovrlayId, i8 %maskId, i8 %colorFormat, i16 %crossHairX, i16 %crossHairY, i16 %boxSize, i16 %boxColorR, i16 %boxColorG, i16 %boxColorB, i8 %motionSpeed, i24 %ovrlayYUV, i16 %boxHCoord, i16 %boxVCoord, i1 %vDir, i1 %hDir, i8 %whiYuv_2" [/home/sean/Downloads/git/ECE385_FP/VID_OE4/VID_OE4.runs/vid_oe4_v_tpg_0_0_synth_1/prj/sol/.autopilot/db/v_tpg.cpp:313]   --->   Operation 11 'call' 'call_ln313' <Predicate = true> <Delay = 2.86> <CoreType = "Generic">   --->   Core 0 '' <Latency = 0> <II = 1> <Delay = 1.00> <Generic> <Opcode : >

State 4 <SV = 3> <Delay = 0.00>
ST_4 : Operation 12 [1/2] (0.00ns)   --->   "%call_ln313 = call void @tpgForeground, i24 %bckgndYUV, i16 %height, i16 %width, i8 %ovrlayId, i8 %maskId, i8 %colorFormat, i16 %crossHairX, i16 %crossHairY, i16 %boxSize, i16 %boxColorR, i16 %boxColorG, i16 %boxColorB, i8 %motionSpeed, i24 %ovrlayYUV, i16 %boxHCoord, i16 %boxVCoord, i1 %vDir, i1 %hDir, i8 %whiYuv_2" [/home/sean/Downloads/git/ECE385_FP/VID_OE4/VID_OE4.runs/vid_oe4_v_tpg_0_0_synth_1/prj/sol/.autopilot/db/v_tpg.cpp:313]   --->   Operation 12 'call' 'call_ln313' <Predicate = true> <Delay = 0.00> <CoreType = "Generic">   --->   Core 0 '' <Latency = 0> <II = 1> <Delay = 1.00> <Generic> <Opcode : >

State 5 <SV = 4> <Delay = 2.53>
ST_5 : Operation 13 [2/2] (2.53ns)   --->   "%call_ln354 = call void @MultiPixStream2AXIvideo, i24 %ovrlayYUV, i24 %m_axis_video_V_data_V, i3 %m_axis_video_V_keep_V, i3 %m_axis_video_V_strb_V, i1 %m_axis_video_V_user_V, i1 %m_axis_video_V_last_V, i1 %m_axis_video_V_id_V, i1 %m_axis_video_V_dest_V, i16 %height, i16 %width, i8 %colorFormat, i1 %fid_in, i1 %fid, i16 %field_id, i1 %fidStored, i16 %counter" [/home/sean/Downloads/git/ECE385_FP/VID_OE4/VID_OE4.runs/vid_oe4_v_tpg_0_0_synth_1/prj/sol/.autopilot/db/v_tpg.cpp:354]   --->   Operation 13 'call' 'call_ln354' <Predicate = true> <Delay = 2.53> <CoreType = "Generic">   --->   Core 0 '' <Latency = 0> <II = 1> <Delay = 1.00> <Generic> <Opcode : >

State 6 <SV = 5> <Delay = 1.96>
ST_6 : Operation 14 [1/1] (0.00ns)   --->   "%specdataflowpipeline_ln0 = specdataflowpipeline void @_ssdm_op_SpecDataflowPipeline, i32 4294967295, i32 0, void @empty_0"   --->   Operation 14 'specdataflowpipeline' 'specdataflowpipeline_ln0' <Predicate = true> <Delay = 0.00>
ST_6 : Operation 15 [1/1] (0.00ns)   --->   "%specaxissidechannel_ln0 = specaxissidechannel void @_ssdm_op_SpecAXISSideChannel, i24 %m_axis_video_V_data_V, i3 %m_axis_video_V_keep_V, i3 %m_axis_video_V_strb_V, i1 %m_axis_video_V_user_V, i1 %m_axis_video_V_last_V, i1 %m_axis_video_V_id_V, i1 %m_axis_video_V_dest_V, void @empty_6"   --->   Operation 15 'specaxissidechannel' 'specaxissidechannel_ln0' <Predicate = true> <Delay = 0.00>
ST_6 : Operation 16 [1/1] (0.00ns)   --->   "%specstablecontent_ln0 = specstablecontent void @_ssdm_op_SpecStableContent, i8 %dpYUVCoef, void "   --->   Operation 16 'specstablecontent' 'specstablecontent_ln0' <Predicate = true> <Delay = 0.00>
ST_6 : Operation 17 [1/1] (0.00ns)   --->   "%specstablecontent_ln0 = specstablecontent void @_ssdm_op_SpecStableContent, i8 %dpDynamicRange, void "   --->   Operation 17 'specstablecontent' 'specstablecontent_ln0' <Predicate = true> <Delay = 0.00>
ST_6 : Operation 18 [1/1] (0.00ns)   --->   "%specstablecontent_ln0 = specstablecontent void @_ssdm_op_SpecStableContent, i16 %boxColorB, void "   --->   Operation 18 'specstablecontent' 'specstablecontent_ln0' <Predicate = true> <Delay = 0.00>
ST_6 : Operation 19 [1/1] (0.00ns)   --->   "%specstablecontent_ln0 = specstablecontent void @_ssdm_op_SpecStableContent, i16 %boxColorG, void "   --->   Operation 19 'specstablecontent' 'specstablecontent_ln0' <Predicate = true> <Delay = 0.00>
ST_6 : Operation 20 [1/1] (0.00ns)   --->   "%specstablecontent_ln0 = specstablecontent void @_ssdm_op_SpecStableContent, i16 %boxColorR, void "   --->   Operation 20 'specstablecontent' 'specstablecontent_ln0' <Predicate = true> <Delay = 0.00>
ST_6 : Operation 21 [1/1] (0.00ns)   --->   "%specstablecontent_ln0 = specstablecontent void @_ssdm_op_SpecStableContent, i16 %boxSize, void "   --->   Operation 21 'specstablecontent' 'specstablecontent_ln0' <Predicate = true> <Delay = 0.00>
ST_6 : Operation 22 [1/1] (0.00ns)   --->   "%specstablecontent_ln0 = specstablecontent void @_ssdm_op_SpecStableContent, i16 %ZplateVerContDelta, void "   --->   Operation 22 'specstablecontent' 'specstablecontent_ln0' <Predicate = true> <Delay = 0.00>
ST_6 : Operation 23 [1/1] (0.00ns)   --->   "%specstablecontent_ln0 = specstablecontent void @_ssdm_op_SpecStableContent, i16 %ZplateVerContStart, void "   --->   Operation 23 'specstablecontent' 'specstablecontent_ln0' <Predicate = true> <Delay = 0.00>
ST_6 : Operation 24 [1/1] (0.00ns)   --->   "%specstablecontent_ln0 = specstablecontent void @_ssdm_op_SpecStableContent, i16 %ZplateHorContDelta, void "   --->   Operation 24 'specstablecontent' 'specstablecontent_ln0' <Predicate = true> <Delay = 0.00>
ST_6 : Operation 25 [1/1] (0.00ns)   --->   "%specstablecontent_ln0 = specstablecontent void @_ssdm_op_SpecStableContent, i16 %ZplateHorContStart, void "   --->   Operation 25 'specstablecontent' 'specstablecontent_ln0' <Predicate = true> <Delay = 0.00>
ST_6 : Operation 26 [1/1] (0.00ns)   --->   "%specstablecontent_ln0 = specstablecontent void @_ssdm_op_SpecStableContent, i16 %crossHairY, void "   --->   Operation 26 'specstablecontent' 'specstablecontent_ln0' <Predicate = true> <Delay = 0.00>
ST_6 : Operation 27 [1/1] (0.00ns)   --->   "%specstablecontent_ln0 = specstablecontent void @_ssdm_op_SpecStableContent, i16 %crossHairX, void "   --->   Operation 27 'specstablecontent' 'specstablecontent_ln0' <Predicate = true> <Delay = 0.00>
ST_6 : Operation 28 [1/1] (0.00ns)   --->   "%specstablecontent_ln0 = specstablecontent void @_ssdm_op_SpecStableContent, i8 %colorFormat, void "   --->   Operation 28 'specstablecontent' 'specstablecontent_ln0' <Predicate = true> <Delay = 0.00>
ST_6 : Operation 29 [1/1] (0.00ns)   --->   "%specstablecontent_ln0 = specstablecontent void @_ssdm_op_SpecStableContent, i8 %motionSpeed, void "   --->   Operation 29 'specstablecontent' 'specstablecontent_ln0' <Predicate = true> <Delay = 0.00>
ST_6 : Operation 30 [1/1] (0.00ns)   --->   "%specstablecontent_ln0 = specstablecontent void @_ssdm_op_SpecStableContent, i8 %maskId, void "   --->   Operation 30 'specstablecontent' 'specstablecontent_ln0' <Predicate = true> <Delay = 0.00>
ST_6 : Operation 31 [1/1] (0.00ns)   --->   "%specstablecontent_ln0 = specstablecontent void @_ssdm_op_SpecStableContent, i8 %ovrlayId, void "   --->   Operation 31 'specstablecontent' 'specstablecontent_ln0' <Predicate = true> <Delay = 0.00>
ST_6 : Operation 32 [1/1] (0.00ns)   --->   "%specstablecontent_ln0 = specstablecontent void @_ssdm_op_SpecStableContent, i8 %bckgndId, void "   --->   Operation 32 'specstablecontent' 'specstablecontent_ln0' <Predicate = true> <Delay = 0.00>
ST_6 : Operation 33 [1/1] (0.00ns)   --->   "%specstablecontent_ln0 = specstablecontent void @_ssdm_op_SpecStableContent, i1 %fid_in, void "   --->   Operation 33 'specstablecontent' 'specstablecontent_ln0' <Predicate = true> <Delay = 0.00>
ST_6 : Operation 34 [1/1] (0.00ns)   --->   "%specstablecontent_ln0 = specstablecontent void @_ssdm_op_SpecStableContent, i16 %field_id, void "   --->   Operation 34 'specstablecontent' 'specstablecontent_ln0' <Predicate = true> <Delay = 0.00>
ST_6 : Operation 35 [1/1] (0.00ns)   --->   "%specstablecontent_ln0 = specstablecontent void @_ssdm_op_SpecStableContent, i16 %height, void "   --->   Operation 35 'specstablecontent' 'specstablecontent_ln0' <Predicate = true> <Delay = 0.00>
ST_6 : Operation 36 [1/1] (0.00ns)   --->   "%specstablecontent_ln0 = specstablecontent void @_ssdm_op_SpecStableContent, i16 %width, void "   --->   Operation 36 'specstablecontent' 'specstablecontent_ln0' <Predicate = true> <Delay = 0.00>
ST_6 : Operation 37 [1/1] (0.00ns)   --->   "%specinterface_ln0 = specinterface void @_ssdm_op_SpecInterface, i1 %m_axis_video_V_dest_V, i1 %m_axis_video_V_id_V, i1 %m_axis_video_V_last_V, i1 %m_axis_video_V_user_V, i3 %m_axis_video_V_strb_V, i3 %m_axis_video_V_keep_V, i24 %m_axis_video_V_data_V, void @empty_23, i32 0, i32 0, void @empty_13, i32 0, i32 0, void @empty_0, void @empty_0, void @empty_0, i32 0, i32 0, i32 0, i32 0, void @empty_0, void @empty_0, i32 4294967295, i32 0"   --->   Operation 37 'specinterface' 'specinterface_ln0' <Predicate = true> <Delay = 0.00>
ST_6 : Operation 38 [1/1] (0.00ns)   --->   "%empty = specchannel i32 @_ssdm_op_SpecChannel, void @bckgndYUV_str, i32 1, void @p_str, void @p_str, i32 16, i32 16, i24 %bckgndYUV, i24 %bckgndYUV"   --->   Operation 38 'specchannel' 'empty' <Predicate = true> <Delay = 0.00>
ST_6 : Operation 39 [1/1] (0.00ns)   --->   "%specinterface_ln0 = specinterface void @_ssdm_op_SpecInterface, i24 %bckgndYUV, void @empty_10, i32 0, i32 0, void @empty_0, i32 0, i32 0, void @empty_0, void @empty_0, void @empty_0, i32 0, i32 0, i32 0, i32 0, void @empty_0, void @empty_0, i32 4294967295, i32 0"   --->   Operation 39 'specinterface' 'specinterface_ln0' <Predicate = true> <Delay = 0.00>
ST_6 : Operation 40 [1/1] (0.00ns)   --->   "%empty_63 = specchannel i32 @_ssdm_op_SpecChannel, void @ovrlayYUV_str, i32 1, void @p_str, void @p_str, i32 16, i32 16, i24 %ovrlayYUV, i24 %ovrlayYUV"   --->   Operation 40 'specchannel' 'empty_63' <Predicate = true> <Delay = 0.00>
ST_6 : Operation 41 [1/1] (0.00ns)   --->   "%specinterface_ln0 = specinterface void @_ssdm_op_SpecInterface, i24 %ovrlayYUV, void @empty_10, i32 0, i32 0, void @empty_0, i32 0, i32 0, void @empty_0, void @empty_0, void @empty_0, i32 0, i32 0, i32 0, i32 0, void @empty_0, void @empty_0, i32 4294967295, i32 0"   --->   Operation 41 'specinterface' 'specinterface_ln0' <Predicate = true> <Delay = 0.00>
ST_6 : Operation 42 [1/2] (1.96ns)   --->   "%call_ln354 = call void @MultiPixStream2AXIvideo, i24 %ovrlayYUV, i24 %m_axis_video_V_data_V, i3 %m_axis_video_V_keep_V, i3 %m_axis_video_V_strb_V, i1 %m_axis_video_V_user_V, i1 %m_axis_video_V_last_V, i1 %m_axis_video_V_id_V, i1 %m_axis_video_V_dest_V, i16 %height, i16 %width, i8 %colorFormat, i1 %fid_in, i1 %fid, i16 %field_id, i1 %fidStored, i16 %counter" [/home/sean/Downloads/git/ECE385_FP/VID_OE4/VID_OE4.runs/vid_oe4_v_tpg_0_0_synth_1/prj/sol/.autopilot/db/v_tpg.cpp:354]   --->   Operation 42 'call' 'call_ln354' <Predicate = true> <Delay = 1.96> <CoreType = "Generic">   --->   Core 0 '' <Latency = 0> <II = 1> <Delay = 1.00> <Generic> <Opcode : >
ST_6 : Operation 43 [1/1] (0.00ns)   --->   "%ret_ln356 = ret" [/home/sean/Downloads/git/ECE385_FP/VID_OE4/VID_OE4.runs/vid_oe4_v_tpg_0_0_synth_1/prj/sol/.autopilot/db/v_tpg.cpp:356]   --->   Operation 43 'ret' 'ret_ln356' <Predicate = true> <Delay = 0.00>


============================================================
+ Verbose Summary: Timing violations
============================================================
Target clock period: 12ns, clock uncertainty: 3.24ns.

 <State 1>: 4.01ns
The critical path consists of the following:
	'alloca' operation ('bckgndYUV') [123]  (0 ns)
	'call' operation ('call_ln300', /home/sean/Downloads/git/ECE385_FP/VID_OE4/VID_OE4.runs/vid_oe4_v_tpg_0_0_synth_1/prj/sol/.autopilot/db/v_tpg.cpp:300) to 'tpgBackground' [129]  (4.01 ns)

 <State 2>: 0ns
The critical path consists of the following:

 <State 3>: 2.87ns
The critical path consists of the following:
	'call' operation ('call_ln313', /home/sean/Downloads/git/ECE385_FP/VID_OE4/VID_OE4.runs/vid_oe4_v_tpg_0_0_synth_1/prj/sol/.autopilot/db/v_tpg.cpp:313) to 'tpgForeground' [130]  (2.87 ns)

 <State 4>: 0ns
The critical path consists of the following:

 <State 5>: 2.53ns
The critical path consists of the following:
	'call' operation ('call_ln354', /home/sean/Downloads/git/ECE385_FP/VID_OE4/VID_OE4.runs/vid_oe4_v_tpg_0_0_synth_1/prj/sol/.autopilot/db/v_tpg.cpp:354) to 'MultiPixStream2AXIvideo' [131]  (2.53 ns)

 <State 6>: 1.97ns
The critical path consists of the following:
	'call' operation ('call_ln354', /home/sean/Downloads/git/ECE385_FP/VID_OE4/VID_OE4.runs/vid_oe4_v_tpg_0_0_synth_1/prj/sol/.autopilot/db/v_tpg.cpp:354) to 'MultiPixStream2AXIvideo' [131]  (1.97 ns)


============================================================
+ Verbose Summary: Binding
============================================================
N/A
* FSMD analyzer results:
  - Output states:
 - Input state : 
  - Chain level:
	State 1
	State 2
	State 3
	State 4
	State 5
	State 6


============================================================
+ Verbose Summary: Datapath Resource usage 
============================================================
N/A
