Vivado Simulator v2022.2
Copyright 1986-1999, 2001-2022 Xilinx, Inc. All Rights Reserved.
Running: /alottadata/tools/Xilinx/Vivado/2022.2/bin/unwrapped/lnx64.o/xelab --incr --debug typical --relax --mt 8 -L xil_defaultlib -L uvm -L unisims_ver -L unimacro_ver -L secureip -L xpm --snapshot sim_tb_top_behav xil_defaultlib.sim_tb_top xil_defaultlib.glbl -log elaborate.log 
Using 8 slave threads.
Starting static elaboration
Pass Through NonSizing Optimizer
WARNING: [VRFC 10-3091] actual bit length 12 differs from formal bit length 4 for port 'pi_dqs_found_lanes' [/home/sean/Downloads/git/ECE385_FP/example_dir/mig_7series_0_ex/mig_7series_0_ex.gen/sources_1/ip/mig_7series_0/mig_7series_0/user_design/rtl/phy/mig_7series_v4_2_ddr_mc_phy_wrapper.v:1671]
WARNING: [VRFC 10-3091] actual bit length 12 differs from formal bit length 4 for port 'pi_phase_locked_lanes' [/home/sean/Downloads/git/ECE385_FP/example_dir/mig_7series_0_ex/mig_7series_0_ex.gen/sources_1/ip/mig_7series_0/mig_7series_0/user_design/rtl/phy/mig_7series_v4_2_ddr_mc_phy_wrapper.v:1679]
WARNING: [VRFC 10-3091] actual bit length 12 differs from formal bit length 4 for port 'pi_dqs_found_lanes' [/home/sean/Downloads/git/ECE385_FP/example_dir/mig_7series_0_ex/mig_7series_0_ex.gen/sources_1/ip/mig_7series_0/mig_7series_0/user_design/rtl/phy/mig_7series_v4_2_ddr_phy_top.v:1340]
WARNING: [VRFC 10-3091] actual bit length 27 differs from formal bit length 32 for port 'memc_cmd_addr' [/home/sean/Downloads/git/ECE385_FP/example_dir/mig_7series_0_ex/imports/example_top.v:501]
WARNING: [VRFC 10-5021] port 'complex_oclk_prech_req' is not connected on this instance [/home/sean/Downloads/git/ECE385_FP/example_dir/mig_7series_0_ex/mig_7series_0_ex.gen/sources_1/ip/mig_7series_0/mig_7series_0/user_design/rtl/phy/mig_7series_v4_2_ddr_calib_top.v:1318]
WARNING: [VRFC 10-3705] select index 13 into 'addr' is out of bounds [/home/sean/Downloads/git/ECE385_FP/example_dir/mig_7series_0_ex/imports/ddr3_model.sv:1136]
WARNING: [VRFC 10-3705] select index 13 into 'addr' is out of bounds [/home/sean/Downloads/git/ECE385_FP/example_dir/mig_7series_0_ex/imports/ddr3_model.sv:1225]
WARNING: [VRFC 10-3705] select index 13 into 'addr' is out of bounds [/home/sean/Downloads/git/ECE385_FP/example_dir/mig_7series_0_ex/imports/ddr3_model.sv:1296]
WARNING: [VRFC 10-3705] select index 13 into 'addr' is out of bounds [/home/sean/Downloads/git/ECE385_FP/example_dir/mig_7series_0_ex/imports/ddr3_model.sv:1326]
Completed static elaboration
Starting simulation data flow analysis
Completed simulation data flow analysis
Time Resolution for simulation is 1fs
Compiling module xil_defaultlib.WireDelay(Delay_g=0.0,Delay_rd=0...
Compiling module unisims_ver.IDELAYCTRL_default
Compiling module xil_defaultlib.mig_7series_v4_2_iodelay_ctrl(IO...
Compiling module unisims_ver.IBUFDS(IBUF_LOW_PWR="FALSE")
Compiling module unisims_ver.IBUFGDS(IBUF_LOW_PWR="FALSE")
Compiling module xil_defaultlib.mig_7series_v4_2_clk_ibuf(DIFF_T...
Compiling module unisims_ver.XADC(INIT_40=16'b01000000000000,...
Compiling module xil_defaultlib.mig_7series_v4_2_tempmon_default
Compiling module unisims_ver.PLLE2_ADV(CLKFBOUT_MULT=13,CLKIN...
Compiling module unisims_ver.BUFG
Compiling module unisims_ver.BUFH
Compiling module unisims_ver.MMCME2_ADV(BANDWIDTH="HIGH",CLKF...
Compiling module xil_defaultlib.mig_7series_v4_2_infrastructure(...
Compiling module unisims_ver.SRLC32E_default
Compiling module xil_defaultlib.mig_7series_v4_2_rank_cntrl(DQRD...
Compiling module xil_defaultlib.mig_7series_v4_2_round_robin_arb...
Compiling module xil_defaultlib.mig_7series_v4_2_round_robin_arb...
Compiling module xil_defaultlib.mig_7series_v4_2_rank_common(MAI...
Compiling module xil_defaultlib.mig_7series_v4_2_rank_mach(CS_WI...
Compiling module xil_defaultlib.mig_7series_v4_2_bank_compare(CO...
Compiling module xil_defaultlib.mig_7series_v4_2_bank_state(BM_C...
Compiling module xil_defaultlib.mig_7series_v4_2_bank_queue(BM_C...
Compiling module xil_defaultlib.mig_7series_v4_2_bank_cntrl(BM_C...
Compiling module xil_defaultlib.mig_7series_v4_2_bank_state(BM_C...
Compiling module xil_defaultlib.mig_7series_v4_2_bank_queue(BM_C...
Compiling module xil_defaultlib.mig_7series_v4_2_bank_cntrl(BM_C...
Compiling module xil_defaultlib.mig_7series_v4_2_bank_common(BM_...
Compiling module xil_defaultlib.mig_7series_v4_2_round_robin_arb...
Compiling module xil_defaultlib.mig_7series_v4_2_arb_row_col(nBA...
Compiling module xil_defaultlib.mig_7series_v4_2_arb_select(BANK...
Compiling module xil_defaultlib.mig_7series_v4_2_arb_mux(BANK_VE...
Compiling module xil_defaultlib.mig_7series_v4_2_bank_mach(BM_CN...
Compiling module unisims_ver.RAM32M
Compiling module xil_defaultlib.mig_7series_v4_2_col_mach(COL_WI...
Compiling module xil_defaultlib.mig_7series_v4_2_mc(BM_CNT_WIDTH...
Compiling module unisims_ver.OBUF
Compiling module unisims_ver.OBUFT
Compiling module unisims_ver.IOBUF_INTERMDISABLE(IBUF_LOW_PWR...
Compiling module unisims_ver.IOBUFDS_INTERMDISABLE(DQS_BIAS="...
Compiling module xil_defaultlib.mig_7series_v4_2_ddr_of_pre_fifo...
Compiling module xil_defaultlib.mig_7series_v4_2_ddr_of_pre_fifo...
Compiling module unisims_ver.BUFIO
Compiling module xil_defaultlib.mig_7series_v4_2_ddr_of_pre_fifo...
Compiling module unisims_ver.PHASER_OUT_PHY(CLKOUT_DIV=2,FINE...
Compiling module unisims_ver.OUT_FIFO(ARRAY_MODE="ARRAY_MODE_...
Compiling module unisims_ver.OSERDESE2(INIT_TQ=1'b1,SRVAL_TQ=...
Compiling module xil_defaultlib.mig_7series_v4_2_ddr_byte_group_...
Compiling module unisims_ver.ODDR(DDR_CLK_EDGE="SAME_EDGE")
Compiling module unisims_ver.OBUFDS
Compiling module xil_defaultlib.mig_7series_v4_2_ddr_byte_lane(B...
Compiling module xil_defaultlib.mig_7series_v4_2_ddr_byte_group_...
Compiling module xil_defaultlib.mig_7series_v4_2_ddr_byte_lane(A...
Compiling module xil_defaultlib.mig_7series_v4_2_ddr_if_post_fif...
Compiling module unisims_ver.PHASER_IN_PHY(BURST_MODE="TRUE",...
Compiling module unisims_ver.PHASER_OUT_PHY(CLKOUT_DIV=2,DATA...
Compiling module unisims_ver.IN_FIFO(ARRAY_MODE="ARRAY_MODE_4...
Compiling module unisims_ver.ISERDESE2(INTERFACE_TYPE="MEMORY...
Compiling module unisims_ver.IDELAYE2(HIGH_PERFORMANCE_MODE="...
Compiling module unisims_ver.OSERDESE2(INIT_OQ=1'b1,INIT_TQ=1...
Compiling module unisims_ver.OSERDESE2(INIT_OQ=1'b1,INIT_TQ=1...
Compiling module xil_defaultlib.mig_7series_v4_2_ddr_byte_group_...
Compiling module xil_defaultlib.mig_7series_v4_2_ddr_byte_lane(A...
Compiling module unisims_ver.PHY_CONTROL(AO_TOGGLE=1,BURST_MO...
Compiling module unisims_ver.PHASER_REF
Compiling module xil_defaultlib.mig_7series_v4_2_ddr_phy_4lanes(...
WARNING: [VRFC 10-8809] cannot index into scalar type parameter/localparam 'PRESENT_DATA_A' [/home/sean/Downloads/git/ECE385_FP/example_dir/mig_7series_0_ex/mig_7series_0_ex.gen/sources_1/ip/mig_7series_0/mig_7series_0/user_design/rtl/phy/mig_7series_v4_2_ddr_phy_4lanes.v:709]
WARNING: [VRFC 10-8809] cannot index into scalar type parameter/localparam 'PRESENT_DATA_B' [/home/sean/Downloads/git/ECE385_FP/example_dir/mig_7series_0_ex/mig_7series_0_ex.gen/sources_1/ip/mig_7series_0/mig_7series_0/user_design/rtl/phy/mig_7series_v4_2_ddr_phy_4lanes.v:708]
WARNING: [VRFC 10-8809] cannot index into scalar type parameter/localparam 'PRESENT_DATA_C' [/home/sean/Downloads/git/ECE385_FP/example_dir/mig_7series_0_ex/mig_7series_0_ex.gen/sources_1/ip/mig_7series_0/mig_7series_0/user_design/rtl/phy/mig_7series_v4_2_ddr_phy_4lanes.v:707]
WARNING: [VRFC 10-8809] cannot index into scalar type parameter/localparam 'PRESENT_DATA_D' [/home/sean/Downloads/git/ECE385_FP/example_dir/mig_7series_0_ex/mig_7series_0_ex.gen/sources_1/ip/mig_7series_0/mig_7series_0/user_design/rtl/phy/mig_7series_v4_2_ddr_phy_4lanes.v:706]
Compiling module xil_defaultlib.mig_7series_v4_2_ddr_mc_phy(BYTE...
Compiling module xil_defaultlib.mig_7series_v4_2_ddr_mc_phy_wrap...
Compiling module xil_defaultlib.mig_7series_v4_2_ddr_prbs_gen(PR...
Compiling module xil_defaultlib.mig_7series_v4_2_ddr_phy_init(tC...
Compiling module xil_defaultlib.mig_7series_v4_2_ddr_phy_wrcal(C...
Compiling module xil_defaultlib.mig_7series_v4_2_ddr_phy_wrlvl(D...
Compiling module xil_defaultlib.mig_7series_v4_2_ddr_phy_ck_addr...
Compiling module xil_defaultlib.mig_7series_v4_2_ddr_phy_dqs_fou...
Compiling module xil_defaultlib.mig_7series_v4_2_ddr_phy_rdlvl(C...
Compiling module xil_defaultlib.mig_7series_v4_2_ddr_phy_tempmon...
Compiling module xil_defaultlib.mig_7series_v4_2_ddr_calib_top(t...
Compiling module xil_defaultlib.mig_7series_v4_2_ddr_phy_top(DDR...
Compiling module xil_defaultlib.mig_7series_v4_2_mem_intfc(PAYLO...
Compiling module xil_defaultlib.mig_7series_v4_2_ui_cmd(ADDR_WID...
Compiling module xil_defaultlib.mig_7series_v4_2_ui_wr_data(APP_...
Compiling module xil_defaultlib.mig_7series_v4_2_ui_rd_data(APP_...
Compiling module xil_defaultlib.mig_7series_v4_2_ui_top(APP_DATA...
Compiling module xil_defaultlib.mig_7series_v4_2_memc_ui_top_std...
Compiling module xil_defaultlib.mig_7series_0_mig_default
Compiling module xil_defaultlib.mig_7series_0
Compiling module xil_defaultlib.mig_7series_v4_2_init_mem_patter...
Compiling module xil_defaultlib.mig_7series_v4_2_afifo(DSIZE=42)
Compiling module xil_defaultlib.mig_7series_v4_2_cmd_prbs_gen(FA...
Compiling module xil_defaultlib.mig_7series_v4_2_cmd_prbs_gen(AD...
Compiling module xil_defaultlib.mig_7series_v4_2_cmd_prbs_gen(PR...
Compiling module xil_defaultlib.mig_7series_v4_2_cmd_prbs_gen(FA...
Compiling module xil_defaultlib.mig_7series_v4_2_cmd_gen(FAMILY=...
Compiling module xil_defaultlib.mig_7series_v4_2_memc_flow_vcont...
Compiling module xil_defaultlib.mig_7series_v4_2_read_posted_fif...
Compiling module xil_defaultlib.mig_7series_v4_2_vio_init_patter...
Compiling module xil_defaultlib.mig_7series_v4_2_data_prbs_gen
Compiling module xil_defaultlib.mig_7series_v4_2_tg_prbs_gen(PRB...
Compiling module xil_defaultlib.mig_7series_v4_2_s7ven_data_gen(...
Compiling module xil_defaultlib.mig_7series_v4_2_rd_data_gen(FAM...
Compiling module xil_defaultlib.mig_7series_v4_2_afifo(FIFO_DEPT...
Compiling module xil_defaultlib.mig_7series_v4_2_read_data_path(...
Compiling module xil_defaultlib.mig_7series_v4_2_s7ven_data_gen(...
Compiling module xil_defaultlib.mig_7series_v4_2_wr_data_gen(FAM...
Compiling module xil_defaultlib.mig_7series_v4_2_write_data_path...
Compiling module xil_defaultlib.mig_7series_v4_2_tg_status
Compiling module xil_defaultlib.mig_7series_v4_2_memc_traffic_ge...
Compiling module xil_defaultlib.mig_7series_v4_2_traffic_gen_top...
Compiling module xil_defaultlib.example_top(END_ADDRESS=32'b0111...
Compiling module xil_defaultlib.ddr3_model_default
Compiling module xil_defaultlib.sim_tb_top
Compiling module xil_defaultlib.glbl
Built simulation snapshot sim_tb_top_behav
