Copyright 1986-2022 Xilinx, Inc. All Rights Reserved.
------------------------------------------------------------------------------------------
| Tool Version : Vivado v.2022.2 (lin64) Build 3671981 Fri Oct 14 04:59:54 MDT 2022
| Date         : Sat Nov 30 00:03:31 2024
| Host         : SgoSkzD running 64-bit Gentoo Linux
| Command      : report_control_sets -verbose -file processor_top_control_sets_placed.rpt
| Design       : processor_top
| Device       : xc7s50
------------------------------------------------------------------------------------------

Control Set Information

Table of Contents
-----------------
1. Summary
2. Histogram
3. Flip-Flop Distribution
4. Detailed Control Set Information

1. Summary
----------

+----------------------------------------------------------+-------+
|                          Status                          | Count |
+----------------------------------------------------------+-------+
| Total control sets                                       |    20 |
|    Minimum number of control sets                        |    20 |
|    Addition due to synthesis replication                 |     0 |
|    Addition due to physical synthesis replication        |     0 |
| Unused register locations in slices containing registers |    16 |
+----------------------------------------------------------+-------+
* Control sets can be merged at opt_design using control_set_merge or merge_equivalent_drivers
** Run report_qor_suggestions for automated merging and remapping suggestions


2. Histogram
------------

+--------------------+-------+
|       Fanout       | Count |
+--------------------+-------+
| Total control sets |    20 |
| >= 0 to < 4        |     0 |
| >= 4 to < 6        |     1 |
| >= 6 to < 8        |     0 |
| >= 8 to < 10       |     0 |
| >= 10 to < 12      |     0 |
| >= 12 to < 14      |     0 |
| >= 14 to < 16      |     0 |
| >= 16              |    19 |
+--------------------+-------+
* Control sets can be remapped at either synth_design or opt_design


3. Flip-Flop Distribution
-------------------------

+--------------+-----------------------+------------------------+-----------------+--------------+
| Clock Enable | Synchronous Set/Reset | Asynchronous Set/Reset | Total Registers | Total Slices |
+--------------+-----------------------+------------------------+-----------------+--------------+
| No           | No                    | No                     |              41 |           18 |
| No           | No                    | Yes                    |               0 |            0 |
| No           | Yes                   | No                     |              22 |            7 |
| Yes          | No                    | No                     |               0 |            0 |
| Yes          | No                    | Yes                    |               0 |            0 |
| Yes          | Yes                   | No                     |             281 |          137 |
+--------------+-----------------------+------------------------+-----------------+--------------+


4. Detailed Control Set Information
-----------------------------------

+----------------+-------------------------------------------------------+--------------------------------------+------------------+----------------+--------------+
|  Clock Signal  |                     Enable Signal                     |           Set/Reset Signal           | Slice Load Count | Bel Load Count | Bels / Slice |
+----------------+-------------------------------------------------------+--------------------------------------+------------------+----------------+--------------+
|  clk_IBUF_BUFG | slc3/cpu/cpu_control/FSM_sequential_state[4]_i_1_n_0  | button_sync[0]/q_reg_0               |                3 |              5 |         1.67 |
|  clk_IBUF_BUFG | slc3/cpu/ir_reg/data_q_reg[9]_2[0]                    | button_sync[0]/q_reg_0               |               12 |             16 |         1.33 |
|  clk_IBUF_BUFG | slc3/cpu/ir_reg/data_q_reg[9]_0[0]                    | button_sync[0]/q_reg_0               |               13 |             16 |         1.23 |
|  clk_IBUF_BUFG | slc3/cpu/ir_reg/data_q_reg[11]_2[0]                   | button_sync[0]/q_reg_0               |               11 |             16 |         1.45 |
|  clk_IBUF_BUFG | slc3/cpu/ir_reg/data_q_reg[11]_1[0]                   | button_sync[0]/q_reg_0               |               10 |             16 |         1.60 |
|  clk_IBUF_BUFG | slc3/cpu/ir_reg/data_q_reg[11]_0[0]                   | button_sync[0]/q_reg_0               |                9 |             16 |         1.78 |
|  clk_IBUF_BUFG | slc3/cpu/ir_reg/data_q_reg[10]_0[0]                   | button_sync[0]/q_reg_0               |               14 |             16 |         1.14 |
|  clk_IBUF_BUFG | slc3/cpu/ir_reg/E[0]                                  | button_sync[0]/q_reg_0               |               13 |             16 |         1.23 |
|  clk_IBUF_BUFG | slc3/cpu/cpu_control/FSM_sequential_state_reg[3]_0[0] | button_sync[0]/q_reg_0               |                4 |             16 |         4.00 |
|  clk_IBUF_BUFG | slc3/cpu/cpu_control/E[0]                             | button_sync[0]/q_reg_0               |                6 |             16 |         2.67 |
|  clk_IBUF_BUFG | slc3/cpu/mar_reg/E[0]                                 | button_sync[0]/q_reg_0               |                4 |             16 |         4.00 |
|  clk_IBUF_BUFG | mem_subsystem/init_ram/sel                            | button_sync[0]/q_reg_0               |                4 |             16 |         4.00 |
|  clk_IBUF_BUFG | button_sync[2]/sel                                    | button_sync[2]/counter[0]_i_1_n_0    |                4 |             16 |         4.00 |
|  clk_IBUF_BUFG | button_sync[1]/counter[0]_i_2__1_n_0                  | button_sync[1]/counter[0]_i_1__0_n_0 |                4 |             16 |         4.00 |
|  clk_IBUF_BUFG | button_sync[0]/counter[0]_i_2__2_n_0                  | button_sync[0]/counter[0]_i_1__1_n_0 |                4 |             16 |         4.00 |
|  clk_IBUF_BUFG | slc3/cpu/cpu_control/FSM_sequential_state_reg[2]_0[0] | button_sync[0]/q_reg_0               |               10 |             16 |         1.60 |
|  clk_IBUF_BUFG | slc3/cpu/cpu_control/FSM_sequential_state_reg[1]_0[0] | button_sync[0]/q_reg_0               |                6 |             16 |         2.67 |
|  clk_IBUF_BUFG | slc3/cpu/cpu_control/FSM_sequential_state_reg[4]_0[0] | button_sync[0]/q_reg_0               |                6 |             20 |         3.33 |
|  clk_IBUF_BUFG |                                                       | button_sync[0]/q_reg_0               |                7 |             22 |         3.14 |
|  clk_IBUF_BUFG |                                                       |                                      |               18 |             41 |         2.28 |
+----------------+-------------------------------------------------------+--------------------------------------+------------------+----------------+--------------+


