
*** Running vivado
    with args -log vid_oe3_auto_pc_5.vds -m64 -product Vivado -mode batch -messageDb vivado.pb -notrace -source vid_oe3_auto_pc_5.tcl


****** Vivado v2022.2 (64-bit)
  **** SW Build 3671981 on Fri Oct 14 04:59:54 MDT 2022
  **** IP Build 3669848 on Fri Oct 14 08:30:02 MDT 2022
    ** Copyright 1986-2022 Xilinx, Inc. All Rights Reserved.

source vid_oe3_auto_pc_5.tcl -notrace
INFO: [IP_Flow 19-234] Refreshing IP repositories
INFO: [IP_Flow 19-1700] Loaded user IP repository '/home/sean/Downloads/git/ECE385_FP/digilent/vivado-library-master'.
INFO: [IP_Flow 19-2313] Loaded Vivado IP repository '/alottadata/tools/Xilinx/Vivado/2022.2/data/ip'.
INFO: [IP_Flow 19-6924] IPCACHE: Running cache check for IP inst: vid_oe3_auto_pc_5
Command: synth_design -top vid_oe3_auto_pc_5 -part xc7s50csga324-1 -incremental_mode off -mode out_of_context
Starting synth_design
Attempting to get a license for feature 'Synthesis' and/or device 'xc7s50'
INFO: [Common 17-349] Got license for feature 'Synthesis' and/or device 'xc7s50'
INFO: [Device 21-403] Loading part xc7s50csga324-1
INFO: [Synth 8-7079] Multithreading enabled for synth_design using a maximum of 4 processes.
INFO: [Synth 8-7078] Launching helper process for spawning children vivado processes
INFO: [Synth 8-7075] Helper process launched with PID 9667
INFO: [Synth 8-11241] undeclared symbol 'REGCCE', assumed default net type 'wire' [/alottadata/tools/Xilinx/Vivado/2022.2/data/verilog/src/unimacro/BRAM_SINGLE_MACRO.v:2170]
---------------------------------------------------------------------------------
Starting RTL Elaboration : Time (s): cpu = 00:00:05 ; elapsed = 00:00:06 . Memory (MB): peak = 2174.234 ; gain = 372.770 ; free physical = 4159 ; free virtual = 11592
Synthesis current peak Physical Memory [PSS] (MB): peak = 1206.351; parent = 1065.353; children = 140.998
Synthesis current peak Virtual Memory [VSS] (MB): peak = 3802.055; parent = 2181.176; children = 1620.879
---------------------------------------------------------------------------------
INFO: [Synth 8-6157] synthesizing module 'vid_oe3_auto_pc_5' [/home/sean/Downloads/git/ECE385_FP/VID_OE3/VID_OE3.gen/sources_1/bd/vid_oe3/ip/vid_oe3_auto_pc_5/synth/vid_oe3_auto_pc_5.v:53]
INFO: [Synth 8-6157] synthesizing module 'axi_protocol_converter_v2_1_27_axi_protocol_converter' [/home/sean/Downloads/git/ECE385_FP/VID_OE3/VID_OE3.gen/sources_1/bd/vid_oe3/ipshared/aeb3/hdl/axi_protocol_converter_v2_1_vl_rfs.v:4807]
INFO: [Synth 8-6155] done synthesizing module 'axi_protocol_converter_v2_1_27_axi_protocol_converter' (0#1) [/home/sean/Downloads/git/ECE385_FP/VID_OE3/VID_OE3.gen/sources_1/bd/vid_oe3/ipshared/aeb3/hdl/axi_protocol_converter_v2_1_vl_rfs.v:4807]
INFO: [Synth 8-6155] done synthesizing module 'vid_oe3_auto_pc_5' (0#1) [/home/sean/Downloads/git/ECE385_FP/VID_OE3/VID_OE3.gen/sources_1/bd/vid_oe3/ip/vid_oe3_auto_pc_5/synth/vid_oe3_auto_pc_5.v:53]
WARNING: [Synth 8-7129] Port aclk in module axi_protocol_converter_v2_1_27_axi_protocol_converter is either unconnected or has no load
WARNING: [Synth 8-7129] Port aresetn in module axi_protocol_converter_v2_1_27_axi_protocol_converter is either unconnected or has no load
WARNING: [Synth 8-7129] Port s_axi_awid[0] in module axi_protocol_converter_v2_1_27_axi_protocol_converter is either unconnected or has no load
WARNING: [Synth 8-7129] Port s_axi_awlen[7] in module axi_protocol_converter_v2_1_27_axi_protocol_converter is either unconnected or has no load
WARNING: [Synth 8-7129] Port s_axi_awlen[6] in module axi_protocol_converter_v2_1_27_axi_protocol_converter is either unconnected or has no load
WARNING: [Synth 8-7129] Port s_axi_awlen[5] in module axi_protocol_converter_v2_1_27_axi_protocol_converter is either unconnected or has no load
WARNING: [Synth 8-7129] Port s_axi_awlen[4] in module axi_protocol_converter_v2_1_27_axi_protocol_converter is either unconnected or has no load
WARNING: [Synth 8-7129] Port s_axi_awlen[3] in module axi_protocol_converter_v2_1_27_axi_protocol_converter is either unconnected or has no load
WARNING: [Synth 8-7129] Port s_axi_awlen[2] in module axi_protocol_converter_v2_1_27_axi_protocol_converter is either unconnected or has no load
WARNING: [Synth 8-7129] Port s_axi_awlen[1] in module axi_protocol_converter_v2_1_27_axi_protocol_converter is either unconnected or has no load
WARNING: [Synth 8-7129] Port s_axi_awlen[0] in module axi_protocol_converter_v2_1_27_axi_protocol_converter is either unconnected or has no load
WARNING: [Synth 8-7129] Port s_axi_awsize[2] in module axi_protocol_converter_v2_1_27_axi_protocol_converter is either unconnected or has no load
WARNING: [Synth 8-7129] Port s_axi_awsize[1] in module axi_protocol_converter_v2_1_27_axi_protocol_converter is either unconnected or has no load
WARNING: [Synth 8-7129] Port s_axi_awsize[0] in module axi_protocol_converter_v2_1_27_axi_protocol_converter is either unconnected or has no load
WARNING: [Synth 8-7129] Port s_axi_awburst[1] in module axi_protocol_converter_v2_1_27_axi_protocol_converter is either unconnected or has no load
WARNING: [Synth 8-7129] Port s_axi_awburst[0] in module axi_protocol_converter_v2_1_27_axi_protocol_converter is either unconnected or has no load
WARNING: [Synth 8-7129] Port s_axi_awlock[0] in module axi_protocol_converter_v2_1_27_axi_protocol_converter is either unconnected or has no load
WARNING: [Synth 8-7129] Port s_axi_awcache[3] in module axi_protocol_converter_v2_1_27_axi_protocol_converter is either unconnected or has no load
WARNING: [Synth 8-7129] Port s_axi_awcache[2] in module axi_protocol_converter_v2_1_27_axi_protocol_converter is either unconnected or has no load
WARNING: [Synth 8-7129] Port s_axi_awcache[1] in module axi_protocol_converter_v2_1_27_axi_protocol_converter is either unconnected or has no load
WARNING: [Synth 8-7129] Port s_axi_awcache[0] in module axi_protocol_converter_v2_1_27_axi_protocol_converter is either unconnected or has no load
WARNING: [Synth 8-7129] Port s_axi_awregion[3] in module axi_protocol_converter_v2_1_27_axi_protocol_converter is either unconnected or has no load
WARNING: [Synth 8-7129] Port s_axi_awregion[2] in module axi_protocol_converter_v2_1_27_axi_protocol_converter is either unconnected or has no load
WARNING: [Synth 8-7129] Port s_axi_awregion[1] in module axi_protocol_converter_v2_1_27_axi_protocol_converter is either unconnected or has no load
WARNING: [Synth 8-7129] Port s_axi_awregion[0] in module axi_protocol_converter_v2_1_27_axi_protocol_converter is either unconnected or has no load
WARNING: [Synth 8-7129] Port s_axi_awqos[3] in module axi_protocol_converter_v2_1_27_axi_protocol_converter is either unconnected or has no load
WARNING: [Synth 8-7129] Port s_axi_awqos[2] in module axi_protocol_converter_v2_1_27_axi_protocol_converter is either unconnected or has no load
WARNING: [Synth 8-7129] Port s_axi_awqos[1] in module axi_protocol_converter_v2_1_27_axi_protocol_converter is either unconnected or has no load
WARNING: [Synth 8-7129] Port s_axi_awqos[0] in module axi_protocol_converter_v2_1_27_axi_protocol_converter is either unconnected or has no load
WARNING: [Synth 8-7129] Port s_axi_awuser[0] in module axi_protocol_converter_v2_1_27_axi_protocol_converter is either unconnected or has no load
WARNING: [Synth 8-7129] Port s_axi_wid[0] in module axi_protocol_converter_v2_1_27_axi_protocol_converter is either unconnected or has no load
WARNING: [Synth 8-7129] Port s_axi_wlast in module axi_protocol_converter_v2_1_27_axi_protocol_converter is either unconnected or has no load
WARNING: [Synth 8-7129] Port s_axi_wuser[0] in module axi_protocol_converter_v2_1_27_axi_protocol_converter is either unconnected or has no load
WARNING: [Synth 8-7129] Port s_axi_arid[0] in module axi_protocol_converter_v2_1_27_axi_protocol_converter is either unconnected or has no load
WARNING: [Synth 8-7129] Port s_axi_arlen[7] in module axi_protocol_converter_v2_1_27_axi_protocol_converter is either unconnected or has no load
WARNING: [Synth 8-7129] Port s_axi_arlen[6] in module axi_protocol_converter_v2_1_27_axi_protocol_converter is either unconnected or has no load
WARNING: [Synth 8-7129] Port s_axi_arlen[5] in module axi_protocol_converter_v2_1_27_axi_protocol_converter is either unconnected or has no load
WARNING: [Synth 8-7129] Port s_axi_arlen[4] in module axi_protocol_converter_v2_1_27_axi_protocol_converter is either unconnected or has no load
WARNING: [Synth 8-7129] Port s_axi_arlen[3] in module axi_protocol_converter_v2_1_27_axi_protocol_converter is either unconnected or has no load
WARNING: [Synth 8-7129] Port s_axi_arlen[2] in module axi_protocol_converter_v2_1_27_axi_protocol_converter is either unconnected or has no load
WARNING: [Synth 8-7129] Port s_axi_arlen[1] in module axi_protocol_converter_v2_1_27_axi_protocol_converter is either unconnected or has no load
WARNING: [Synth 8-7129] Port s_axi_arlen[0] in module axi_protocol_converter_v2_1_27_axi_protocol_converter is either unconnected or has no load
WARNING: [Synth 8-7129] Port s_axi_arsize[2] in module axi_protocol_converter_v2_1_27_axi_protocol_converter is either unconnected or has no load
WARNING: [Synth 8-7129] Port s_axi_arsize[1] in module axi_protocol_converter_v2_1_27_axi_protocol_converter is either unconnected or has no load
WARNING: [Synth 8-7129] Port s_axi_arsize[0] in module axi_protocol_converter_v2_1_27_axi_protocol_converter is either unconnected or has no load
WARNING: [Synth 8-7129] Port s_axi_arburst[1] in module axi_protocol_converter_v2_1_27_axi_protocol_converter is either unconnected or has no load
WARNING: [Synth 8-7129] Port s_axi_arburst[0] in module axi_protocol_converter_v2_1_27_axi_protocol_converter is either unconnected or has no load
WARNING: [Synth 8-7129] Port s_axi_arlock[0] in module axi_protocol_converter_v2_1_27_axi_protocol_converter is either unconnected or has no load
WARNING: [Synth 8-7129] Port s_axi_arcache[3] in module axi_protocol_converter_v2_1_27_axi_protocol_converter is either unconnected or has no load
WARNING: [Synth 8-7129] Port s_axi_arcache[2] in module axi_protocol_converter_v2_1_27_axi_protocol_converter is either unconnected or has no load
WARNING: [Synth 8-7129] Port s_axi_arcache[1] in module axi_protocol_converter_v2_1_27_axi_protocol_converter is either unconnected or has no load
WARNING: [Synth 8-7129] Port s_axi_arcache[0] in module axi_protocol_converter_v2_1_27_axi_protocol_converter is either unconnected or has no load
WARNING: [Synth 8-7129] Port s_axi_arregion[3] in module axi_protocol_converter_v2_1_27_axi_protocol_converter is either unconnected or has no load
WARNING: [Synth 8-7129] Port s_axi_arregion[2] in module axi_protocol_converter_v2_1_27_axi_protocol_converter is either unconnected or has no load
WARNING: [Synth 8-7129] Port s_axi_arregion[1] in module axi_protocol_converter_v2_1_27_axi_protocol_converter is either unconnected or has no load
WARNING: [Synth 8-7129] Port s_axi_arregion[0] in module axi_protocol_converter_v2_1_27_axi_protocol_converter is either unconnected or has no load
WARNING: [Synth 8-7129] Port s_axi_arqos[3] in module axi_protocol_converter_v2_1_27_axi_protocol_converter is either unconnected or has no load
WARNING: [Synth 8-7129] Port s_axi_arqos[2] in module axi_protocol_converter_v2_1_27_axi_protocol_converter is either unconnected or has no load
WARNING: [Synth 8-7129] Port s_axi_arqos[1] in module axi_protocol_converter_v2_1_27_axi_protocol_converter is either unconnected or has no load
WARNING: [Synth 8-7129] Port s_axi_arqos[0] in module axi_protocol_converter_v2_1_27_axi_protocol_converter is either unconnected or has no load
WARNING: [Synth 8-7129] Port s_axi_aruser[0] in module axi_protocol_converter_v2_1_27_axi_protocol_converter is either unconnected or has no load
WARNING: [Synth 8-7129] Port m_axi_bid[0] in module axi_protocol_converter_v2_1_27_axi_protocol_converter is either unconnected or has no load
WARNING: [Synth 8-7129] Port m_axi_buser[0] in module axi_protocol_converter_v2_1_27_axi_protocol_converter is either unconnected or has no load
WARNING: [Synth 8-7129] Port m_axi_rid[0] in module axi_protocol_converter_v2_1_27_axi_protocol_converter is either unconnected or has no load
WARNING: [Synth 8-7129] Port m_axi_rlast in module axi_protocol_converter_v2_1_27_axi_protocol_converter is either unconnected or has no load
WARNING: [Synth 8-7129] Port m_axi_ruser[0] in module axi_protocol_converter_v2_1_27_axi_protocol_converter is either unconnected or has no load
---------------------------------------------------------------------------------
Finished RTL Elaboration : Time (s): cpu = 00:00:07 ; elapsed = 00:00:09 . Memory (MB): peak = 2348.141 ; gain = 546.676 ; free physical = 4220 ; free virtual = 11664
Synthesis current peak Physical Memory [PSS] (MB): peak = 1206.351; parent = 1065.353; children = 140.998
Synthesis current peak Virtual Memory [VSS] (MB): peak = 3969.023; parent = 2348.145; children = 1620.879
---------------------------------------------------------------------------------
---------------------------------------------------------------------------------
Start Handling Custom Attributes
---------------------------------------------------------------------------------
---------------------------------------------------------------------------------
Finished Handling Custom Attributes : Time (s): cpu = 00:00:07 ; elapsed = 00:00:09 . Memory (MB): peak = 2365.953 ; gain = 564.488 ; free physical = 4210 ; free virtual = 11654
Synthesis current peak Physical Memory [PSS] (MB): peak = 1206.351; parent = 1065.353; children = 140.998
Synthesis current peak Virtual Memory [VSS] (MB): peak = 3986.836; parent = 2365.957; children = 1620.879
---------------------------------------------------------------------------------
---------------------------------------------------------------------------------
Finished RTL Optimization Phase 1 : Time (s): cpu = 00:00:07 ; elapsed = 00:00:09 . Memory (MB): peak = 2365.953 ; gain = 564.488 ; free physical = 4209 ; free virtual = 11653
Synthesis current peak Physical Memory [PSS] (MB): peak = 1206.351; parent = 1065.353; children = 140.998
Synthesis current peak Virtual Memory [VSS] (MB): peak = 3986.836; parent = 2365.957; children = 1620.879
---------------------------------------------------------------------------------
Netlist sorting complete. Time (s): cpu = 00:00:00 ; elapsed = 00:00:00 . Memory (MB): peak = 2365.953 ; gain = 0.000 ; free physical = 4201 ; free virtual = 11645
INFO: [Project 1-570] Preparing netlist for logic optimization

Processing XDC Constraints
Initializing timing engine
Parsing XDC File [/home/sean/Downloads/git/ECE385_FP/VID_OE3/VID_OE3.gen/sources_1/bd/vid_oe3/ip/vid_oe3_auto_pc_5/vid_oe3_auto_pc_5_ooc.xdc] for cell 'inst'
Finished Parsing XDC File [/home/sean/Downloads/git/ECE385_FP/VID_OE3/VID_OE3.gen/sources_1/bd/vid_oe3/ip/vid_oe3_auto_pc_5/vid_oe3_auto_pc_5_ooc.xdc] for cell 'inst'
Parsing XDC File [/home/sean/Downloads/git/ECE385_FP/VID_OE3/VID_OE3.runs/vid_oe3_auto_pc_5_synth_1/dont_touch.xdc]
Finished Parsing XDC File [/home/sean/Downloads/git/ECE385_FP/VID_OE3/VID_OE3.runs/vid_oe3_auto_pc_5_synth_1/dont_touch.xdc]
Completed Processing XDC Constraints

Netlist sorting complete. Time (s): cpu = 00:00:00 ; elapsed = 00:00:00 . Memory (MB): peak = 2438.891 ; gain = 0.000 ; free physical = 4104 ; free virtual = 11546
INFO: [Project 1-111] Unisim Transformation Summary:
No Unisim elements were transformed.

Constraint Validation Runtime : Time (s): cpu = 00:00:00.01 ; elapsed = 00:00:00.01 . Memory (MB): peak = 2438.891 ; gain = 0.000 ; free physical = 4103 ; free virtual = 11545
INFO: [Designutils 20-5008] Incremental synthesis strategy off
INFO: [Synth 8-11241] undeclared symbol 'REGCCE', assumed default net type 'wire' [/alottadata/tools/Xilinx/Vivado/2022.2/data/verilog/src/unimacro/BRAM_SINGLE_MACRO.v:2170]
---------------------------------------------------------------------------------
Finished Constraint Validation : Time (s): cpu = 00:00:12 ; elapsed = 00:00:14 . Memory (MB): peak = 2438.891 ; gain = 637.426 ; free physical = 3910 ; free virtual = 11353
Synthesis current peak Physical Memory [PSS] (MB): peak = 1206.351; parent = 1065.353; children = 140.998
Synthesis current peak Virtual Memory [VSS] (MB): peak = 4027.758; parent = 2406.879; children = 1620.879
---------------------------------------------------------------------------------
---------------------------------------------------------------------------------
Start Loading Part and Timing Information
---------------------------------------------------------------------------------
Loading part: xc7s50csga324-1
---------------------------------------------------------------------------------
Finished Loading Part and Timing Information : Time (s): cpu = 00:00:12 ; elapsed = 00:00:14 . Memory (MB): peak = 2438.891 ; gain = 637.426 ; free physical = 3910 ; free virtual = 11353
Synthesis current peak Physical Memory [PSS] (MB): peak = 1206.351; parent = 1065.353; children = 140.998
Synthesis current peak Virtual Memory [VSS] (MB): peak = 4027.758; parent = 2406.879; children = 1620.879
---------------------------------------------------------------------------------
---------------------------------------------------------------------------------
Start Applying 'set_property' XDC Constraints
---------------------------------------------------------------------------------
Applied set_property KEEP_HIERARCHY = SOFT for inst. (constraint file  /home/sean/Downloads/git/ECE385_FP/VID_OE3/VID_OE3.runs/vid_oe3_auto_pc_5_synth_1/dont_touch.xdc, line 9).
---------------------------------------------------------------------------------
Finished applying 'set_property' XDC Constraints : Time (s): cpu = 00:00:12 ; elapsed = 00:00:14 . Memory (MB): peak = 2438.891 ; gain = 637.426 ; free physical = 3909 ; free virtual = 11352
Synthesis current peak Physical Memory [PSS] (MB): peak = 1206.351; parent = 1065.353; children = 140.998
Synthesis current peak Virtual Memory [VSS] (MB): peak = 4027.758; parent = 2406.879; children = 1620.879
---------------------------------------------------------------------------------
---------------------------------------------------------------------------------
Finished RTL Optimization Phase 2 : Time (s): cpu = 00:00:12 ; elapsed = 00:00:14 . Memory (MB): peak = 2438.891 ; gain = 637.426 ; free physical = 3905 ; free virtual = 11349
Synthesis current peak Physical Memory [PSS] (MB): peak = 1206.351; parent = 1065.353; children = 140.998
Synthesis current peak Virtual Memory [VSS] (MB): peak = 4027.758; parent = 2406.879; children = 1620.879
---------------------------------------------------------------------------------
---------------------------------------------------------------------------------
Start RTL Component Statistics 
---------------------------------------------------------------------------------
Detailed RTL Component Info : 
---------------------------------------------------------------------------------
Finished RTL Component Statistics 
---------------------------------------------------------------------------------
---------------------------------------------------------------------------------
Start Part Resource Summary
---------------------------------------------------------------------------------
Part Resources:
DSPs: 120 (col length:60)
BRAMs: 150 (col length: RAMB18 60 RAMB36 30)
---------------------------------------------------------------------------------
Finished Part Resource Summary
---------------------------------------------------------------------------------
---------------------------------------------------------------------------------
Start Cross Boundary and Area Optimization
---------------------------------------------------------------------------------
WARNING: [Synth 8-7080] Parallel synthesis criteria is not met
WARNING: [Synth 8-7129] Port aclk in module axi_protocol_converter_v2_1_27_axi_protocol_converter is either unconnected or has no load
WARNING: [Synth 8-7129] Port aresetn in module axi_protocol_converter_v2_1_27_axi_protocol_converter is either unconnected or has no load
WARNING: [Synth 8-7129] Port s_axi_awid[0] in module axi_protocol_converter_v2_1_27_axi_protocol_converter is either unconnected or has no load
WARNING: [Synth 8-7129] Port s_axi_awlen[7] in module axi_protocol_converter_v2_1_27_axi_protocol_converter is either unconnected or has no load
WARNING: [Synth 8-7129] Port s_axi_awlen[6] in module axi_protocol_converter_v2_1_27_axi_protocol_converter is either unconnected or has no load
WARNING: [Synth 8-7129] Port s_axi_awlen[5] in module axi_protocol_converter_v2_1_27_axi_protocol_converter is either unconnected or has no load
WARNING: [Synth 8-7129] Port s_axi_awlen[4] in module axi_protocol_converter_v2_1_27_axi_protocol_converter is either unconnected or has no load
WARNING: [Synth 8-7129] Port s_axi_awlen[3] in module axi_protocol_converter_v2_1_27_axi_protocol_converter is either unconnected or has no load
WARNING: [Synth 8-7129] Port s_axi_awlen[2] in module axi_protocol_converter_v2_1_27_axi_protocol_converter is either unconnected or has no load
WARNING: [Synth 8-7129] Port s_axi_awlen[1] in module axi_protocol_converter_v2_1_27_axi_protocol_converter is either unconnected or has no load
WARNING: [Synth 8-7129] Port s_axi_awlen[0] in module axi_protocol_converter_v2_1_27_axi_protocol_converter is either unconnected or has no load
WARNING: [Synth 8-7129] Port s_axi_awsize[2] in module axi_protocol_converter_v2_1_27_axi_protocol_converter is either unconnected or has no load
WARNING: [Synth 8-7129] Port s_axi_awsize[1] in module axi_protocol_converter_v2_1_27_axi_protocol_converter is either unconnected or has no load
WARNING: [Synth 8-7129] Port s_axi_awsize[0] in module axi_protocol_converter_v2_1_27_axi_protocol_converter is either unconnected or has no load
WARNING: [Synth 8-7129] Port s_axi_awburst[1] in module axi_protocol_converter_v2_1_27_axi_protocol_converter is either unconnected or has no load
WARNING: [Synth 8-7129] Port s_axi_awburst[0] in module axi_protocol_converter_v2_1_27_axi_protocol_converter is either unconnected or has no load
WARNING: [Synth 8-7129] Port s_axi_awlock[0] in module axi_protocol_converter_v2_1_27_axi_protocol_converter is either unconnected or has no load
WARNING: [Synth 8-7129] Port s_axi_awcache[3] in module axi_protocol_converter_v2_1_27_axi_protocol_converter is either unconnected or has no load
WARNING: [Synth 8-7129] Port s_axi_awcache[2] in module axi_protocol_converter_v2_1_27_axi_protocol_converter is either unconnected or has no load
WARNING: [Synth 8-7129] Port s_axi_awcache[1] in module axi_protocol_converter_v2_1_27_axi_protocol_converter is either unconnected or has no load
WARNING: [Synth 8-7129] Port s_axi_awcache[0] in module axi_protocol_converter_v2_1_27_axi_protocol_converter is either unconnected or has no load
WARNING: [Synth 8-7129] Port s_axi_awregion[3] in module axi_protocol_converter_v2_1_27_axi_protocol_converter is either unconnected or has no load
WARNING: [Synth 8-7129] Port s_axi_awregion[2] in module axi_protocol_converter_v2_1_27_axi_protocol_converter is either unconnected or has no load
WARNING: [Synth 8-7129] Port s_axi_awregion[1] in module axi_protocol_converter_v2_1_27_axi_protocol_converter is either unconnected or has no load
WARNING: [Synth 8-7129] Port s_axi_awregion[0] in module axi_protocol_converter_v2_1_27_axi_protocol_converter is either unconnected or has no load
WARNING: [Synth 8-7129] Port s_axi_awqos[3] in module axi_protocol_converter_v2_1_27_axi_protocol_converter is either unconnected or has no load
WARNING: [Synth 8-7129] Port s_axi_awqos[2] in module axi_protocol_converter_v2_1_27_axi_protocol_converter is either unconnected or has no load
WARNING: [Synth 8-7129] Port s_axi_awqos[1] in module axi_protocol_converter_v2_1_27_axi_protocol_converter is either unconnected or has no load
WARNING: [Synth 8-7129] Port s_axi_awqos[0] in module axi_protocol_converter_v2_1_27_axi_protocol_converter is either unconnected or has no load
WARNING: [Synth 8-7129] Port s_axi_awuser[0] in module axi_protocol_converter_v2_1_27_axi_protocol_converter is either unconnected or has no load
WARNING: [Synth 8-7129] Port s_axi_wid[0] in module axi_protocol_converter_v2_1_27_axi_protocol_converter is either unconnected or has no load
WARNING: [Synth 8-7129] Port s_axi_wlast in module axi_protocol_converter_v2_1_27_axi_protocol_converter is either unconnected or has no load
WARNING: [Synth 8-7129] Port s_axi_wuser[0] in module axi_protocol_converter_v2_1_27_axi_protocol_converter is either unconnected or has no load
WARNING: [Synth 8-7129] Port s_axi_arid[0] in module axi_protocol_converter_v2_1_27_axi_protocol_converter is either unconnected or has no load
INFO: [Common 17-14] Message 'Synth 8-7129' appears 100 times and further instances of the messages will be disabled. Use the Tcl command set_msg_config to change the current settings.
---------------------------------------------------------------------------------
Finished Cross Boundary and Area Optimization : Time (s): cpu = 00:00:13 ; elapsed = 00:00:15 . Memory (MB): peak = 2438.891 ; gain = 637.426 ; free physical = 4159 ; free virtual = 11614
Synthesis current peak Physical Memory [PSS] (MB): peak = 1206.351; parent = 1065.353; children = 140.998
Synthesis current peak Virtual Memory [VSS] (MB): peak = 4027.758; parent = 2406.879; children = 1620.879
---------------------------------------------------------------------------------
---------------------------------------------------------------------------------
Start Applying XDC Timing Constraints
---------------------------------------------------------------------------------
---------------------------------------------------------------------------------
Finished Applying XDC Timing Constraints : Time (s): cpu = 00:00:16 ; elapsed = 00:00:18 . Memory (MB): peak = 2438.891 ; gain = 637.426 ; free physical = 4397 ; free virtual = 11848
Synthesis current peak Physical Memory [PSS] (MB): peak = 1267.696; parent = 1124.451; children = 143.245
Synthesis current peak Virtual Memory [VSS] (MB): peak = 4027.758; parent = 2406.879; children = 1620.879
---------------------------------------------------------------------------------
---------------------------------------------------------------------------------
Start Timing Optimization
---------------------------------------------------------------------------------
---------------------------------------------------------------------------------
Finished Timing Optimization : Time (s): cpu = 00:00:16 ; elapsed = 00:00:18 . Memory (MB): peak = 2438.891 ; gain = 637.426 ; free physical = 4396 ; free virtual = 11847
Synthesis current peak Physical Memory [PSS] (MB): peak = 1267.704; parent = 1124.487; children = 143.245
Synthesis current peak Virtual Memory [VSS] (MB): peak = 4027.758; parent = 2406.879; children = 1620.879
---------------------------------------------------------------------------------
---------------------------------------------------------------------------------
Start Technology Mapping
---------------------------------------------------------------------------------
---------------------------------------------------------------------------------
Finished Technology Mapping : Time (s): cpu = 00:00:16 ; elapsed = 00:00:18 . Memory (MB): peak = 2438.891 ; gain = 637.426 ; free physical = 4384 ; free virtual = 11835
Synthesis current peak Physical Memory [PSS] (MB): peak = 1267.791; parent = 1124.655; children = 143.245
Synthesis current peak Virtual Memory [VSS] (MB): peak = 4027.758; parent = 2406.879; children = 1620.879
---------------------------------------------------------------------------------
---------------------------------------------------------------------------------
Start IO Insertion
---------------------------------------------------------------------------------
---------------------------------------------------------------------------------
Start Flattening Before IO Insertion
---------------------------------------------------------------------------------
---------------------------------------------------------------------------------
Finished Flattening Before IO Insertion
---------------------------------------------------------------------------------
---------------------------------------------------------------------------------
Start Final Netlist Cleanup
---------------------------------------------------------------------------------
---------------------------------------------------------------------------------
Finished Final Netlist Cleanup
---------------------------------------------------------------------------------
---------------------------------------------------------------------------------
Finished IO Insertion : Time (s): cpu = 00:00:18 ; elapsed = 00:00:21 . Memory (MB): peak = 2438.891 ; gain = 637.426 ; free physical = 4128 ; free virtual = 11579
Synthesis current peak Physical Memory [PSS] (MB): peak = 1267.791; parent = 1124.655; children = 143.245
Synthesis current peak Virtual Memory [VSS] (MB): peak = 4027.758; parent = 2406.879; children = 1620.879
---------------------------------------------------------------------------------
---------------------------------------------------------------------------------
Start Renaming Generated Instances
---------------------------------------------------------------------------------
---------------------------------------------------------------------------------
Finished Renaming Generated Instances : Time (s): cpu = 00:00:18 ; elapsed = 00:00:21 . Memory (MB): peak = 2438.891 ; gain = 637.426 ; free physical = 4127 ; free virtual = 11578
Synthesis current peak Physical Memory [PSS] (MB): peak = 1267.791; parent = 1124.655; children = 143.245
Synthesis current peak Virtual Memory [VSS] (MB): peak = 4027.758; parent = 2406.879; children = 1620.879
---------------------------------------------------------------------------------
---------------------------------------------------------------------------------
Start Rebuilding User Hierarchy
---------------------------------------------------------------------------------
---------------------------------------------------------------------------------
Finished Rebuilding User Hierarchy : Time (s): cpu = 00:00:18 ; elapsed = 00:00:21 . Memory (MB): peak = 2438.891 ; gain = 637.426 ; free physical = 4114 ; free virtual = 11565
Synthesis current peak Physical Memory [PSS] (MB): peak = 1267.791; parent = 1124.655; children = 143.245
Synthesis current peak Virtual Memory [VSS] (MB): peak = 4027.758; parent = 2406.879; children = 1620.879
---------------------------------------------------------------------------------
---------------------------------------------------------------------------------
Start Renaming Generated Ports
---------------------------------------------------------------------------------
---------------------------------------------------------------------------------
Finished Renaming Generated Ports : Time (s): cpu = 00:00:18 ; elapsed = 00:00:21 . Memory (MB): peak = 2438.891 ; gain = 637.426 ; free physical = 4110 ; free virtual = 11561
Synthesis current peak Physical Memory [PSS] (MB): peak = 1267.791; parent = 1124.655; children = 143.245
Synthesis current peak Virtual Memory [VSS] (MB): peak = 4027.758; parent = 2406.879; children = 1620.879
---------------------------------------------------------------------------------
---------------------------------------------------------------------------------
Start Handling Custom Attributes
---------------------------------------------------------------------------------
---------------------------------------------------------------------------------
Finished Handling Custom Attributes : Time (s): cpu = 00:00:18 ; elapsed = 00:00:21 . Memory (MB): peak = 2438.891 ; gain = 637.426 ; free physical = 4108 ; free virtual = 11559
Synthesis current peak Physical Memory [PSS] (MB): peak = 1267.791; parent = 1124.655; children = 143.245
Synthesis current peak Virtual Memory [VSS] (MB): peak = 4027.758; parent = 2406.879; children = 1620.879
---------------------------------------------------------------------------------
---------------------------------------------------------------------------------
Start Renaming Generated Nets
---------------------------------------------------------------------------------
---------------------------------------------------------------------------------
Finished Renaming Generated Nets : Time (s): cpu = 00:00:18 ; elapsed = 00:00:21 . Memory (MB): peak = 2438.891 ; gain = 637.426 ; free physical = 4104 ; free virtual = 11556
Synthesis current peak Physical Memory [PSS] (MB): peak = 1267.791; parent = 1124.655; children = 143.245
Synthesis current peak Virtual Memory [VSS] (MB): peak = 4027.758; parent = 2406.879; children = 1620.879
---------------------------------------------------------------------------------
---------------------------------------------------------------------------------
Start Writing Synthesis Report
---------------------------------------------------------------------------------

Report BlackBoxes: 
+-+--------------+----------+
| |BlackBox name |Instances |
+-+--------------+----------+
+-+--------------+----------+

Report Cell Usage: 
+-+-----+------+
| |Cell |Count |
+-+-----+------+
+-+-----+------+
---------------------------------------------------------------------------------
Finished Writing Synthesis Report : Time (s): cpu = 00:00:18 ; elapsed = 00:00:21 . Memory (MB): peak = 2438.891 ; gain = 637.426 ; free physical = 4082 ; free virtual = 11533
Synthesis current peak Physical Memory [PSS] (MB): peak = 1267.791; parent = 1124.655; children = 143.245
Synthesis current peak Virtual Memory [VSS] (MB): peak = 4027.758; parent = 2406.879; children = 1620.879
---------------------------------------------------------------------------------
Synthesis finished with 0 errors, 0 critical warnings and 67 warnings.
Synthesis Optimization Runtime : Time (s): cpu = 00:00:17 ; elapsed = 00:00:20 . Memory (MB): peak = 2438.891 ; gain = 564.488 ; free physical = 4157 ; free virtual = 11608
Synthesis Optimization Complete : Time (s): cpu = 00:00:18 ; elapsed = 00:00:21 . Memory (MB): peak = 2438.891 ; gain = 637.426 ; free physical = 4157 ; free virtual = 11608
INFO: [Project 1-571] Translating synthesized netlist
Netlist sorting complete. Time (s): cpu = 00:00:00 ; elapsed = 00:00:00 . Memory (MB): peak = 2438.891 ; gain = 0.000 ; free physical = 4154 ; free virtual = 11605
INFO: [Project 1-570] Preparing netlist for logic optimization
INFO: [Opt 31-138] Pushed 0 inverter(s) to 0 load pin(s).
Netlist sorting complete. Time (s): cpu = 00:00:00 ; elapsed = 00:00:00 . Memory (MB): peak = 2438.891 ; gain = 0.000 ; free physical = 4186 ; free virtual = 11633
INFO: [Project 1-111] Unisim Transformation Summary:
No Unisim elements were transformed.

Synth Design complete, checksum: 95592e0c
INFO: [Common 17-83] Releasing license: Synthesis
24 Infos, 101 Warnings, 0 Critical Warnings and 0 Errors encountered.
synth_design completed successfully
synth_design: Time (s): cpu = 00:00:23 ; elapsed = 00:00:24 . Memory (MB): peak = 2438.891 ; gain = 905.488 ; free physical = 4365 ; free virtual = 11812
INFO: [Common 17-1381] The checkpoint '/home/sean/Downloads/git/ECE385_FP/VID_OE3/VID_OE3.runs/vid_oe3_auto_pc_5_synth_1/vid_oe3_auto_pc_5.dcp' has been generated.
INFO: [Coretcl 2-1648] Added synthesis output to IP cache for IP vid_oe3_auto_pc_5, cache-ID = ad288903a145755c
INFO: [Common 17-1381] The checkpoint '/home/sean/Downloads/git/ECE385_FP/VID_OE3/VID_OE3.runs/vid_oe3_auto_pc_5_synth_1/vid_oe3_auto_pc_5.dcp' has been generated.
INFO: [runtcl-4] Executing : report_utilization -file vid_oe3_auto_pc_5_utilization_synth.rpt -pb vid_oe3_auto_pc_5_utilization_synth.pb
INFO: [Common 17-206] Exiting Vivado at Wed Nov 20 03:59:02 2024...
