
*** Running vivado
    with args -log mb_usb_clk_wiz_1_0.vds -m64 -product Vivado -mode batch -messageDb vivado.pb -notrace -source mb_usb_clk_wiz_1_0.tcl


****** Vivado v2022.2 (64-bit)
  **** SW Build 3671981 on Fri Oct 14 04:59:54 MDT 2022
  **** IP Build 3669848 on Fri Oct 14 08:30:02 MDT 2022
    ** Copyright 1986-2022 Xilinx, Inc. All Rights Reserved.

source mb_usb_clk_wiz_1_0.tcl -notrace
INFO: [IP_Flow 19-234] Refreshing IP repositories
INFO: [IP_Flow 19-1700] Loaded user IP repository '/home/sean/Documents/Vivado/hdmi_tx_1.0'.
INFO: [IP_Flow 19-2313] Loaded Vivado IP repository '/home/sean/.var/app/com.github.corna.Vivado/data/xilinx-install/Vivado/2022.2/data/ip'.
INFO: [IP_Flow 19-6924] IPCACHE: Running cache check for IP inst: mb_usb_clk_wiz_1_0
Command: synth_design -top mb_usb_clk_wiz_1_0 -part xc7s50csga324-1 -incremental_mode off -mode out_of_context
Starting synth_design
Attempting to get a license for feature 'Synthesis' and/or device 'xc7s50'
INFO: [Common 17-349] Got license for feature 'Synthesis' and/or device 'xc7s50'
INFO: [Device 21-403] Loading part xc7s50csga324-1
INFO: [Synth 8-7079] Multithreading enabled for synth_design using a maximum of 4 processes.
INFO: [Synth 8-7078] Launching helper process for spawning children vivado processes
INFO: [Synth 8-7075] Helper process launched with PID 3225
INFO: [Synth 8-11241] undeclared symbol 'REGCCE', assumed default net type 'wire' [/home/sean/.var/app/com.github.corna.Vivado/data/xilinx-install/Vivado/2022.2/data/verilog/src/unimacro/BRAM_SINGLE_MACRO.v:2170]
---------------------------------------------------------------------------------
Starting RTL Elaboration : Time (s): cpu = 00:00:02 ; elapsed = 00:00:03 . Memory (MB): peak = 2721.340 ; gain = 380.770 ; free physical = 632 ; free virtual = 18372
Synthesis current peak Physical Memory [PSS] (MB): peak = 2145.377; parent = 1940.458; children = 204.919
Synthesis current peak Virtual Memory [VSS] (MB): peak = 3690.336; parent = 2724.312; children = 966.023
---------------------------------------------------------------------------------
INFO: [Synth 8-6157] synthesizing module 'mb_usb_clk_wiz_1_0' [/home/sean/Documents/Vivado/lab6_2_redo/lab6_2_redo.gen/sources_1/bd/mb_usb/ip/mb_usb_clk_wiz_1_0/mb_usb_clk_wiz_1_0.v:68]
INFO: [Synth 8-6157] synthesizing module 'mb_usb_clk_wiz_1_0_clk_wiz' [/home/sean/Documents/Vivado/lab6_2_redo/lab6_2_redo.gen/sources_1/bd/mb_usb/ip/mb_usb_clk_wiz_1_0/mb_usb_clk_wiz_1_0_clk_wiz.v:68]
INFO: [Synth 8-6157] synthesizing module 'IBUF' [/home/sean/.var/app/com.github.corna.Vivado/data/xilinx-install/Vivado/2022.2/scripts/rt/data/unisim_comp.v:71326]
INFO: [Synth 8-6155] done synthesizing module 'IBUF' (0#1) [/home/sean/.var/app/com.github.corna.Vivado/data/xilinx-install/Vivado/2022.2/scripts/rt/data/unisim_comp.v:71326]
INFO: [Synth 8-6157] synthesizing module 'MMCME2_ADV' [/home/sean/.var/app/com.github.corna.Vivado/data/xilinx-install/Vivado/2022.2/scripts/rt/data/unisim_comp.v:79852]
	Parameter BANDWIDTH bound to: OPTIMIZED - type: string 
	Parameter CLKFBOUT_MULT_F bound to: 10.000000 - type: double 
	Parameter CLKFBOUT_PHASE bound to: 0.000000 - type: double 
	Parameter CLKFBOUT_USE_FINE_PS bound to: FALSE - type: string 
	Parameter CLKIN1_PERIOD bound to: 10.000000 - type: double 
	Parameter CLKOUT0_DIVIDE_F bound to: 10.000000 - type: double 
	Parameter CLKOUT0_DUTY_CYCLE bound to: 0.500000 - type: double 
	Parameter CLKOUT0_PHASE bound to: 0.000000 - type: double 
	Parameter CLKOUT0_USE_FINE_PS bound to: FALSE - type: string 
	Parameter CLKOUT4_CASCADE bound to: FALSE - type: string 
	Parameter COMPENSATION bound to: ZHOLD - type: string 
	Parameter DIVCLK_DIVIDE bound to: 1 - type: integer 
	Parameter STARTUP_WAIT bound to: FALSE - type: string 
INFO: [Synth 8-6155] done synthesizing module 'MMCME2_ADV' (0#1) [/home/sean/.var/app/com.github.corna.Vivado/data/xilinx-install/Vivado/2022.2/scripts/rt/data/unisim_comp.v:79852]
INFO: [Synth 8-6157] synthesizing module 'BUFG' [/home/sean/.var/app/com.github.corna.Vivado/data/xilinx-install/Vivado/2022.2/scripts/rt/data/unisim_comp.v:1082]
INFO: [Synth 8-6155] done synthesizing module 'BUFG' (0#1) [/home/sean/.var/app/com.github.corna.Vivado/data/xilinx-install/Vivado/2022.2/scripts/rt/data/unisim_comp.v:1082]
INFO: [Synth 8-6155] done synthesizing module 'mb_usb_clk_wiz_1_0_clk_wiz' (0#1) [/home/sean/Documents/Vivado/lab6_2_redo/lab6_2_redo.gen/sources_1/bd/mb_usb/ip/mb_usb_clk_wiz_1_0/mb_usb_clk_wiz_1_0_clk_wiz.v:68]
INFO: [Synth 8-6155] done synthesizing module 'mb_usb_clk_wiz_1_0' (0#1) [/home/sean/Documents/Vivado/lab6_2_redo/lab6_2_redo.gen/sources_1/bd/mb_usb/ip/mb_usb_clk_wiz_1_0/mb_usb_clk_wiz_1_0.v:68]
---------------------------------------------------------------------------------
Finished RTL Elaboration : Time (s): cpu = 00:00:03 ; elapsed = 00:00:04 . Memory (MB): peak = 2791.277 ; gain = 450.707 ; free physical = 747 ; free virtual = 18488
Synthesis current peak Physical Memory [PSS] (MB): peak = 2145.377; parent = 1940.458; children = 204.919
Synthesis current peak Virtual Memory [VSS] (MB): peak = 3757.305; parent = 2791.281; children = 966.023
---------------------------------------------------------------------------------
---------------------------------------------------------------------------------
Start Handling Custom Attributes
---------------------------------------------------------------------------------
---------------------------------------------------------------------------------
Finished Handling Custom Attributes : Time (s): cpu = 00:00:03 ; elapsed = 00:00:04 . Memory (MB): peak = 2809.090 ; gain = 468.520 ; free physical = 745 ; free virtual = 18486
Synthesis current peak Physical Memory [PSS] (MB): peak = 2145.377; parent = 1940.458; children = 204.919
Synthesis current peak Virtual Memory [VSS] (MB): peak = 3775.117; parent = 2809.094; children = 966.023
---------------------------------------------------------------------------------
---------------------------------------------------------------------------------
Finished RTL Optimization Phase 1 : Time (s): cpu = 00:00:03 ; elapsed = 00:00:04 . Memory (MB): peak = 2809.090 ; gain = 468.520 ; free physical = 745 ; free virtual = 18486
Synthesis current peak Physical Memory [PSS] (MB): peak = 2145.377; parent = 1940.458; children = 204.919
Synthesis current peak Virtual Memory [VSS] (MB): peak = 3775.117; parent = 2809.094; children = 966.023
---------------------------------------------------------------------------------
Netlist sorting complete. Time (s): cpu = 00:00:00 ; elapsed = 00:00:00 . Memory (MB): peak = 2815.027 ; gain = 0.000 ; free physical = 736 ; free virtual = 18476
INFO: [Netlist 29-17] Analyzing 1 Unisim elements for replacement
INFO: [Netlist 29-28] Unisim Transformation completed in 0 CPU seconds
INFO: [Project 1-570] Preparing netlist for logic optimization

Processing XDC Constraints
Initializing timing engine
Parsing XDC File [/home/sean/Documents/Vivado/lab6_2_redo/lab6_2_redo.gen/sources_1/bd/mb_usb/ip/mb_usb_clk_wiz_1_0/mb_usb_clk_wiz_1_0_ooc.xdc] for cell 'inst'
Finished Parsing XDC File [/home/sean/Documents/Vivado/lab6_2_redo/lab6_2_redo.gen/sources_1/bd/mb_usb/ip/mb_usb_clk_wiz_1_0/mb_usb_clk_wiz_1_0_ooc.xdc] for cell 'inst'
Parsing XDC File [/home/sean/Documents/Vivado/lab6_2_redo/lab6_2_redo.gen/sources_1/bd/mb_usb/ip/mb_usb_clk_wiz_1_0/mb_usb_clk_wiz_1_0_board.xdc] for cell 'inst'
Finished Parsing XDC File [/home/sean/Documents/Vivado/lab6_2_redo/lab6_2_redo.gen/sources_1/bd/mb_usb/ip/mb_usb_clk_wiz_1_0/mb_usb_clk_wiz_1_0_board.xdc] for cell 'inst'
Parsing XDC File [/home/sean/Documents/Vivado/lab6_2_redo/lab6_2_redo.gen/sources_1/bd/mb_usb/ip/mb_usb_clk_wiz_1_0/mb_usb_clk_wiz_1_0.xdc] for cell 'inst'
Finished Parsing XDC File [/home/sean/Documents/Vivado/lab6_2_redo/lab6_2_redo.gen/sources_1/bd/mb_usb/ip/mb_usb_clk_wiz_1_0/mb_usb_clk_wiz_1_0.xdc] for cell 'inst'
INFO: [Project 1-236] Implementation specific constraints were found while reading constraint file [/home/sean/Documents/Vivado/lab6_2_redo/lab6_2_redo.gen/sources_1/bd/mb_usb/ip/mb_usb_clk_wiz_1_0/mb_usb_clk_wiz_1_0.xdc]. These constraints will be ignored for synthesis but will be used in implementation. Impacted constraints are listed in the file [.Xil/mb_usb_clk_wiz_1_0_propImpl.xdc].
Resolution: To avoid this warning, move constraints listed in [.Xil/mb_usb_clk_wiz_1_0_propImpl.xdc] to another XDC file and exclude this new file from synthesis with the used_in_synthesis property (File Properties dialog in GUI) and re-run elaboration/synthesis.
INFO: [Timing 38-2] Deriving generated clocks
Parsing XDC File [/home/sean/Documents/Vivado/lab6_2_redo/lab6_2_redo.runs/mb_usb_clk_wiz_1_0_synth_1/dont_touch.xdc]
Finished Parsing XDC File [/home/sean/Documents/Vivado/lab6_2_redo/lab6_2_redo.runs/mb_usb_clk_wiz_1_0_synth_1/dont_touch.xdc]
Completed Processing XDC Constraints

Netlist sorting complete. Time (s): cpu = 00:00:00 ; elapsed = 00:00:00 . Memory (MB): peak = 2882.027 ; gain = 0.000 ; free physical = 649 ; free virtual = 18403
INFO: [Project 1-111] Unisim Transformation Summary:
No Unisim elements were transformed.

Constraint Validation Runtime : Time (s): cpu = 00:00:00.01 ; elapsed = 00:00:00.02 . Memory (MB): peak = 2882.027 ; gain = 0.000 ; free physical = 649 ; free virtual = 18403
INFO: [Designutils 20-5008] Incremental synthesis strategy off
INFO: [Synth 8-11241] undeclared symbol 'REGCCE', assumed default net type 'wire' [/home/sean/.var/app/com.github.corna.Vivado/data/xilinx-install/Vivado/2022.2/data/verilog/src/unimacro/BRAM_SINGLE_MACRO.v:2170]
---------------------------------------------------------------------------------
Finished Constraint Validation : Time (s): cpu = 00:00:07 ; elapsed = 00:00:09 . Memory (MB): peak = 2882.027 ; gain = 541.457 ; free physical = 694 ; free virtual = 18448
Synthesis current peak Physical Memory [PSS] (MB): peak = 2145.377; parent = 1940.458; children = 204.919
Synthesis current peak Virtual Memory [VSS] (MB): peak = 3816.039; parent = 2850.016; children = 966.023
---------------------------------------------------------------------------------
---------------------------------------------------------------------------------
Start Loading Part and Timing Information
---------------------------------------------------------------------------------
Loading part: xc7s50csga324-1
---------------------------------------------------------------------------------
Finished Loading Part and Timing Information : Time (s): cpu = 00:00:07 ; elapsed = 00:00:09 . Memory (MB): peak = 2882.027 ; gain = 541.457 ; free physical = 688 ; free virtual = 18442
Synthesis current peak Physical Memory [PSS] (MB): peak = 2145.377; parent = 1940.458; children = 204.919
Synthesis current peak Virtual Memory [VSS] (MB): peak = 3816.039; parent = 2850.016; children = 966.023
---------------------------------------------------------------------------------
---------------------------------------------------------------------------------
Start Applying 'set_property' XDC Constraints
---------------------------------------------------------------------------------
Applied set_property KEEP_HIERARCHY = SOFT for inst. (constraint file  /home/sean/Documents/Vivado/lab6_2_redo/lab6_2_redo.runs/mb_usb_clk_wiz_1_0_synth_1/dont_touch.xdc, line 9).
---------------------------------------------------------------------------------
Finished applying 'set_property' XDC Constraints : Time (s): cpu = 00:00:07 ; elapsed = 00:00:09 . Memory (MB): peak = 2882.027 ; gain = 541.457 ; free physical = 679 ; free virtual = 18433
Synthesis current peak Physical Memory [PSS] (MB): peak = 2145.377; parent = 1940.458; children = 204.919
Synthesis current peak Virtual Memory [VSS] (MB): peak = 3816.039; parent = 2850.016; children = 966.023
---------------------------------------------------------------------------------
---------------------------------------------------------------------------------
Finished RTL Optimization Phase 2 : Time (s): cpu = 00:00:07 ; elapsed = 00:00:09 . Memory (MB): peak = 2882.027 ; gain = 541.457 ; free physical = 676 ; free virtual = 18431
Synthesis current peak Physical Memory [PSS] (MB): peak = 2145.377; parent = 1940.458; children = 204.919
Synthesis current peak Virtual Memory [VSS] (MB): peak = 3816.039; parent = 2850.016; children = 966.023
---------------------------------------------------------------------------------
---------------------------------------------------------------------------------
Start RTL Component Statistics 
---------------------------------------------------------------------------------
Detailed RTL Component Info : 
---------------------------------------------------------------------------------
Finished RTL Component Statistics 
---------------------------------------------------------------------------------
---------------------------------------------------------------------------------
Start Part Resource Summary
---------------------------------------------------------------------------------
Part Resources:
DSPs: 120 (col length:60)
BRAMs: 150 (col length: RAMB18 60 RAMB36 30)
---------------------------------------------------------------------------------
Finished Part Resource Summary
---------------------------------------------------------------------------------
---------------------------------------------------------------------------------
Start Cross Boundary and Area Optimization
---------------------------------------------------------------------------------
WARNING: [Synth 8-7080] Parallel synthesis criteria is not met
---------------------------------------------------------------------------------
Finished Cross Boundary and Area Optimization : Time (s): cpu = 00:00:08 ; elapsed = 00:00:10 . Memory (MB): peak = 2882.027 ; gain = 541.457 ; free physical = 661 ; free virtual = 18420
Synthesis current peak Physical Memory [PSS] (MB): peak = 2145.377; parent = 1940.458; children = 204.919
Synthesis current peak Virtual Memory [VSS] (MB): peak = 3816.039; parent = 2850.016; children = 966.023
---------------------------------------------------------------------------------
---------------------------------------------------------------------------------
Start Applying XDC Timing Constraints
---------------------------------------------------------------------------------
---------------------------------------------------------------------------------
Finished Applying XDC Timing Constraints : Time (s): cpu = 00:00:10 ; elapsed = 00:00:13 . Memory (MB): peak = 2882.027 ; gain = 541.457 ; free physical = 552 ; free virtual = 18317
Synthesis current peak Physical Memory [PSS] (MB): peak = 2209.598; parent = 2004.721; children = 204.919
Synthesis current peak Virtual Memory [VSS] (MB): peak = 3816.039; parent = 2850.016; children = 966.023
---------------------------------------------------------------------------------
---------------------------------------------------------------------------------
Start Timing Optimization
---------------------------------------------------------------------------------
---------------------------------------------------------------------------------
Finished Timing Optimization : Time (s): cpu = 00:00:10 ; elapsed = 00:00:13 . Memory (MB): peak = 2882.027 ; gain = 541.457 ; free physical = 552 ; free virtual = 18317
Synthesis current peak Physical Memory [PSS] (MB): peak = 2209.785; parent = 2004.908; children = 204.919
Synthesis current peak Virtual Memory [VSS] (MB): peak = 3816.039; parent = 2850.016; children = 966.023
---------------------------------------------------------------------------------
---------------------------------------------------------------------------------
Start Technology Mapping
---------------------------------------------------------------------------------
---------------------------------------------------------------------------------
Finished Technology Mapping : Time (s): cpu = 00:00:10 ; elapsed = 00:00:13 . Memory (MB): peak = 2882.027 ; gain = 541.457 ; free physical = 551 ; free virtual = 18317
Synthesis current peak Physical Memory [PSS] (MB): peak = 2210.512; parent = 2005.635; children = 204.919
Synthesis current peak Virtual Memory [VSS] (MB): peak = 3816.039; parent = 2850.016; children = 966.023
---------------------------------------------------------------------------------
---------------------------------------------------------------------------------
Start IO Insertion
---------------------------------------------------------------------------------
---------------------------------------------------------------------------------
Start Flattening Before IO Insertion
---------------------------------------------------------------------------------
---------------------------------------------------------------------------------
Finished Flattening Before IO Insertion
---------------------------------------------------------------------------------
---------------------------------------------------------------------------------
Start Final Netlist Cleanup
---------------------------------------------------------------------------------
---------------------------------------------------------------------------------
Finished Final Netlist Cleanup
---------------------------------------------------------------------------------
---------------------------------------------------------------------------------
Finished IO Insertion : Time (s): cpu = 00:00:13 ; elapsed = 00:00:15 . Memory (MB): peak = 2882.027 ; gain = 541.457 ; free physical = 542 ; free virtual = 18308
Synthesis current peak Physical Memory [PSS] (MB): peak = 2210.660; parent = 2005.783; children = 204.919
Synthesis current peak Virtual Memory [VSS] (MB): peak = 3816.039; parent = 2850.016; children = 966.023
---------------------------------------------------------------------------------
---------------------------------------------------------------------------------
Start Renaming Generated Instances
---------------------------------------------------------------------------------
---------------------------------------------------------------------------------
Finished Renaming Generated Instances : Time (s): cpu = 00:00:13 ; elapsed = 00:00:15 . Memory (MB): peak = 2882.027 ; gain = 541.457 ; free physical = 542 ; free virtual = 18308
Synthesis current peak Physical Memory [PSS] (MB): peak = 2210.676; parent = 2005.799; children = 204.919
Synthesis current peak Virtual Memory [VSS] (MB): peak = 3816.039; parent = 2850.016; children = 966.023
---------------------------------------------------------------------------------
---------------------------------------------------------------------------------
Start Rebuilding User Hierarchy
---------------------------------------------------------------------------------
---------------------------------------------------------------------------------
Finished Rebuilding User Hierarchy : Time (s): cpu = 00:00:13 ; elapsed = 00:00:15 . Memory (MB): peak = 2882.027 ; gain = 541.457 ; free physical = 542 ; free virtual = 18308
Synthesis current peak Physical Memory [PSS] (MB): peak = 2210.691; parent = 2005.814; children = 204.919
Synthesis current peak Virtual Memory [VSS] (MB): peak = 3816.039; parent = 2850.016; children = 966.023
---------------------------------------------------------------------------------
---------------------------------------------------------------------------------
Start Renaming Generated Ports
---------------------------------------------------------------------------------
---------------------------------------------------------------------------------
Finished Renaming Generated Ports : Time (s): cpu = 00:00:13 ; elapsed = 00:00:15 . Memory (MB): peak = 2882.027 ; gain = 541.457 ; free physical = 542 ; free virtual = 18308
Synthesis current peak Physical Memory [PSS] (MB): peak = 2210.770; parent = 2005.893; children = 204.919
Synthesis current peak Virtual Memory [VSS] (MB): peak = 3816.039; parent = 2850.016; children = 966.023
---------------------------------------------------------------------------------
---------------------------------------------------------------------------------
Start Handling Custom Attributes
---------------------------------------------------------------------------------
---------------------------------------------------------------------------------
Finished Handling Custom Attributes : Time (s): cpu = 00:00:13 ; elapsed = 00:00:15 . Memory (MB): peak = 2882.027 ; gain = 541.457 ; free physical = 542 ; free virtual = 18308
Synthesis current peak Physical Memory [PSS] (MB): peak = 2210.770; parent = 2005.893; children = 204.919
Synthesis current peak Virtual Memory [VSS] (MB): peak = 3816.039; parent = 2850.016; children = 966.023
---------------------------------------------------------------------------------
---------------------------------------------------------------------------------
Start Renaming Generated Nets
---------------------------------------------------------------------------------
---------------------------------------------------------------------------------
Finished Renaming Generated Nets : Time (s): cpu = 00:00:13 ; elapsed = 00:00:15 . Memory (MB): peak = 2882.027 ; gain = 541.457 ; free physical = 542 ; free virtual = 18308
Synthesis current peak Physical Memory [PSS] (MB): peak = 2210.801; parent = 2005.924; children = 204.919
Synthesis current peak Virtual Memory [VSS] (MB): peak = 3816.039; parent = 2850.016; children = 966.023
---------------------------------------------------------------------------------
---------------------------------------------------------------------------------
Start Writing Synthesis Report
---------------------------------------------------------------------------------

Report BlackBoxes: 
+-+--------------+----------+
| |BlackBox name |Instances |
+-+--------------+----------+
+-+--------------+----------+

Report Cell Usage: 
+------+-----------+------+
|      |Cell       |Count |
+------+-----------+------+
|1     |BUFG       |     2|
|2     |MMCME2_ADV |     1|
|3     |IBUF       |     1|
+------+-----------+------+
---------------------------------------------------------------------------------
Finished Writing Synthesis Report : Time (s): cpu = 00:00:13 ; elapsed = 00:00:15 . Memory (MB): peak = 2882.027 ; gain = 541.457 ; free physical = 542 ; free virtual = 18308
Synthesis current peak Physical Memory [PSS] (MB): peak = 2210.816; parent = 2005.939; children = 204.919
Synthesis current peak Virtual Memory [VSS] (MB): peak = 3816.039; parent = 2850.016; children = 966.023
---------------------------------------------------------------------------------
Synthesis finished with 0 errors, 0 critical warnings and 1 warnings.
Synthesis Optimization Runtime : Time (s): cpu = 00:00:12 ; elapsed = 00:00:13 . Memory (MB): peak = 2882.027 ; gain = 468.520 ; free physical = 592 ; free virtual = 18357
Synthesis Optimization Complete : Time (s): cpu = 00:00:13 ; elapsed = 00:00:15 . Memory (MB): peak = 2882.027 ; gain = 541.457 ; free physical = 592 ; free virtual = 18358
INFO: [Project 1-571] Translating synthesized netlist
Netlist sorting complete. Time (s): cpu = 00:00:00 ; elapsed = 00:00:00 . Memory (MB): peak = 2882.027 ; gain = 0.000 ; free physical = 589 ; free virtual = 18355
INFO: [Netlist 29-17] Analyzing 1 Unisim elements for replacement
INFO: [Netlist 29-28] Unisim Transformation completed in 0 CPU seconds
INFO: [Project 1-570] Preparing netlist for logic optimization
INFO: [Opt 31-138] Pushed 0 inverter(s) to 0 load pin(s).
Netlist sorting complete. Time (s): cpu = 00:00:00 ; elapsed = 00:00:00 . Memory (MB): peak = 2882.027 ; gain = 0.000 ; free physical = 644 ; free virtual = 18410
INFO: [Project 1-111] Unisim Transformation Summary:
No Unisim elements were transformed.

Synth Design complete, checksum: 3522ecb2
INFO: [Common 17-83] Releasing license: Synthesis
35 Infos, 1 Warnings, 0 Critical Warnings and 0 Errors encountered.
synth_design completed successfully
synth_design: Time (s): cpu = 00:00:17 ; elapsed = 00:00:18 . Memory (MB): peak = 2882.027 ; gain = 845.520 ; free physical = 844 ; free virtual = 18610
INFO: [Common 17-1381] The checkpoint '/home/sean/Documents/Vivado/lab6_2_redo/lab6_2_redo.runs/mb_usb_clk_wiz_1_0_synth_1/mb_usb_clk_wiz_1_0.dcp' has been generated.
INFO: [Coretcl 2-1648] Added synthesis output to IP cache for IP mb_usb_clk_wiz_1_0, cache-ID = 409ba3c986b72786
INFO: [Common 17-1381] The checkpoint '/home/sean/Documents/Vivado/lab6_2_redo/lab6_2_redo.runs/mb_usb_clk_wiz_1_0_synth_1/mb_usb_clk_wiz_1_0.dcp' has been generated.
INFO: [runtcl-4] Executing : report_utilization -file mb_usb_clk_wiz_1_0_utilization_synth.rpt -pb mb_usb_clk_wiz_1_0_utilization_synth.pb
INFO: [Common 17-206] Exiting Vivado at Fri Oct 25 06:50:49 2024...
