
*** Running vivado
    with args -log vid_oe4_auto_ds_1.vds -m64 -product Vivado -mode batch -messageDb vivado.pb -notrace -source vid_oe4_auto_ds_1.tcl



****** Vivado v2022.2 (64-bit)
  **** SW Build 3671981 on Fri Oct 14 05:00:03 MDT 2022
  **** IP Build 3669848 on Fri Oct 14 08:30:02 MDT 2022
    ** Copyright 1986-2022 Xilinx, Inc. All Rights Reserved.

source vid_oe4_auto_ds_1.tcl -notrace
INFO: [IP_Flow 19-234] Refreshing IP repositories
INFO: [IP_Flow 19-1700] Loaded user IP repository 'c:/Users/sjasi3/ECE385_FP/hdmi_tx_1.0'.
INFO: [IP_Flow 19-1700] Loaded user IP repository 'c:/Users/sjasi3/ECE385_FP/digilent'.
INFO: [IP_Flow 19-1700] Loaded user IP repository 'c:/Users/sjasi3/ECE385_FP/ip_repo'.
INFO: [IP_Flow 19-2313] Loaded Vivado IP repository 'C:/Xilinx/Vivado/2022.2/data/ip'.
INFO: [IP_Flow 19-6924] IPCACHE: Running cache check for IP inst: vid_oe4_auto_ds_1
INFO: [IP_Flow 19-6922] IPCACHE: Exporting cached entry f428e86cbd39b916 to dir: C:/Users/sjasi3/ECE385_FP/VID_OE4/VID_OE4.runs/vid_oe4_auto_ds_1_synth_1
INFO: [IP_Flow 19-6928] IPCACHE: copied cached file c:/Users/sjasi3/ECE385_FP/VID_OE4/VID_OE4.cache/ip/2022.2/f/4/f428e86cbd39b916/vid_oe4_auto_ds_0.dcp to C:/Users/sjasi3/ECE385_FP/VID_OE4/VID_OE4.runs/vid_oe4_auto_ds_1_synth_1/vid_oe4_auto_ds_1.dcp.
INFO: [IP_Flow 19-6928] IPCACHE: copied cached file c:/Users/sjasi3/ECE385_FP/VID_OE4/VID_OE4.cache/ip/2022.2/f/4/f428e86cbd39b916/vid_oe4_auto_ds_0_sim_netlist.v to C:/Users/sjasi3/ECE385_FP/VID_OE4/VID_OE4.runs/vid_oe4_auto_ds_1_synth_1/vid_oe4_auto_ds_1_sim_netlist.v.
INFO: [IP_Flow 19-6928] IPCACHE: copied cached file c:/Users/sjasi3/ECE385_FP/VID_OE4/VID_OE4.cache/ip/2022.2/f/4/f428e86cbd39b916/vid_oe4_auto_ds_0_sim_netlist.vhdl to C:/Users/sjasi3/ECE385_FP/VID_OE4/VID_OE4.runs/vid_oe4_auto_ds_1_synth_1/vid_oe4_auto_ds_1_sim_netlist.vhdl.
INFO: [IP_Flow 19-6928] IPCACHE: copied cached file c:/Users/sjasi3/ECE385_FP/VID_OE4/VID_OE4.cache/ip/2022.2/f/4/f428e86cbd39b916/vid_oe4_auto_ds_0_stub.v to C:/Users/sjasi3/ECE385_FP/VID_OE4/VID_OE4.runs/vid_oe4_auto_ds_1_synth_1/vid_oe4_auto_ds_1_stub.v.
INFO: [IP_Flow 19-6928] IPCACHE: copied cached file c:/Users/sjasi3/ECE385_FP/VID_OE4/VID_OE4.cache/ip/2022.2/f/4/f428e86cbd39b916/vid_oe4_auto_ds_0_stub.vhdl to C:/Users/sjasi3/ECE385_FP/VID_OE4/VID_OE4.runs/vid_oe4_auto_ds_1_synth_1/vid_oe4_auto_ds_1_stub.vhdl.
INFO: [IP_Flow 19-4838] Using cached IP synthesis design for IP vid_oe4_auto_ds_1, cache-ID = f428e86cbd39b916.
INFO: [Common 17-206] Exiting Vivado at Fri Dec  6 15:55:21 2024...
