
*** Running vivado
    with args -log vid_oe3_auto_ds_1.vds -m64 -product Vivado -mode batch -messageDb vivado.pb -notrace -source vid_oe3_auto_ds_1.tcl


****** Vivado v2022.2 (64-bit)
  **** SW Build 3671981 on Fri Oct 14 04:59:54 MDT 2022
  **** IP Build 3669848 on Fri Oct 14 08:30:02 MDT 2022
    ** Copyright 1986-2022 Xilinx, Inc. All Rights Reserved.

source vid_oe3_auto_ds_1.tcl -notrace
create_project: Time (s): cpu = 00:00:05 ; elapsed = 00:00:05 . Memory (MB): peak = 1482.859 ; gain = 0.023 ; free physical = 6395 ; free virtual = 13666
INFO: [IP_Flow 19-234] Refreshing IP repositories
INFO: [IP_Flow 19-1700] Loaded user IP repository '/home/sean/Downloads/git/ECE385_FP/digilent/vivado-library-master'.
INFO: [IP_Flow 19-2313] Loaded Vivado IP repository '/alottadata/tools/Xilinx/Vivado/2022.2/data/ip'.
INFO: [IP_Flow 19-6924] IPCACHE: Running cache check for IP inst: vid_oe3_auto_ds_1
Command: synth_design -top vid_oe3_auto_ds_1 -part xc7s50csga324-1 -incremental_mode off -mode out_of_context
Starting synth_design
Attempting to get a license for feature 'Synthesis' and/or device 'xc7s50'
INFO: [Common 17-349] Got license for feature 'Synthesis' and/or device 'xc7s50'
INFO: [Device 21-403] Loading part xc7s50csga324-1
INFO: [Synth 8-7079] Multithreading enabled for synth_design using a maximum of 4 processes.
INFO: [Synth 8-7078] Launching helper process for spawning children vivado processes
INFO: [Synth 8-7075] Helper process launched with PID 7411
INFO: [Synth 8-11241] undeclared symbol 'REGCCE', assumed default net type 'wire' [/alottadata/tools/Xilinx/Vivado/2022.2/data/verilog/src/unimacro/BRAM_SINGLE_MACRO.v:2170]
---------------------------------------------------------------------------------
Starting RTL Elaboration : Time (s): cpu = 00:00:04 ; elapsed = 00:00:05 . Memory (MB): peak = 2174.566 ; gain = 371.770 ; free physical = 1911 ; free virtual = 9185
Synthesis current peak Physical Memory [PSS] (MB): peak = 1197.352; parent = 1062.720; children = 134.632
Synthesis current peak Virtual Memory [VSS] (MB): peak = 3807.355; parent = 2186.477; children = 1620.879
---------------------------------------------------------------------------------
INFO: [Synth 8-6157] synthesizing module 'vid_oe3_auto_ds_1' [/home/sean/Downloads/git/ECE385_FP/VID_OE3/VID_OE3.gen/sources_1/bd/vid_oe3/ip/vid_oe3_auto_ds_1/synth/vid_oe3_auto_ds_1.v:53]
INFO: [Synth 8-6157] synthesizing module 'axi_dwidth_converter_v2_1_27_top' [/home/sean/Downloads/git/ECE385_FP/VID_OE3/VID_OE3.gen/sources_1/bd/vid_oe3/ipshared/4675/hdl/axi_dwidth_converter_v2_1_vlsyn_rfs.v:14461]
INFO: [Synth 8-6157] synthesizing module 'axi_dwidth_converter_v2_1_27_axi_downsizer' [/home/sean/Downloads/git/ECE385_FP/VID_OE3/VID_OE3.gen/sources_1/bd/vid_oe3/ipshared/4675/hdl/axi_dwidth_converter_v2_1_vlsyn_rfs.v:2379]
INFO: [Synth 8-6157] synthesizing module 'axi_dwidth_converter_v2_1_27_b_downsizer' [/home/sean/Downloads/git/ECE385_FP/VID_OE3/VID_OE3.gen/sources_1/bd/vid_oe3/ipshared/4675/hdl/axi_dwidth_converter_v2_1_vlsyn_rfs.v:1250]
INFO: [Synth 8-6155] done synthesizing module 'axi_dwidth_converter_v2_1_27_b_downsizer' (0#1) [/home/sean/Downloads/git/ECE385_FP/VID_OE3/VID_OE3.gen/sources_1/bd/vid_oe3/ipshared/4675/hdl/axi_dwidth_converter_v2_1_vlsyn_rfs.v:1250]
INFO: [Synth 8-6157] synthesizing module 'axi_dwidth_converter_v2_1_27_a_downsizer' [/home/sean/Downloads/git/ECE385_FP/VID_OE3/VID_OE3.gen/sources_1/bd/vid_oe3/ipshared/4675/hdl/axi_dwidth_converter_v2_1_vlsyn_rfs.v:63]
INFO: [Synth 8-6157] synthesizing module 'axi_data_fifo_v2_1_26_axic_fifo' [/home/sean/Downloads/git/ECE385_FP/VID_OE3/VID_OE3.gen/sources_1/bd/vid_oe3/ipshared/3111/hdl/axi_data_fifo_v2_1_vl_rfs.v:63]
INFO: [Synth 8-6157] synthesizing module 'axi_data_fifo_v2_1_26_fifo_gen' [/home/sean/Downloads/git/ECE385_FP/VID_OE3/VID_OE3.gen/sources_1/bd/vid_oe3/ipshared/3111/hdl/axi_data_fifo_v2_1_vl_rfs.v:167]
INFO: [Synth 8-6157] synthesizing module 'xpm_cdc_async_rst' [/alottadata/tools/Xilinx/Vivado/2022.2/data/ip/xpm/xpm_cdc/hdl/xpm_cdc.sv:1174]
INFO: [Synth 8-6155] done synthesizing module 'xpm_cdc_async_rst' (0#1) [/alottadata/tools/Xilinx/Vivado/2022.2/data/ip/xpm/xpm_cdc/hdl/xpm_cdc.sv:1174]
INFO: [Synth 8-6155] done synthesizing module 'axi_data_fifo_v2_1_26_fifo_gen' (0#1) [/home/sean/Downloads/git/ECE385_FP/VID_OE3/VID_OE3.gen/sources_1/bd/vid_oe3/ipshared/3111/hdl/axi_data_fifo_v2_1_vl_rfs.v:167]
INFO: [Synth 8-6155] done synthesizing module 'axi_data_fifo_v2_1_26_axic_fifo' (0#1) [/home/sean/Downloads/git/ECE385_FP/VID_OE3/VID_OE3.gen/sources_1/bd/vid_oe3/ipshared/3111/hdl/axi_data_fifo_v2_1_vl_rfs.v:63]
INFO: [Synth 8-6157] synthesizing module 'axi_data_fifo_v2_1_26_axic_fifo__parameterized0' [/home/sean/Downloads/git/ECE385_FP/VID_OE3/VID_OE3.gen/sources_1/bd/vid_oe3/ipshared/3111/hdl/axi_data_fifo_v2_1_vl_rfs.v:63]
INFO: [Synth 8-6157] synthesizing module 'axi_data_fifo_v2_1_26_fifo_gen__parameterized0' [/home/sean/Downloads/git/ECE385_FP/VID_OE3/VID_OE3.gen/sources_1/bd/vid_oe3/ipshared/3111/hdl/axi_data_fifo_v2_1_vl_rfs.v:167]
INFO: [Synth 8-6155] done synthesizing module 'axi_data_fifo_v2_1_26_fifo_gen__parameterized0' (0#1) [/home/sean/Downloads/git/ECE385_FP/VID_OE3/VID_OE3.gen/sources_1/bd/vid_oe3/ipshared/3111/hdl/axi_data_fifo_v2_1_vl_rfs.v:167]
INFO: [Synth 8-6155] done synthesizing module 'axi_data_fifo_v2_1_26_axic_fifo__parameterized0' (0#1) [/home/sean/Downloads/git/ECE385_FP/VID_OE3/VID_OE3.gen/sources_1/bd/vid_oe3/ipshared/3111/hdl/axi_data_fifo_v2_1_vl_rfs.v:63]
INFO: [Synth 8-6155] done synthesizing module 'axi_dwidth_converter_v2_1_27_a_downsizer' (0#1) [/home/sean/Downloads/git/ECE385_FP/VID_OE3/VID_OE3.gen/sources_1/bd/vid_oe3/ipshared/4675/hdl/axi_dwidth_converter_v2_1_vlsyn_rfs.v:63]
INFO: [Synth 8-6157] synthesizing module 'axi_dwidth_converter_v2_1_27_w_downsizer' [/home/sean/Downloads/git/ECE385_FP/VID_OE3/VID_OE3.gen/sources_1/bd/vid_oe3/ipshared/4675/hdl/axi_dwidth_converter_v2_1_vlsyn_rfs.v:2015]
INFO: [Synth 8-6155] done synthesizing module 'axi_dwidth_converter_v2_1_27_w_downsizer' (0#1) [/home/sean/Downloads/git/ECE385_FP/VID_OE3/VID_OE3.gen/sources_1/bd/vid_oe3/ipshared/4675/hdl/axi_dwidth_converter_v2_1_vlsyn_rfs.v:2015]
INFO: [Synth 8-6157] synthesizing module 'axi_dwidth_converter_v2_1_27_a_downsizer__parameterized0' [/home/sean/Downloads/git/ECE385_FP/VID_OE3/VID_OE3.gen/sources_1/bd/vid_oe3/ipshared/4675/hdl/axi_dwidth_converter_v2_1_vlsyn_rfs.v:63]
INFO: [Synth 8-6155] done synthesizing module 'axi_dwidth_converter_v2_1_27_a_downsizer__parameterized0' (0#1) [/home/sean/Downloads/git/ECE385_FP/VID_OE3/VID_OE3.gen/sources_1/bd/vid_oe3/ipshared/4675/hdl/axi_dwidth_converter_v2_1_vlsyn_rfs.v:63]
INFO: [Synth 8-6157] synthesizing module 'axi_dwidth_converter_v2_1_27_r_downsizer' [/home/sean/Downloads/git/ECE385_FP/VID_OE3/VID_OE3.gen/sources_1/bd/vid_oe3/ipshared/4675/hdl/axi_dwidth_converter_v2_1_vlsyn_rfs.v:1532]
INFO: [Synth 8-6155] done synthesizing module 'axi_dwidth_converter_v2_1_27_r_downsizer' (0#1) [/home/sean/Downloads/git/ECE385_FP/VID_OE3/VID_OE3.gen/sources_1/bd/vid_oe3/ipshared/4675/hdl/axi_dwidth_converter_v2_1_vlsyn_rfs.v:1532]
INFO: [Synth 8-6155] done synthesizing module 'axi_dwidth_converter_v2_1_27_axi_downsizer' (0#1) [/home/sean/Downloads/git/ECE385_FP/VID_OE3/VID_OE3.gen/sources_1/bd/vid_oe3/ipshared/4675/hdl/axi_dwidth_converter_v2_1_vlsyn_rfs.v:2379]
INFO: [Synth 8-6155] done synthesizing module 'axi_dwidth_converter_v2_1_27_top' (0#1) [/home/sean/Downloads/git/ECE385_FP/VID_OE3/VID_OE3.gen/sources_1/bd/vid_oe3/ipshared/4675/hdl/axi_dwidth_converter_v2_1_vlsyn_rfs.v:14461]
INFO: [Synth 8-6155] done synthesizing module 'vid_oe3_auto_ds_1' (0#1) [/home/sean/Downloads/git/ECE385_FP/VID_OE3/VID_OE3.gen/sources_1/bd/vid_oe3/ip/vid_oe3_auto_ds_1/synth/vid_oe3_auto_ds_1.v:53]
WARNING: [Synth 8-6014] Unused sequential element cmd_empty_reg was removed.  [/home/sean/Downloads/git/ECE385_FP/VID_OE3/VID_OE3.gen/sources_1/bd/vid_oe3/ipshared/4675/hdl/axi_dwidth_converter_v2_1_vlsyn_rfs.v:1053]
WARNING: [Synth 8-6014] Unused sequential element cmd_depth_reg was removed.  [/home/sean/Downloads/git/ECE385_FP/VID_OE3/VID_OE3.gen/sources_1/bd/vid_oe3/ipshared/4675/hdl/axi_dwidth_converter_v2_1_vlsyn_rfs.v:1054]
WARNING: [Synth 8-6014] Unused sequential element cmd_b_push_block_reg was removed.  [/home/sean/Downloads/git/ECE385_FP/VID_OE3/VID_OE3.gen/sources_1/bd/vid_oe3/ipshared/4675/hdl/axi_dwidth_converter_v2_1_vlsyn_rfs.v:976]
WARNING: [Synth 8-7129] Port ALMOST_FULL_I in module output_blk__parameterized0 is either unconnected or has no load
WARNING: [Synth 8-7129] Port PROG_FULL_I in module output_blk__parameterized0 is either unconnected or has no load
WARNING: [Synth 8-7129] Port ALMOST_EMPTY_I in module output_blk__parameterized0 is either unconnected or has no load
WARNING: [Synth 8-7129] Port PROG_EMPTY_I in module output_blk__parameterized0 is either unconnected or has no load
WARNING: [Synth 8-7129] Port WR_ACK_I in module output_blk__parameterized0 is either unconnected or has no load
WARNING: [Synth 8-7129] Port VALID_I in module output_blk__parameterized0 is either unconnected or has no load
WARNING: [Synth 8-7129] Port OVERFLOW_I in module output_blk__parameterized0 is either unconnected or has no load
WARNING: [Synth 8-7129] Port UNDERFLOW_I in module output_blk__parameterized0 is either unconnected or has no load
WARNING: [Synth 8-7129] Port DATA_COUNT_I[5] in module output_blk__parameterized0 is either unconnected or has no load
WARNING: [Synth 8-7129] Port DATA_COUNT_I[4] in module output_blk__parameterized0 is either unconnected or has no load
WARNING: [Synth 8-7129] Port DATA_COUNT_I[3] in module output_blk__parameterized0 is either unconnected or has no load
WARNING: [Synth 8-7129] Port DATA_COUNT_I[2] in module output_blk__parameterized0 is either unconnected or has no load
WARNING: [Synth 8-7129] Port DATA_COUNT_I[1] in module output_blk__parameterized0 is either unconnected or has no load
WARNING: [Synth 8-7129] Port DATA_COUNT_I[0] in module output_blk__parameterized0 is either unconnected or has no load
WARNING: [Synth 8-7129] Port WR_DATA_COUNT_I[5] in module output_blk__parameterized0 is either unconnected or has no load
WARNING: [Synth 8-7129] Port WR_DATA_COUNT_I[4] in module output_blk__parameterized0 is either unconnected or has no load
WARNING: [Synth 8-7129] Port WR_DATA_COUNT_I[3] in module output_blk__parameterized0 is either unconnected or has no load
WARNING: [Synth 8-7129] Port WR_DATA_COUNT_I[2] in module output_blk__parameterized0 is either unconnected or has no load
WARNING: [Synth 8-7129] Port WR_DATA_COUNT_I[1] in module output_blk__parameterized0 is either unconnected or has no load
WARNING: [Synth 8-7129] Port WR_DATA_COUNT_I[0] in module output_blk__parameterized0 is either unconnected or has no load
WARNING: [Synth 8-7129] Port RD_DATA_COUNT_I[5] in module output_blk__parameterized0 is either unconnected or has no load
WARNING: [Synth 8-7129] Port RD_DATA_COUNT_I[4] in module output_blk__parameterized0 is either unconnected or has no load
WARNING: [Synth 8-7129] Port RD_DATA_COUNT_I[3] in module output_blk__parameterized0 is either unconnected or has no load
WARNING: [Synth 8-7129] Port RD_DATA_COUNT_I[2] in module output_blk__parameterized0 is either unconnected or has no load
WARNING: [Synth 8-7129] Port RD_DATA_COUNT_I[1] in module output_blk__parameterized0 is either unconnected or has no load
WARNING: [Synth 8-7129] Port RD_DATA_COUNT_I[0] in module output_blk__parameterized0 is either unconnected or has no load
WARNING: [Synth 8-7129] Port SBITERR_I in module output_blk__parameterized0 is either unconnected or has no load
WARNING: [Synth 8-7129] Port DBITERR_I in module output_blk__parameterized0 is either unconnected or has no load
WARNING: [Synth 8-7129] Port SRST_FULL_FF in module wr_status_flags_ss is either unconnected or has no load
WARNING: [Synth 8-7129] Port WR_RST in module wr_status_flags_ss is either unconnected or has no load
WARNING: [Synth 8-7129] Port SRST in module wr_status_flags_ss is either unconnected or has no load
WARNING: [Synth 8-7129] Port SAFETY_CKT_WR_RST in module wr_status_flags_ss is either unconnected or has no load
WARNING: [Synth 8-7129] Port WR_PNTR_PLUS2[4] in module wr_status_flags_ss is either unconnected or has no load
WARNING: [Synth 8-7129] Port WR_PNTR_PLUS2[3] in module wr_status_flags_ss is either unconnected or has no load
WARNING: [Synth 8-7129] Port WR_PNTR_PLUS2[2] in module wr_status_flags_ss is either unconnected or has no load
WARNING: [Synth 8-7129] Port WR_PNTR_PLUS2[1] in module wr_status_flags_ss is either unconnected or has no load
WARNING: [Synth 8-7129] Port WR_PNTR_PLUS2[0] in module wr_status_flags_ss is either unconnected or has no load
WARNING: [Synth 8-7129] Port WR_PNTR_PLUS3[4] in module wr_status_flags_ss is either unconnected or has no load
WARNING: [Synth 8-7129] Port WR_PNTR_PLUS3[3] in module wr_status_flags_ss is either unconnected or has no load
WARNING: [Synth 8-7129] Port WR_PNTR_PLUS3[2] in module wr_status_flags_ss is either unconnected or has no load
WARNING: [Synth 8-7129] Port WR_PNTR_PLUS3[1] in module wr_status_flags_ss is either unconnected or has no load
WARNING: [Synth 8-7129] Port WR_PNTR_PLUS3[0] in module wr_status_flags_ss is either unconnected or has no load
WARNING: [Synth 8-7129] Port SRST in module wr_bin_cntr is either unconnected or has no load
WARNING: [Synth 8-7129] Port WR_EN_INTO_LOGIC in module wr_logic is either unconnected or has no load
WARNING: [Synth 8-7129] Port WR_RST_INTO_LOGIC in module wr_logic is either unconnected or has no load
WARNING: [Synth 8-7129] Port RD_EN in module wr_logic is either unconnected or has no load
WARNING: [Synth 8-7129] Port WR_RST_BUSY in module wr_logic is either unconnected or has no load
WARNING: [Synth 8-7129] Port EMPTY in module wr_logic is either unconnected or has no load
WARNING: [Synth 8-7129] Port ALMOST_EMPTY in module wr_logic is either unconnected or has no load
WARNING: [Synth 8-7129] Port PROG_FULL_THRESH[4] in module wr_logic is either unconnected or has no load
WARNING: [Synth 8-7129] Port PROG_FULL_THRESH[3] in module wr_logic is either unconnected or has no load
WARNING: [Synth 8-7129] Port PROG_FULL_THRESH[2] in module wr_logic is either unconnected or has no load
WARNING: [Synth 8-7129] Port PROG_FULL_THRESH[1] in module wr_logic is either unconnected or has no load
WARNING: [Synth 8-7129] Port PROG_FULL_THRESH[0] in module wr_logic is either unconnected or has no load
WARNING: [Synth 8-7129] Port PROG_FULL_THRESH_ASSERT[4] in module wr_logic is either unconnected or has no load
WARNING: [Synth 8-7129] Port PROG_FULL_THRESH_ASSERT[3] in module wr_logic is either unconnected or has no load
WARNING: [Synth 8-7129] Port PROG_FULL_THRESH_ASSERT[2] in module wr_logic is either unconnected or has no load
WARNING: [Synth 8-7129] Port PROG_FULL_THRESH_ASSERT[1] in module wr_logic is either unconnected or has no load
WARNING: [Synth 8-7129] Port PROG_FULL_THRESH_ASSERT[0] in module wr_logic is either unconnected or has no load
WARNING: [Synth 8-7129] Port PROG_FULL_THRESH_NEGATE[4] in module wr_logic is either unconnected or has no load
WARNING: [Synth 8-7129] Port PROG_FULL_THRESH_NEGATE[3] in module wr_logic is either unconnected or has no load
WARNING: [Synth 8-7129] Port PROG_FULL_THRESH_NEGATE[2] in module wr_logic is either unconnected or has no load
WARNING: [Synth 8-7129] Port PROG_FULL_THRESH_NEGATE[1] in module wr_logic is either unconnected or has no load
WARNING: [Synth 8-7129] Port PROG_FULL_THRESH_NEGATE[0] in module wr_logic is either unconnected or has no load
WARNING: [Synth 8-7129] Port SRST in module rd_fwft is either unconnected or has no load
WARNING: [Synth 8-7129] Port SAFETY_CKT_RD_RST in module rd_fwft is either unconnected or has no load
WARNING: [Synth 8-7129] Port RAM_ALMOST_EMPTY in module rd_fwft is either unconnected or has no load
WARNING: [Synth 8-7129] Port SRST in module rd_status_flags_ss is either unconnected or has no load
WARNING: [Synth 8-7129] Port SAFETY_CKT_RD_RST in module rd_status_flags_ss is either unconnected or has no load
WARNING: [Synth 8-7129] Port RD_PNTR_PLUS2[4] in module rd_status_flags_ss is either unconnected or has no load
WARNING: [Synth 8-7129] Port RD_PNTR_PLUS2[3] in module rd_status_flags_ss is either unconnected or has no load
WARNING: [Synth 8-7129] Port RD_PNTR_PLUS2[2] in module rd_status_flags_ss is either unconnected or has no load
WARNING: [Synth 8-7129] Port RD_PNTR_PLUS2[1] in module rd_status_flags_ss is either unconnected or has no load
WARNING: [Synth 8-7129] Port RD_PNTR_PLUS2[0] in module rd_status_flags_ss is either unconnected or has no load
WARNING: [Synth 8-7129] Port SRST in module rd_bin_cntr is either unconnected or has no load
WARNING: [Synth 8-7129] Port RD_EN_INTO_LOGIC in module rd_logic is either unconnected or has no load
WARNING: [Synth 8-7129] Port RD_RST_INTO_LOGIC in module rd_logic is either unconnected or has no load
WARNING: [Synth 8-7129] Port RD_RST_BUSY in module rd_logic is either unconnected or has no load
WARNING: [Synth 8-7129] Port RST_FULL_FF in module rd_logic is either unconnected or has no load
WARNING: [Synth 8-7129] Port ALMOST_FULL_FB in module rd_logic is either unconnected or has no load
WARNING: [Synth 8-7129] Port FULL in module rd_logic is either unconnected or has no load
WARNING: [Synth 8-7129] Port WR_PNTR_PLUS1_RD[4] in module rd_logic is either unconnected or has no load
WARNING: [Synth 8-7129] Port WR_PNTR_PLUS1_RD[3] in module rd_logic is either unconnected or has no load
WARNING: [Synth 8-7129] Port WR_PNTR_PLUS1_RD[2] in module rd_logic is either unconnected or has no load
WARNING: [Synth 8-7129] Port WR_PNTR_PLUS1_RD[1] in module rd_logic is either unconnected or has no load
WARNING: [Synth 8-7129] Port WR_PNTR_PLUS1_RD[0] in module rd_logic is either unconnected or has no load
WARNING: [Synth 8-7129] Port PROG_EMPTY_THRESH[4] in module rd_logic is either unconnected or has no load
WARNING: [Synth 8-7129] Port PROG_EMPTY_THRESH[3] in module rd_logic is either unconnected or has no load
WARNING: [Synth 8-7129] Port PROG_EMPTY_THRESH[2] in module rd_logic is either unconnected or has no load
WARNING: [Synth 8-7129] Port PROG_EMPTY_THRESH[1] in module rd_logic is either unconnected or has no load
WARNING: [Synth 8-7129] Port PROG_EMPTY_THRESH[0] in module rd_logic is either unconnected or has no load
WARNING: [Synth 8-7129] Port PROG_EMPTY_THRESH_ASSERT[4] in module rd_logic is either unconnected or has no load
WARNING: [Synth 8-7129] Port PROG_EMPTY_THRESH_ASSERT[3] in module rd_logic is either unconnected or has no load
WARNING: [Synth 8-7129] Port PROG_EMPTY_THRESH_ASSERT[2] in module rd_logic is either unconnected or has no load
WARNING: [Synth 8-7129] Port PROG_EMPTY_THRESH_ASSERT[1] in module rd_logic is either unconnected or has no load
WARNING: [Synth 8-7129] Port PROG_EMPTY_THRESH_ASSERT[0] in module rd_logic is either unconnected or has no load
WARNING: [Synth 8-7129] Port PROG_EMPTY_THRESH_NEGATE[4] in module rd_logic is either unconnected or has no load
WARNING: [Synth 8-7129] Port PROG_EMPTY_THRESH_NEGATE[3] in module rd_logic is either unconnected or has no load
WARNING: [Synth 8-7129] Port PROG_EMPTY_THRESH_NEGATE[2] in module rd_logic is either unconnected or has no load
WARNING: [Synth 8-7129] Port PROG_EMPTY_THRESH_NEGATE[1] in module rd_logic is either unconnected or has no load
INFO: [Common 17-14] Message 'Synth 8-7129' appears 100 times and further instances of the messages will be disabled. Use the Tcl command set_msg_config to change the current settings.
---------------------------------------------------------------------------------
Finished RTL Elaboration : Time (s): cpu = 00:00:07 ; elapsed = 00:00:09 . Memory (MB): peak = 2365.441 ; gain = 562.645 ; free physical = 2302 ; free virtual = 9585
Synthesis current peak Physical Memory [PSS] (MB): peak = 1197.352; parent = 1062.720; children = 134.632
Synthesis current peak Virtual Memory [VSS] (MB): peak = 3986.324; parent = 2365.445; children = 1620.879
---------------------------------------------------------------------------------
---------------------------------------------------------------------------------
Start Handling Custom Attributes
---------------------------------------------------------------------------------
---------------------------------------------------------------------------------
Finished Handling Custom Attributes : Time (s): cpu = 00:00:07 ; elapsed = 00:00:09 . Memory (MB): peak = 2383.254 ; gain = 580.457 ; free physical = 2268 ; free virtual = 9551
Synthesis current peak Physical Memory [PSS] (MB): peak = 1197.352; parent = 1062.720; children = 134.632
Synthesis current peak Virtual Memory [VSS] (MB): peak = 4004.137; parent = 2383.258; children = 1620.879
---------------------------------------------------------------------------------
---------------------------------------------------------------------------------
Finished RTL Optimization Phase 1 : Time (s): cpu = 00:00:07 ; elapsed = 00:00:09 . Memory (MB): peak = 2383.254 ; gain = 580.457 ; free physical = 2275 ; free virtual = 9558
Synthesis current peak Physical Memory [PSS] (MB): peak = 1197.352; parent = 1062.720; children = 134.632
Synthesis current peak Virtual Memory [VSS] (MB): peak = 4004.137; parent = 2383.258; children = 1620.879
---------------------------------------------------------------------------------
Netlist sorting complete. Time (s): cpu = 00:00:00.03 ; elapsed = 00:00:00.03 . Memory (MB): peak = 2386.223 ; gain = 0.000 ; free physical = 2360 ; free virtual = 9643
INFO: [Project 1-570] Preparing netlist for logic optimization

Processing XDC Constraints
Initializing timing engine
Parsing XDC File [/home/sean/Downloads/git/ECE385_FP/VID_OE3/VID_OE3.gen/sources_1/bd/vid_oe3/ip/vid_oe3_auto_ds_1/vid_oe3_auto_ds_1_ooc.xdc] for cell 'inst'
Finished Parsing XDC File [/home/sean/Downloads/git/ECE385_FP/VID_OE3/VID_OE3.gen/sources_1/bd/vid_oe3/ip/vid_oe3_auto_ds_1/vid_oe3_auto_ds_1_ooc.xdc] for cell 'inst'
Parsing XDC File [/home/sean/Downloads/git/ECE385_FP/VID_OE3/VID_OE3.runs/vid_oe3_auto_ds_1_synth_1/dont_touch.xdc]
Finished Parsing XDC File [/home/sean/Downloads/git/ECE385_FP/VID_OE3/VID_OE3.runs/vid_oe3_auto_ds_1_synth_1/dont_touch.xdc]
INFO: [Project 1-1714] 3 XPM XDC files have been applied to the design.
Completed Processing XDC Constraints

Netlist sorting complete. Time (s): cpu = 00:00:00 ; elapsed = 00:00:00 . Memory (MB): peak = 2506.035 ; gain = 0.000 ; free physical = 2299 ; free virtual = 9590
INFO: [Project 1-111] Unisim Transformation Summary:
No Unisim elements were transformed.

Constraint Validation Runtime : Time (s): cpu = 00:00:00.05 ; elapsed = 00:00:00.04 . Memory (MB): peak = 2506.035 ; gain = 0.000 ; free physical = 2282 ; free virtual = 9573
INFO: [Designutils 20-5008] Incremental synthesis strategy off
INFO: [Synth 8-11241] undeclared symbol 'REGCCE', assumed default net type 'wire' [/alottadata/tools/Xilinx/Vivado/2022.2/data/verilog/src/unimacro/BRAM_SINGLE_MACRO.v:2170]
---------------------------------------------------------------------------------
Finished Constraint Validation : Time (s): cpu = 00:00:12 ; elapsed = 00:00:14 . Memory (MB): peak = 2506.035 ; gain = 703.238 ; free physical = 2453 ; free virtual = 9746
Synthesis current peak Physical Memory [PSS] (MB): peak = 1197.352; parent = 1062.720; children = 134.632
Synthesis current peak Virtual Memory [VSS] (MB): peak = 4094.902; parent = 2474.023; children = 1620.879
---------------------------------------------------------------------------------
---------------------------------------------------------------------------------
Start Loading Part and Timing Information
---------------------------------------------------------------------------------
Loading part: xc7s50csga324-1
---------------------------------------------------------------------------------
Finished Loading Part and Timing Information : Time (s): cpu = 00:00:12 ; elapsed = 00:00:14 . Memory (MB): peak = 2506.035 ; gain = 703.238 ; free physical = 2449 ; free virtual = 9742
Synthesis current peak Physical Memory [PSS] (MB): peak = 1197.352; parent = 1062.720; children = 134.632
Synthesis current peak Virtual Memory [VSS] (MB): peak = 4094.902; parent = 2474.023; children = 1620.879
---------------------------------------------------------------------------------
---------------------------------------------------------------------------------
Start Applying 'set_property' XDC Constraints
---------------------------------------------------------------------------------
Applied set_property KEEP_HIERARCHY = SOFT for inst. (constraint file  /home/sean/Downloads/git/ECE385_FP/VID_OE3/VID_OE3.runs/vid_oe3_auto_ds_1_synth_1/dont_touch.xdc, line 9).
Applied set_property KEEP_HIERARCHY = SOFT for inst/\gen_downsizer.gen_simple_downsizer.axi_downsizer_inst /\USE_WRITE.write_addr_inst /\USE_B_CHANNEL.cmd_b_queue /inst/fifo_gen_inst/inst_fifo_gen/\gconvfifo.rf /\grf.rf /rstblk/\ngwrdrst.grst.g7serrst.gnsckt_wrst.rst_wr_reg2_inst . (constraint file  auto generated constraint).
Applied set_property KEEP_HIERARCHY = SOFT for inst/\gen_downsizer.gen_simple_downsizer.axi_downsizer_inst /\USE_WRITE.write_addr_inst /cmd_queue/inst/fifo_gen_inst/inst_fifo_gen/\gconvfifo.rf /\grf.rf /rstblk/\ngwrdrst.grst.g7serrst.gnsckt_wrst.rst_wr_reg2_inst . (constraint file  auto generated constraint).
Applied set_property KEEP_HIERARCHY = SOFT for inst/\gen_downsizer.gen_simple_downsizer.axi_downsizer_inst /\USE_READ.read_addr_inst /cmd_queue/inst/fifo_gen_inst/inst_fifo_gen/\gconvfifo.rf /\grf.rf /rstblk/\ngwrdrst.grst.g7serrst.gnsckt_wrst.rst_wr_reg2_inst . (constraint file  auto generated constraint).
---------------------------------------------------------------------------------
Finished applying 'set_property' XDC Constraints : Time (s): cpu = 00:00:12 ; elapsed = 00:00:14 . Memory (MB): peak = 2506.035 ; gain = 703.238 ; free physical = 2483 ; free virtual = 9779
Synthesis current peak Physical Memory [PSS] (MB): peak = 1197.352; parent = 1062.720; children = 134.632
Synthesis current peak Virtual Memory [VSS] (MB): peak = 4094.902; parent = 2474.023; children = 1620.879
---------------------------------------------------------------------------------
INFO: [Synth 8-802] inferred FSM for state register 'gpregsm1.curr_fwft_state_reg' in module 'rd_fwft'
INFO: [Synth 8-6159] Found Keep on FSM register 'gpregsm1.curr_fwft_state_reg' in module 'rd_fwft', re-encoding will not be performed
---------------------------------------------------------------------------------------------------
                   State |                     New Encoding |                Previous Encoding 
---------------------------------------------------------------------------------------------------
                 invalid |                               00 |                               00
            stage1_valid |                               10 |                               10
       both_stages_valid |                               11 |                               11
            stage2_valid |                               01 |                               01
---------------------------------------------------------------------------------------------------
---------------------------------------------------------------------------------
Finished RTL Optimization Phase 2 : Time (s): cpu = 00:00:13 ; elapsed = 00:00:15 . Memory (MB): peak = 2506.035 ; gain = 703.238 ; free physical = 2519 ; free virtual = 9824
Synthesis current peak Physical Memory [PSS] (MB): peak = 1197.352; parent = 1062.720; children = 134.632
Synthesis current peak Virtual Memory [VSS] (MB): peak = 4094.902; parent = 2474.023; children = 1620.879
---------------------------------------------------------------------------------
---------------------------------------------------------------------------------
Start RTL Component Statistics 
---------------------------------------------------------------------------------
Detailed RTL Component Info : 
+---Adders : 
	   2 Input   32 Bit       Adders := 2     
	   2 Input    8 Bit       Adders := 7     
	   3 Input    8 Bit       Adders := 2     
	   2 Input    6 Bit       Adders := 2     
	   2 Input    5 Bit       Adders := 6     
	   2 Input    4 Bit       Adders := 4     
+---XORs : 
	   2 Input      1 Bit         XORs := 60    
+---Registers : 
	               32 Bit    Registers := 12    
	               29 Bit    Registers := 4     
	               12 Bit    Registers := 2     
	                9 Bit    Registers := 2     
	                8 Bit    Registers := 13    
	                7 Bit    Registers := 2     
	                6 Bit    Registers := 2     
	                5 Bit    Registers := 14    
	                4 Bit    Registers := 15    
	                3 Bit    Registers := 4     
	                2 Bit    Registers := 15    
	                1 Bit    Registers := 62    
+---Muxes : 
	   8 Input   32 Bit        Muxes := 2     
	   2 Input   32 Bit        Muxes := 8     
	   4 Input   32 Bit        Muxes := 1     
	   2 Input   12 Bit        Muxes := 2     
	   2 Input    8 Bit        Muxes := 11    
	   8 Input    7 Bit        Muxes := 2     
	   8 Input    5 Bit        Muxes := 2     
	   2 Input    4 Bit        Muxes := 4     
	   8 Input    4 Bit        Muxes := 4     
	   2 Input    3 Bit        Muxes := 2     
	   2 Input    2 Bit        Muxes := 44    
	   4 Input    2 Bit        Muxes := 3     
	   5 Input    2 Bit        Muxes := 3     
	   3 Input    1 Bit        Muxes := 3     
	   2 Input    1 Bit        Muxes := 27    
	   4 Input    1 Bit        Muxes := 7     
---------------------------------------------------------------------------------
Finished RTL Component Statistics 
---------------------------------------------------------------------------------
---------------------------------------------------------------------------------
Start Part Resource Summary
---------------------------------------------------------------------------------
Part Resources:
DSPs: 120 (col length:60)
BRAMs: 150 (col length: RAMB18 60 RAMB36 30)
---------------------------------------------------------------------------------
Finished Part Resource Summary
---------------------------------------------------------------------------------
---------------------------------------------------------------------------------
Start Cross Boundary and Area Optimization
---------------------------------------------------------------------------------
WARNING: [Synth 8-7080] Parallel synthesis criteria is not met
---------------------------------------------------------------------------------
Finished Cross Boundary and Area Optimization : Time (s): cpu = 00:00:16 ; elapsed = 00:00:19 . Memory (MB): peak = 2506.035 ; gain = 703.238 ; free physical = 2242 ; free virtual = 9557
Synthesis current peak Physical Memory [PSS] (MB): peak = 1197.352; parent = 1062.720; children = 134.632
Synthesis current peak Virtual Memory [VSS] (MB): peak = 4094.902; parent = 2474.023; children = 1620.879
---------------------------------------------------------------------------------
---------------------------------------------------------------------------------
Start ROM, RAM, DSP, Shift Register and Retiming Reporting
---------------------------------------------------------------------------------

Distributed RAM: Preliminary Mapping Report (see note below)
+------------------------------------------------------------------------------------------------------------------------------------+-------------------------------------------------------------------------------+----------------+----------------------+-------------+
|Module Name                                                                                                                         | RTL Object                                                                    | Inference      | Size (Depth x Width) | Primitives  | 
+------------------------------------------------------------------------------------------------------------------------------------+-------------------------------------------------------------------------------+----------------+----------------------+-------------+
|inst/\gen_downsizer.gen_simple_downsizer.axi_downsizer_inst/USE_WRITE.write_addr_inst/USE_B_CHANNEL.cmd_b_queue/inst/fifo_gen_inst  | inst_fifo_gen/gconvfifo.rf/grf.rf/gntv_or_sync_fifo.mem/gdm.dm_gen.dm/RAM_reg | User Attribute | 32 x 9               | RAM32M x 2  | 
|inst/\gen_downsizer.gen_simple_downsizer.axi_downsizer_inst/USE_WRITE.write_addr_inst/cmd_queue/inst/fifo_gen_inst                  | inst_fifo_gen/gconvfifo.rf/grf.rf/gntv_or_sync_fifo.mem/gdm.dm_gen.dm/RAM_reg | User Attribute | 32 x 29              | RAM32M x 5  | 
|inst/\gen_downsizer.gen_simple_downsizer.axi_downsizer_inst/USE_READ.read_addr_inst/cmd_queue/inst/fifo_gen_inst                    | inst_fifo_gen/gconvfifo.rf/grf.rf/gntv_or_sync_fifo.mem/gdm.dm_gen.dm/RAM_reg | User Attribute | 32 x 29              | RAM32M x 5  | 
+------------------------------------------------------------------------------------------------------------------------------------+-------------------------------------------------------------------------------+----------------+----------------------+-------------+

Note: The table above is a preliminary report that shows the Distributed RAMs at the current stage of the synthesis flow. Some Distributed RAMs may be reimplemented as non Distributed RAM primitives later in the synthesis flow. Multiple instantiated RAMs are reported only once.
---------------------------------------------------------------------------------
Finished ROM, RAM, DSP, Shift Register and Retiming Reporting
---------------------------------------------------------------------------------
---------------------------------------------------------------------------------
Start Applying XDC Timing Constraints
---------------------------------------------------------------------------------
---------------------------------------------------------------------------------
Finished Applying XDC Timing Constraints : Time (s): cpu = 00:00:20 ; elapsed = 00:00:22 . Memory (MB): peak = 2506.035 ; gain = 703.238 ; free physical = 2386 ; free virtual = 9700
Synthesis current peak Physical Memory [PSS] (MB): peak = 1287.335; parent = 1150.937; children = 136.398
Synthesis current peak Virtual Memory [VSS] (MB): peak = 4094.902; parent = 2474.023; children = 1620.879
---------------------------------------------------------------------------------
---------------------------------------------------------------------------------
Start Timing Optimization
---------------------------------------------------------------------------------
---------------------------------------------------------------------------------
Finished Timing Optimization : Time (s): cpu = 00:00:22 ; elapsed = 00:00:25 . Memory (MB): peak = 2506.035 ; gain = 703.238 ; free physical = 2398 ; free virtual = 9724
Synthesis current peak Physical Memory [PSS] (MB): peak = 1323.167; parent = 1184.679; children = 138.488
Synthesis current peak Virtual Memory [VSS] (MB): peak = 4094.902; parent = 2474.023; children = 1620.879
---------------------------------------------------------------------------------
---------------------------------------------------------------------------------
Start ROM, RAM, DSP, Shift Register and Retiming Reporting
---------------------------------------------------------------------------------

Distributed RAM: Final Mapping Report
+------------------------------------------------------------------------------------------------------------------------------------+-------------------------------------------------------------------------------+----------------+----------------------+-------------+
|Module Name                                                                                                                         | RTL Object                                                                    | Inference      | Size (Depth x Width) | Primitives  | 
+------------------------------------------------------------------------------------------------------------------------------------+-------------------------------------------------------------------------------+----------------+----------------------+-------------+
|inst/\gen_downsizer.gen_simple_downsizer.axi_downsizer_inst/USE_WRITE.write_addr_inst/USE_B_CHANNEL.cmd_b_queue/inst/fifo_gen_inst  | inst_fifo_gen/gconvfifo.rf/grf.rf/gntv_or_sync_fifo.mem/gdm.dm_gen.dm/RAM_reg | User Attribute | 32 x 9               | RAM32M x 2  | 
|inst/\gen_downsizer.gen_simple_downsizer.axi_downsizer_inst/USE_WRITE.write_addr_inst/cmd_queue/inst/fifo_gen_inst                  | inst_fifo_gen/gconvfifo.rf/grf.rf/gntv_or_sync_fifo.mem/gdm.dm_gen.dm/RAM_reg | User Attribute | 32 x 29              | RAM32M x 5  | 
|inst/\gen_downsizer.gen_simple_downsizer.axi_downsizer_inst/USE_READ.read_addr_inst/cmd_queue/inst/fifo_gen_inst                    | inst_fifo_gen/gconvfifo.rf/grf.rf/gntv_or_sync_fifo.mem/gdm.dm_gen.dm/RAM_reg | User Attribute | 32 x 29              | RAM32M x 5  | 
+------------------------------------------------------------------------------------------------------------------------------------+-------------------------------------------------------------------------------+----------------+----------------------+-------------+

---------------------------------------------------------------------------------
Finished ROM, RAM, DSP, Shift Register and Retiming Reporting
---------------------------------------------------------------------------------
---------------------------------------------------------------------------------
Start Technology Mapping
---------------------------------------------------------------------------------
---------------------------------------------------------------------------------
Finished Technology Mapping : Time (s): cpu = 00:00:22 ; elapsed = 00:00:25 . Memory (MB): peak = 2506.035 ; gain = 703.238 ; free physical = 2591 ; free virtual = 9920
Synthesis current peak Physical Memory [PSS] (MB): peak = 1325.298; parent = 1186.810; children = 138.488
Synthesis current peak Virtual Memory [VSS] (MB): peak = 4094.902; parent = 2474.023; children = 1620.879
---------------------------------------------------------------------------------
---------------------------------------------------------------------------------
Start IO Insertion
---------------------------------------------------------------------------------
---------------------------------------------------------------------------------
Start Flattening Before IO Insertion
---------------------------------------------------------------------------------
---------------------------------------------------------------------------------
Finished Flattening Before IO Insertion
---------------------------------------------------------------------------------
---------------------------------------------------------------------------------
Start Final Netlist Cleanup
---------------------------------------------------------------------------------
---------------------------------------------------------------------------------
Finished Final Netlist Cleanup
---------------------------------------------------------------------------------
---------------------------------------------------------------------------------
Finished IO Insertion : Time (s): cpu = 00:00:25 ; elapsed = 00:00:28 . Memory (MB): peak = 2506.035 ; gain = 703.238 ; free physical = 2890 ; free virtual = 10243
Synthesis current peak Physical Memory [PSS] (MB): peak = 1330.489; parent = 1189.495; children = 140.994
Synthesis current peak Virtual Memory [VSS] (MB): peak = 4094.902; parent = 2474.023; children = 1620.879
---------------------------------------------------------------------------------
---------------------------------------------------------------------------------
Start Renaming Generated Instances
---------------------------------------------------------------------------------
---------------------------------------------------------------------------------
Finished Renaming Generated Instances : Time (s): cpu = 00:00:25 ; elapsed = 00:00:28 . Memory (MB): peak = 2506.035 ; gain = 703.238 ; free physical = 2894 ; free virtual = 10247
Synthesis current peak Physical Memory [PSS] (MB): peak = 1330.544; parent = 1189.550; children = 140.994
Synthesis current peak Virtual Memory [VSS] (MB): peak = 4094.902; parent = 2474.023; children = 1620.879
---------------------------------------------------------------------------------
---------------------------------------------------------------------------------
Start Rebuilding User Hierarchy
---------------------------------------------------------------------------------
---------------------------------------------------------------------------------
Finished Rebuilding User Hierarchy : Time (s): cpu = 00:00:25 ; elapsed = 00:00:28 . Memory (MB): peak = 2506.035 ; gain = 703.238 ; free physical = 2885 ; free virtual = 10243
Synthesis current peak Physical Memory [PSS] (MB): peak = 1330.817; parent = 1189.823; children = 140.994
Synthesis current peak Virtual Memory [VSS] (MB): peak = 4094.902; parent = 2474.023; children = 1620.879
---------------------------------------------------------------------------------
---------------------------------------------------------------------------------
Start Renaming Generated Ports
---------------------------------------------------------------------------------
---------------------------------------------------------------------------------
Finished Renaming Generated Ports : Time (s): cpu = 00:00:25 ; elapsed = 00:00:28 . Memory (MB): peak = 2506.035 ; gain = 703.238 ; free physical = 2891 ; free virtual = 10248
Synthesis current peak Physical Memory [PSS] (MB): peak = 1330.833; parent = 1189.839; children = 140.994
Synthesis current peak Virtual Memory [VSS] (MB): peak = 4094.902; parent = 2474.023; children = 1620.879
---------------------------------------------------------------------------------
---------------------------------------------------------------------------------
Start Handling Custom Attributes
---------------------------------------------------------------------------------
---------------------------------------------------------------------------------
Finished Handling Custom Attributes : Time (s): cpu = 00:00:25 ; elapsed = 00:00:28 . Memory (MB): peak = 2506.035 ; gain = 703.238 ; free physical = 2884 ; free virtual = 10239
Synthesis current peak Physical Memory [PSS] (MB): peak = 1330.833; parent = 1189.839; children = 140.994
Synthesis current peak Virtual Memory [VSS] (MB): peak = 4094.902; parent = 2474.023; children = 1620.879
---------------------------------------------------------------------------------
---------------------------------------------------------------------------------
Start Renaming Generated Nets
---------------------------------------------------------------------------------
---------------------------------------------------------------------------------
Finished Renaming Generated Nets : Time (s): cpu = 00:00:25 ; elapsed = 00:00:28 . Memory (MB): peak = 2506.035 ; gain = 703.238 ; free physical = 2881 ; free virtual = 10236
Synthesis current peak Physical Memory [PSS] (MB): peak = 1330.833; parent = 1189.839; children = 140.994
Synthesis current peak Virtual Memory [VSS] (MB): peak = 4094.902; parent = 2474.023; children = 1620.879
---------------------------------------------------------------------------------
---------------------------------------------------------------------------------
Start Writing Synthesis Report
---------------------------------------------------------------------------------

Report BlackBoxes: 
+-+--------------+----------+
| |BlackBox name |Instances |
+-+--------------+----------+
+-+--------------+----------+

Report Cell Usage: 
+------+-------+------+
|      |Cell   |Count |
+------+-------+------+
|1     |CARRY4 |    18|
|2     |LUT1   |    52|
|3     |LUT2   |   171|
|4     |LUT3   |    87|
|5     |LUT4   |    97|
|6     |LUT5   |   249|
|7     |LUT6   |   367|
|8     |RAM32M |    12|
|9     |FDCE   |    69|
|10    |FDPE   |    33|
|11    |FDRE   |   705|
|12    |FDSE   |     5|
+------+-------+------+
---------------------------------------------------------------------------------
Finished Writing Synthesis Report : Time (s): cpu = 00:00:25 ; elapsed = 00:00:28 . Memory (MB): peak = 2506.035 ; gain = 703.238 ; free physical = 2884 ; free virtual = 10239
Synthesis current peak Physical Memory [PSS] (MB): peak = 1330.849; parent = 1189.854; children = 140.994
Synthesis current peak Virtual Memory [VSS] (MB): peak = 4094.902; parent = 2474.023; children = 1620.879
---------------------------------------------------------------------------------
Synthesis finished with 0 errors, 0 critical warnings and 1607 warnings.
Synthesis Optimization Runtime : Time (s): cpu = 00:00:23 ; elapsed = 00:00:27 . Memory (MB): peak = 2506.035 ; gain = 580.457 ; free physical = 2946 ; free virtual = 10303
Synthesis Optimization Complete : Time (s): cpu = 00:00:25 ; elapsed = 00:00:28 . Memory (MB): peak = 2506.035 ; gain = 703.238 ; free physical = 2947 ; free virtual = 10296
INFO: [Project 1-571] Translating synthesized netlist
Netlist sorting complete. Time (s): cpu = 00:00:00.02 ; elapsed = 00:00:00.02 . Memory (MB): peak = 2506.035 ; gain = 0.000 ; free physical = 3061 ; free virtual = 10410
INFO: [Netlist 29-17] Analyzing 30 Unisim elements for replacement
INFO: [Netlist 29-28] Unisim Transformation completed in 0 CPU seconds
INFO: [Project 1-570] Preparing netlist for logic optimization
INFO: [Opt 31-138] Pushed 0 inverter(s) to 0 load pin(s).
Netlist sorting complete. Time (s): cpu = 00:00:00 ; elapsed = 00:00:00 . Memory (MB): peak = 2506.035 ; gain = 0.000 ; free physical = 3001 ; free virtual = 10350
INFO: [Project 1-111] Unisim Transformation Summary:
  A total of 12 instances were transformed.
  RAM32M => RAM32M (RAMD32(x6), RAMS32(x2)): 12 instances

Synth Design complete, checksum: b58686a1
INFO: [Common 17-83] Releasing license: Synthesis
51 Infos, 104 Warnings, 0 Critical Warnings and 0 Errors encountered.
synth_design completed successfully
synth_design: Time (s): cpu = 00:00:31 ; elapsed = 00:00:32 . Memory (MB): peak = 2506.035 ; gain = 1011.301 ; free physical = 3232 ; free virtual = 10582
INFO: [Common 17-1381] The checkpoint '/home/sean/Downloads/git/ECE385_FP/VID_OE3/VID_OE3.runs/vid_oe3_auto_ds_1_synth_1/vid_oe3_auto_ds_1.dcp' has been generated.
INFO: [Coretcl 2-1648] Added synthesis output to IP cache for IP vid_oe3_auto_ds_1, cache-ID = c2206df7efa2c716
INFO: [Coretcl 2-1174] Renamed 58 cell refs.
INFO: [Common 17-1381] The checkpoint '/home/sean/Downloads/git/ECE385_FP/VID_OE3/VID_OE3.runs/vid_oe3_auto_ds_1_synth_1/vid_oe3_auto_ds_1.dcp' has been generated.
INFO: [runtcl-4] Executing : report_utilization -file vid_oe3_auto_ds_1_utilization_synth.rpt -pb vid_oe3_auto_ds_1_utilization_synth.pb
INFO: [Common 17-206] Exiting Vivado at Wed Nov 20 03:57:23 2024...
