14:31:13 DEBUG : Logs will be stored at 'C:/Users/sjasi3/ECE385_FP/tetris_logic1/workspace2/IDE.log'.
14:31:16 INFO  : Launching XSCT server: xsct.bat -n  -interactive C:\Users\sjasi3\ECE385_FP\tetris_logic1\workspace2\temp_xsdb_launch_script.tcl
14:31:16 INFO  : Registering command handlers for Vitis TCF services
14:31:17 INFO  : Platform repository initialization has completed.
14:31:19 INFO  : XSCT server has started successfully.
14:31:22 INFO  : Successfully done setting XSCT server connection channel  
14:31:22 INFO  : plnx-install-location is set to ''
14:31:22 INFO  : Successfully done query RDI_DATADIR 
14:31:22 INFO  : Successfully done setting workspace for the tool. 
14:31:59 INFO  : Result from executing command 'getProjects': tetris_top
14:31:59 INFO  : Result from executing command 'getPlatforms': xilinx_vck190_base_202220_1|C:/Xilinx/Vitis/2022.2/base_platforms/xilinx_vck190_base_202220_1/xilinx_vck190_base_202220_1.xpfm;xilinx_vck190_base_dfx_202220_1|C:/Xilinx/Vitis/2022.2/base_platforms/xilinx_vck190_base_dfx_202220_1/xilinx_vck190_base_dfx_202220_1.xpfm;xilinx_vmk180_base_202220_1|C:/Xilinx/Vitis/2022.2/base_platforms/xilinx_vmk180_base_202220_1/xilinx_vmk180_base_202220_1.xpfm;xilinx_zcu102_base_202220_1|C:/Xilinx/Vitis/2022.2/base_platforms/xilinx_zcu102_base_202220_1/xilinx_zcu102_base_202220_1.xpfm;xilinx_zcu102_base_dfx_202220_1|C:/Xilinx/Vitis/2022.2/base_platforms/xilinx_zcu102_base_dfx_202220_1/xilinx_zcu102_base_dfx_202220_1.xpfm;xilinx_zcu104_base_202220_1|C:/Xilinx/Vitis/2022.2/base_platforms/xilinx_zcu104_base_202220_1/xilinx_zcu104_base_202220_1.xpfm
14:32:00 WARN  : An unexpected exception occurred in the module 'platform project logging'
14:32:01 INFO  : Platform 'tetris_top' is added to custom repositories.
14:32:04 INFO  : Platform 'tetris_top' is added to custom repositories.
14:32:34 INFO  : Result from executing command 'getProjects': tetris_top
14:32:34 INFO  : Result from executing command 'getPlatforms': tetris_top|C:/Users/sjasi3/ECE385_FP/tetris_logic1/workspace2/tetris_top/export/tetris_top/tetris_top.xpfm;xilinx_vck190_base_202220_1|C:/Xilinx/Vitis/2022.2/base_platforms/xilinx_vck190_base_202220_1/xilinx_vck190_base_202220_1.xpfm;xilinx_vck190_base_dfx_202220_1|C:/Xilinx/Vitis/2022.2/base_platforms/xilinx_vck190_base_dfx_202220_1/xilinx_vck190_base_dfx_202220_1.xpfm;xilinx_vmk180_base_202220_1|C:/Xilinx/Vitis/2022.2/base_platforms/xilinx_vmk180_base_202220_1/xilinx_vmk180_base_202220_1.xpfm;xilinx_zcu102_base_202220_1|C:/Xilinx/Vitis/2022.2/base_platforms/xilinx_zcu102_base_202220_1/xilinx_zcu102_base_202220_1.xpfm;xilinx_zcu102_base_dfx_202220_1|C:/Xilinx/Vitis/2022.2/base_platforms/xilinx_zcu102_base_dfx_202220_1/xilinx_zcu102_base_dfx_202220_1.xpfm;xilinx_zcu104_base_202220_1|C:/Xilinx/Vitis/2022.2/base_platforms/xilinx_zcu104_base_202220_1/xilinx_zcu104_base_202220_1.xpfm
14:32:35 INFO  : Checking for BSP changes to sync application flags for project 'mb_usb'...
14:32:46 INFO  : Connected to target on host '127.0.0.1' and port '3121'.
14:32:55 INFO  : Jtag cable 'RealDigital Boo 8874292301A7A' is selected.
14:32:55 INFO  : 'jtag frequency' command is executed.
14:32:55 INFO  : 'targets -set -filter {jtag_cable_name =~ "RealDigital Boo 8874292301A7A" && level==0 && jtag_device_ctx=="jsn1-0362f093-0"}' command is executed.
14:32:56 INFO  : Device configured successfully with "C:/Users/sjasi3/ECE385_FP/tetris_logic1/workspace2/mb_usb/_ide/bitstream/tetris_top.bit"
14:32:56 INFO  : Context for processor 'microblaze_0' is selected.
14:32:56 INFO  : Hardware design and registers information is loaded from 'C:/Users/sjasi3/ECE385_FP/tetris_logic1/workspace2/tetris_top/export/tetris_top/hw/tetris_top.xsa'.
14:32:56 INFO  : 'configparams mdm-detect-bscan-mask 2' command is executed.
14:32:56 INFO  : Context for processor 'microblaze_0' is selected.
14:32:56 INFO  : System reset is completed.
14:32:59 INFO  : 'after 3000' command is executed.
14:32:59 INFO  : Context for processor 'microblaze_0' is selected.
14:32:59 INFO  : The application 'C:/Users/sjasi3/ECE385_FP/tetris_logic1/workspace2/mb_usb/Debug/mb_usb.elf' is downloaded to processor 'microblaze_0'.
14:32:59 INFO  : ----------------XSDB Script----------------
connect -url tcp:127.0.0.1:3121
targets -set -filter {jtag_cable_name =~ "RealDigital Boo 8874292301A7A" && level==0 && jtag_device_ctx=="jsn1-0362f093-0"}
fpga -file C:/Users/sjasi3/ECE385_FP/tetris_logic1/workspace2/mb_usb/_ide/bitstream/tetris_top.bit
targets -set -nocase -filter {name =~ "*microblaze*#0" && bscan=="USER2" }
loadhw -hw C:/Users/sjasi3/ECE385_FP/tetris_logic1/workspace2/tetris_top/export/tetris_top/hw/tetris_top.xsa -regs
configparams mdm-detect-bscan-mask 2
targets -set -nocase -filter {name =~ "*microblaze*#0" && bscan=="USER2" }
rst -system
after 3000
targets -set -nocase -filter {name =~ "*microblaze*#0" && bscan=="USER2" }
dow C:/Users/sjasi3/ECE385_FP/tetris_logic1/workspace2/mb_usb/Debug/mb_usb.elf
----------------End of Script----------------

14:33:00 INFO  : Context for processor 'microblaze_0' is selected.
14:33:00 INFO  : 'con' command is executed.
14:33:00 INFO  : ----------------XSDB Script (After Launch)----------------
targets -set -nocase -filter {name =~ "*microblaze*#0" && bscan=="USER2" }
con
----------------End of Script----------------

14:33:00 INFO  : Disconnected from the channel tcfchan#2.
14:46:14 INFO  : Hardware specification for platform project 'tetris_top' is updated.
14:46:24 INFO  : Result from executing command 'getProjects': tetris_top
14:46:24 INFO  : Result from executing command 'getPlatforms': tetris_top|C:/Users/sjasi3/ECE385_FP/tetris_logic1/workspace2/tetris_top/export/tetris_top/tetris_top.xpfm;xilinx_vck190_base_202220_1|C:/Xilinx/Vitis/2022.2/base_platforms/xilinx_vck190_base_202220_1/xilinx_vck190_base_202220_1.xpfm;xilinx_vck190_base_dfx_202220_1|C:/Xilinx/Vitis/2022.2/base_platforms/xilinx_vck190_base_dfx_202220_1/xilinx_vck190_base_dfx_202220_1.xpfm;xilinx_vmk180_base_202220_1|C:/Xilinx/Vitis/2022.2/base_platforms/xilinx_vmk180_base_202220_1/xilinx_vmk180_base_202220_1.xpfm;xilinx_zcu102_base_202220_1|C:/Xilinx/Vitis/2022.2/base_platforms/xilinx_zcu102_base_202220_1/xilinx_zcu102_base_202220_1.xpfm;xilinx_zcu102_base_dfx_202220_1|C:/Xilinx/Vitis/2022.2/base_platforms/xilinx_zcu102_base_dfx_202220_1/xilinx_zcu102_base_dfx_202220_1.xpfm;xilinx_zcu104_base_202220_1|C:/Xilinx/Vitis/2022.2/base_platforms/xilinx_zcu104_base_202220_1/xilinx_zcu104_base_202220_1.xpfm
14:46:24 INFO  : Checking for BSP changes to sync application flags for project 'mb_usb'...
14:46:27 INFO  : The hardware specification used by project 'mb_usb' is out of sync with the platform. Resource files extracted from the hardware specification will be updated.
14:46:27 INFO  : The file 'C:\Users\sjasi3\ECE385_FP\tetris_logic1\workspace2\mb_usb\_ide\bitstream\tetris_top.bit' stored in project is removed.
14:46:27 INFO  : The file 'C:\Users\sjasi3\ECE385_FP\tetris_logic1\workspace2\mb_usb\_ide\bitstream\tetris_top.mmi' stored in project is removed.
14:46:27 INFO  : The updated bitstream files are copied from platform to folder 'C:\Users\sjasi3\ECE385_FP\tetris_logic1\workspace2\mb_usb\_ide\bitstream' in project 'mb_usb'.
14:46:34 INFO  : Connected to target on host '127.0.0.1' and port '3121'.
14:46:34 INFO  : Jtag cable 'RealDigital Boo 8874292301A7A' is selected.
14:46:34 INFO  : 'jtag frequency' command is executed.
14:46:34 INFO  : 'targets -set -filter {jtag_cable_name =~ "RealDigital Boo 8874292301A7A" && level==0 && jtag_device_ctx=="jsn1-0362f093-0"}' command is executed.
14:46:35 INFO  : Device configured successfully with "C:/Users/sjasi3/ECE385_FP/tetris_logic1/workspace2/mb_usb/_ide/bitstream/tetris_top.bit"
14:46:35 INFO  : Context for processor 'microblaze_0' is selected.
14:46:36 INFO  : Hardware design and registers information is loaded from 'C:/Users/sjasi3/ECE385_FP/tetris_logic1/workspace2/tetris_top/export/tetris_top/hw/tetris_top.xsa'.
14:46:36 INFO  : 'configparams mdm-detect-bscan-mask 2' command is executed.
14:46:36 INFO  : Context for processor 'microblaze_0' is selected.
14:46:36 INFO  : System reset is completed.
14:46:39 INFO  : 'after 3000' command is executed.
14:46:39 INFO  : Context for processor 'microblaze_0' is selected.
14:46:39 INFO  : The application 'C:/Users/sjasi3/ECE385_FP/tetris_logic1/workspace2/mb_usb/Debug/mb_usb.elf' is downloaded to processor 'microblaze_0'.
14:46:39 INFO  : ----------------XSDB Script----------------
connect -url tcp:127.0.0.1:3121
targets -set -filter {jtag_cable_name =~ "RealDigital Boo 8874292301A7A" && level==0 && jtag_device_ctx=="jsn1-0362f093-0"}
fpga -file C:/Users/sjasi3/ECE385_FP/tetris_logic1/workspace2/mb_usb/_ide/bitstream/tetris_top.bit
targets -set -nocase -filter {name =~ "*microblaze*#0" && bscan=="USER2" }
loadhw -hw C:/Users/sjasi3/ECE385_FP/tetris_logic1/workspace2/tetris_top/export/tetris_top/hw/tetris_top.xsa -regs
configparams mdm-detect-bscan-mask 2
targets -set -nocase -filter {name =~ "*microblaze*#0" && bscan=="USER2" }
rst -system
after 3000
targets -set -nocase -filter {name =~ "*microblaze*#0" && bscan=="USER2" }
dow C:/Users/sjasi3/ECE385_FP/tetris_logic1/workspace2/mb_usb/Debug/mb_usb.elf
----------------End of Script----------------

14:46:39 INFO  : Context for processor 'microblaze_0' is selected.
14:46:39 INFO  : 'con' command is executed.
14:46:39 INFO  : ----------------XSDB Script (After Launch)----------------
targets -set -nocase -filter {name =~ "*microblaze*#0" && bscan=="USER2" }
con
----------------End of Script----------------

14:46:39 INFO  : Disconnected from the channel tcfchan#4.
