

================================================================
== Vitis HLS Report for 'MultiPixStream2AXIvideo_Pipeline_VITIS_LOOP_936_2'
================================================================
* Date:           Wed Nov 20 03:58:35 2024

* Version:        2022.2 (Build 3670227 on Oct 13 2022)
* Project:        prj
* Solution:       sol (Vivado IP Flow Target)
* Product family: spartan7
* Target device:  xc7s50-csga324-1


================================================================
== Performance Estimates
================================================================
+ Timing: 
    * Summary: 
    +--------+----------+----------+------------+
    |  Clock |  Target  | Estimated| Uncertainty|
    +--------+----------+----------+------------+
    |ap_clk  |  12.00 ns|  4.810 ns|     3.24 ns|
    +--------+----------+----------+------------+

+ Latency: 
    * Summary: 
    +---------+---------+-----------+----------+-----+-----+---------+
    |  Latency (cycles) |  Latency (absolute)  |  Interval | Pipeline|
    |   min   |   max   |    min    |    max   | min | max |   Type  |
    +---------+---------+-----------+----------+-----+-----+---------+
    |        4|      643|  48.000 ns|  7.716 us|    4|  643|       no|
    +---------+---------+-----------+----------+-----+-----+---------+

    + Detail: 
        * Instance: 
        N/A

        * Loop: 
        +--------------------+---------+---------+----------+-----------+-----------+---------+----------+
        |                    |  Latency (cycles) | Iteration|  Initiation Interval  |   Trip  |          |
        |      Loop Name     |   min   |   max   |  Latency |  achieved |   target  |  Count  | Pipelined|
        +--------------------+---------+---------+----------+-----------+-----------+---------+----------+
        |- VITIS_LOOP_936_2  |        1|      640|         2|          1|          1|  1 ~ 640|       yes|
        +--------------------+---------+---------+----------+-----------+-----------+---------+----------+

============================================================
+ Verbose Summary: Synthesis Manager
============================================================
InlineROM: 1
ExposeGlobal: 0
============================================================
+ Verbose Summary: CDFG Model
============================================================
IsTopModel: 0
ResetActiveHigh: 1
IsCombinational: 0
IsDatapathOnly: 0
HasWiredReturn: 1
HasMFsm: 2
HasVarLatency: 1
IsPipeline: 0
IsRtlPipelined: 0
IsInstanceOverlapped: 0
IsDontTouch: 0
HasImplIP: 0
IsGatedGlobalClock: 0

+ Individual pipeline summary: 
  * Pipeline-0: initiation interval (II) = 1, depth = 2


============================================================
+ Verbose Summary: Schedule
============================================================
* Number of FSM states : 5
* Pipeline : 1
  Pipeline-0 : II = 1, D = 2, States = { 2 3 }
* Dataflow Pipeline: 0

* FSM state transitions: 
1 --> 2 
2 --> 4 3 
3 --> 2 
4 --> 5 
5 --> 

* FSM state operations: 

State 1 <SV = 0> <Delay = 1.58>
ST_1 : Operation 6 [1/1] (0.00ns)   --->   "%j = alloca i32 1"   --->   Operation 6 'alloca' 'j' <Predicate = true> <Delay = 0.00>
ST_1 : Operation 7 [1/1] (0.00ns)   --->   "%specaxissidechannel_ln0 = specaxissidechannel void @_ssdm_op_SpecAXISSideChannel, i24 %m_axis_video_V_data_V, i3 %m_axis_video_V_keep_V, i3 %m_axis_video_V_strb_V, i1 %m_axis_video_V_user_V, i1 %m_axis_video_V_last_V, i1 %m_axis_video_V_id_V, i1 %m_axis_video_V_dest_V, void @empty_6"   --->   Operation 7 'specaxissidechannel' 'specaxissidechannel_ln0' <Predicate = true> <Delay = 0.00>
ST_1 : Operation 8 [1/1] (0.00ns)   --->   "%specinterface_ln0 = specinterface void @_ssdm_op_SpecInterface, i1 %m_axis_video_V_dest_V, i1 %m_axis_video_V_id_V, i1 %m_axis_video_V_last_V, i1 %m_axis_video_V_user_V, i3 %m_axis_video_V_strb_V, i3 %m_axis_video_V_keep_V, i24 %m_axis_video_V_data_V, void @empty_23, i32 0, i32 0, void @empty_13, i32 0, i32 0, void @empty_0, void @empty_0, void @empty_0, i32 0, i32 0, i32 0, i32 0, void @empty_0, void @empty_0, i32 4294967295, i32 0"   --->   Operation 8 'specinterface' 'specinterface_ln0' <Predicate = true> <Delay = 0.00>
ST_1 : Operation 9 [1/1] (0.00ns)   --->   "%specinterface_ln0 = specinterface void @_ssdm_op_SpecInterface, i24 %ovrlayYUV, void @empty_10, i32 0, i32 0, void @empty_0, i32 0, i32 0, void @empty_0, void @empty_0, void @empty_0, i32 0, i32 0, i32 0, i32 0, void @empty_0, void @empty_0, i32 4294967295, i32 0"   --->   Operation 9 'specinterface' 'specinterface_ln0' <Predicate = true> <Delay = 0.00>
ST_1 : Operation 10 [1/1] (0.00ns)   --->   "%sub_read = read i11 @_ssdm_op_Read.ap_auto.i11, i11 %sub"   --->   Operation 10 'read' 'sub_read' <Predicate = true> <Delay = 0.00>
ST_1 : Operation 11 [1/1] (0.00ns)   --->   "%icmp_ln975_read = read i1 @_ssdm_op_Read.ap_auto.i1, i1 %icmp_ln975"   --->   Operation 11 'read' 'icmp_ln975_read' <Predicate = true> <Delay = 0.00>
ST_1 : Operation 12 [1/1] (0.00ns)   --->   "%width_load_cast1_read = read i10 @_ssdm_op_Read.ap_auto.i10, i10 %width_load_cast1"   --->   Operation 12 'read' 'width_load_cast1_read' <Predicate = true> <Delay = 0.00>
ST_1 : Operation 13 [1/1] (0.00ns)   --->   "%sof_read = read i1 @_ssdm_op_Read.ap_auto.i1, i1 %sof"   --->   Operation 13 'read' 'sof_read' <Predicate = true> <Delay = 0.00>
ST_1 : Operation 14 [1/1] (1.58ns)   --->   "%store_ln0 = store i10 0, i10 %j"   --->   Operation 14 'store' 'store_ln0' <Predicate = true> <Delay = 1.58>
ST_1 : Operation 15 [1/1] (1.58ns)   --->   "%br_ln0 = br void %for.body21"   --->   Operation 15 'br' 'br_ln0' <Predicate = true> <Delay = 1.58>

State 2 <SV = 1> <Delay = 3.51>
ST_2 : Operation 16 [1/1] (0.00ns)   --->   "%tmp_user_V = phi i1 0, void %for.body44_ifconv, i1 %sof_read, void %newFuncRoot"   --->   Operation 16 'phi' 'tmp_user_V' <Predicate = true> <Delay = 0.00>
ST_2 : Operation 17 [1/1] (0.00ns)   --->   "%phi_ln991 = phi i1 %trunc_ln963, void %for.body44_ifconv, i1 0, void %newFuncRoot" [/home/sean/Downloads/git/ECE385_FP/VID_OE3/VID_OE3.runs/vid_oe3_v_tpg_0_0_synth_1/prj/sol/.autopilot/db/v_tpg.cpp:991]   --->   Operation 17 'phi' 'phi_ln991' <Predicate = true> <Delay = 0.00>
ST_2 : Operation 18 [1/1] (0.00ns)   --->   "%j_1 = load i10 %j" [/home/sean/Downloads/git/ECE385_FP/VID_OE3/VID_OE3.runs/vid_oe3_v_tpg_0_0_synth_1/prj/sol/.autopilot/db/v_tpg.cpp:936]   --->   Operation 18 'load' 'j_1' <Predicate = true> <Delay = 0.00>
ST_2 : Operation 19 [1/1] (0.00ns)   --->   "%zext_ln936 = zext i10 %j_1" [/home/sean/Downloads/git/ECE385_FP/VID_OE3/VID_OE3.runs/vid_oe3_v_tpg_0_0_synth_1/prj/sol/.autopilot/db/v_tpg.cpp:936]   --->   Operation 19 'zext' 'zext_ln936' <Predicate = true> <Delay = 0.00>
ST_2 : Operation 20 [1/1] (1.85ns)   --->   "%icmp_ln936 = icmp_eq  i10 %j_1, i10 %width_load_cast1_read" [/home/sean/Downloads/git/ECE385_FP/VID_OE3/VID_OE3.runs/vid_oe3_v_tpg_0_0_synth_1/prj/sol/.autopilot/db/v_tpg.cpp:936]   --->   Operation 20 'icmp' 'icmp_ln936' <Predicate = true> <Delay = 1.85> <CoreInst = "Cmp">   --->   Core 9 'Cmp' <Latency = 0> <II = 1> <Delay = 1.85> <FuncUnit> <Opcode : 'icmp'> <InPorts = 2> <OutPorts = 1>
ST_2 : Operation 21 [1/1] (0.00ns)   --->   "%empty = speclooptripcount i32 @_ssdm_op_SpecLoopTripCount, i64 1, i64 640, i64 0"   --->   Operation 21 'speclooptripcount' 'empty' <Predicate = true> <Delay = 0.00>
ST_2 : Operation 22 [1/1] (1.93ns)   --->   "%j_2 = add i10 %j_1, i10 1" [/home/sean/Downloads/git/ECE385_FP/VID_OE3/VID_OE3.runs/vid_oe3_v_tpg_0_0_synth_1/prj/sol/.autopilot/db/v_tpg.cpp:936]   --->   Operation 22 'add' 'j_2' <Predicate = true> <Delay = 1.93> <CoreInst = "Adder">   --->   Core 1 'Adder' <Latency = 0> <II = 1> <Delay = 1.93> <FuncUnit> <Opcode : 'add' 'sub'> <InPorts = 2> <OutPorts = 1>
ST_2 : Operation 23 [1/1] (0.00ns)   --->   "%br_ln936 = br i1 %icmp_ln936, void %for.body21.split, void %for.inc113.loopexit.exitStub" [/home/sean/Downloads/git/ECE385_FP/VID_OE3/VID_OE3.runs/vid_oe3_v_tpg_0_0_synth_1/prj/sol/.autopilot/db/v_tpg.cpp:936]   --->   Operation 23 'br' 'br_ln936' <Predicate = true> <Delay = 0.00>
ST_2 : Operation 24 [1/1] (0.00ns)   --->   "%specpipeline_ln939 = specpipeline void @_ssdm_op_SpecPipeline, i32 1, i32 0, i32 0, i32 0, void @empty_0" [/home/sean/Downloads/git/ECE385_FP/VID_OE3/VID_OE3.runs/vid_oe3_v_tpg_0_0_synth_1/prj/sol/.autopilot/db/v_tpg.cpp:939]   --->   Operation 24 'specpipeline' 'specpipeline_ln939' <Predicate = (!icmp_ln936)> <Delay = 0.00>
ST_2 : Operation 25 [1/1] (0.00ns)   --->   "%specloopname_ln928 = specloopname void @_ssdm_op_SpecLoopName, void @empty_3" [/home/sean/Downloads/git/ECE385_FP/VID_OE3/VID_OE3.runs/vid_oe3_v_tpg_0_0_synth_1/prj/sol/.autopilot/db/v_tpg.cpp:928]   --->   Operation 25 'specloopname' 'specloopname_ln928' <Predicate = (!icmp_ln936)> <Delay = 0.00>
ST_2 : Operation 26 [1/1] (1.96ns)   --->   "%tmp_last_V = icmp_eq  i11 %zext_ln936, i11 %sub_read" [/home/sean/Downloads/git/ECE385_FP/VID_OE3/VID_OE3.runs/vid_oe3_v_tpg_0_0_synth_1/prj/sol/.autopilot/db/v_tpg.cpp:949]   --->   Operation 26 'icmp' 'tmp_last_V' <Predicate = (!icmp_ln936)> <Delay = 1.96> <CoreInst = "Cmp">   --->   Core 9 'Cmp' <Latency = 0> <II = 1> <Delay = 1.96> <FuncUnit> <Opcode : 'icmp'> <InPorts = 2> <OutPorts = 1>
ST_2 : Operation 27 [1/1] (0.00ns)   --->   "%br_ln958 = br i1 %tmp_user_V, void %for.body44_ifconv, void %if.then34" [/home/sean/Downloads/git/ECE385_FP/VID_OE3/VID_OE3.runs/vid_oe3_v_tpg_0_0_synth_1/prj/sol/.autopilot/db/v_tpg.cpp:958]   --->   Operation 27 'br' 'br_ln958' <Predicate = (!icmp_ln936)> <Delay = 0.00>
ST_2 : Operation 28 [1/1] (0.00ns)   --->   "%counter_loc_1_out_load = load i16 %counter_loc_1_out" [/home/sean/Downloads/git/ECE385_FP/VID_OE3/VID_OE3.runs/vid_oe3_v_tpg_0_0_synth_1/prj/sol/.autopilot/db/v_tpg.cpp:960]   --->   Operation 28 'load' 'counter_loc_1_out_load' <Predicate = (!icmp_ln936 & tmp_user_V)> <Delay = 0.00>
ST_2 : Operation 29 [1/1] (2.13ns)   --->   "%add_ln960 = add i16 %counter_loc_1_out_load, i16 1" [/home/sean/Downloads/git/ECE385_FP/VID_OE3/VID_OE3.runs/vid_oe3_v_tpg_0_0_synth_1/prj/sol/.autopilot/db/v_tpg.cpp:960]   --->   Operation 29 'add' 'add_ln960' <Predicate = (!icmp_ln936 & tmp_user_V)> <Delay = 2.13> <CoreInst = "Adder">   --->   Core 1 'Adder' <Latency = 0> <II = 1> <Delay = 2.13> <FuncUnit> <Opcode : 'add' 'sub'> <InPorts = 2> <OutPorts = 1>
ST_2 : Operation 30 [1/1] (0.00ns)   --->   "%store_ln960 = store i16 %add_ln960, i16 %counter" [/home/sean/Downloads/git/ECE385_FP/VID_OE3/VID_OE3.runs/vid_oe3_v_tpg_0_0_synth_1/prj/sol/.autopilot/db/v_tpg.cpp:960]   --->   Operation 30 'store' 'store_ln960' <Predicate = (!icmp_ln936 & tmp_user_V)> <Delay = 0.00>
ST_2 : Operation 31 [1/1] (0.00ns)   --->   "%store_ln961 = store i16 %add_ln960, i16 %counter_loc_1_out" [/home/sean/Downloads/git/ECE385_FP/VID_OE3/VID_OE3.runs/vid_oe3_v_tpg_0_0_synth_1/prj/sol/.autopilot/db/v_tpg.cpp:961]   --->   Operation 31 'store' 'store_ln961' <Predicate = (!icmp_ln936 & tmp_user_V)> <Delay = 0.00>
ST_2 : Operation 32 [1/1] (0.00ns)   --->   "%br_ln961 = br void %for.body44_ifconv" [/home/sean/Downloads/git/ECE385_FP/VID_OE3/VID_OE3.runs/vid_oe3_v_tpg_0_0_synth_1/prj/sol/.autopilot/db/v_tpg.cpp:961]   --->   Operation 32 'br' 'br_ln961' <Predicate = (!icmp_ln936 & tmp_user_V)> <Delay = 0.00>
ST_2 : Operation 33 [1/1] (1.58ns)   --->   "%store_ln936 = store i10 %j_2, i10 %j" [/home/sean/Downloads/git/ECE385_FP/VID_OE3/VID_OE3.runs/vid_oe3_v_tpg_0_0_synth_1/prj/sol/.autopilot/db/v_tpg.cpp:936]   --->   Operation 33 'store' 'store_ln936' <Predicate = (!icmp_ln936)> <Delay = 1.58>
ST_2 : Operation 34 [1/1] (0.00ns)   --->   "%br_ln936 = br void %for.body21" [/home/sean/Downloads/git/ECE385_FP/VID_OE3/VID_OE3.runs/vid_oe3_v_tpg_0_0_synth_1/prj/sol/.autopilot/db/v_tpg.cpp:936]   --->   Operation 34 'br' 'br_ln936' <Predicate = (!icmp_ln936)> <Delay = 0.00>

State 3 <SV = 2> <Delay = 4.81>
ST_3 : Operation 35 [1/1] (0.00ns)   --->   "%counter_loc_1_out_load_1 = load i16 %counter_loc_1_out" [/home/sean/Downloads/git/ECE385_FP/VID_OE3/VID_OE3.runs/vid_oe3_v_tpg_0_0_synth_1/prj/sol/.autopilot/db/v_tpg.cpp:963]   --->   Operation 35 'load' 'counter_loc_1_out_load_1' <Predicate = (!icmp_ln936)> <Delay = 0.00>
ST_3 : Operation 36 [1/1] (0.00ns)   --->   "%trunc_ln963 = trunc i16 %counter_loc_1_out_load_1" [/home/sean/Downloads/git/ECE385_FP/VID_OE3/VID_OE3.runs/vid_oe3_v_tpg_0_0_synth_1/prj/sol/.autopilot/db/v_tpg.cpp:963]   --->   Operation 36 'trunc' 'trunc_ln963' <Predicate = (!icmp_ln936)> <Delay = 0.00>
ST_3 : Operation 37 [1/1] (3.57ns)   --->   "%ovrlayYUV_read = read i24 @_ssdm_op_Read.ap_fifo.volatile.i24P0A, i24 %ovrlayYUV" [/home/sean/Downloads/git/ECE385_FP/VID_OE3/VID_OE3.runs/vid_oe3_v_tpg_0_0_synth_1/prj/sol/.autopilot/db/v_tpg.cpp:963]   --->   Operation 37 'read' 'ovrlayYUV_read' <Predicate = (!icmp_ln936)> <Delay = 3.57> <CoreInst = "FIFO_SRL">   --->   Core 81 'FIFO_SRL' <Latency = 0> <II = 1> <Delay = 3.57> <Storage> <Opcode : 'read' 'write' 'nbread' 'nbwrite'> <Ports = 0> <Width = 24> <Depth = 16> <FIFO>
ST_3 : Operation 38 [1/1] (0.00ns)   --->   "%pix_444_V = trunc i24 %ovrlayYUV_read" [/home/sean/Downloads/git/ECE385_FP/VID_OE3/VID_OE3.runs/vid_oe3_v_tpg_0_0_synth_1/prj/sol/.autopilot/db/v_tpg.cpp:963]   --->   Operation 38 'trunc' 'pix_444_V' <Predicate = (!icmp_ln936)> <Delay = 0.00>
ST_3 : Operation 39 [1/1] (0.00ns)   --->   "%pix_rgb_V_2 = partselect i8 @_ssdm_op_PartSelect.i8.i24.i32.i32, i24 %ovrlayYUV_read, i32 8, i32 15" [/home/sean/Downloads/git/ECE385_FP/VID_OE3/VID_OE3.runs/vid_oe3_v_tpg_0_0_synth_1/prj/sol/.autopilot/db/v_tpg.cpp:963]   --->   Operation 39 'partselect' 'pix_rgb_V_2' <Predicate = (!icmp_ln936)> <Delay = 0.00>
ST_3 : Operation 40 [1/1] (0.00ns)   --->   "%pix_rgb_V = partselect i8 @_ssdm_op_PartSelect.i8.i24.i32.i32, i24 %ovrlayYUV_read, i32 16, i32 23" [/home/sean/Downloads/git/ECE385_FP/VID_OE3/VID_OE3.runs/vid_oe3_v_tpg_0_0_synth_1/prj/sol/.autopilot/db/v_tpg.cpp:963]   --->   Operation 40 'partselect' 'pix_rgb_V' <Predicate = (!icmp_ln936)> <Delay = 0.00>
ST_3 : Operation 41 [1/1] (0.00ns)   --->   "%p_Result_s = bitconcatenate i9 @_ssdm_op_BitConcatenate.i9.i1.i8, i1 1, i8 %pix_444_V"   --->   Operation 41 'bitconcatenate' 'p_Result_s' <Predicate = (!icmp_ln936 & !icmp_ln975_read)> <Delay = 0.00>
ST_3 : Operation 42 [1/1] (0.00ns)   --->   "%p_Result_1 = bitconcatenate i9 @_ssdm_op_BitConcatenate.i9.i1.i8, i1 1, i8 %pix_rgb_V_2"   --->   Operation 42 'bitconcatenate' 'p_Result_1' <Predicate = (!icmp_ln936 & icmp_ln975_read)> <Delay = 0.00>
ST_3 : Operation 43 [1/1] (1.18ns)   --->   "%axi_data_V = select i1 %icmp_ln975_read, i9 %p_Result_1, i9 %p_Result_s" [/home/sean/Downloads/git/ECE385_FP/VID_OE3/VID_OE3.runs/vid_oe3_v_tpg_0_0_synth_1/prj/sol/.autopilot/db/v_tpg.cpp:975]   --->   Operation 43 'select' 'axi_data_V' <Predicate = (!icmp_ln936)> <Delay = 1.18> <CoreInst = "Sel">   --->   Core 73 'Sel' <Latency = 0> <II = 1> <Delay = 1.18> <FuncUnit> <Opcode : 'select'> <InPorts = 3> <OutPorts = 1>
ST_3 : Operation 44 [1/1] (0.00ns)   --->   "%sext_ln880 = sext i9 %axi_data_V" [/home/sean/Downloads/git/ECE385_FP/VID_OE3/VID_OE3.runs/vid_oe3_v_tpg_0_0_synth_1/prj/sol/.autopilot/db/v_tpg.cpp:880]   --->   Operation 44 'sext' 'sext_ln880' <Predicate = (!icmp_ln936)> <Delay = 0.00>
ST_3 : Operation 45 [1/1] (1.24ns)   --->   "%select_ln975 = select i1 %icmp_ln975_read, i8 %pix_rgb_V, i8 %pix_rgb_V_2" [/home/sean/Downloads/git/ECE385_FP/VID_OE3/VID_OE3.runs/vid_oe3_v_tpg_0_0_synth_1/prj/sol/.autopilot/db/v_tpg.cpp:975]   --->   Operation 45 'select' 'select_ln975' <Predicate = (!icmp_ln936)> <Delay = 1.24> <CoreInst = "Sel">   --->   Core 73 'Sel' <Latency = 0> <II = 1> <Delay = 1.24> <FuncUnit> <Opcode : 'select'> <InPorts = 3> <OutPorts = 1>
ST_3 : Operation 46 [1/1] (1.24ns)   --->   "%select_ln975_1 = select i1 %icmp_ln975_read, i8 %pix_444_V, i8 %pix_rgb_V" [/home/sean/Downloads/git/ECE385_FP/VID_OE3/VID_OE3.runs/vid_oe3_v_tpg_0_0_synth_1/prj/sol/.autopilot/db/v_tpg.cpp:975]   --->   Operation 46 'select' 'select_ln975_1' <Predicate = (!icmp_ln936)> <Delay = 1.24> <CoreInst = "Sel">   --->   Core 73 'Sel' <Latency = 0> <II = 1> <Delay = 1.24> <FuncUnit> <Opcode : 'select'> <InPorts = 3> <OutPorts = 1>
ST_3 : Operation 47 [1/1] (0.00ns)   --->   "%tmp = bitconcatenate i16 @_ssdm_op_BitConcatenate.i16.i8.i8, i8 %select_ln975_1, i8 %select_ln975" [/home/sean/Downloads/git/ECE385_FP/VID_OE3/VID_OE3.runs/vid_oe3_v_tpg_0_0_synth_1/prj/sol/.autopilot/db/v_tpg.cpp:975]   --->   Operation 47 'bitconcatenate' 'tmp' <Predicate = (!icmp_ln936)> <Delay = 0.00>
ST_3 : Operation 48 [1/1] (0.00ns)   --->   "%axi_data_V_3 = partset i24 @_ssdm_op_PartSet.i24.i24.i16.i32.i32, i24 %sext_ln880, i16 %tmp, i32 8, i32 23" [/home/sean/Downloads/git/ECE385_FP/VID_OE3/VID_OE3.runs/vid_oe3_v_tpg_0_0_synth_1/prj/sol/.autopilot/db/v_tpg.cpp:975]   --->   Operation 48 'partset' 'axi_data_V_3' <Predicate = (!icmp_ln936)> <Delay = 0.00>
ST_3 : Operation 49 [1/1] (0.00ns)   --->   "%write_ln258 = write void @_ssdm_op_Write.axis.volatile.i24P0A.i3P0A.i3P0A.i1P0A.i1P0A.i1P0A.i1P0A, i24 %m_axis_video_V_data_V, i3 %m_axis_video_V_keep_V, i3 %m_axis_video_V_strb_V, i1 %m_axis_video_V_user_V, i1 %m_axis_video_V_last_V, i1 %m_axis_video_V_id_V, i1 %m_axis_video_V_dest_V, i24 %axi_data_V_3, i3 7, i3 0, i1 %tmp_user_V, i1 %tmp_last_V, i1 0, i1 0"   --->   Operation 49 'write' 'write_ln258' <Predicate = (!icmp_ln936)> <Delay = 0.00> <CoreInst = "axis">   --->   Core 115 'axis' <Latency = 0> <II = 1> <Delay = 1.00> <Adapter> <Opcode : >

State 4 <SV = 2> <Delay = 0.00>
ST_4 : Operation 50 [1/1] (0.00ns)   --->   "%write_ln991 = write void @_ssdm_op_Write.ap_auto.i1P0A, i1 %phi_ln991_out, i1 %phi_ln991" [/home/sean/Downloads/git/ECE385_FP/VID_OE3/VID_OE3.runs/vid_oe3_v_tpg_0_0_synth_1/prj/sol/.autopilot/db/v_tpg.cpp:991]   --->   Operation 50 'write' 'write_ln991' <Predicate = true> <Delay = 0.00>

State 5 <SV = 3> <Delay = 0.00>
ST_5 : Operation 51 [1/1] (0.00ns)   --->   "%ret_ln0 = ret"   --->   Operation 51 'ret' 'ret_ln0' <Predicate = true> <Delay = 0.00>


============================================================
+ Verbose Summary: Binding
============================================================
STG Binding: 
---------------- STG Properties BEGIN ----------------
- Is combinational: 0
- Is one-state seq: 0
- Is datapath-only: 0
- Is pipelined: 0
- Is top level: 0
Port [ Return ] is wired: 1; IO mode=ap_ctrl_hs:ce=0
Port [ sof]:  wired=1; compound=0; hidden=0; nouse=0; global=0; static=0; extern=0; dir=0; type=0; pingpong=0; private_global=0; IO mode=ap_none:ce=0
Port [ width_load_cast1]:  wired=1; compound=0; hidden=0; nouse=0; global=0; static=0; extern=0; dir=0; type=0; pingpong=0; private_global=0; IO mode=ap_stable:ce=0
Port [ ovrlayYUV]:  wired=1; compound=1; hidden=0; nouse=0; global=0; static=0; extern=0; dir=0; type=3; pingpong=0; private_global=0; IO mode=ap_fifo:ce=0
Port [ icmp_ln975]:  wired=1; compound=0; hidden=0; nouse=0; global=0; static=0; extern=0; dir=0; type=0; pingpong=0; private_global=0; IO mode=ap_stable:ce=0
Port [ m_axis_video_V_data_V]:  wired=1; compound=1; hidden=0; nouse=0; global=0; static=0; extern=0; dir=1; type=0; pingpong=0; private_global=0; IO mode=axis:ce=0
Port [ m_axis_video_V_keep_V]:  wired=1; compound=1; hidden=0; nouse=0; global=0; static=0; extern=0; dir=1; type=0; pingpong=0; private_global=0; IO mode=axis:ce=0
Port [ m_axis_video_V_strb_V]:  wired=1; compound=1; hidden=0; nouse=0; global=0; static=0; extern=0; dir=1; type=0; pingpong=0; private_global=0; IO mode=axis:ce=0
Port [ m_axis_video_V_user_V]:  wired=1; compound=1; hidden=0; nouse=0; global=0; static=0; extern=0; dir=1; type=0; pingpong=0; private_global=0; IO mode=axis:ce=0
Port [ m_axis_video_V_last_V]:  wired=1; compound=1; hidden=0; nouse=0; global=0; static=0; extern=0; dir=1; type=0; pingpong=0; private_global=0; IO mode=axis:ce=0
Port [ m_axis_video_V_id_V]:  wired=1; compound=1; hidden=0; nouse=0; global=0; static=0; extern=0; dir=1; type=0; pingpong=0; private_global=0; IO mode=axis:ce=0
Port [ m_axis_video_V_dest_V]:  wired=1; compound=1; hidden=0; nouse=0; global=0; static=0; extern=0; dir=1; type=0; pingpong=0; private_global=0; IO mode=axis:ce=0
Port [ sub]:  wired=1; compound=0; hidden=0; nouse=0; global=0; static=0; extern=0; dir=0; type=0; pingpong=0; private_global=0; IO mode=ap_stable:ce=0
Port [ counter_loc_1_out]:  wired=1; compound=0; hidden=0; nouse=0; global=0; static=0; extern=0; dir=2; type=0; pingpong=0; private_global=0; IO mode=ap_ovld:ce=0
Port [ phi_ln991_out]:  wired=1; compound=0; hidden=0; nouse=0; global=0; static=0; extern=0; dir=1; type=0; pingpong=0; private_global=0; IO mode=ap_vld:ce=0
Port [ counter]:  wired=1; compound=0; hidden=0; nouse=0; global=1; static=1; extern=0; dir=1; type=0; pingpong=0; private_global=0; IO mode=ap_vld:ce=0
---------------- STG Properties END ------------------

---------------- Datapath Model BEGIN ----------------

<LifeTime>
<method=bitvector/>
j                        (alloca             ) [ 011100]
specaxissidechannel_ln0  (specaxissidechannel) [ 000000]
specinterface_ln0        (specinterface      ) [ 000000]
specinterface_ln0        (specinterface      ) [ 000000]
sub_read                 (read               ) [ 001100]
icmp_ln975_read          (read               ) [ 001100]
width_load_cast1_read    (read               ) [ 001100]
sof_read                 (read               ) [ 011100]
store_ln0                (store              ) [ 000000]
br_ln0                   (br                 ) [ 011100]
tmp_user_V               (phi                ) [ 001100]
phi_ln991                (phi                ) [ 001010]
j_1                      (load               ) [ 000000]
zext_ln936               (zext               ) [ 000000]
icmp_ln936               (icmp               ) [ 001100]
empty                    (speclooptripcount  ) [ 000000]
j_2                      (add                ) [ 000000]
br_ln936                 (br                 ) [ 000000]
specpipeline_ln939       (specpipeline       ) [ 000000]
specloopname_ln928       (specloopname       ) [ 000000]
tmp_last_V               (icmp               ) [ 001100]
br_ln958                 (br                 ) [ 000000]
counter_loc_1_out_load   (load               ) [ 000000]
add_ln960                (add                ) [ 000000]
store_ln960              (store              ) [ 000000]
store_ln961              (store              ) [ 000000]
br_ln961                 (br                 ) [ 000000]
store_ln936              (store              ) [ 000000]
br_ln936                 (br                 ) [ 011100]
counter_loc_1_out_load_1 (load               ) [ 000000]
trunc_ln963              (trunc              ) [ 011000]
ovrlayYUV_read           (read               ) [ 000000]
pix_444_V                (trunc              ) [ 000000]
pix_rgb_V_2              (partselect         ) [ 000000]
pix_rgb_V                (partselect         ) [ 000000]
p_Result_s               (bitconcatenate     ) [ 000000]
p_Result_1               (bitconcatenate     ) [ 000000]
axi_data_V               (select             ) [ 000000]
sext_ln880               (sext               ) [ 000000]
select_ln975             (select             ) [ 000000]
select_ln975_1           (select             ) [ 000000]
tmp                      (bitconcatenate     ) [ 000000]
axi_data_V_3             (partset            ) [ 000000]
write_ln258              (write              ) [ 000000]
write_ln991              (write              ) [ 000000]
ret_ln0                  (ret                ) [ 000000]
</LifeTime>

<model>

<comp_list>
<comp id="0" class="1000" name="sof">
<pin_list>
<pin id="1" dir="1" index="0" bw="1" slack="0"/>
</pin_list>
<bind>
<StgValue><ssdm name="sof"/></StgValue>
</bind>
</comp>

<comp id="2" class="1000" name="width_load_cast1">
<pin_list>
<pin id="3" dir="1" index="0" bw="1" slack="0"/>
</pin_list>
<bind>
<StgValue><ssdm name="width_load_cast1"/></StgValue>
</bind>
</comp>

<comp id="4" class="1000" name="ovrlayYUV">
<pin_list>
<pin id="5" dir="1" index="0" bw="1" slack="0"/>
</pin_list>
<bind>
<StgValue><ssdm name="ovrlayYUV"/></StgValue>
</bind>
</comp>

<comp id="6" class="1000" name="icmp_ln975">
<pin_list>
<pin id="7" dir="1" index="0" bw="1" slack="0"/>
</pin_list>
<bind>
<StgValue><ssdm name="icmp_ln975"/></StgValue>
</bind>
</comp>

<comp id="8" class="1000" name="m_axis_video_V_data_V">
<pin_list>
<pin id="9" dir="1" index="0" bw="1" slack="0"/>
</pin_list>
<bind>
<StgValue><ssdm name="m_axis_video_V_data_V"/></StgValue>
</bind>
</comp>

<comp id="10" class="1000" name="m_axis_video_V_keep_V">
<pin_list>
<pin id="11" dir="1" index="0" bw="1" slack="0"/>
</pin_list>
<bind>
<StgValue><ssdm name="m_axis_video_V_keep_V"/></StgValue>
</bind>
</comp>

<comp id="12" class="1000" name="m_axis_video_V_strb_V">
<pin_list>
<pin id="13" dir="1" index="0" bw="1" slack="0"/>
</pin_list>
<bind>
<StgValue><ssdm name="m_axis_video_V_strb_V"/></StgValue>
</bind>
</comp>

<comp id="14" class="1000" name="m_axis_video_V_user_V">
<pin_list>
<pin id="15" dir="1" index="0" bw="1" slack="0"/>
</pin_list>
<bind>
<StgValue><ssdm name="m_axis_video_V_user_V"/></StgValue>
</bind>
</comp>

<comp id="16" class="1000" name="m_axis_video_V_last_V">
<pin_list>
<pin id="17" dir="1" index="0" bw="1" slack="0"/>
</pin_list>
<bind>
<StgValue><ssdm name="m_axis_video_V_last_V"/></StgValue>
</bind>
</comp>

<comp id="18" class="1000" name="m_axis_video_V_id_V">
<pin_list>
<pin id="19" dir="1" index="0" bw="1" slack="0"/>
</pin_list>
<bind>
<StgValue><ssdm name="m_axis_video_V_id_V"/></StgValue>
</bind>
</comp>

<comp id="20" class="1000" name="m_axis_video_V_dest_V">
<pin_list>
<pin id="21" dir="1" index="0" bw="1" slack="0"/>
</pin_list>
<bind>
<StgValue><ssdm name="m_axis_video_V_dest_V"/></StgValue>
</bind>
</comp>

<comp id="22" class="1000" name="sub">
<pin_list>
<pin id="23" dir="1" index="0" bw="1" slack="0"/>
</pin_list>
<bind>
<StgValue><ssdm name="sub"/></StgValue>
</bind>
</comp>

<comp id="24" class="1000" name="counter_loc_1_out">
<pin_list>
<pin id="25" dir="1" index="0" bw="1" slack="0"/>
</pin_list>
<bind>
<StgValue><ssdm name="counter_loc_1_out"/></StgValue>
</bind>
</comp>

<comp id="26" class="1000" name="phi_ln991_out">
<pin_list>
<pin id="27" dir="1" index="0" bw="1" slack="0"/>
</pin_list>
<bind>
<StgValue><ssdm name="phi_ln991_out"/></StgValue>
</bind>
</comp>

<comp id="28" class="1000" name="counter">
<pin_list>
<pin id="29" dir="1" index="0" bw="1" slack="0"/>
</pin_list>
<bind>
<StgValue><ssdm name="counter"/></StgValue>
</bind>
</comp>

<comp id="30" class="1001" name="const_30">
<pin_list>
<pin id="31" dir="1" index="0" bw="1" slack="0"/>
</pin_list>
<bind>
<StgValue><ssdm name=""/></StgValue>
</bind>
</comp>

<comp id="32" class="1001" name="const_32">
<pin_list>
<pin id="33" dir="1" index="0" bw="1" slack="2147483647"/>
</pin_list>
<bind>
<StgValue><ssdm name="_ssdm_op_SpecAXISSideChannel"/></StgValue>
</bind>
</comp>

<comp id="34" class="1001" name="const_34">
<pin_list>
<pin id="35" dir="1" index="0" bw="1" slack="2147483647"/>
</pin_list>
<bind>
<StgValue><ssdm name="empty_6"/></StgValue>
</bind>
</comp>

<comp id="36" class="1001" name="const_36">
<pin_list>
<pin id="37" dir="1" index="0" bw="1" slack="2147483647"/>
</pin_list>
<bind>
<StgValue><ssdm name="_ssdm_op_SpecInterface"/></StgValue>
</bind>
</comp>

<comp id="38" class="1001" name="const_38">
<pin_list>
<pin id="39" dir="1" index="0" bw="1" slack="2147483647"/>
</pin_list>
<bind>
<StgValue><ssdm name="empty_23"/></StgValue>
</bind>
</comp>

<comp id="40" class="1001" name="const_40">
<pin_list>
<pin id="41" dir="1" index="0" bw="1" slack="2147483647"/>
</pin_list>
<bind>
<StgValue><ssdm name=""/></StgValue>
</bind>
</comp>

<comp id="42" class="1001" name="const_42">
<pin_list>
<pin id="43" dir="1" index="0" bw="1" slack="2147483647"/>
</pin_list>
<bind>
<StgValue><ssdm name="empty_13"/></StgValue>
</bind>
</comp>

<comp id="44" class="1001" name="const_44">
<pin_list>
<pin id="45" dir="1" index="0" bw="1" slack="2147483647"/>
</pin_list>
<bind>
<StgValue><ssdm name="empty_0"/></StgValue>
</bind>
</comp>

<comp id="46" class="1001" name="const_46">
<pin_list>
<pin id="47" dir="1" index="0" bw="1" slack="2147483647"/>
</pin_list>
<bind>
<StgValue><ssdm name=""/></StgValue>
</bind>
</comp>

<comp id="48" class="1001" name="const_48">
<pin_list>
<pin id="49" dir="1" index="0" bw="1" slack="2147483647"/>
</pin_list>
<bind>
<StgValue><ssdm name="empty_10"/></StgValue>
</bind>
</comp>

<comp id="50" class="1001" name="const_50">
<pin_list>
<pin id="51" dir="1" index="0" bw="1" slack="0"/>
</pin_list>
<bind>
<StgValue><ssdm name="_ssdm_op_Read.ap_auto.i11"/></StgValue>
</bind>
</comp>

<comp id="52" class="1001" name="const_52">
<pin_list>
<pin id="53" dir="1" index="0" bw="1" slack="0"/>
</pin_list>
<bind>
<StgValue><ssdm name="_ssdm_op_Read.ap_auto.i1"/></StgValue>
</bind>
</comp>

<comp id="54" class="1001" name="const_54">
<pin_list>
<pin id="55" dir="1" index="0" bw="1" slack="0"/>
</pin_list>
<bind>
<StgValue><ssdm name="_ssdm_op_Read.ap_auto.i10"/></StgValue>
</bind>
</comp>

<comp id="56" class="1001" name="const_56">
<pin_list>
<pin id="57" dir="1" index="0" bw="1" slack="0"/>
</pin_list>
<bind>
<StgValue><ssdm name=""/></StgValue>
</bind>
</comp>

<comp id="58" class="1001" name="const_58">
<pin_list>
<pin id="59" dir="1" index="0" bw="1" slack="0"/>
</pin_list>
<bind>
<StgValue><ssdm name=""/></StgValue>
</bind>
</comp>

<comp id="60" class="1001" name="const_60">
<pin_list>
<pin id="61" dir="1" index="0" bw="1" slack="2147483647"/>
</pin_list>
<bind>
<StgValue><ssdm name="_ssdm_op_SpecLoopTripCount"/></StgValue>
</bind>
</comp>

<comp id="62" class="1001" name="const_62">
<pin_list>
<pin id="63" dir="1" index="0" bw="1" slack="2147483647"/>
</pin_list>
<bind>
<StgValue><ssdm name=""/></StgValue>
</bind>
</comp>

<comp id="64" class="1001" name="const_64">
<pin_list>
<pin id="65" dir="1" index="0" bw="1" slack="2147483647"/>
</pin_list>
<bind>
<StgValue><ssdm name=""/></StgValue>
</bind>
</comp>

<comp id="66" class="1001" name="const_66">
<pin_list>
<pin id="67" dir="1" index="0" bw="1" slack="2147483647"/>
</pin_list>
<bind>
<StgValue><ssdm name=""/></StgValue>
</bind>
</comp>

<comp id="68" class="1001" name="const_68">
<pin_list>
<pin id="69" dir="1" index="0" bw="1" slack="0"/>
</pin_list>
<bind>
<StgValue><ssdm name=""/></StgValue>
</bind>
</comp>

<comp id="70" class="1001" name="const_70">
<pin_list>
<pin id="71" dir="1" index="0" bw="1" slack="2147483647"/>
</pin_list>
<bind>
<StgValue><ssdm name="_ssdm_op_SpecPipeline"/></StgValue>
</bind>
</comp>

<comp id="72" class="1001" name="const_72">
<pin_list>
<pin id="73" dir="1" index="0" bw="1" slack="2147483647"/>
</pin_list>
<bind>
<StgValue><ssdm name="_ssdm_op_SpecLoopName"/></StgValue>
</bind>
</comp>

<comp id="74" class="1001" name="const_74">
<pin_list>
<pin id="75" dir="1" index="0" bw="1" slack="2147483647"/>
</pin_list>
<bind>
<StgValue><ssdm name="empty_3"/></StgValue>
</bind>
</comp>

<comp id="76" class="1001" name="const_76">
<pin_list>
<pin id="77" dir="1" index="0" bw="1" slack="0"/>
</pin_list>
<bind>
<StgValue><ssdm name=""/></StgValue>
</bind>
</comp>

<comp id="78" class="1001" name="const_78">
<pin_list>
<pin id="79" dir="1" index="0" bw="1" slack="0"/>
</pin_list>
<bind>
<StgValue><ssdm name="_ssdm_op_Read.ap_fifo.volatile.i24P0A"/></StgValue>
</bind>
</comp>

<comp id="80" class="1001" name="const_80">
<pin_list>
<pin id="81" dir="1" index="0" bw="1" slack="0"/>
</pin_list>
<bind>
<StgValue><ssdm name="_ssdm_op_PartSelect.i8.i24.i32.i32"/></StgValue>
</bind>
</comp>

<comp id="82" class="1001" name="const_82">
<pin_list>
<pin id="83" dir="1" index="0" bw="1" slack="0"/>
</pin_list>
<bind>
<StgValue><ssdm name=""/></StgValue>
</bind>
</comp>

<comp id="84" class="1001" name="const_84">
<pin_list>
<pin id="85" dir="1" index="0" bw="1" slack="0"/>
</pin_list>
<bind>
<StgValue><ssdm name=""/></StgValue>
</bind>
</comp>

<comp id="86" class="1001" name="const_86">
<pin_list>
<pin id="87" dir="1" index="0" bw="1" slack="0"/>
</pin_list>
<bind>
<StgValue><ssdm name=""/></StgValue>
</bind>
</comp>

<comp id="88" class="1001" name="const_88">
<pin_list>
<pin id="89" dir="1" index="0" bw="1" slack="0"/>
</pin_list>
<bind>
<StgValue><ssdm name=""/></StgValue>
</bind>
</comp>

<comp id="90" class="1001" name="const_90">
<pin_list>
<pin id="91" dir="1" index="0" bw="1" slack="0"/>
</pin_list>
<bind>
<StgValue><ssdm name="_ssdm_op_BitConcatenate.i9.i1.i8"/></StgValue>
</bind>
</comp>

<comp id="92" class="1001" name="const_92">
<pin_list>
<pin id="93" dir="1" index="0" bw="1" slack="0"/>
</pin_list>
<bind>
<StgValue><ssdm name=""/></StgValue>
</bind>
</comp>

<comp id="94" class="1001" name="const_94">
<pin_list>
<pin id="95" dir="1" index="0" bw="1" slack="0"/>
</pin_list>
<bind>
<StgValue><ssdm name="_ssdm_op_BitConcatenate.i16.i8.i8"/></StgValue>
</bind>
</comp>

<comp id="96" class="1001" name="const_96">
<pin_list>
<pin id="97" dir="1" index="0" bw="1" slack="0"/>
</pin_list>
<bind>
<StgValue><ssdm name="_ssdm_op_PartSet.i24.i24.i16.i32.i32"/></StgValue>
</bind>
</comp>

<comp id="98" class="1001" name="const_98">
<pin_list>
<pin id="99" dir="1" index="0" bw="1" slack="0"/>
</pin_list>
<bind>
<StgValue><ssdm name="_ssdm_op_Write.axis.volatile.i24P0A.i3P0A.i3P0A.i1P0A.i1P0A.i1P0A.i1P0A"/></StgValue>
</bind>
</comp>

<comp id="100" class="1001" name="const_100">
<pin_list>
<pin id="101" dir="1" index="0" bw="1" slack="0"/>
</pin_list>
<bind>
<StgValue><ssdm name=""/></StgValue>
</bind>
</comp>

<comp id="102" class="1001" name="const_102">
<pin_list>
<pin id="103" dir="1" index="0" bw="1" slack="0"/>
</pin_list>
<bind>
<StgValue><ssdm name=""/></StgValue>
</bind>
</comp>

<comp id="104" class="1001" name="const_104">
<pin_list>
<pin id="105" dir="1" index="0" bw="1" slack="0"/>
</pin_list>
<bind>
<StgValue><ssdm name=""/></StgValue>
</bind>
</comp>

<comp id="106" class="1001" name="const_106">
<pin_list>
<pin id="107" dir="1" index="0" bw="1" slack="0"/>
</pin_list>
<bind>
<StgValue><ssdm name="_ssdm_op_Write.ap_auto.i1P0A"/></StgValue>
</bind>
</comp>

<comp id="108" class="1004" name="j_fu_108">
<pin_list>
<pin id="109" dir="0" index="0" bw="1" slack="0"/>
<pin id="110" dir="1" index="1" bw="10" slack="0"/>
</pin_list>
<bind>
<opcode="alloca(26) " fcode="alloca"/>
<opset="j/1 "/>
</bind>
</comp>

<comp id="112" class="1004" name="sub_read_read_fu_112">
<pin_list>
<pin id="113" dir="0" index="0" bw="11" slack="0"/>
<pin id="114" dir="0" index="1" bw="11" slack="0"/>
<pin id="115" dir="1" index="2" bw="11" slack="1"/>
</pin_list>
<bind>
<opcode="read(1150) " fcode="read"/>
<opset="sub_read/1 "/>
</bind>
</comp>

<comp id="118" class="1004" name="icmp_ln975_read_read_fu_118">
<pin_list>
<pin id="119" dir="0" index="0" bw="1" slack="0"/>
<pin id="120" dir="0" index="1" bw="1" slack="0"/>
<pin id="121" dir="1" index="2" bw="1" slack="2"/>
</pin_list>
<bind>
<opcode="read(1150) " fcode="read"/>
<opset="icmp_ln975_read/1 "/>
</bind>
</comp>

<comp id="124" class="1004" name="width_load_cast1_read_read_fu_124">
<pin_list>
<pin id="125" dir="0" index="0" bw="10" slack="0"/>
<pin id="126" dir="0" index="1" bw="10" slack="0"/>
<pin id="127" dir="1" index="2" bw="10" slack="1"/>
</pin_list>
<bind>
<opcode="read(1150) " fcode="read"/>
<opset="width_load_cast1_read/1 "/>
</bind>
</comp>

<comp id="130" class="1004" name="sof_read_read_fu_130">
<pin_list>
<pin id="131" dir="0" index="0" bw="1" slack="0"/>
<pin id="132" dir="0" index="1" bw="1" slack="0"/>
<pin id="133" dir="1" index="2" bw="1" slack="1"/>
</pin_list>
<bind>
<opcode="read(1150) " fcode="read"/>
<opset="sof_read/1 "/>
</bind>
</comp>

<comp id="136" class="1004" name="ovrlayYUV_read_read_fu_136">
<pin_list>
<pin id="137" dir="0" index="0" bw="24" slack="0"/>
<pin id="138" dir="0" index="1" bw="24" slack="0"/>
<pin id="139" dir="1" index="2" bw="24" slack="0"/>
</pin_list>
<bind>
<opcode="read(1150) " fcode="read"/>
<opset="ovrlayYUV_read/3 "/>
</bind>
</comp>

<comp id="142" class="1004" name="write_ln258_write_fu_142">
<pin_list>
<pin id="143" dir="0" index="0" bw="0" slack="0"/>
<pin id="144" dir="0" index="1" bw="24" slack="0"/>
<pin id="145" dir="0" index="2" bw="3" slack="0"/>
<pin id="146" dir="0" index="3" bw="3" slack="0"/>
<pin id="147" dir="0" index="4" bw="1" slack="0"/>
<pin id="148" dir="0" index="5" bw="1" slack="0"/>
<pin id="149" dir="0" index="6" bw="1" slack="0"/>
<pin id="150" dir="0" index="7" bw="1" slack="0"/>
<pin id="151" dir="0" index="8" bw="24" slack="0"/>
<pin id="152" dir="0" index="9" bw="1" slack="0"/>
<pin id="153" dir="0" index="10" bw="1" slack="0"/>
<pin id="154" dir="0" index="11" bw="1" slack="1"/>
<pin id="155" dir="0" index="12" bw="1" slack="1"/>
<pin id="156" dir="0" index="13" bw="1" slack="0"/>
<pin id="157" dir="0" index="14" bw="1" slack="0"/>
<pin id="158" dir="1" index="15" bw="0" slack="2147483647"/>
</pin_list>
<bind>
<opcode="write(1151) " fcode="write"/>
<opset="write_ln258/3 "/>
</bind>
</comp>

<comp id="171" class="1004" name="write_ln991_write_fu_171">
<pin_list>
<pin id="172" dir="0" index="0" bw="0" slack="0"/>
<pin id="173" dir="0" index="1" bw="1" slack="0"/>
<pin id="174" dir="0" index="2" bw="1" slack="1"/>
<pin id="175" dir="1" index="3" bw="0" slack="2147483647"/>
</pin_list>
<bind>
<opcode="write(1151) " fcode="write"/>
<opset="write_ln991/4 "/>
</bind>
</comp>

<comp id="178" class="1005" name="tmp_user_V_reg_178">
<pin_list>
<pin id="179" dir="0" index="0" bw="1" slack="1"/>
<pin id="180" dir="1" index="1" bw="1" slack="1"/>
</pin_list>
<bind>
<opset="tmp_user_V (phireg) "/>
</bind>
</comp>

<comp id="182" class="1004" name="tmp_user_V_phi_fu_182">
<pin_list>
<pin id="183" dir="0" index="0" bw="1" slack="0"/>
<pin id="184" dir="0" index="1" bw="0" slack="2147483647"/>
<pin id="185" dir="0" index="2" bw="1" slack="1"/>
<pin id="186" dir="0" index="3" bw="0" slack="2147483647"/>
<pin id="187" dir="1" index="4" bw="1" slack="1"/>
</pin_list>
<bind>
<opcode="phi(47) " fcode="phi"/>
<opset="tmp_user_V/2 "/>
</bind>
</comp>

<comp id="190" class="1005" name="phi_ln991_reg_190">
<pin_list>
<pin id="191" dir="0" index="0" bw="1" slack="1"/>
<pin id="192" dir="1" index="1" bw="1" slack="1"/>
</pin_list>
<bind>
<opset="phi_ln991 (phireg) "/>
</bind>
</comp>

<comp id="195" class="1004" name="phi_ln991_phi_fu_195">
<pin_list>
<pin id="196" dir="0" index="0" bw="1" slack="1"/>
<pin id="197" dir="0" index="1" bw="0" slack="2147483647"/>
<pin id="198" dir="0" index="2" bw="1" slack="1"/>
<pin id="199" dir="0" index="3" bw="0" slack="2147483647"/>
<pin id="200" dir="1" index="4" bw="1" slack="1"/>
</pin_list>
<bind>
<opcode="phi(47) " fcode="phi"/>
<opset="phi_ln991/2 "/>
</bind>
</comp>

<comp id="203" class="1004" name="store_ln0_store_fu_203">
<pin_list>
<pin id="204" dir="0" index="0" bw="1" slack="0"/>
<pin id="205" dir="0" index="1" bw="10" slack="0"/>
<pin id="206" dir="1" index="2" bw="0" slack="2147483647"/>
</pin_list>
<bind>
<opcode="store(28) " fcode="store"/>
<opset="store_ln0/1 "/>
</bind>
</comp>

<comp id="208" class="1004" name="j_1_load_fu_208">
<pin_list>
<pin id="209" dir="0" index="0" bw="10" slack="1"/>
<pin id="210" dir="1" index="1" bw="10" slack="0"/>
</pin_list>
<bind>
<opcode="load(27) " fcode="load"/>
<opset="j_1/2 "/>
</bind>
</comp>

<comp id="211" class="1004" name="zext_ln936_fu_211">
<pin_list>
<pin id="212" dir="0" index="0" bw="10" slack="0"/>
<pin id="213" dir="1" index="1" bw="11" slack="0"/>
</pin_list>
<bind>
<opcode="zext(34) " fcode="zext"/>
<opset="zext_ln936/2 "/>
</bind>
</comp>

<comp id="215" class="1004" name="icmp_ln936_fu_215">
<pin_list>
<pin id="216" dir="0" index="0" bw="10" slack="0"/>
<pin id="217" dir="0" index="1" bw="10" slack="1"/>
<pin id="218" dir="1" index="2" bw="1" slack="1"/>
</pin_list>
<bind>
<opcode="icmp(45) " fcode="icmp"/>
<opset="icmp_ln936/2 "/>
</bind>
</comp>

<comp id="220" class="1004" name="j_2_fu_220">
<pin_list>
<pin id="221" dir="0" index="0" bw="10" slack="0"/>
<pin id="222" dir="0" index="1" bw="1" slack="0"/>
<pin id="223" dir="1" index="2" bw="10" slack="0"/>
</pin_list>
<bind>
<opcode="add(8) " fcode="add"/>
<opset="j_2/2 "/>
</bind>
</comp>

<comp id="226" class="1004" name="tmp_last_V_fu_226">
<pin_list>
<pin id="227" dir="0" index="0" bw="10" slack="0"/>
<pin id="228" dir="0" index="1" bw="11" slack="1"/>
<pin id="229" dir="1" index="2" bw="1" slack="1"/>
</pin_list>
<bind>
<opcode="icmp(45) " fcode="icmp"/>
<opset="tmp_last_V/2 "/>
</bind>
</comp>

<comp id="231" class="1004" name="counter_loc_1_out_load_load_fu_231">
<pin_list>
<pin id="232" dir="0" index="0" bw="16" slack="0"/>
<pin id="233" dir="1" index="1" bw="16" slack="0"/>
</pin_list>
<bind>
<opcode="load(27) " fcode="load"/>
<opset="counter_loc_1_out_load/2 "/>
</bind>
</comp>

<comp id="235" class="1004" name="add_ln960_fu_235">
<pin_list>
<pin id="236" dir="0" index="0" bw="16" slack="0"/>
<pin id="237" dir="0" index="1" bw="1" slack="0"/>
<pin id="238" dir="1" index="2" bw="16" slack="0"/>
</pin_list>
<bind>
<opcode="add(8) " fcode="add"/>
<opset="add_ln960/2 "/>
</bind>
</comp>

<comp id="241" class="1004" name="store_ln960_store_fu_241">
<pin_list>
<pin id="242" dir="0" index="0" bw="16" slack="0"/>
<pin id="243" dir="0" index="1" bw="16" slack="0"/>
<pin id="244" dir="1" index="2" bw="0" slack="2147483647"/>
</pin_list>
<bind>
<opcode="store(28) " fcode="store"/>
<opset="store_ln960/2 "/>
</bind>
</comp>

<comp id="247" class="1004" name="store_ln961_store_fu_247">
<pin_list>
<pin id="248" dir="0" index="0" bw="16" slack="0"/>
<pin id="249" dir="0" index="1" bw="16" slack="0"/>
<pin id="250" dir="1" index="2" bw="0" slack="2147483647"/>
</pin_list>
<bind>
<opcode="store(28) " fcode="store"/>
<opset="store_ln961/2 "/>
</bind>
</comp>

<comp id="253" class="1004" name="store_ln936_store_fu_253">
<pin_list>
<pin id="254" dir="0" index="0" bw="10" slack="0"/>
<pin id="255" dir="0" index="1" bw="10" slack="1"/>
<pin id="256" dir="1" index="2" bw="0" slack="2147483647"/>
</pin_list>
<bind>
<opcode="store(28) " fcode="store"/>
<opset="store_ln936/2 "/>
</bind>
</comp>

<comp id="258" class="1004" name="counter_loc_1_out_load_1_load_fu_258">
<pin_list>
<pin id="259" dir="0" index="0" bw="16" slack="0"/>
<pin id="260" dir="1" index="1" bw="16" slack="0"/>
</pin_list>
<bind>
<opcode="load(27) " fcode="load"/>
<opset="counter_loc_1_out_load_1/3 "/>
</bind>
</comp>

<comp id="262" class="1004" name="trunc_ln963_fu_262">
<pin_list>
<pin id="263" dir="0" index="0" bw="16" slack="0"/>
<pin id="264" dir="1" index="1" bw="1" slack="1"/>
</pin_list>
<bind>
<opcode="trunc(33) " fcode="trunc"/>
<opset="trunc_ln963/3 "/>
</bind>
</comp>

<comp id="266" class="1004" name="pix_444_V_fu_266">
<pin_list>
<pin id="267" dir="0" index="0" bw="24" slack="0"/>
<pin id="268" dir="1" index="1" bw="8" slack="0"/>
</pin_list>
<bind>
<opcode="trunc(33) " fcode="trunc"/>
<opset="pix_444_V/3 "/>
</bind>
</comp>

<comp id="270" class="1004" name="pix_rgb_V_2_fu_270">
<pin_list>
<pin id="271" dir="0" index="0" bw="8" slack="0"/>
<pin id="272" dir="0" index="1" bw="24" slack="0"/>
<pin id="273" dir="0" index="2" bw="5" slack="0"/>
<pin id="274" dir="0" index="3" bw="5" slack="0"/>
<pin id="275" dir="1" index="4" bw="8" slack="0"/>
</pin_list>
<bind>
<opcode="partselect(1002) " fcode="partselect"/>
<opset="pix_rgb_V_2/3 "/>
</bind>
</comp>

<comp id="280" class="1004" name="pix_rgb_V_fu_280">
<pin_list>
<pin id="281" dir="0" index="0" bw="8" slack="0"/>
<pin id="282" dir="0" index="1" bw="24" slack="0"/>
<pin id="283" dir="0" index="2" bw="6" slack="0"/>
<pin id="284" dir="0" index="3" bw="6" slack="0"/>
<pin id="285" dir="1" index="4" bw="8" slack="0"/>
</pin_list>
<bind>
<opcode="partselect(1002) " fcode="partselect"/>
<opset="pix_rgb_V/3 "/>
</bind>
</comp>

<comp id="290" class="1004" name="p_Result_s_fu_290">
<pin_list>
<pin id="291" dir="0" index="0" bw="9" slack="0"/>
<pin id="292" dir="0" index="1" bw="1" slack="0"/>
<pin id="293" dir="0" index="2" bw="8" slack="0"/>
<pin id="294" dir="1" index="3" bw="9" slack="0"/>
</pin_list>
<bind>
<opcode="bitconcatenate(1004) " fcode="bitconcatenate"/>
<opset="p_Result_s/3 "/>
</bind>
</comp>

<comp id="298" class="1004" name="p_Result_1_fu_298">
<pin_list>
<pin id="299" dir="0" index="0" bw="9" slack="0"/>
<pin id="300" dir="0" index="1" bw="1" slack="0"/>
<pin id="301" dir="0" index="2" bw="8" slack="0"/>
<pin id="302" dir="1" index="3" bw="9" slack="0"/>
</pin_list>
<bind>
<opcode="bitconcatenate(1004) " fcode="bitconcatenate"/>
<opset="p_Result_1/3 "/>
</bind>
</comp>

<comp id="306" class="1004" name="axi_data_V_fu_306">
<pin_list>
<pin id="307" dir="0" index="0" bw="1" slack="2"/>
<pin id="308" dir="0" index="1" bw="9" slack="0"/>
<pin id="309" dir="0" index="2" bw="9" slack="0"/>
<pin id="310" dir="1" index="3" bw="9" slack="0"/>
</pin_list>
<bind>
<opcode="select(49) " fcode="select"/>
<opset="axi_data_V/3 "/>
</bind>
</comp>

<comp id="313" class="1004" name="sext_ln880_fu_313">
<pin_list>
<pin id="314" dir="0" index="0" bw="9" slack="0"/>
<pin id="315" dir="1" index="1" bw="24" slack="0"/>
</pin_list>
<bind>
<opcode="sext(35) " fcode="sext"/>
<opset="sext_ln880/3 "/>
</bind>
</comp>

<comp id="317" class="1004" name="select_ln975_fu_317">
<pin_list>
<pin id="318" dir="0" index="0" bw="1" slack="2"/>
<pin id="319" dir="0" index="1" bw="8" slack="0"/>
<pin id="320" dir="0" index="2" bw="8" slack="0"/>
<pin id="321" dir="1" index="3" bw="8" slack="0"/>
</pin_list>
<bind>
<opcode="select(49) " fcode="select"/>
<opset="select_ln975/3 "/>
</bind>
</comp>

<comp id="324" class="1004" name="select_ln975_1_fu_324">
<pin_list>
<pin id="325" dir="0" index="0" bw="1" slack="2"/>
<pin id="326" dir="0" index="1" bw="8" slack="0"/>
<pin id="327" dir="0" index="2" bw="8" slack="0"/>
<pin id="328" dir="1" index="3" bw="8" slack="0"/>
</pin_list>
<bind>
<opcode="select(49) " fcode="select"/>
<opset="select_ln975_1/3 "/>
</bind>
</comp>

<comp id="331" class="1004" name="tmp_fu_331">
<pin_list>
<pin id="332" dir="0" index="0" bw="16" slack="0"/>
<pin id="333" dir="0" index="1" bw="8" slack="0"/>
<pin id="334" dir="0" index="2" bw="8" slack="0"/>
<pin id="335" dir="1" index="3" bw="16" slack="0"/>
</pin_list>
<bind>
<opcode="bitconcatenate(1004) " fcode="bitconcatenate"/>
<opset="tmp/3 "/>
</bind>
</comp>

<comp id="339" class="1004" name="axi_data_V_3_fu_339">
<pin_list>
<pin id="340" dir="0" index="0" bw="24" slack="0"/>
<pin id="341" dir="0" index="1" bw="9" slack="0"/>
<pin id="342" dir="0" index="2" bw="16" slack="0"/>
<pin id="343" dir="0" index="3" bw="5" slack="0"/>
<pin id="344" dir="0" index="4" bw="6" slack="0"/>
<pin id="345" dir="1" index="5" bw="24" slack="0"/>
</pin_list>
<bind>
<opcode="partset(1003) " fcode="partset"/>
<opset="axi_data_V_3/3 "/>
</bind>
</comp>

<comp id="352" class="1005" name="j_reg_352">
<pin_list>
<pin id="353" dir="0" index="0" bw="10" slack="0"/>
<pin id="354" dir="1" index="1" bw="10" slack="0"/>
</pin_list>
<bind>
<opset="j "/>
</bind>
</comp>

<comp id="359" class="1005" name="sub_read_reg_359">
<pin_list>
<pin id="360" dir="0" index="0" bw="11" slack="1"/>
<pin id="361" dir="1" index="1" bw="11" slack="1"/>
</pin_list>
<bind>
<opset="sub_read "/>
</bind>
</comp>

<comp id="364" class="1005" name="icmp_ln975_read_reg_364">
<pin_list>
<pin id="365" dir="0" index="0" bw="1" slack="2"/>
<pin id="366" dir="1" index="1" bw="1" slack="2"/>
</pin_list>
<bind>
<opset="icmp_ln975_read "/>
</bind>
</comp>

<comp id="371" class="1005" name="width_load_cast1_read_reg_371">
<pin_list>
<pin id="372" dir="0" index="0" bw="10" slack="1"/>
<pin id="373" dir="1" index="1" bw="10" slack="1"/>
</pin_list>
<bind>
<opset="width_load_cast1_read "/>
</bind>
</comp>

<comp id="376" class="1005" name="sof_read_reg_376">
<pin_list>
<pin id="377" dir="0" index="0" bw="1" slack="1"/>
<pin id="378" dir="1" index="1" bw="1" slack="1"/>
</pin_list>
<bind>
<opset="sof_read "/>
</bind>
</comp>

<comp id="381" class="1005" name="icmp_ln936_reg_381">
<pin_list>
<pin id="382" dir="0" index="0" bw="1" slack="1"/>
<pin id="383" dir="1" index="1" bw="1" slack="2147483647"/>
</pin_list>
<bind>
<opset="icmp_ln936 "/>
</bind>
</comp>

<comp id="385" class="1005" name="tmp_last_V_reg_385">
<pin_list>
<pin id="386" dir="0" index="0" bw="1" slack="1"/>
<pin id="387" dir="1" index="1" bw="1" slack="1"/>
</pin_list>
<bind>
<opset="tmp_last_V "/>
</bind>
</comp>

<comp id="390" class="1005" name="trunc_ln963_reg_390">
<pin_list>
<pin id="391" dir="0" index="0" bw="1" slack="1"/>
<pin id="392" dir="1" index="1" bw="1" slack="1"/>
</pin_list>
<bind>
<opset="trunc_ln963 "/>
</bind>
</comp>

</comp_list>

<net_list>
<net id="111"><net_src comp="30" pin="0"/><net_sink comp="108" pin=0"/></net>

<net id="116"><net_src comp="50" pin="0"/><net_sink comp="112" pin=0"/></net>

<net id="117"><net_src comp="22" pin="0"/><net_sink comp="112" pin=1"/></net>

<net id="122"><net_src comp="52" pin="0"/><net_sink comp="118" pin=0"/></net>

<net id="123"><net_src comp="6" pin="0"/><net_sink comp="118" pin=1"/></net>

<net id="128"><net_src comp="54" pin="0"/><net_sink comp="124" pin=0"/></net>

<net id="129"><net_src comp="2" pin="0"/><net_sink comp="124" pin=1"/></net>

<net id="134"><net_src comp="52" pin="0"/><net_sink comp="130" pin=0"/></net>

<net id="135"><net_src comp="0" pin="0"/><net_sink comp="130" pin=1"/></net>

<net id="140"><net_src comp="78" pin="0"/><net_sink comp="136" pin=0"/></net>

<net id="141"><net_src comp="4" pin="0"/><net_sink comp="136" pin=1"/></net>

<net id="159"><net_src comp="98" pin="0"/><net_sink comp="142" pin=0"/></net>

<net id="160"><net_src comp="8" pin="0"/><net_sink comp="142" pin=1"/></net>

<net id="161"><net_src comp="10" pin="0"/><net_sink comp="142" pin=2"/></net>

<net id="162"><net_src comp="12" pin="0"/><net_sink comp="142" pin=3"/></net>

<net id="163"><net_src comp="14" pin="0"/><net_sink comp="142" pin=4"/></net>

<net id="164"><net_src comp="16" pin="0"/><net_sink comp="142" pin=5"/></net>

<net id="165"><net_src comp="18" pin="0"/><net_sink comp="142" pin=6"/></net>

<net id="166"><net_src comp="20" pin="0"/><net_sink comp="142" pin=7"/></net>

<net id="167"><net_src comp="100" pin="0"/><net_sink comp="142" pin=9"/></net>

<net id="168"><net_src comp="102" pin="0"/><net_sink comp="142" pin=10"/></net>

<net id="169"><net_src comp="104" pin="0"/><net_sink comp="142" pin=13"/></net>

<net id="170"><net_src comp="104" pin="0"/><net_sink comp="142" pin=14"/></net>

<net id="176"><net_src comp="106" pin="0"/><net_sink comp="171" pin=0"/></net>

<net id="177"><net_src comp="26" pin="0"/><net_sink comp="171" pin=1"/></net>

<net id="181"><net_src comp="178" pin="1"/><net_sink comp="142" pin=11"/></net>

<net id="188"><net_src comp="58" pin="0"/><net_sink comp="182" pin=0"/></net>

<net id="189"><net_src comp="182" pin="4"/><net_sink comp="178" pin=0"/></net>

<net id="193"><net_src comp="58" pin="0"/><net_sink comp="190" pin=0"/></net>

<net id="194"><net_src comp="190" pin="1"/><net_sink comp="171" pin=2"/></net>

<net id="201"><net_src comp="190" pin="1"/><net_sink comp="195" pin=2"/></net>

<net id="202"><net_src comp="195" pin="4"/><net_sink comp="190" pin=0"/></net>

<net id="207"><net_src comp="56" pin="0"/><net_sink comp="203" pin=0"/></net>

<net id="214"><net_src comp="208" pin="1"/><net_sink comp="211" pin=0"/></net>

<net id="219"><net_src comp="208" pin="1"/><net_sink comp="215" pin=0"/></net>

<net id="224"><net_src comp="208" pin="1"/><net_sink comp="220" pin=0"/></net>

<net id="225"><net_src comp="68" pin="0"/><net_sink comp="220" pin=1"/></net>

<net id="230"><net_src comp="211" pin="1"/><net_sink comp="226" pin=0"/></net>

<net id="234"><net_src comp="24" pin="0"/><net_sink comp="231" pin=0"/></net>

<net id="239"><net_src comp="231" pin="1"/><net_sink comp="235" pin=0"/></net>

<net id="240"><net_src comp="76" pin="0"/><net_sink comp="235" pin=1"/></net>

<net id="245"><net_src comp="235" pin="2"/><net_sink comp="241" pin=0"/></net>

<net id="246"><net_src comp="28" pin="0"/><net_sink comp="241" pin=1"/></net>

<net id="251"><net_src comp="235" pin="2"/><net_sink comp="247" pin=0"/></net>

<net id="252"><net_src comp="24" pin="0"/><net_sink comp="247" pin=1"/></net>

<net id="257"><net_src comp="220" pin="2"/><net_sink comp="253" pin=0"/></net>

<net id="261"><net_src comp="24" pin="0"/><net_sink comp="258" pin=0"/></net>

<net id="265"><net_src comp="258" pin="1"/><net_sink comp="262" pin=0"/></net>

<net id="269"><net_src comp="136" pin="2"/><net_sink comp="266" pin=0"/></net>

<net id="276"><net_src comp="80" pin="0"/><net_sink comp="270" pin=0"/></net>

<net id="277"><net_src comp="136" pin="2"/><net_sink comp="270" pin=1"/></net>

<net id="278"><net_src comp="82" pin="0"/><net_sink comp="270" pin=2"/></net>

<net id="279"><net_src comp="84" pin="0"/><net_sink comp="270" pin=3"/></net>

<net id="286"><net_src comp="80" pin="0"/><net_sink comp="280" pin=0"/></net>

<net id="287"><net_src comp="136" pin="2"/><net_sink comp="280" pin=1"/></net>

<net id="288"><net_src comp="86" pin="0"/><net_sink comp="280" pin=2"/></net>

<net id="289"><net_src comp="88" pin="0"/><net_sink comp="280" pin=3"/></net>

<net id="295"><net_src comp="90" pin="0"/><net_sink comp="290" pin=0"/></net>

<net id="296"><net_src comp="92" pin="0"/><net_sink comp="290" pin=1"/></net>

<net id="297"><net_src comp="266" pin="1"/><net_sink comp="290" pin=2"/></net>

<net id="303"><net_src comp="90" pin="0"/><net_sink comp="298" pin=0"/></net>

<net id="304"><net_src comp="92" pin="0"/><net_sink comp="298" pin=1"/></net>

<net id="305"><net_src comp="270" pin="4"/><net_sink comp="298" pin=2"/></net>

<net id="311"><net_src comp="298" pin="3"/><net_sink comp="306" pin=1"/></net>

<net id="312"><net_src comp="290" pin="3"/><net_sink comp="306" pin=2"/></net>

<net id="316"><net_src comp="306" pin="3"/><net_sink comp="313" pin=0"/></net>

<net id="322"><net_src comp="280" pin="4"/><net_sink comp="317" pin=1"/></net>

<net id="323"><net_src comp="270" pin="4"/><net_sink comp="317" pin=2"/></net>

<net id="329"><net_src comp="266" pin="1"/><net_sink comp="324" pin=1"/></net>

<net id="330"><net_src comp="280" pin="4"/><net_sink comp="324" pin=2"/></net>

<net id="336"><net_src comp="94" pin="0"/><net_sink comp="331" pin=0"/></net>

<net id="337"><net_src comp="324" pin="3"/><net_sink comp="331" pin=1"/></net>

<net id="338"><net_src comp="317" pin="3"/><net_sink comp="331" pin=2"/></net>

<net id="346"><net_src comp="96" pin="0"/><net_sink comp="339" pin=0"/></net>

<net id="347"><net_src comp="313" pin="1"/><net_sink comp="339" pin=1"/></net>

<net id="348"><net_src comp="331" pin="3"/><net_sink comp="339" pin=2"/></net>

<net id="349"><net_src comp="82" pin="0"/><net_sink comp="339" pin=3"/></net>

<net id="350"><net_src comp="88" pin="0"/><net_sink comp="339" pin=4"/></net>

<net id="351"><net_src comp="339" pin="5"/><net_sink comp="142" pin=8"/></net>

<net id="355"><net_src comp="108" pin="1"/><net_sink comp="352" pin=0"/></net>

<net id="356"><net_src comp="352" pin="1"/><net_sink comp="203" pin=1"/></net>

<net id="357"><net_src comp="352" pin="1"/><net_sink comp="208" pin=0"/></net>

<net id="358"><net_src comp="352" pin="1"/><net_sink comp="253" pin=1"/></net>

<net id="362"><net_src comp="112" pin="2"/><net_sink comp="359" pin=0"/></net>

<net id="363"><net_src comp="359" pin="1"/><net_sink comp="226" pin=1"/></net>

<net id="367"><net_src comp="118" pin="2"/><net_sink comp="364" pin=0"/></net>

<net id="368"><net_src comp="364" pin="1"/><net_sink comp="306" pin=0"/></net>

<net id="369"><net_src comp="364" pin="1"/><net_sink comp="317" pin=0"/></net>

<net id="370"><net_src comp="364" pin="1"/><net_sink comp="324" pin=0"/></net>

<net id="374"><net_src comp="124" pin="2"/><net_sink comp="371" pin=0"/></net>

<net id="375"><net_src comp="371" pin="1"/><net_sink comp="215" pin=1"/></net>

<net id="379"><net_src comp="130" pin="2"/><net_sink comp="376" pin=0"/></net>

<net id="380"><net_src comp="376" pin="1"/><net_sink comp="182" pin=2"/></net>

<net id="384"><net_src comp="215" pin="2"/><net_sink comp="381" pin=0"/></net>

<net id="388"><net_src comp="226" pin="2"/><net_sink comp="385" pin=0"/></net>

<net id="389"><net_src comp="385" pin="1"/><net_sink comp="142" pin=12"/></net>

<net id="393"><net_src comp="262" pin="1"/><net_sink comp="390" pin=0"/></net>

<net id="394"><net_src comp="390" pin="1"/><net_sink comp="195" pin=0"/></net>

</net_list>

</model> 
---------------- Datapath Model END ------------------

* FSMD analyzer results:
  - Output states:
	Port: m_axis_video_V_data_V | {3 }
	Port: m_axis_video_V_keep_V | {3 }
	Port: m_axis_video_V_strb_V | {3 }
	Port: m_axis_video_V_user_V | {3 }
	Port: m_axis_video_V_last_V | {3 }
	Port: m_axis_video_V_id_V | {3 }
	Port: m_axis_video_V_dest_V | {3 }
	Port: counter_loc_1_out | {2 }
	Port: phi_ln991_out | {4 }
	Port: counter | {2 }
 - Input state : 
	Port: MultiPixStream2AXIvideo_Pipeline_VITIS_LOOP_936_2 : sof | {1 }
	Port: MultiPixStream2AXIvideo_Pipeline_VITIS_LOOP_936_2 : width_load_cast1 | {1 }
	Port: MultiPixStream2AXIvideo_Pipeline_VITIS_LOOP_936_2 : ovrlayYUV | {3 }
	Port: MultiPixStream2AXIvideo_Pipeline_VITIS_LOOP_936_2 : icmp_ln975 | {1 }
	Port: MultiPixStream2AXIvideo_Pipeline_VITIS_LOOP_936_2 : sub | {1 }
	Port: MultiPixStream2AXIvideo_Pipeline_VITIS_LOOP_936_2 : counter_loc_1_out | {2 3 }
  - Chain level:
	State 1
		store_ln0 : 1
	State 2
		zext_ln936 : 1
		icmp_ln936 : 1
		j_2 : 1
		br_ln936 : 2
		tmp_last_V : 2
		br_ln958 : 1
		add_ln960 : 1
		store_ln960 : 2
		store_ln961 : 2
		store_ln936 : 2
	State 3
		trunc_ln963 : 1
		p_Result_s : 1
		p_Result_1 : 1
		axi_data_V : 2
		sext_ln880 : 3
		select_ln975 : 1
		select_ln975_1 : 1
		tmp : 2
		axi_data_V_3 : 4
		write_ln258 : 5
	State 4
	State 5


============================================================
+ Verbose Summary: Datapath Resource usage 
============================================================

* Functional unit list:
|----------|-----------------------------------|---------|---------|
| Operation|          Functional Unit          |    FF   |   LUT   |
|----------|-----------------------------------|---------|---------|
|    add   |             j_2_fu_220            |    0    |    17   |
|          |          add_ln960_fu_235         |    0    |    23   |
|----------|-----------------------------------|---------|---------|
|          |         axi_data_V_fu_306         |    0    |    9    |
|  select  |        select_ln975_fu_317        |    0    |    8    |
|          |       select_ln975_1_fu_324       |    0    |    8    |
|----------|-----------------------------------|---------|---------|
|   icmp   |         icmp_ln936_fu_215         |    0    |    11   |
|          |         tmp_last_V_fu_226         |    0    |    11   |
|----------|-----------------------------------|---------|---------|
|          |        sub_read_read_fu_112       |    0    |    0    |
|          |    icmp_ln975_read_read_fu_118    |    0    |    0    |
|   read   | width_load_cast1_read_read_fu_124 |    0    |    0    |
|          |        sof_read_read_fu_130       |    0    |    0    |
|          |     ovrlayYUV_read_read_fu_136    |    0    |    0    |
|----------|-----------------------------------|---------|---------|
|   write  |      write_ln258_write_fu_142     |    0    |    0    |
|          |      write_ln991_write_fu_171     |    0    |    0    |
|----------|-----------------------------------|---------|---------|
|   zext   |         zext_ln936_fu_211         |    0    |    0    |
|----------|-----------------------------------|---------|---------|
|   trunc  |         trunc_ln963_fu_262        |    0    |    0    |
|          |          pix_444_V_fu_266         |    0    |    0    |
|----------|-----------------------------------|---------|---------|
|partselect|         pix_rgb_V_2_fu_270        |    0    |    0    |
|          |          pix_rgb_V_fu_280         |    0    |    0    |
|----------|-----------------------------------|---------|---------|
|          |         p_Result_s_fu_290         |    0    |    0    |
|bitconcatenate|         p_Result_1_fu_298         |    0    |    0    |
|          |             tmp_fu_331            |    0    |    0    |
|----------|-----------------------------------|---------|---------|
|   sext   |         sext_ln880_fu_313         |    0    |    0    |
|----------|-----------------------------------|---------|---------|
|  partset |        axi_data_V_3_fu_339        |    0    |    0    |
|----------|-----------------------------------|---------|---------|
|   Total  |                                   |    0    |    87   |
|----------|-----------------------------------|---------|---------|

Memories:
N/A

* Register list:
+-----------------------------+--------+
|                             |   FF   |
+-----------------------------+--------+
|      icmp_ln936_reg_381     |    1   |
|   icmp_ln975_read_reg_364   |    1   |
|          j_reg_352          |   10   |
|      phi_ln991_reg_190      |    1   |
|       sof_read_reg_376      |    1   |
|       sub_read_reg_359      |   11   |
|      tmp_last_V_reg_385     |    1   |
|      tmp_user_V_reg_178     |    1   |
|     trunc_ln963_reg_390     |    1   |
|width_load_cast1_read_reg_371|   10   |
+-----------------------------+--------+
|            Total            |   38   |
+-----------------------------+--------+

* Multiplexer (MUX) list: 
|-------------------|------|------|------|--------||---------||---------|
|        Comp       |  Pin | Size |  BW  | S x BW ||  Delay  ||   LUT   |
|-------------------|------|------|------|--------||---------||---------|
| phi_ln991_reg_190 |  p0  |   2  |   1  |    2   ||    9    |
|-------------------|------|------|------|--------||---------||---------|
|       Total       |      |      |      |    2   ||  1.581  ||    9    |
|-------------------|------|------|------|--------||---------||---------|



* Summary:
+-----------+--------+--------+--------+
|           |  Delay |   FF   |   LUT  |
+-----------+--------+--------+--------+
|  Function |    -   |    0   |   87   |
|   Memory  |    -   |    -   |    -   |
|Multiplexer|    1   |    -   |    9   |
|  Register |    -   |   38   |    -   |
+-----------+--------+--------+--------+
|   Total   |    1   |   38   |   96   |
+-----------+--------+--------+--------+
