
*** Running vivado
    with args -log vid_oe4_auto_us_3.vds -m64 -product Vivado -mode batch -messageDb vivado.pb -notrace -source vid_oe4_auto_us_3.tcl



****** Vivado v2022.2 (64-bit)
  **** SW Build 3671981 on Fri Oct 14 05:00:03 MDT 2022
  **** IP Build 3669848 on Fri Oct 14 08:30:02 MDT 2022
    ** Copyright 1986-2022 Xilinx, Inc. All Rights Reserved.

source vid_oe4_auto_us_3.tcl -notrace
INFO: [IP_Flow 19-234] Refreshing IP repositories
INFO: [IP_Flow 19-1700] Loaded user IP repository 'c:/Users/sjasi3/ECE385_FP/hdmi_tx_1.0'.
INFO: [IP_Flow 19-1700] Loaded user IP repository 'c:/Users/sjasi3/ECE385_FP/digilent'.
INFO: [IP_Flow 19-1700] Loaded user IP repository 'c:/Users/sjasi3/ECE385_FP/ip_repo'.
INFO: [IP_Flow 19-2313] Loaded Vivado IP repository 'C:/Xilinx/Vivado/2022.2/data/ip'.
INFO: [IP_Flow 19-6924] IPCACHE: Running cache check for IP inst: vid_oe4_auto_us_3
Command: synth_design -top vid_oe4_auto_us_3 -part xc7s50csga324-1 -incremental_mode off -mode out_of_context
Starting synth_design
Attempting to get a license for feature 'Synthesis' and/or device 'xc7s50'
INFO: [Common 17-349] Got license for feature 'Synthesis' and/or device 'xc7s50'
INFO: [Device 21-403] Loading part xc7s50csga324-1
INFO: [Synth 8-7079] Multithreading enabled for synth_design using a maximum of 2 processes.
INFO: [Synth 8-7078] Launching helper process for spawning children vivado processes
INFO: [Synth 8-7075] Helper process launched with PID 20856
INFO: [Synth 8-11241] undeclared symbol 'REGCCE', assumed default net type 'wire' [C:/Xilinx/Vivado/2022.2/data/verilog/src/unimacro/BRAM_SINGLE_MACRO.v:2170]
---------------------------------------------------------------------------------
Starting RTL Elaboration : Time (s): cpu = 00:00:07 ; elapsed = 00:00:09 . Memory (MB): peak = 1832.363 ; gain = 407.867
---------------------------------------------------------------------------------
INFO: [Synth 8-6157] synthesizing module 'vid_oe4_auto_us_3' [c:/Users/sjasi3/ECE385_FP/VID_OE4/VID_OE4.gen/sources_1/bd/vid_oe4/ip/vid_oe4_auto_us_3/synth/vid_oe4_auto_us_3.v:53]
INFO: [Synth 8-6157] synthesizing module 'axi_dwidth_converter_v2_1_27_top' [c:/Users/sjasi3/ECE385_FP/VID_OE4/VID_OE4.gen/sources_1/bd/vid_oe4/ipshared/4675/hdl/axi_dwidth_converter_v2_1_vlsyn_rfs.v:14461]
INFO: [Synth 8-6157] synthesizing module 'axi_dwidth_converter_v2_1_27_axi_upsizer' [c:/Users/sjasi3/ECE385_FP/VID_OE4/VID_OE4.gen/sources_1/bd/vid_oe4/ipshared/4675/hdl/axi_dwidth_converter_v2_1_vlsyn_rfs.v:7037]
INFO: [Synth 8-6157] synthesizing module 'axi_dwidth_converter_v2_1_27_r_upsizer' [c:/Users/sjasi3/ECE385_FP/VID_OE4/VID_OE4.gen/sources_1/bd/vid_oe4/ipshared/4675/hdl/axi_dwidth_converter_v2_1_vlsyn_rfs.v:4652]
INFO: [Synth 8-6155] done synthesizing module 'axi_dwidth_converter_v2_1_27_r_upsizer' (0#1) [c:/Users/sjasi3/ECE385_FP/VID_OE4/VID_OE4.gen/sources_1/bd/vid_oe4/ipshared/4675/hdl/axi_dwidth_converter_v2_1_vlsyn_rfs.v:4652]
INFO: [Synth 8-6157] synthesizing module 'axi_register_slice_v2_1_27_axi_register_slice' [c:/Users/sjasi3/ECE385_FP/VID_OE4/VID_OE4.gen/sources_1/bd/vid_oe4/ipshared/f0b4/hdl/axi_register_slice_v2_1_vl_rfs.v:3725]
INFO: [Synth 8-6157] synthesizing module 'axi_infrastructure_v1_1_0_axi2vector' [c:/Users/sjasi3/ECE385_FP/VID_OE4/VID_OE4.gen/sources_1/bd/vid_oe4/ipshared/ec67/hdl/axi_infrastructure_v1_1_vl_rfs.v:59]
INFO: [Synth 8-6155] done synthesizing module 'axi_infrastructure_v1_1_0_axi2vector' (0#1) [c:/Users/sjasi3/ECE385_FP/VID_OE4/VID_OE4.gen/sources_1/bd/vid_oe4/ipshared/ec67/hdl/axi_infrastructure_v1_1_vl_rfs.v:59]
INFO: [Synth 8-6157] synthesizing module 'axi_infrastructure_v1_1_0_vector2axi' [c:/Users/sjasi3/ECE385_FP/VID_OE4/VID_OE4.gen/sources_1/bd/vid_oe4/ipshared/ec67/hdl/axi_infrastructure_v1_1_vl_rfs.v:473]
INFO: [Synth 8-6155] done synthesizing module 'axi_infrastructure_v1_1_0_vector2axi' (0#1) [c:/Users/sjasi3/ECE385_FP/VID_OE4/VID_OE4.gen/sources_1/bd/vid_oe4/ipshared/ec67/hdl/axi_infrastructure_v1_1_vl_rfs.v:473]
INFO: [Synth 8-6157] synthesizing module 'axi_register_slice_v2_1_27_axic_register_slice' [c:/Users/sjasi3/ECE385_FP/VID_OE4/VID_OE4.gen/sources_1/bd/vid_oe4/ipshared/f0b4/hdl/axi_register_slice_v2_1_vl_rfs.v:1497]
INFO: [Synth 8-6155] done synthesizing module 'axi_register_slice_v2_1_27_axic_register_slice' (0#1) [c:/Users/sjasi3/ECE385_FP/VID_OE4/VID_OE4.gen/sources_1/bd/vid_oe4/ipshared/f0b4/hdl/axi_register_slice_v2_1_vl_rfs.v:1497]
INFO: [Synth 8-6157] synthesizing module 'axi_register_slice_v2_1_27_axic_register_slice__parameterized0' [c:/Users/sjasi3/ECE385_FP/VID_OE4/VID_OE4.gen/sources_1/bd/vid_oe4/ipshared/f0b4/hdl/axi_register_slice_v2_1_vl_rfs.v:1497]
INFO: [Synth 8-6155] done synthesizing module 'axi_register_slice_v2_1_27_axic_register_slice__parameterized0' (0#1) [c:/Users/sjasi3/ECE385_FP/VID_OE4/VID_OE4.gen/sources_1/bd/vid_oe4/ipshared/f0b4/hdl/axi_register_slice_v2_1_vl_rfs.v:1497]
INFO: [Synth 8-6157] synthesizing module 'axi_register_slice_v2_1_27_axic_register_slice__parameterized1' [c:/Users/sjasi3/ECE385_FP/VID_OE4/VID_OE4.gen/sources_1/bd/vid_oe4/ipshared/f0b4/hdl/axi_register_slice_v2_1_vl_rfs.v:1497]
INFO: [Synth 8-6155] done synthesizing module 'axi_register_slice_v2_1_27_axic_register_slice__parameterized1' (0#1) [c:/Users/sjasi3/ECE385_FP/VID_OE4/VID_OE4.gen/sources_1/bd/vid_oe4/ipshared/f0b4/hdl/axi_register_slice_v2_1_vl_rfs.v:1497]
INFO: [Synth 8-6157] synthesizing module 'axi_register_slice_v2_1_27_axic_register_slice__parameterized2' [c:/Users/sjasi3/ECE385_FP/VID_OE4/VID_OE4.gen/sources_1/bd/vid_oe4/ipshared/f0b4/hdl/axi_register_slice_v2_1_vl_rfs.v:1497]
INFO: [Synth 8-6155] done synthesizing module 'axi_register_slice_v2_1_27_axic_register_slice__parameterized2' (0#1) [c:/Users/sjasi3/ECE385_FP/VID_OE4/VID_OE4.gen/sources_1/bd/vid_oe4/ipshared/f0b4/hdl/axi_register_slice_v2_1_vl_rfs.v:1497]
INFO: [Synth 8-6155] done synthesizing module 'axi_register_slice_v2_1_27_axi_register_slice' (0#1) [c:/Users/sjasi3/ECE385_FP/VID_OE4/VID_OE4.gen/sources_1/bd/vid_oe4/ipshared/f0b4/hdl/axi_register_slice_v2_1_vl_rfs.v:3725]
WARNING: [Synth 8-7071] port 'aclk2x' of module 'axi_register_slice_v2_1_27_axi_register_slice' is unconnected for instance 'mi_register_slice_inst' [c:/Users/sjasi3/ECE385_FP/VID_OE4/VID_OE4.gen/sources_1/bd/vid_oe4/ipshared/4675/hdl/axi_dwidth_converter_v2_1_vlsyn_rfs.v:8475]
WARNING: [Synth 8-7023] instance 'mi_register_slice_inst' of module 'axi_register_slice_v2_1_27_axi_register_slice' has 93 connections declared, but only 92 given [c:/Users/sjasi3/ECE385_FP/VID_OE4/VID_OE4.gen/sources_1/bd/vid_oe4/ipshared/4675/hdl/axi_dwidth_converter_v2_1_vlsyn_rfs.v:8475]
INFO: [Synth 8-6157] synthesizing module 'axi_dwidth_converter_v2_1_27_a_upsizer' [c:/Users/sjasi3/ECE385_FP/VID_OE4/VID_OE4.gen/sources_1/bd/vid_oe4/ipshared/4675/hdl/axi_dwidth_converter_v2_1_vlsyn_rfs.v:3602]
INFO: [Synth 8-6157] synthesizing module 'generic_baseblocks_v2_1_0_command_fifo' [c:/Users/sjasi3/ECE385_FP/VID_OE4/VID_OE4.gen/sources_1/bd/vid_oe4/ipshared/b752/hdl/generic_baseblocks_v2_1_vl_rfs.v:654]
INFO: [Synth 8-6155] done synthesizing module 'generic_baseblocks_v2_1_0_command_fifo' (0#1) [c:/Users/sjasi3/ECE385_FP/VID_OE4/VID_OE4.gen/sources_1/bd/vid_oe4/ipshared/b752/hdl/generic_baseblocks_v2_1_vl_rfs.v:654]
INFO: [Synth 8-6155] done synthesizing module 'axi_dwidth_converter_v2_1_27_a_upsizer' (0#1) [c:/Users/sjasi3/ECE385_FP/VID_OE4/VID_OE4.gen/sources_1/bd/vid_oe4/ipshared/4675/hdl/axi_dwidth_converter_v2_1_vlsyn_rfs.v:3602]
INFO: [Synth 8-6157] synthesizing module 'axi_register_slice_v2_1_27_axi_register_slice__parameterized0' [c:/Users/sjasi3/ECE385_FP/VID_OE4/VID_OE4.gen/sources_1/bd/vid_oe4/ipshared/f0b4/hdl/axi_register_slice_v2_1_vl_rfs.v:3725]
INFO: [Synth 8-6157] synthesizing module 'axi_infrastructure_v1_1_0_axi2vector__parameterized0' [c:/Users/sjasi3/ECE385_FP/VID_OE4/VID_OE4.gen/sources_1/bd/vid_oe4/ipshared/ec67/hdl/axi_infrastructure_v1_1_vl_rfs.v:59]
INFO: [Synth 8-6155] done synthesizing module 'axi_infrastructure_v1_1_0_axi2vector__parameterized0' (0#1) [c:/Users/sjasi3/ECE385_FP/VID_OE4/VID_OE4.gen/sources_1/bd/vid_oe4/ipshared/ec67/hdl/axi_infrastructure_v1_1_vl_rfs.v:59]
INFO: [Synth 8-6157] synthesizing module 'axi_infrastructure_v1_1_0_vector2axi__parameterized0' [c:/Users/sjasi3/ECE385_FP/VID_OE4/VID_OE4.gen/sources_1/bd/vid_oe4/ipshared/ec67/hdl/axi_infrastructure_v1_1_vl_rfs.v:473]
INFO: [Synth 8-6155] done synthesizing module 'axi_infrastructure_v1_1_0_vector2axi__parameterized0' (0#1) [c:/Users/sjasi3/ECE385_FP/VID_OE4/VID_OE4.gen/sources_1/bd/vid_oe4/ipshared/ec67/hdl/axi_infrastructure_v1_1_vl_rfs.v:473]
INFO: [Synth 8-6157] synthesizing module 'axi_register_slice_v2_1_27_axic_register_slice__parameterized3' [c:/Users/sjasi3/ECE385_FP/VID_OE4/VID_OE4.gen/sources_1/bd/vid_oe4/ipshared/f0b4/hdl/axi_register_slice_v2_1_vl_rfs.v:1497]
INFO: [Synth 8-6155] done synthesizing module 'axi_register_slice_v2_1_27_axic_register_slice__parameterized3' (0#1) [c:/Users/sjasi3/ECE385_FP/VID_OE4/VID_OE4.gen/sources_1/bd/vid_oe4/ipshared/f0b4/hdl/axi_register_slice_v2_1_vl_rfs.v:1497]
INFO: [Synth 8-6157] synthesizing module 'axi_register_slice_v2_1_27_axic_register_slice__parameterized4' [c:/Users/sjasi3/ECE385_FP/VID_OE4/VID_OE4.gen/sources_1/bd/vid_oe4/ipshared/f0b4/hdl/axi_register_slice_v2_1_vl_rfs.v:1497]
INFO: [Synth 8-6155] done synthesizing module 'axi_register_slice_v2_1_27_axic_register_slice__parameterized4' (0#1) [c:/Users/sjasi3/ECE385_FP/VID_OE4/VID_OE4.gen/sources_1/bd/vid_oe4/ipshared/f0b4/hdl/axi_register_slice_v2_1_vl_rfs.v:1497]
INFO: [Synth 8-6157] synthesizing module 'axi_register_slice_v2_1_27_axic_register_slice__parameterized5' [c:/Users/sjasi3/ECE385_FP/VID_OE4/VID_OE4.gen/sources_1/bd/vid_oe4/ipshared/f0b4/hdl/axi_register_slice_v2_1_vl_rfs.v:1497]
INFO: [Synth 8-6155] done synthesizing module 'axi_register_slice_v2_1_27_axic_register_slice__parameterized5' (0#1) [c:/Users/sjasi3/ECE385_FP/VID_OE4/VID_OE4.gen/sources_1/bd/vid_oe4/ipshared/f0b4/hdl/axi_register_slice_v2_1_vl_rfs.v:1497]
INFO: [Synth 8-6155] done synthesizing module 'axi_register_slice_v2_1_27_axi_register_slice__parameterized0' (0#1) [c:/Users/sjasi3/ECE385_FP/VID_OE4/VID_OE4.gen/sources_1/bd/vid_oe4/ipshared/f0b4/hdl/axi_register_slice_v2_1_vl_rfs.v:3725]
WARNING: [Synth 8-7071] port 'aclk2x' of module 'axi_register_slice_v2_1_27_axi_register_slice' is unconnected for instance 'si_register_slice_inst' [c:/Users/sjasi3/ECE385_FP/VID_OE4/VID_OE4.gen/sources_1/bd/vid_oe4/ipshared/4675/hdl/axi_dwidth_converter_v2_1_vlsyn_rfs.v:7379]
WARNING: [Synth 8-7023] instance 'si_register_slice_inst' of module 'axi_register_slice_v2_1_27_axi_register_slice' has 93 connections declared, but only 92 given [c:/Users/sjasi3/ECE385_FP/VID_OE4/VID_OE4.gen/sources_1/bd/vid_oe4/ipshared/4675/hdl/axi_dwidth_converter_v2_1_vlsyn_rfs.v:7379]
INFO: [Synth 8-6155] done synthesizing module 'axi_dwidth_converter_v2_1_27_axi_upsizer' (0#1) [c:/Users/sjasi3/ECE385_FP/VID_OE4/VID_OE4.gen/sources_1/bd/vid_oe4/ipshared/4675/hdl/axi_dwidth_converter_v2_1_vlsyn_rfs.v:7037]
INFO: [Synth 8-6155] done synthesizing module 'axi_dwidth_converter_v2_1_27_top' (0#1) [c:/Users/sjasi3/ECE385_FP/VID_OE4/VID_OE4.gen/sources_1/bd/vid_oe4/ipshared/4675/hdl/axi_dwidth_converter_v2_1_vlsyn_rfs.v:14461]
INFO: [Synth 8-6155] done synthesizing module 'vid_oe4_auto_us_3' (0#1) [c:/Users/sjasi3/ECE385_FP/VID_OE4/VID_OE4.gen/sources_1/bd/vid_oe4/ip/vid_oe4_auto_us_3/synth/vid_oe4_auto_us_3.v:53]
WARNING: [Synth 8-7129] Port ACLK in module axi_register_slice_v2_1_27_axic_register_slice__parameterized3 is either unconnected or has no load
WARNING: [Synth 8-7129] Port ARESET in module axi_register_slice_v2_1_27_axic_register_slice__parameterized3 is either unconnected or has no load
WARNING: [Synth 8-7129] Port m_axi_buser[0] in module axi_infrastructure_v1_1_0_vector2axi__parameterized0 is either unconnected or has no load
WARNING: [Synth 8-7129] Port m_axi_ruser[0] in module axi_infrastructure_v1_1_0_vector2axi__parameterized0 is either unconnected or has no load
WARNING: [Synth 8-7129] Port s_axi_awuser[0] in module axi_infrastructure_v1_1_0_axi2vector__parameterized0 is either unconnected or has no load
WARNING: [Synth 8-7129] Port s_axi_wid[0] in module axi_infrastructure_v1_1_0_axi2vector__parameterized0 is either unconnected or has no load
WARNING: [Synth 8-7129] Port s_axi_wuser[0] in module axi_infrastructure_v1_1_0_axi2vector__parameterized0 is either unconnected or has no load
WARNING: [Synth 8-7129] Port s_axi_aruser[0] in module axi_infrastructure_v1_1_0_axi2vector__parameterized0 is either unconnected or has no load
WARNING: [Synth 8-7129] Port aclk2x in module axi_register_slice_v2_1_27_axi_register_slice__parameterized0 is either unconnected or has no load
WARNING: [Synth 8-7129] Port cmd_id_ready in module axi_dwidth_converter_v2_1_27_a_upsizer is either unconnected or has no load
WARNING: [Synth 8-7129] Port S_AXI_AID[0] in module axi_dwidth_converter_v2_1_27_a_upsizer is either unconnected or has no load
WARNING: [Synth 8-7129] Port m_axi_buser[0] in module axi_infrastructure_v1_1_0_vector2axi is either unconnected or has no load
WARNING: [Synth 8-7129] Port m_axi_ruser[0] in module axi_infrastructure_v1_1_0_vector2axi is either unconnected or has no load
WARNING: [Synth 8-7129] Port s_axi_awuser[0] in module axi_infrastructure_v1_1_0_axi2vector is either unconnected or has no load
WARNING: [Synth 8-7129] Port s_axi_wid[0] in module axi_infrastructure_v1_1_0_axi2vector is either unconnected or has no load
WARNING: [Synth 8-7129] Port s_axi_wuser[0] in module axi_infrastructure_v1_1_0_axi2vector is either unconnected or has no load
WARNING: [Synth 8-7129] Port s_axi_aruser[0] in module axi_infrastructure_v1_1_0_axi2vector is either unconnected or has no load
WARNING: [Synth 8-7129] Port aclk2x in module axi_register_slice_v2_1_27_axi_register_slice is either unconnected or has no load
WARNING: [Synth 8-7129] Port s_axi_awlock[1] in module axi_dwidth_converter_v2_1_27_axi_upsizer is either unconnected or has no load
WARNING: [Synth 8-7129] Port s_axi_wdata[63] in module axi_dwidth_converter_v2_1_27_axi_upsizer is either unconnected or has no load
WARNING: [Synth 8-7129] Port s_axi_wdata[62] in module axi_dwidth_converter_v2_1_27_axi_upsizer is either unconnected or has no load
WARNING: [Synth 8-7129] Port s_axi_wdata[61] in module axi_dwidth_converter_v2_1_27_axi_upsizer is either unconnected or has no load
WARNING: [Synth 8-7129] Port s_axi_wdata[60] in module axi_dwidth_converter_v2_1_27_axi_upsizer is either unconnected or has no load
WARNING: [Synth 8-7129] Port s_axi_wdata[59] in module axi_dwidth_converter_v2_1_27_axi_upsizer is either unconnected or has no load
WARNING: [Synth 8-7129] Port s_axi_wdata[58] in module axi_dwidth_converter_v2_1_27_axi_upsizer is either unconnected or has no load
WARNING: [Synth 8-7129] Port s_axi_wdata[57] in module axi_dwidth_converter_v2_1_27_axi_upsizer is either unconnected or has no load
WARNING: [Synth 8-7129] Port s_axi_wdata[56] in module axi_dwidth_converter_v2_1_27_axi_upsizer is either unconnected or has no load
WARNING: [Synth 8-7129] Port s_axi_wdata[55] in module axi_dwidth_converter_v2_1_27_axi_upsizer is either unconnected or has no load
WARNING: [Synth 8-7129] Port s_axi_wdata[54] in module axi_dwidth_converter_v2_1_27_axi_upsizer is either unconnected or has no load
WARNING: [Synth 8-7129] Port s_axi_wdata[53] in module axi_dwidth_converter_v2_1_27_axi_upsizer is either unconnected or has no load
WARNING: [Synth 8-7129] Port s_axi_wdata[52] in module axi_dwidth_converter_v2_1_27_axi_upsizer is either unconnected or has no load
WARNING: [Synth 8-7129] Port s_axi_wdata[51] in module axi_dwidth_converter_v2_1_27_axi_upsizer is either unconnected or has no load
WARNING: [Synth 8-7129] Port s_axi_wdata[50] in module axi_dwidth_converter_v2_1_27_axi_upsizer is either unconnected or has no load
WARNING: [Synth 8-7129] Port s_axi_wdata[49] in module axi_dwidth_converter_v2_1_27_axi_upsizer is either unconnected or has no load
WARNING: [Synth 8-7129] Port s_axi_wdata[48] in module axi_dwidth_converter_v2_1_27_axi_upsizer is either unconnected or has no load
WARNING: [Synth 8-7129] Port s_axi_wdata[47] in module axi_dwidth_converter_v2_1_27_axi_upsizer is either unconnected or has no load
WARNING: [Synth 8-7129] Port s_axi_wdata[46] in module axi_dwidth_converter_v2_1_27_axi_upsizer is either unconnected or has no load
WARNING: [Synth 8-7129] Port s_axi_wdata[45] in module axi_dwidth_converter_v2_1_27_axi_upsizer is either unconnected or has no load
WARNING: [Synth 8-7129] Port s_axi_wdata[44] in module axi_dwidth_converter_v2_1_27_axi_upsizer is either unconnected or has no load
WARNING: [Synth 8-7129] Port s_axi_wdata[43] in module axi_dwidth_converter_v2_1_27_axi_upsizer is either unconnected or has no load
WARNING: [Synth 8-7129] Port s_axi_wdata[42] in module axi_dwidth_converter_v2_1_27_axi_upsizer is either unconnected or has no load
WARNING: [Synth 8-7129] Port s_axi_wdata[41] in module axi_dwidth_converter_v2_1_27_axi_upsizer is either unconnected or has no load
WARNING: [Synth 8-7129] Port s_axi_wdata[40] in module axi_dwidth_converter_v2_1_27_axi_upsizer is either unconnected or has no load
WARNING: [Synth 8-7129] Port s_axi_wdata[39] in module axi_dwidth_converter_v2_1_27_axi_upsizer is either unconnected or has no load
WARNING: [Synth 8-7129] Port s_axi_wdata[38] in module axi_dwidth_converter_v2_1_27_axi_upsizer is either unconnected or has no load
WARNING: [Synth 8-7129] Port s_axi_wdata[37] in module axi_dwidth_converter_v2_1_27_axi_upsizer is either unconnected or has no load
WARNING: [Synth 8-7129] Port s_axi_wdata[36] in module axi_dwidth_converter_v2_1_27_axi_upsizer is either unconnected or has no load
WARNING: [Synth 8-7129] Port s_axi_wdata[35] in module axi_dwidth_converter_v2_1_27_axi_upsizer is either unconnected or has no load
WARNING: [Synth 8-7129] Port s_axi_wdata[34] in module axi_dwidth_converter_v2_1_27_axi_upsizer is either unconnected or has no load
WARNING: [Synth 8-7129] Port s_axi_wdata[33] in module axi_dwidth_converter_v2_1_27_axi_upsizer is either unconnected or has no load
WARNING: [Synth 8-7129] Port s_axi_wdata[32] in module axi_dwidth_converter_v2_1_27_axi_upsizer is either unconnected or has no load
WARNING: [Synth 8-7129] Port s_axi_wdata[31] in module axi_dwidth_converter_v2_1_27_axi_upsizer is either unconnected or has no load
WARNING: [Synth 8-7129] Port s_axi_wdata[30] in module axi_dwidth_converter_v2_1_27_axi_upsizer is either unconnected or has no load
WARNING: [Synth 8-7129] Port s_axi_wdata[29] in module axi_dwidth_converter_v2_1_27_axi_upsizer is either unconnected or has no load
WARNING: [Synth 8-7129] Port s_axi_wdata[28] in module axi_dwidth_converter_v2_1_27_axi_upsizer is either unconnected or has no load
WARNING: [Synth 8-7129] Port s_axi_wdata[27] in module axi_dwidth_converter_v2_1_27_axi_upsizer is either unconnected or has no load
WARNING: [Synth 8-7129] Port s_axi_wdata[26] in module axi_dwidth_converter_v2_1_27_axi_upsizer is either unconnected or has no load
WARNING: [Synth 8-7129] Port s_axi_wdata[25] in module axi_dwidth_converter_v2_1_27_axi_upsizer is either unconnected or has no load
WARNING: [Synth 8-7129] Port s_axi_wdata[24] in module axi_dwidth_converter_v2_1_27_axi_upsizer is either unconnected or has no load
WARNING: [Synth 8-7129] Port s_axi_wdata[23] in module axi_dwidth_converter_v2_1_27_axi_upsizer is either unconnected or has no load
WARNING: [Synth 8-7129] Port s_axi_wdata[22] in module axi_dwidth_converter_v2_1_27_axi_upsizer is either unconnected or has no load
WARNING: [Synth 8-7129] Port s_axi_wdata[21] in module axi_dwidth_converter_v2_1_27_axi_upsizer is either unconnected or has no load
WARNING: [Synth 8-7129] Port s_axi_wdata[20] in module axi_dwidth_converter_v2_1_27_axi_upsizer is either unconnected or has no load
WARNING: [Synth 8-7129] Port s_axi_wdata[19] in module axi_dwidth_converter_v2_1_27_axi_upsizer is either unconnected or has no load
WARNING: [Synth 8-7129] Port s_axi_wdata[18] in module axi_dwidth_converter_v2_1_27_axi_upsizer is either unconnected or has no load
WARNING: [Synth 8-7129] Port s_axi_wdata[17] in module axi_dwidth_converter_v2_1_27_axi_upsizer is either unconnected or has no load
WARNING: [Synth 8-7129] Port s_axi_wdata[16] in module axi_dwidth_converter_v2_1_27_axi_upsizer is either unconnected or has no load
WARNING: [Synth 8-7129] Port s_axi_wdata[15] in module axi_dwidth_converter_v2_1_27_axi_upsizer is either unconnected or has no load
WARNING: [Synth 8-7129] Port s_axi_wdata[14] in module axi_dwidth_converter_v2_1_27_axi_upsizer is either unconnected or has no load
WARNING: [Synth 8-7129] Port s_axi_wdata[13] in module axi_dwidth_converter_v2_1_27_axi_upsizer is either unconnected or has no load
WARNING: [Synth 8-7129] Port s_axi_wdata[12] in module axi_dwidth_converter_v2_1_27_axi_upsizer is either unconnected or has no load
WARNING: [Synth 8-7129] Port s_axi_wdata[11] in module axi_dwidth_converter_v2_1_27_axi_upsizer is either unconnected or has no load
WARNING: [Synth 8-7129] Port s_axi_wdata[10] in module axi_dwidth_converter_v2_1_27_axi_upsizer is either unconnected or has no load
WARNING: [Synth 8-7129] Port s_axi_wdata[9] in module axi_dwidth_converter_v2_1_27_axi_upsizer is either unconnected or has no load
WARNING: [Synth 8-7129] Port s_axi_wdata[8] in module axi_dwidth_converter_v2_1_27_axi_upsizer is either unconnected or has no load
WARNING: [Synth 8-7129] Port s_axi_wdata[7] in module axi_dwidth_converter_v2_1_27_axi_upsizer is either unconnected or has no load
WARNING: [Synth 8-7129] Port s_axi_wdata[6] in module axi_dwidth_converter_v2_1_27_axi_upsizer is either unconnected or has no load
WARNING: [Synth 8-7129] Port s_axi_wdata[5] in module axi_dwidth_converter_v2_1_27_axi_upsizer is either unconnected or has no load
WARNING: [Synth 8-7129] Port s_axi_wdata[4] in module axi_dwidth_converter_v2_1_27_axi_upsizer is either unconnected or has no load
WARNING: [Synth 8-7129] Port s_axi_wdata[3] in module axi_dwidth_converter_v2_1_27_axi_upsizer is either unconnected or has no load
WARNING: [Synth 8-7129] Port s_axi_wdata[2] in module axi_dwidth_converter_v2_1_27_axi_upsizer is either unconnected or has no load
WARNING: [Synth 8-7129] Port s_axi_wdata[1] in module axi_dwidth_converter_v2_1_27_axi_upsizer is either unconnected or has no load
WARNING: [Synth 8-7129] Port s_axi_wdata[0] in module axi_dwidth_converter_v2_1_27_axi_upsizer is either unconnected or has no load
WARNING: [Synth 8-7129] Port s_axi_wstrb[7] in module axi_dwidth_converter_v2_1_27_axi_upsizer is either unconnected or has no load
WARNING: [Synth 8-7129] Port s_axi_wstrb[6] in module axi_dwidth_converter_v2_1_27_axi_upsizer is either unconnected or has no load
WARNING: [Synth 8-7129] Port s_axi_wstrb[5] in module axi_dwidth_converter_v2_1_27_axi_upsizer is either unconnected or has no load
WARNING: [Synth 8-7129] Port s_axi_wstrb[4] in module axi_dwidth_converter_v2_1_27_axi_upsizer is either unconnected or has no load
WARNING: [Synth 8-7129] Port s_axi_wstrb[3] in module axi_dwidth_converter_v2_1_27_axi_upsizer is either unconnected or has no load
WARNING: [Synth 8-7129] Port s_axi_wstrb[2] in module axi_dwidth_converter_v2_1_27_axi_upsizer is either unconnected or has no load
WARNING: [Synth 8-7129] Port s_axi_wstrb[1] in module axi_dwidth_converter_v2_1_27_axi_upsizer is either unconnected or has no load
WARNING: [Synth 8-7129] Port s_axi_wstrb[0] in module axi_dwidth_converter_v2_1_27_axi_upsizer is either unconnected or has no load
WARNING: [Synth 8-7129] Port s_axi_wlast in module axi_dwidth_converter_v2_1_27_axi_upsizer is either unconnected or has no load
WARNING: [Synth 8-7129] Port s_axi_wvalid in module axi_dwidth_converter_v2_1_27_axi_upsizer is either unconnected or has no load
WARNING: [Synth 8-7129] Port s_axi_bready in module axi_dwidth_converter_v2_1_27_axi_upsizer is either unconnected or has no load
WARNING: [Synth 8-7129] Port s_axi_arlock[1] in module axi_dwidth_converter_v2_1_27_axi_upsizer is either unconnected or has no load
WARNING: [Synth 8-7129] Port m_axi_aresetn in module axi_dwidth_converter_v2_1_27_axi_upsizer is either unconnected or has no load
WARNING: [Synth 8-7129] Port m_axi_aclk in module axi_dwidth_converter_v2_1_27_axi_upsizer is either unconnected or has no load
WARNING: [Synth 8-7129] Port m_axi_awready in module axi_dwidth_converter_v2_1_27_axi_upsizer is either unconnected or has no load
WARNING: [Synth 8-7129] Port m_axi_wready in module axi_dwidth_converter_v2_1_27_axi_upsizer is either unconnected or has no load
WARNING: [Synth 8-7129] Port m_axi_bresp[1] in module axi_dwidth_converter_v2_1_27_axi_upsizer is either unconnected or has no load
INFO: [Common 17-14] Message 'Synth 8-7129' appears 100 times and further instances of the messages will be disabled. Use the Tcl command set_msg_config to change the current settings.
---------------------------------------------------------------------------------
Finished RTL Elaboration : Time (s): cpu = 00:00:11 ; elapsed = 00:00:18 . Memory (MB): peak = 2065.270 ; gain = 640.773
---------------------------------------------------------------------------------
---------------------------------------------------------------------------------
Start Handling Custom Attributes
---------------------------------------------------------------------------------
---------------------------------------------------------------------------------
Finished Handling Custom Attributes : Time (s): cpu = 00:00:11 ; elapsed = 00:00:18 . Memory (MB): peak = 2065.270 ; gain = 640.773
---------------------------------------------------------------------------------
---------------------------------------------------------------------------------
Finished RTL Optimization Phase 1 : Time (s): cpu = 00:00:11 ; elapsed = 00:00:18 . Memory (MB): peak = 2065.270 ; gain = 640.773
---------------------------------------------------------------------------------
Netlist sorting complete. Time (s): cpu = 00:00:00 ; elapsed = 00:00:00.072 . Memory (MB): peak = 2065.270 ; gain = 0.000
INFO: [Project 1-570] Preparing netlist for logic optimization

Processing XDC Constraints
Initializing timing engine
Parsing XDC File [c:/Users/sjasi3/ECE385_FP/VID_OE4/VID_OE4.gen/sources_1/bd/vid_oe4/ip/vid_oe4_auto_us_3/vid_oe4_auto_us_3_ooc.xdc] for cell 'inst'
Finished Parsing XDC File [c:/Users/sjasi3/ECE385_FP/VID_OE4/VID_OE4.gen/sources_1/bd/vid_oe4/ip/vid_oe4_auto_us_3/vid_oe4_auto_us_3_ooc.xdc] for cell 'inst'
Parsing XDC File [C:/Users/sjasi3/ECE385_FP/VID_OE4/VID_OE4.runs/vid_oe4_auto_us_3_synth_1/dont_touch.xdc]
Finished Parsing XDC File [C:/Users/sjasi3/ECE385_FP/VID_OE4/VID_OE4.runs/vid_oe4_auto_us_3_synth_1/dont_touch.xdc]
Completed Processing XDC Constraints

Netlist sorting complete. Time (s): cpu = 00:00:00 ; elapsed = 00:00:00.001 . Memory (MB): peak = 2065.270 ; gain = 0.000
INFO: [Project 1-111] Unisim Transformation Summary:
No Unisim elements were transformed.

Constraint Validation Runtime : Time (s): cpu = 00:00:00 ; elapsed = 00:00:00.067 . Memory (MB): peak = 2065.270 ; gain = 0.000
INFO: [Designutils 20-5008] Incremental synthesis strategy off
INFO: [Synth 8-11241] undeclared symbol 'REGCCE', assumed default net type 'wire' [C:/Xilinx/Vivado/2022.2/data/verilog/src/unimacro/BRAM_SINGLE_MACRO.v:2170]
---------------------------------------------------------------------------------
Finished Constraint Validation : Time (s): cpu = 00:00:17 ; elapsed = 00:00:26 . Memory (MB): peak = 2065.270 ; gain = 640.773
---------------------------------------------------------------------------------
---------------------------------------------------------------------------------
Start Loading Part and Timing Information
---------------------------------------------------------------------------------
Loading part: xc7s50csga324-1
---------------------------------------------------------------------------------
Finished Loading Part and Timing Information : Time (s): cpu = 00:00:17 ; elapsed = 00:00:26 . Memory (MB): peak = 2065.270 ; gain = 640.773
---------------------------------------------------------------------------------
---------------------------------------------------------------------------------
Start Applying 'set_property' XDC Constraints
---------------------------------------------------------------------------------
Applied set_property KEEP_HIERARCHY = SOFT for inst. (constraint file  C:/Users/sjasi3/ECE385_FP/VID_OE4/VID_OE4.runs/vid_oe4_auto_us_3_synth_1/dont_touch.xdc, line 9).
---------------------------------------------------------------------------------
Finished applying 'set_property' XDC Constraints : Time (s): cpu = 00:00:17 ; elapsed = 00:00:26 . Memory (MB): peak = 2065.270 ; gain = 640.773
---------------------------------------------------------------------------------
---------------------------------------------------------------------------------
Finished RTL Optimization Phase 2 : Time (s): cpu = 00:00:18 ; elapsed = 00:00:26 . Memory (MB): peak = 2065.270 ; gain = 640.773
---------------------------------------------------------------------------------
---------------------------------------------------------------------------------
Start RTL Component Statistics 
---------------------------------------------------------------------------------
Detailed RTL Component Info : 
+---Adders : 
	   2 Input    8 Bit       Adders := 2     
	   2 Input    5 Bit       Adders := 2     
	   2 Input    4 Bit       Adders := 2     
+---Registers : 
	              145 Bit    Registers := 2     
	              132 Bit    Registers := 2     
	              128 Bit    Registers := 1     
	               73 Bit    Registers := 2     
	               68 Bit    Registers := 2     
	               62 Bit    Registers := 3     
	               36 Bit    Registers := 1     
	                8 Bit    Registers := 1     
	                5 Bit    Registers := 1     
	                4 Bit    Registers := 2     
	                3 Bit    Registers := 2     
	                2 Bit    Registers := 10    
	                1 Bit    Registers := 26    
+---Muxes : 
	   2 Input  145 Bit        Muxes := 2     
	   2 Input  132 Bit        Muxes := 2     
	   2 Input   73 Bit        Muxes := 2     
	   2 Input   68 Bit        Muxes := 2     
	   2 Input   64 Bit        Muxes := 3     
	   2 Input   32 Bit        Muxes := 3     
	   2 Input    8 Bit        Muxes := 3     
	   8 Input    8 Bit        Muxes := 1     
	   2 Input    4 Bit        Muxes := 4     
	   8 Input    4 Bit        Muxes := 2     
	   2 Input    3 Bit        Muxes := 1     
	   2 Input    2 Bit        Muxes := 4     
	   2 Input    1 Bit        Muxes := 13    
---------------------------------------------------------------------------------
Finished RTL Component Statistics 
---------------------------------------------------------------------------------
---------------------------------------------------------------------------------
Start Part Resource Summary
---------------------------------------------------------------------------------
Part Resources:
DSPs: 120 (col length:60)
BRAMs: 150 (col length: RAMB18 60 RAMB36 30)
---------------------------------------------------------------------------------
Finished Part Resource Summary
---------------------------------------------------------------------------------
---------------------------------------------------------------------------------
Start Cross Boundary and Area Optimization
---------------------------------------------------------------------------------
WARNING: [Synth 8-7080] Parallel synthesis criteria is not met
INFO: [Synth 8-3936] Found unconnected internal register 'gen_upsizer.gen_full_upsizer.axi_upsizer_inst/USE_READ.gen_non_fifo_r_upsizer.mi_register_slice_inst/r.r_pipe/m_payload_i_reg' and it is trimmed from '132' to '131' bits. [c:/Users/sjasi3/ECE385_FP/VID_OE4/VID_OE4.gen/sources_1/bd/vid_oe4/ipshared/f0b4/hdl/axi_register_slice_v2_1_vl_rfs.v:1731]
---------------------------------------------------------------------------------
Finished Cross Boundary and Area Optimization : Time (s): cpu = 00:00:21 ; elapsed = 00:00:31 . Memory (MB): peak = 2065.270 ; gain = 640.773
---------------------------------------------------------------------------------
---------------------------------------------------------------------------------
Start Applying XDC Timing Constraints
---------------------------------------------------------------------------------
---------------------------------------------------------------------------------
Finished Applying XDC Timing Constraints : Time (s): cpu = 00:00:25 ; elapsed = 00:00:36 . Memory (MB): peak = 2065.270 ; gain = 640.773
---------------------------------------------------------------------------------
---------------------------------------------------------------------------------
Start Timing Optimization
---------------------------------------------------------------------------------
---------------------------------------------------------------------------------
Finished Timing Optimization : Time (s): cpu = 00:00:26 ; elapsed = 00:00:37 . Memory (MB): peak = 2065.270 ; gain = 640.773
---------------------------------------------------------------------------------
---------------------------------------------------------------------------------
Start Technology Mapping
---------------------------------------------------------------------------------
---------------------------------------------------------------------------------
Finished Technology Mapping : Time (s): cpu = 00:00:26 ; elapsed = 00:00:37 . Memory (MB): peak = 2065.270 ; gain = 640.773
---------------------------------------------------------------------------------
---------------------------------------------------------------------------------
Start IO Insertion
---------------------------------------------------------------------------------
---------------------------------------------------------------------------------
Start Flattening Before IO Insertion
---------------------------------------------------------------------------------
---------------------------------------------------------------------------------
Finished Flattening Before IO Insertion
---------------------------------------------------------------------------------
---------------------------------------------------------------------------------
Start Final Netlist Cleanup
---------------------------------------------------------------------------------
---------------------------------------------------------------------------------
Finished Final Netlist Cleanup
---------------------------------------------------------------------------------
---------------------------------------------------------------------------------
Finished IO Insertion : Time (s): cpu = 00:00:30 ; elapsed = 00:00:42 . Memory (MB): peak = 2065.270 ; gain = 640.773
---------------------------------------------------------------------------------
---------------------------------------------------------------------------------
Start Renaming Generated Instances
---------------------------------------------------------------------------------
---------------------------------------------------------------------------------
Finished Renaming Generated Instances : Time (s): cpu = 00:00:30 ; elapsed = 00:00:42 . Memory (MB): peak = 2065.270 ; gain = 640.773
---------------------------------------------------------------------------------
---------------------------------------------------------------------------------
Start Rebuilding User Hierarchy
---------------------------------------------------------------------------------
---------------------------------------------------------------------------------
Finished Rebuilding User Hierarchy : Time (s): cpu = 00:00:30 ; elapsed = 00:00:42 . Memory (MB): peak = 2065.270 ; gain = 640.773
---------------------------------------------------------------------------------
---------------------------------------------------------------------------------
Start Renaming Generated Ports
---------------------------------------------------------------------------------
---------------------------------------------------------------------------------
Finished Renaming Generated Ports : Time (s): cpu = 00:00:30 ; elapsed = 00:00:42 . Memory (MB): peak = 2065.270 ; gain = 640.773
---------------------------------------------------------------------------------
---------------------------------------------------------------------------------
Start Handling Custom Attributes
---------------------------------------------------------------------------------
---------------------------------------------------------------------------------
Finished Handling Custom Attributes : Time (s): cpu = 00:00:30 ; elapsed = 00:00:42 . Memory (MB): peak = 2065.270 ; gain = 640.773
---------------------------------------------------------------------------------
---------------------------------------------------------------------------------
Start Renaming Generated Nets
---------------------------------------------------------------------------------
---------------------------------------------------------------------------------
Finished Renaming Generated Nets : Time (s): cpu = 00:00:30 ; elapsed = 00:00:42 . Memory (MB): peak = 2065.270 ; gain = 640.773
---------------------------------------------------------------------------------
---------------------------------------------------------------------------------
Start ROM, RAM, DSP, Shift Register and Retiming Reporting
---------------------------------------------------------------------------------

Dynamic Shift Register Report:
+------------+-------------------------------+--------+------------+--------+---------+--------+--------+--------+
|Module Name | RTL Name                      | Length | Data Width | SRL16E | SRLC32E | Mux F7 | Mux F8 | Mux F9 | 
+------------+-------------------------------+--------+------------+--------+---------+--------+--------+--------+
|dsrl        | USE_RTL_FIFO.data_srl_reg[31] | 36     | 36         | 0      | 36      | 0      | 0      | 0      | 
|dsrl__1     | USE_RTL_FIFO.data_srl_reg[31] | 36     | 36         | 0      | 36      | 0      | 0      | 0      | 
+------------+-------------------------------+--------+------------+--------+---------+--------+--------+--------+

---------------------------------------------------------------------------------
Finished ROM, RAM, DSP, Shift Register and Retiming Reporting
---------------------------------------------------------------------------------
---------------------------------------------------------------------------------
Start Writing Synthesis Report
---------------------------------------------------------------------------------

Report BlackBoxes: 
+-+--------------+----------+
| |BlackBox name |Instances |
+-+--------------+----------+
+-+--------------+----------+

Report Cell Usage: 
+------+--------+------+
|      |Cell    |Count |
+------+--------+------+
|1     |CARRY4  |     1|
|2     |LUT1    |     4|
|3     |LUT2    |    19|
|4     |LUT3    |   154|
|5     |LUT4    |    21|
|6     |LUT5    |    38|
|7     |LUT6    |   128|
|8     |SRLC32E |    33|
|9     |FDRE    |   519|
|10    |FDSE    |     2|
+------+--------+------+
---------------------------------------------------------------------------------
Finished Writing Synthesis Report : Time (s): cpu = 00:00:30 ; elapsed = 00:00:42 . Memory (MB): peak = 2065.270 ; gain = 640.773
---------------------------------------------------------------------------------
Synthesis finished with 0 errors, 0 critical warnings and 144 warnings.
Synthesis Optimization Runtime : Time (s): cpu = 00:00:17 ; elapsed = 00:00:40 . Memory (MB): peak = 2065.270 ; gain = 640.773
Synthesis Optimization Complete : Time (s): cpu = 00:00:30 ; elapsed = 00:00:42 . Memory (MB): peak = 2065.270 ; gain = 640.773
INFO: [Project 1-571] Translating synthesized netlist
Netlist sorting complete. Time (s): cpu = 00:00:00 ; elapsed = 00:00:00.023 . Memory (MB): peak = 2065.270 ; gain = 0.000
INFO: [Netlist 29-17] Analyzing 1 Unisim elements for replacement
INFO: [Netlist 29-28] Unisim Transformation completed in 0 CPU seconds
INFO: [Project 1-570] Preparing netlist for logic optimization
INFO: [Opt 31-138] Pushed 0 inverter(s) to 0 load pin(s).
Netlist sorting complete. Time (s): cpu = 00:00:00 ; elapsed = 00:00:00.001 . Memory (MB): peak = 2065.270 ; gain = 0.000
INFO: [Project 1-111] Unisim Transformation Summary:
No Unisim elements were transformed.

Synth Design complete, checksum: e25d93cb
INFO: [Common 17-83] Releasing license: Synthesis
63 Infos, 105 Warnings, 0 Critical Warnings and 0 Errors encountered.
synth_design completed successfully
synth_design: Time (s): cpu = 00:00:33 ; elapsed = 00:00:48 . Memory (MB): peak = 2065.270 ; gain = 1020.184
INFO: [Common 17-1381] The checkpoint 'C:/Users/sjasi3/ECE385_FP/VID_OE4/VID_OE4.runs/vid_oe4_auto_us_3_synth_1/vid_oe4_auto_us_3.dcp' has been generated.
INFO: [Coretcl 2-1648] Added synthesis output to IP cache for IP vid_oe4_auto_us_3, cache-ID = 25752036691d0135
INFO: [Coretcl 2-1174] Renamed 9 cell refs.
INFO: [Common 17-1381] The checkpoint 'C:/Users/sjasi3/ECE385_FP/VID_OE4/VID_OE4.runs/vid_oe4_auto_us_3_synth_1/vid_oe4_auto_us_3.dcp' has been generated.
INFO: [runtcl-4] Executing : report_utilization -file vid_oe4_auto_us_3_utilization_synth.rpt -pb vid_oe4_auto_us_3_utilization_synth.pb
INFO: [Common 17-206] Exiting Vivado at Fri Dec  6 15:54:55 2024...
