Time resolution is 1 ps
Block Memory Generator module hdmi_text_controller_tb.hdmi_text_controller_v1_0_inst.hdmi_text_controller_v1_0_AXI_inst.vram_i.inst.\native_mem_module.blk_mem_gen_v8_4_5_inst  is using a behavioral model for simulation which will not precisely model memory collision behavior.
blk_mem_gen_v8_4_5 collision detected at time: 1520000, Instance: hdmi_text_controller_tb.hdmi_text_controller_v1_0_inst.hdmi_text_controller_v1_0_AXI_inst.vram_i.inst.\native_mem_module.blk_mem_gen_v8_4_5_inst , A write address: 0, B  read address: 0
blk_mem_gen_v8_4_5 collision detected at time: 1560000, Instance: hdmi_text_controller_tb.hdmi_text_controller_v1_0_inst.hdmi_text_controller_v1_0_AXI_inst.vram_i.inst.\native_mem_module.blk_mem_gen_v8_4_5_inst , A write address: 0, B  read address: 0
blk_mem_gen_v8_4_5 collision detected at time: 1600000, Instance: hdmi_text_controller_tb.hdmi_text_controller_v1_0_inst.hdmi_text_controller_v1_0_AXI_inst.vram_i.inst.\native_mem_module.blk_mem_gen_v8_4_5_inst , A write address: 0, B  read address: 0
blk_mem_gen_v8_4_5 collision detected at time: 1640000, Instance: hdmi_text_controller_tb.hdmi_text_controller_v1_0_inst.hdmi_text_controller_v1_0_AXI_inst.vram_i.inst.\native_mem_module.blk_mem_gen_v8_4_5_inst , A write address: 0, B  read address: 0
blk_mem_gen_v8_4_5 collision detected at time: 1680000, Instance: hdmi_text_controller_tb.hdmi_text_controller_v1_0_inst.hdmi_text_controller_v1_0_AXI_inst.vram_i.inst.\native_mem_module.blk_mem_gen_v8_4_5_inst , A write address: 0, B  read address: 0
blk_mem_gen_v8_4_5 collision detected at time: 1720000, Instance: hdmi_text_controller_tb.hdmi_text_controller_v1_0_inst.hdmi_text_controller_v1_0_AXI_inst.vram_i.inst.\native_mem_module.blk_mem_gen_v8_4_5_inst , A write address: 0, B  read address: 0
blk_mem_gen_v8_4_5 collision detected at time: 1760000, Instance: hdmi_text_controller_tb.hdmi_text_controller_v1_0_inst.hdmi_text_controller_v1_0_AXI_inst.vram_i.inst.\native_mem_module.blk_mem_gen_v8_4_5_inst , A write address: 0, B  read address: 0
blk_mem_gen_v8_4_5 collision detected at time: 1800000, Instance: hdmi_text_controller_tb.hdmi_text_controller_v1_0_inst.hdmi_text_controller_v1_0_AXI_inst.vram_i.inst.\native_mem_module.blk_mem_gen_v8_4_5_inst , A write address: 0, B  read address: 0
blk_mem_gen_v8_4_5 collision detected at time: 1880000, Instance: hdmi_text_controller_tb.hdmi_text_controller_v1_0_inst.hdmi_text_controller_v1_0_AXI_inst.vram_i.inst.\native_mem_module.blk_mem_gen_v8_4_5_inst , A write address: 4, B  read address: 4
blk_mem_gen_v8_4_5 collision detected at time: 1920000, Instance: hdmi_text_controller_tb.hdmi_text_controller_v1_0_inst.hdmi_text_controller_v1_0_AXI_inst.vram_i.inst.\native_mem_module.blk_mem_gen_v8_4_5_inst , A write address: 4, B  read address: 4
blk_mem_gen_v8_4_5 collision detected at time: 1960000, Instance: hdmi_text_controller_tb.hdmi_text_controller_v1_0_inst.hdmi_text_controller_v1_0_AXI_inst.vram_i.inst.\native_mem_module.blk_mem_gen_v8_4_5_inst , A write address: 4, B  read address: 4
blk_mem_gen_v8_4_5 collision detected at time: 2000000, Instance: hdmi_text_controller_tb.hdmi_text_controller_v1_0_inst.hdmi_text_controller_v1_0_AXI_inst.vram_i.inst.\native_mem_module.blk_mem_gen_v8_4_5_inst , A write address: 8, B  read address: 8
blk_mem_gen_v8_4_5 collision detected at time: 2040000, Instance: hdmi_text_controller_tb.hdmi_text_controller_v1_0_inst.hdmi_text_controller_v1_0_AXI_inst.vram_i.inst.\native_mem_module.blk_mem_gen_v8_4_5_inst , A write address: 8, B  read address: 8
blk_mem_gen_v8_4_5 collision detected at time: 2160000, Instance: hdmi_text_controller_tb.hdmi_text_controller_v1_0_inst.hdmi_text_controller_v1_0_AXI_inst.vram_i.inst.\native_mem_module.blk_mem_gen_v8_4_5_inst , A write address: c, B  read address: c
Info: Read back of control register: 00000000
Time: 2295540 ns  Iteration: 0  Process: /hdmi_text_controller_tb/Initial265_910  Scope: hdmi_text_controller_tb.TEST_VECTORS  File: /home/sean/Downloads/git/ECE385_FP/ip_repo/frame_buffer_1_0/src/hdmi_text_controller_v1_0_tb.sv Line: 291
$finish called at time : 2295540 ns : File "/home/sean/Downloads/git/ECE385_FP/ip_repo/frame_buffer_1_0/src/hdmi_text_controller_v1_0_tb.sv" Line 300
INFO: xsimkernel Simulation Memory Usage: 143376 KB (Peak: 178532 KB), Simulation CPU Usage: 39310 ms
