TRACE::2024-12-06.18:22:04::SCWPlatform::Trying to open the hw design at /home/sean/Downloads/git/ECE385_FP/lab6_2_redo/workspace/mb_usb_hdmi_top/hw/mb_usb_hdmi_top.xsa
TRACE::2024-12-06.18:22:04::SCWPlatform::DSA given /home/sean/Downloads/git/ECE385_FP/lab6_2_redo/workspace/mb_usb_hdmi_top/hw/mb_usb_hdmi_top.xsa
TRACE::2024-12-06.18:22:04::SCWPlatform::DSA absoulate path /home/sean/Downloads/git/ECE385_FP/lab6_2_redo/workspace/mb_usb_hdmi_top/hw/mb_usb_hdmi_top.xsa
TRACE::2024-12-06.18:22:04::SCWPlatform::DSA directory /home/sean/Downloads/git/ECE385_FP/lab6_2_redo/workspace/mb_usb_hdmi_top/hw
TRACE::2024-12-06.18:22:04::SCWPlatform:: Platform Path /home/sean/Downloads/git/ECE385_FP/lab6_2_redo/workspace/mb_usb_hdmi_top/hw/mb_usb_hdmi_top.xsa
TRACE::2024-12-06.18:22:04::SCWPlatform:: Unique name xilinx:::0.0
TRACE::2024-12-06.18:22:04::SCWPlatform::Do not have an existing db opened. 
TRACE::2024-12-06.18:22:04::SCWPlatform::Opened new HwDB with name mb_usb_hdmi_top_0
TRACE::2024-12-06.18:22:04::SCWWriter::formatted JSON is {
	"platformName":	"mb_usb_hdmi_top",
	"sprVersion":	"2.0",
	"mode":	"gui",
	"dsaType":	"Fixed",
	"platformDesc":	"mb_usb_hdmi_top",
	"platHandOff":	"/home/sean/Downloads/git/ECE385_FP/lab6_2_redo/mb_usb_hdmi_top.xsa",
	"platIntHandOff":	"<platformDir>/hw/mb_usb_hdmi_top.xsa",
	"deviceType":	"FPGA",
	"platIsPrebuiltAutogen":	"false",
	"platIsNoBootBsp":	"false",
	"hasFsblMakeHasChanges":	"false",
	"hasPmufwMakeHasChanges":	"false",
	"platPreBuiltFlag":	false,
	"platformSamplesDir":	""
}
TRACE::2024-12-06.18:22:04::SCWWriter::formatted JSON is {
	"platformName":	"mb_usb_hdmi_top",
	"sprVersion":	"2.0",
	"mode":	"gui",
	"dsaType":	"Fixed",
	"platformDesc":	"mb_usb_hdmi_top",
	"platHandOff":	"/home/sean/Downloads/git/ECE385_FP/lab6_2_redo/mb_usb_hdmi_top.xsa",
	"platIntHandOff":	"<platformDir>/hw/mb_usb_hdmi_top.xsa",
	"deviceType":	"FPGA",
	"platIsPrebuiltAutogen":	"false",
	"platIsNoBootBsp":	"false",
	"hasFsblMakeHasChanges":	"false",
	"hasPmufwMakeHasChanges":	"false",
	"platPreBuiltFlag":	false,
	"platformSamplesDir":	"",
	"platActiveSys":	"mb_usb_hdmi_top",
	"systems":	[{
			"systemName":	"mb_usb_hdmi_top",
			"systemDesc":	"mb_usb_hdmi_top",
			"sysIsBootAutoGen":	"true",
			"systemDispName":	"mb_usb_hdmi_top"
		}]
}
TRACE::2024-12-06.18:22:04::SCWPlatform::Boot application domains not present, creating them
TRACE::2024-12-06.18:22:04::SCWPlatform::Pure FPGA device, no boot application will be created.
TRACE::2024-12-06.18:22:04::SCWWriter::formatted JSON is {
	"platformName":	"mb_usb_hdmi_top",
	"sprVersion":	"2.0",
	"mode":	"gui",
	"dsaType":	"Fixed",
	"platformDesc":	"mb_usb_hdmi_top",
	"platHandOff":	"/home/sean/Downloads/git/ECE385_FP/lab6_2_redo/mb_usb_hdmi_top.xsa",
	"platIntHandOff":	"<platformDir>/hw/mb_usb_hdmi_top.xsa",
	"deviceType":	"FPGA",
	"platIsPrebuiltAutogen":	"false",
	"platIsNoBootBsp":	"false",
	"hasFsblMakeHasChanges":	"false",
	"hasPmufwMakeHasChanges":	"false",
	"platPreBuiltFlag":	false,
	"platformSamplesDir":	"",
	"platActiveSys":	"mb_usb_hdmi_top",
	"systems":	[{
			"systemName":	"mb_usb_hdmi_top",
			"systemDesc":	"mb_usb_hdmi_top",
			"sysIsBootAutoGen":	"true",
			"systemDispName":	"mb_usb_hdmi_top"
		}]
}
TRACE::2024-12-06.18:22:04::SCWWriter::formatted JSON is {
	"platformName":	"mb_usb_hdmi_top",
	"sprVersion":	"2.0",
	"mode":	"gui",
	"dsaType":	"Fixed",
	"platformDesc":	"mb_usb_hdmi_top",
	"platHandOff":	"/home/sean/Downloads/git/ECE385_FP/lab6_2_redo/mb_usb_hdmi_top.xsa",
	"platIntHandOff":	"<platformDir>/hw/mb_usb_hdmi_top.xsa",
	"deviceType":	"FPGA",
	"platIsPrebuiltAutogen":	"false",
	"platIsNoBootBsp":	"false",
	"hasFsblMakeHasChanges":	"false",
	"hasPmufwMakeHasChanges":	"false",
	"platPreBuiltFlag":	false,
	"platformSamplesDir":	"",
	"platActiveSys":	"mb_usb_hdmi_top",
	"systems":	[{
			"systemName":	"mb_usb_hdmi_top",
			"systemDesc":	"mb_usb_hdmi_top",
			"sysIsBootAutoGen":	"true",
			"systemDispName":	"mb_usb_hdmi_top"
		}]
}
TRACE::2024-12-06.18:22:04::SCWPlatform::Trying to open the hw design at /home/sean/Downloads/git/ECE385_FP/lab6_2_redo/workspace/mb_usb_hdmi_top/hw/mb_usb_hdmi_top.xsa
TRACE::2024-12-06.18:22:04::SCWPlatform::DSA given /home/sean/Downloads/git/ECE385_FP/lab6_2_redo/workspace/mb_usb_hdmi_top/hw/mb_usb_hdmi_top.xsa
TRACE::2024-12-06.18:22:04::SCWPlatform::DSA absoulate path /home/sean/Downloads/git/ECE385_FP/lab6_2_redo/workspace/mb_usb_hdmi_top/hw/mb_usb_hdmi_top.xsa
TRACE::2024-12-06.18:22:04::SCWPlatform::DSA directory /home/sean/Downloads/git/ECE385_FP/lab6_2_redo/workspace/mb_usb_hdmi_top/hw
TRACE::2024-12-06.18:22:04::SCWPlatform:: Platform Path /home/sean/Downloads/git/ECE385_FP/lab6_2_redo/workspace/mb_usb_hdmi_top/hw/mb_usb_hdmi_top.xsa
TRACE::2024-12-06.18:22:04::SCWPlatform:: Unique name xilinx:::0.0
TRACE::2024-12-06.18:22:04::SCWPlatform::Trying to set the existing hwdb with name mb_usb_hdmi_top_0
TRACE::2024-12-06.18:22:04::SCWPlatform::Opened existing hwdb mb_usb_hdmi_top_0
TRACE::2024-12-06.18:22:04::SCWPlatform::Found the Hw Db part of the input DSA
TRACE::2024-12-06.18:22:04::SCWPlatform::Trying to open the hw design at /home/sean/Downloads/git/ECE385_FP/lab6_2_redo/workspace/mb_usb_hdmi_top/hw/mb_usb_hdmi_top.xsa
TRACE::2024-12-06.18:22:04::SCWPlatform::DSA given /home/sean/Downloads/git/ECE385_FP/lab6_2_redo/workspace/mb_usb_hdmi_top/hw/mb_usb_hdmi_top.xsa
TRACE::2024-12-06.18:22:04::SCWPlatform::DSA absoulate path /home/sean/Downloads/git/ECE385_FP/lab6_2_redo/workspace/mb_usb_hdmi_top/hw/mb_usb_hdmi_top.xsa
TRACE::2024-12-06.18:22:04::SCWPlatform::DSA directory /home/sean/Downloads/git/ECE385_FP/lab6_2_redo/workspace/mb_usb_hdmi_top/hw
TRACE::2024-12-06.18:22:04::SCWPlatform:: Platform Path /home/sean/Downloads/git/ECE385_FP/lab6_2_redo/workspace/mb_usb_hdmi_top/hw/mb_usb_hdmi_top.xsa
TRACE::2024-12-06.18:22:04::SCWPlatform:: Unique name xilinx:::0.0
TRACE::2024-12-06.18:22:04::SCWPlatform::Trying to set the existing hwdb with name mb_usb_hdmi_top_0
TRACE::2024-12-06.18:22:04::SCWPlatform::Opened existing hwdb mb_usb_hdmi_top_0
TRACE::2024-12-06.18:22:04::SCWPlatform::Found the Hw Db part of the input DSA
TRACE::2024-12-06.18:22:04::SCWDomain::checking for install qemu data   : 
TRACE::2024-12-06.18:22:04::SCWPlatform::Trying to open the hw design at /home/sean/Downloads/git/ECE385_FP/lab6_2_redo/workspace/mb_usb_hdmi_top/hw/mb_usb_hdmi_top.xsa
TRACE::2024-12-06.18:22:04::SCWPlatform::DSA given /home/sean/Downloads/git/ECE385_FP/lab6_2_redo/workspace/mb_usb_hdmi_top/hw/mb_usb_hdmi_top.xsa
TRACE::2024-12-06.18:22:04::SCWPlatform::DSA absoulate path /home/sean/Downloads/git/ECE385_FP/lab6_2_redo/workspace/mb_usb_hdmi_top/hw/mb_usb_hdmi_top.xsa
TRACE::2024-12-06.18:22:04::SCWPlatform::DSA directory /home/sean/Downloads/git/ECE385_FP/lab6_2_redo/workspace/mb_usb_hdmi_top/hw
TRACE::2024-12-06.18:22:04::SCWPlatform:: Platform Path /home/sean/Downloads/git/ECE385_FP/lab6_2_redo/workspace/mb_usb_hdmi_top/hw/mb_usb_hdmi_top.xsa
TRACE::2024-12-06.18:22:04::SCWPlatform:: Unique name xilinx:::0.0
TRACE::2024-12-06.18:22:04::SCWPlatform::Trying to set the existing hwdb with name mb_usb_hdmi_top_0
TRACE::2024-12-06.18:22:04::SCWPlatform::Opened existing hwdb mb_usb_hdmi_top_0
TRACE::2024-12-06.18:22:04::SCWPlatform::Found the Hw Db part of the input DSA
TRACE::2024-12-06.18:22:04::SCWPlatform::Trying to open the hw design at /home/sean/Downloads/git/ECE385_FP/lab6_2_redo/workspace/mb_usb_hdmi_top/hw/mb_usb_hdmi_top.xsa
TRACE::2024-12-06.18:22:04::SCWPlatform::DSA given /home/sean/Downloads/git/ECE385_FP/lab6_2_redo/workspace/mb_usb_hdmi_top/hw/mb_usb_hdmi_top.xsa
TRACE::2024-12-06.18:22:04::SCWPlatform::DSA absoulate path /home/sean/Downloads/git/ECE385_FP/lab6_2_redo/workspace/mb_usb_hdmi_top/hw/mb_usb_hdmi_top.xsa
TRACE::2024-12-06.18:22:04::SCWPlatform::DSA directory /home/sean/Downloads/git/ECE385_FP/lab6_2_redo/workspace/mb_usb_hdmi_top/hw
TRACE::2024-12-06.18:22:04::SCWPlatform:: Platform Path /home/sean/Downloads/git/ECE385_FP/lab6_2_redo/workspace/mb_usb_hdmi_top/hw/mb_usb_hdmi_top.xsa
TRACE::2024-12-06.18:22:04::SCWPlatform:: Unique name xilinx:::0.0
TRACE::2024-12-06.18:22:04::SCWPlatform::Trying to set the existing hwdb with name mb_usb_hdmi_top_0
TRACE::2024-12-06.18:22:04::SCWPlatform::Opened existing hwdb mb_usb_hdmi_top_0
TRACE::2024-12-06.18:22:04::SCWPlatform::Found the Hw Db part of the input DSA
TRACE::2024-12-06.18:22:04::SCWPlatform::Trying to open the hw design at /home/sean/Downloads/git/ECE385_FP/lab6_2_redo/workspace/mb_usb_hdmi_top/hw/mb_usb_hdmi_top.xsa
TRACE::2024-12-06.18:22:04::SCWPlatform::DSA given /home/sean/Downloads/git/ECE385_FP/lab6_2_redo/workspace/mb_usb_hdmi_top/hw/mb_usb_hdmi_top.xsa
TRACE::2024-12-06.18:22:04::SCWPlatform::DSA absoulate path /home/sean/Downloads/git/ECE385_FP/lab6_2_redo/workspace/mb_usb_hdmi_top/hw/mb_usb_hdmi_top.xsa
TRACE::2024-12-06.18:22:04::SCWPlatform::DSA directory /home/sean/Downloads/git/ECE385_FP/lab6_2_redo/workspace/mb_usb_hdmi_top/hw
TRACE::2024-12-06.18:22:04::SCWPlatform:: Platform Path /home/sean/Downloads/git/ECE385_FP/lab6_2_redo/workspace/mb_usb_hdmi_top/hw/mb_usb_hdmi_top.xsa
TRACE::2024-12-06.18:22:04::SCWPlatform:: Unique name xilinx:::0.0
TRACE::2024-12-06.18:22:04::SCWPlatform::Trying to set the existing hwdb with name mb_usb_hdmi_top_0
TRACE::2024-12-06.18:22:04::SCWPlatform::Opened existing hwdb mb_usb_hdmi_top_0
TRACE::2024-12-06.18:22:04::SCWPlatform::Found the Hw Db part of the input DSA
TRACE::2024-12-06.18:22:04::SCWMssOS::Checking the sw design at  /home/sean/Downloads/git/ECE385_FP/lab6_2_redo/workspace/mb_usb_hdmi_top/microblaze_0/standalone_microblaze_0/bsp/system.mss
TRACE::2024-12-06.18:22:04::SCWMssOS::DEBUG:  swdes dump  
TRACE::2024-12-06.18:22:04::SCWMssOS::No sw design opened at  /home/sean/Downloads/git/ECE385_FP/lab6_2_redo/workspace/mb_usb_hdmi_top/microblaze_0/standalone_microblaze_0/bsp/system.mss
TRACE::2024-12-06.18:22:04::SCWMssOS::mss does not exists at /home/sean/Downloads/git/ECE385_FP/lab6_2_redo/workspace/mb_usb_hdmi_top/microblaze_0/standalone_microblaze_0/bsp/system.mss
TRACE::2024-12-06.18:22:04::SCWMssOS::Creating sw design at  /home/sean/Downloads/git/ECE385_FP/lab6_2_redo/workspace/mb_usb_hdmi_top/microblaze_0/standalone_microblaze_0/bsp/system.mss
TRACE::2024-12-06.18:22:04::SCWMssOS::Adding the swdes entry, created swdb /home/sean/Downloads/git/ECE385_FP/lab6_2_redo/workspace/mb_usb_hdmi_top/microblaze_0/standalone_microblaze_0/bsp/system.mss with des name /home/sean/Downloads/git/ECE385_FP/lab6_2_redo/workspace/mb_usb_hdmi_top/microblaze_0/standalone_microblaze_0/bsp/system.mss
TRACE::2024-12-06.18:22:04::SCWMssOS::updating the scw layer changes to swdes at   /home/sean/Downloads/git/ECE385_FP/lab6_2_redo/workspace/mb_usb_hdmi_top/microblaze_0/standalone_microblaze_0/bsp/system.mss
TRACE::2024-12-06.18:22:04::SCWMssOS::Writing mss at /home/sean/Downloads/git/ECE385_FP/lab6_2_redo/workspace/mb_usb_hdmi_top/microblaze_0/standalone_microblaze_0/bsp/system.mss
TRACE::2024-12-06.18:22:04::SCWMssOS::Completed writing the mss file at /home/sean/Downloads/git/ECE385_FP/lab6_2_redo/workspace/mb_usb_hdmi_top/microblaze_0/standalone_microblaze_0/bsp
TRACE::2024-12-06.18:22:04::SCWMssOS::Picking up changes from newly written mss file into SCW Layer. 
TRACE::2024-12-06.18:22:04::SCWMssOS::Updated the changes from newly written mss file into SCW Layer. 
TRACE::2024-12-06.18:22:04::SCWMssOS::Completed writing the mss file at /home/sean/Downloads/git/ECE385_FP/lab6_2_redo/workspace/mb_usb_hdmi_top/microblaze_0/standalone_microblaze_0/bsp
TRACE::2024-12-06.18:22:04::SCWMssOS::Forcing BSP Sources regeneration.
TRACE::2024-12-06.18:22:05::SCWMssOS::Saving the mss changes /home/sean/Downloads/git/ECE385_FP/lab6_2_redo/workspace/mb_usb_hdmi_top/microblaze_0/standalone_microblaze_0/bsp/system.mss
TRACE::2024-12-06.18:22:05::SCWMssOS::Adding the swdes entry, mss present, able to open swdb /home/sean/Downloads/git/ECE385_FP/lab6_2_redo/workspace/mb_usb_hdmi_top/microblaze_0/standalone_microblaze_0/bsp/system.mss with des name system
TRACE::2024-12-06.18:22:05::SCWMssOS::Writing the mss file completed /home/sean/Downloads/git/ECE385_FP/lab6_2_redo/workspace/mb_usb_hdmi_top/microblaze_0/standalone_microblaze_0/bsp/system.mss
TRACE::2024-12-06.18:22:05::SCWMssOS::Commit changes completed.
TRACE::2024-12-06.18:22:05::SCWPlatform::Trying to open the hw design at /home/sean/Downloads/git/ECE385_FP/lab6_2_redo/workspace/mb_usb_hdmi_top/hw/mb_usb_hdmi_top.xsa
TRACE::2024-12-06.18:22:05::SCWPlatform::DSA given /home/sean/Downloads/git/ECE385_FP/lab6_2_redo/workspace/mb_usb_hdmi_top/hw/mb_usb_hdmi_top.xsa
TRACE::2024-12-06.18:22:05::SCWPlatform::DSA absoulate path /home/sean/Downloads/git/ECE385_FP/lab6_2_redo/workspace/mb_usb_hdmi_top/hw/mb_usb_hdmi_top.xsa
TRACE::2024-12-06.18:22:05::SCWPlatform::DSA directory /home/sean/Downloads/git/ECE385_FP/lab6_2_redo/workspace/mb_usb_hdmi_top/hw
TRACE::2024-12-06.18:22:05::SCWPlatform:: Platform Path /home/sean/Downloads/git/ECE385_FP/lab6_2_redo/workspace/mb_usb_hdmi_top/hw/mb_usb_hdmi_top.xsa
TRACE::2024-12-06.18:22:05::SCWPlatform:: Unique name xilinx:::0.0
TRACE::2024-12-06.18:22:05::SCWPlatform::Trying to set the existing hwdb with name mb_usb_hdmi_top_0
TRACE::2024-12-06.18:22:05::SCWPlatform::Opened existing hwdb mb_usb_hdmi_top_0
TRACE::2024-12-06.18:22:05::SCWPlatform::Found the Hw Db part of the input DSA
TRACE::2024-12-06.18:22:05::SCWMssOS::Checking the sw design at  /home/sean/Downloads/git/ECE385_FP/lab6_2_redo/workspace/mb_usb_hdmi_top/microblaze_0/standalone_microblaze_0/bsp/system.mss
TRACE::2024-12-06.18:22:05::SCWMssOS::DEBUG:  swdes dump  /home/sean/Downloads/git/ECE385_FP/lab6_2_redo/workspace/mb_usb_hdmi_top/microblaze_0/standalone_microblaze_0/bsp/system.mss|system||

TRACE::2024-12-06.18:22:05::SCWMssOS::Sw design exists and opened at  /home/sean/Downloads/git/ECE385_FP/lab6_2_redo/workspace/mb_usb_hdmi_top/microblaze_0/standalone_microblaze_0/bsp/system.mss
TRACE::2024-12-06.18:22:05::SCWPlatform::Trying to open the hw design at /home/sean/Downloads/git/ECE385_FP/lab6_2_redo/workspace/mb_usb_hdmi_top/hw/mb_usb_hdmi_top.xsa
TRACE::2024-12-06.18:22:05::SCWPlatform::DSA given /home/sean/Downloads/git/ECE385_FP/lab6_2_redo/workspace/mb_usb_hdmi_top/hw/mb_usb_hdmi_top.xsa
TRACE::2024-12-06.18:22:05::SCWPlatform::DSA absoulate path /home/sean/Downloads/git/ECE385_FP/lab6_2_redo/workspace/mb_usb_hdmi_top/hw/mb_usb_hdmi_top.xsa
TRACE::2024-12-06.18:22:05::SCWPlatform::DSA directory /home/sean/Downloads/git/ECE385_FP/lab6_2_redo/workspace/mb_usb_hdmi_top/hw
TRACE::2024-12-06.18:22:05::SCWPlatform:: Platform Path /home/sean/Downloads/git/ECE385_FP/lab6_2_redo/workspace/mb_usb_hdmi_top/hw/mb_usb_hdmi_top.xsa
TRACE::2024-12-06.18:22:05::SCWPlatform:: Unique name xilinx:::0.0
TRACE::2024-12-06.18:22:05::SCWPlatform::Trying to set the existing hwdb with name mb_usb_hdmi_top_0
TRACE::2024-12-06.18:22:05::SCWPlatform::Opened existing hwdb mb_usb_hdmi_top_0
TRACE::2024-12-06.18:22:05::SCWPlatform::Found the Hw Db part of the input DSA
TRACE::2024-12-06.18:22:05::SCWMssOS::Checking the sw design at  /home/sean/Downloads/git/ECE385_FP/lab6_2_redo/workspace/mb_usb_hdmi_top/microblaze_0/standalone_microblaze_0/bsp/system.mss
TRACE::2024-12-06.18:22:05::SCWMssOS::DEBUG:  swdes dump  /home/sean/Downloads/git/ECE385_FP/lab6_2_redo/workspace/mb_usb_hdmi_top/microblaze_0/standalone_microblaze_0/bsp/system.mss|system||

TRACE::2024-12-06.18:22:05::SCWMssOS::Sw design exists and opened at  /home/sean/Downloads/git/ECE385_FP/lab6_2_redo/workspace/mb_usb_hdmi_top/microblaze_0/standalone_microblaze_0/bsp/system.mss
TRACE::2024-12-06.18:22:05::SCWPlatform::Trying to open the hw design at /home/sean/Downloads/git/ECE385_FP/lab6_2_redo/workspace/mb_usb_hdmi_top/hw/mb_usb_hdmi_top.xsa
TRACE::2024-12-06.18:22:05::SCWPlatform::DSA given /home/sean/Downloads/git/ECE385_FP/lab6_2_redo/workspace/mb_usb_hdmi_top/hw/mb_usb_hdmi_top.xsa
TRACE::2024-12-06.18:22:05::SCWPlatform::DSA absoulate path /home/sean/Downloads/git/ECE385_FP/lab6_2_redo/workspace/mb_usb_hdmi_top/hw/mb_usb_hdmi_top.xsa
TRACE::2024-12-06.18:22:05::SCWPlatform::DSA directory /home/sean/Downloads/git/ECE385_FP/lab6_2_redo/workspace/mb_usb_hdmi_top/hw
TRACE::2024-12-06.18:22:05::SCWPlatform:: Platform Path /home/sean/Downloads/git/ECE385_FP/lab6_2_redo/workspace/mb_usb_hdmi_top/hw/mb_usb_hdmi_top.xsa
TRACE::2024-12-06.18:22:05::SCWPlatform:: Unique name xilinx:::0.0
TRACE::2024-12-06.18:22:05::SCWPlatform::Trying to set the existing hwdb with name mb_usb_hdmi_top_0
TRACE::2024-12-06.18:22:05::SCWPlatform::Opened existing hwdb mb_usb_hdmi_top_0
TRACE::2024-12-06.18:22:05::SCWPlatform::Found the Hw Db part of the input DSA
TRACE::2024-12-06.18:22:05::SCWMssOS::Checking the sw design at  /home/sean/Downloads/git/ECE385_FP/lab6_2_redo/workspace/mb_usb_hdmi_top/microblaze_0/standalone_microblaze_0/bsp/system.mss
TRACE::2024-12-06.18:22:05::SCWMssOS::DEBUG:  swdes dump  /home/sean/Downloads/git/ECE385_FP/lab6_2_redo/workspace/mb_usb_hdmi_top/microblaze_0/standalone_microblaze_0/bsp/system.mss|system||

TRACE::2024-12-06.18:22:05::SCWMssOS::Sw design exists and opened at  /home/sean/Downloads/git/ECE385_FP/lab6_2_redo/workspace/mb_usb_hdmi_top/microblaze_0/standalone_microblaze_0/bsp/system.mss
TRACE::2024-12-06.18:22:05::SCWWriter::formatted JSON is {
	"platformName":	"mb_usb_hdmi_top",
	"sprVersion":	"2.0",
	"mode":	"gui",
	"dsaType":	"Fixed",
	"platformDesc":	"mb_usb_hdmi_top",
	"platHandOff":	"/home/sean/Downloads/git/ECE385_FP/lab6_2_redo/mb_usb_hdmi_top.xsa",
	"platIntHandOff":	"<platformDir>/hw/mb_usb_hdmi_top.xsa",
	"deviceType":	"FPGA",
	"platIsPrebuiltAutogen":	"false",
	"platIsNoBootBsp":	"false",
	"hasFsblMakeHasChanges":	"false",
	"hasPmufwMakeHasChanges":	"false",
	"platPreBuiltFlag":	false,
	"platformSamplesDir":	"",
	"platActiveSys":	"mb_usb_hdmi_top",
	"systems":	[{
			"systemName":	"mb_usb_hdmi_top",
			"systemDesc":	"mb_usb_hdmi_top",
			"sysIsBootAutoGen":	"true",
			"systemDispName":	"mb_usb_hdmi_top",
			"sysActiveDom":	"standalone_microblaze_0",
			"sysDefaultDom":	"standalone_microblaze_0",
			"domains":	[{
					"domainName":	"standalone_microblaze_0",
					"domainDispName":	"standalone_microblaze_0",
					"domainDesc":	"standalone_microblaze_0",
					"processors":	"microblaze_0",
					"os":	"standalone",
					"sdxOs":	"standalone",
					"debugEnable":	"False",
					"domRuntimes":	["cpp"],
					"swRepo":	"",
					"mssOsVer":	"8.0",
					"mssFile":	"",
					"md5Digest":	"d42b97a3d2ad9274514bdbac3aafaab0",
					"compatibleApp":	"hello_world",
					"domType":	"mssDomain",
					"arch":	"32-bit",
					"appSettings":	{
						"appCompilerFlags":	"",
						"appLinkerFlags":	""
					},
					"addedLibs":	[],
					"libOptions":	{
						"libsContainingOptions":	[]
					},
					"prebuiltLibs":	{
						"prebuiltIncPath":	[],
						"prebuiltLibPath":	[]
					},
					"isolation":	{
					}
				}]
		}]
}
LOG::2024-12-06.18:22:05::SCWPlatform::Started generating the artifacts platform mb_usb_hdmi_top
TRACE::2024-12-06.18:22:05::SCWPlatform::Sanity checking of platform is completed
LOG::2024-12-06.18:22:05::SCWPlatform::Started generating the artifacts for system configuration mb_usb_hdmi_top
LOG::2024-12-06.18:22:05::SCWSystem::Checking the domain standalone_microblaze_0
LOG::2024-12-06.18:22:05::SCWSystem::Not a boot domain 
LOG::2024-12-06.18:22:05::SCWSystem::Started Processing the domain standalone_microblaze_0
TRACE::2024-12-06.18:22:05::SCWDomain::Generating domain artifcats
TRACE::2024-12-06.18:22:05::SCWMssOS::Generating standalone artifcats
TRACE::2024-12-06.18:22:05::SCWMssOS:: Copying the user libraries. 
TRACE::2024-12-06.18:22:05::SCWPlatform::Trying to open the hw design at /home/sean/Downloads/git/ECE385_FP/lab6_2_redo/workspace/mb_usb_hdmi_top/hw/mb_usb_hdmi_top.xsa
TRACE::2024-12-06.18:22:05::SCWPlatform::DSA given /home/sean/Downloads/git/ECE385_FP/lab6_2_redo/workspace/mb_usb_hdmi_top/hw/mb_usb_hdmi_top.xsa
TRACE::2024-12-06.18:22:05::SCWPlatform::DSA absoulate path /home/sean/Downloads/git/ECE385_FP/lab6_2_redo/workspace/mb_usb_hdmi_top/hw/mb_usb_hdmi_top.xsa
TRACE::2024-12-06.18:22:05::SCWPlatform::DSA directory /home/sean/Downloads/git/ECE385_FP/lab6_2_redo/workspace/mb_usb_hdmi_top/hw
TRACE::2024-12-06.18:22:05::SCWPlatform:: Platform Path /home/sean/Downloads/git/ECE385_FP/lab6_2_redo/workspace/mb_usb_hdmi_top/hw/mb_usb_hdmi_top.xsa
TRACE::2024-12-06.18:22:05::SCWPlatform:: Unique name xilinx:::0.0
TRACE::2024-12-06.18:22:05::SCWPlatform::Trying to set the existing hwdb with name mb_usb_hdmi_top_0
TRACE::2024-12-06.18:22:05::SCWPlatform::Opened existing hwdb mb_usb_hdmi_top_0
TRACE::2024-12-06.18:22:05::SCWPlatform::Found the Hw Db part of the input DSA
TRACE::2024-12-06.18:22:05::SCWMssOS::Checking the sw design at  /home/sean/Downloads/git/ECE385_FP/lab6_2_redo/workspace/mb_usb_hdmi_top/microblaze_0/standalone_microblaze_0/bsp/system.mss
TRACE::2024-12-06.18:22:05::SCWMssOS::DEBUG:  swdes dump  /home/sean/Downloads/git/ECE385_FP/lab6_2_redo/workspace/mb_usb_hdmi_top/microblaze_0/standalone_microblaze_0/bsp/system.mss|system||

TRACE::2024-12-06.18:22:05::SCWMssOS::Sw design exists and opened at  /home/sean/Downloads/git/ECE385_FP/lab6_2_redo/workspace/mb_usb_hdmi_top/microblaze_0/standalone_microblaze_0/bsp/system.mss
TRACE::2024-12-06.18:22:05::SCWMssOS::Completed writing the mss file at /home/sean/Downloads/git/ECE385_FP/lab6_2_redo/workspace/mb_usb_hdmi_top/microblaze_0/standalone_microblaze_0/bsp
TRACE::2024-12-06.18:22:05::SCWMssOS::Mss edits present, copying mssfile into export location /home/sean/Downloads/git/ECE385_FP/lab6_2_redo/workspace/mb_usb_hdmi_top/microblaze_0/standalone_microblaze_0/bsp/system.mss
TRACE::2024-12-06.18:22:05::SCWMssOS::bsp generated is upto date with the mss file. Skipping bsp generation.
TRACE::2024-12-06.18:22:05::SCWMssOS::BSP is already built. skipping the bsp build ... 
TRACE::2024-12-06.18:22:05::SCWDomain::Skipping the build for domain :  standalone_microblaze_0
TRACE::2024-12-06.18:22:05::SCWMssOS::skipping the bsp build ... 
TRACE::2024-12-06.18:22:05::SCWMssOS::Copying to export directory.
TRACE::2024-12-06.18:22:05::SCWMssOS:: Checking if to create the Supporting Applications
TRACE::2024-12-06.18:22:05::SCWMssOS:: No Linux domain exists, trying to generate FSBL 
LOG::2024-12-06.18:22:05::SCWSystem::Completed Processing the domain standalone_microblaze_0
LOG::2024-12-06.18:22:05::SCWSystem::Completed Processing the sysconfig mb_usb_hdmi_top
LOG::2024-12-06.18:22:05::SCWPlatform::Completed generating the artifacts for system configuration mb_usb_hdmi_top
TRACE::2024-12-06.18:22:05::SCWPlatform::Started preparing the platform 
TRACE::2024-12-06.18:22:05::SCWSystem::Writing the bif file for system config mb_usb_hdmi_top
TRACE::2024-12-06.18:22:05::SCWSystem::dir created 
TRACE::2024-12-06.18:22:05::SCWSystem::Writing the bif 
TRACE::2024-12-06.18:22:05::SCWPlatform::Started writing the spfm file 
TRACE::2024-12-06.18:22:05::SCWPlatform::Started writing the xpfm file 
TRACE::2024-12-06.18:22:05::SCWPlatform::Completed generating the platform
TRACE::2024-12-06.18:22:05::SCWMssOS::Saving the mss changes /home/sean/Downloads/git/ECE385_FP/lab6_2_redo/workspace/mb_usb_hdmi_top/microblaze_0/standalone_microblaze_0/bsp/system.mss
TRACE::2024-12-06.18:22:05::SCWMssOS::Found a swdesign opened with the mssfile.
TRACE::2024-12-06.18:22:05::SCWMssOS::Completed writemss as part of save.
TRACE::2024-12-06.18:22:05::SCWMssOS::Commit changes completed.
TRACE::2024-12-06.18:22:05::SCWPlatform::Trying to open the hw design at /home/sean/Downloads/git/ECE385_FP/lab6_2_redo/workspace/mb_usb_hdmi_top/hw/mb_usb_hdmi_top.xsa
TRACE::2024-12-06.18:22:05::SCWPlatform::DSA given /home/sean/Downloads/git/ECE385_FP/lab6_2_redo/workspace/mb_usb_hdmi_top/hw/mb_usb_hdmi_top.xsa
TRACE::2024-12-06.18:22:05::SCWPlatform::DSA absoulate path /home/sean/Downloads/git/ECE385_FP/lab6_2_redo/workspace/mb_usb_hdmi_top/hw/mb_usb_hdmi_top.xsa
TRACE::2024-12-06.18:22:05::SCWPlatform::DSA directory /home/sean/Downloads/git/ECE385_FP/lab6_2_redo/workspace/mb_usb_hdmi_top/hw
TRACE::2024-12-06.18:22:05::SCWPlatform:: Platform Path /home/sean/Downloads/git/ECE385_FP/lab6_2_redo/workspace/mb_usb_hdmi_top/hw/mb_usb_hdmi_top.xsa
TRACE::2024-12-06.18:22:05::SCWPlatform:: Unique name xilinx:::0.0
TRACE::2024-12-06.18:22:05::SCWPlatform::Trying to set the existing hwdb with name mb_usb_hdmi_top_0
TRACE::2024-12-06.18:22:05::SCWPlatform::Opened existing hwdb mb_usb_hdmi_top_0
TRACE::2024-12-06.18:22:05::SCWPlatform::Found the Hw Db part of the input DSA
TRACE::2024-12-06.18:22:05::SCWMssOS::Checking the sw design at  /home/sean/Downloads/git/ECE385_FP/lab6_2_redo/workspace/mb_usb_hdmi_top/microblaze_0/standalone_microblaze_0/bsp/system.mss
TRACE::2024-12-06.18:22:05::SCWMssOS::DEBUG:  swdes dump  /home/sean/Downloads/git/ECE385_FP/lab6_2_redo/workspace/mb_usb_hdmi_top/microblaze_0/standalone_microblaze_0/bsp/system.mss|system||

TRACE::2024-12-06.18:22:05::SCWMssOS::Sw design exists and opened at  /home/sean/Downloads/git/ECE385_FP/lab6_2_redo/workspace/mb_usb_hdmi_top/microblaze_0/standalone_microblaze_0/bsp/system.mss
TRACE::2024-12-06.18:22:05::SCWPlatform::Trying to open the hw design at /home/sean/Downloads/git/ECE385_FP/lab6_2_redo/workspace/mb_usb_hdmi_top/hw/mb_usb_hdmi_top.xsa
TRACE::2024-12-06.18:22:05::SCWPlatform::DSA given /home/sean/Downloads/git/ECE385_FP/lab6_2_redo/workspace/mb_usb_hdmi_top/hw/mb_usb_hdmi_top.xsa
TRACE::2024-12-06.18:22:05::SCWPlatform::DSA absoulate path /home/sean/Downloads/git/ECE385_FP/lab6_2_redo/workspace/mb_usb_hdmi_top/hw/mb_usb_hdmi_top.xsa
TRACE::2024-12-06.18:22:05::SCWPlatform::DSA directory /home/sean/Downloads/git/ECE385_FP/lab6_2_redo/workspace/mb_usb_hdmi_top/hw
TRACE::2024-12-06.18:22:05::SCWPlatform:: Platform Path /home/sean/Downloads/git/ECE385_FP/lab6_2_redo/workspace/mb_usb_hdmi_top/hw/mb_usb_hdmi_top.xsa
TRACE::2024-12-06.18:22:05::SCWPlatform:: Unique name xilinx:::0.0
TRACE::2024-12-06.18:22:05::SCWPlatform::Trying to set the existing hwdb with name mb_usb_hdmi_top_0
TRACE::2024-12-06.18:22:05::SCWPlatform::Opened existing hwdb mb_usb_hdmi_top_0
TRACE::2024-12-06.18:22:05::SCWPlatform::Found the Hw Db part of the input DSA
TRACE::2024-12-06.18:22:05::SCWMssOS::Checking the sw design at  /home/sean/Downloads/git/ECE385_FP/lab6_2_redo/workspace/mb_usb_hdmi_top/microblaze_0/standalone_microblaze_0/bsp/system.mss
TRACE::2024-12-06.18:22:05::SCWMssOS::DEBUG:  swdes dump  /home/sean/Downloads/git/ECE385_FP/lab6_2_redo/workspace/mb_usb_hdmi_top/microblaze_0/standalone_microblaze_0/bsp/system.mss|system||

TRACE::2024-12-06.18:22:05::SCWMssOS::Sw design exists and opened at  /home/sean/Downloads/git/ECE385_FP/lab6_2_redo/workspace/mb_usb_hdmi_top/microblaze_0/standalone_microblaze_0/bsp/system.mss
TRACE::2024-12-06.18:22:05::SCWPlatform::Trying to open the hw design at /home/sean/Downloads/git/ECE385_FP/lab6_2_redo/workspace/mb_usb_hdmi_top/hw/mb_usb_hdmi_top.xsa
TRACE::2024-12-06.18:22:05::SCWPlatform::DSA given /home/sean/Downloads/git/ECE385_FP/lab6_2_redo/workspace/mb_usb_hdmi_top/hw/mb_usb_hdmi_top.xsa
TRACE::2024-12-06.18:22:05::SCWPlatform::DSA absoulate path /home/sean/Downloads/git/ECE385_FP/lab6_2_redo/workspace/mb_usb_hdmi_top/hw/mb_usb_hdmi_top.xsa
TRACE::2024-12-06.18:22:05::SCWPlatform::DSA directory /home/sean/Downloads/git/ECE385_FP/lab6_2_redo/workspace/mb_usb_hdmi_top/hw
TRACE::2024-12-06.18:22:05::SCWPlatform:: Platform Path /home/sean/Downloads/git/ECE385_FP/lab6_2_redo/workspace/mb_usb_hdmi_top/hw/mb_usb_hdmi_top.xsa
TRACE::2024-12-06.18:22:05::SCWPlatform:: Unique name xilinx:::0.0
TRACE::2024-12-06.18:22:05::SCWPlatform::Trying to set the existing hwdb with name mb_usb_hdmi_top_0
TRACE::2024-12-06.18:22:05::SCWPlatform::Opened existing hwdb mb_usb_hdmi_top_0
TRACE::2024-12-06.18:22:05::SCWPlatform::Found the Hw Db part of the input DSA
TRACE::2024-12-06.18:22:05::SCWMssOS::Checking the sw design at  /home/sean/Downloads/git/ECE385_FP/lab6_2_redo/workspace/mb_usb_hdmi_top/microblaze_0/standalone_microblaze_0/bsp/system.mss
TRACE::2024-12-06.18:22:05::SCWMssOS::DEBUG:  swdes dump  /home/sean/Downloads/git/ECE385_FP/lab6_2_redo/workspace/mb_usb_hdmi_top/microblaze_0/standalone_microblaze_0/bsp/system.mss|system||

TRACE::2024-12-06.18:22:05::SCWMssOS::Sw design exists and opened at  /home/sean/Downloads/git/ECE385_FP/lab6_2_redo/workspace/mb_usb_hdmi_top/microblaze_0/standalone_microblaze_0/bsp/system.mss
TRACE::2024-12-06.18:22:05::SCWWriter::formatted JSON is {
	"platformName":	"mb_usb_hdmi_top",
	"sprVersion":	"2.0",
	"mode":	"gui",
	"dsaType":	"Fixed",
	"platformDesc":	"mb_usb_hdmi_top",
	"platHandOff":	"/home/sean/Downloads/git/ECE385_FP/lab6_2_redo/mb_usb_hdmi_top.xsa",
	"platIntHandOff":	"<platformDir>/hw/mb_usb_hdmi_top.xsa",
	"deviceType":	"FPGA",
	"platIsPrebuiltAutogen":	"false",
	"platIsNoBootBsp":	"false",
	"hasFsblMakeHasChanges":	"false",
	"hasPmufwMakeHasChanges":	"false",
	"platPreBuiltFlag":	false,
	"platformSamplesDir":	"",
	"platActiveSys":	"mb_usb_hdmi_top",
	"systems":	[{
			"systemName":	"mb_usb_hdmi_top",
			"systemDesc":	"mb_usb_hdmi_top",
			"sysIsBootAutoGen":	"true",
			"systemDispName":	"mb_usb_hdmi_top",
			"sysActiveDom":	"standalone_microblaze_0",
			"sysDefaultDom":	"standalone_microblaze_0",
			"domains":	[{
					"domainName":	"standalone_microblaze_0",
					"domainDispName":	"standalone_microblaze_0",
					"domainDesc":	"standalone_microblaze_0",
					"processors":	"microblaze_0",
					"os":	"standalone",
					"sdxOs":	"standalone",
					"debugEnable":	"False",
					"domRuntimes":	["cpp"],
					"swRepo":	"",
					"mssOsVer":	"8.0",
					"mssFile":	"",
					"md5Digest":	"d42b97a3d2ad9274514bdbac3aafaab0",
					"compatibleApp":	"hello_world",
					"domType":	"mssDomain",
					"arch":	"32-bit",
					"appSettings":	{
						"appCompilerFlags":	"",
						"appLinkerFlags":	""
					},
					"addedLibs":	[],
					"libOptions":	{
						"libsContainingOptions":	[]
					},
					"prebuiltLibs":	{
						"prebuiltIncPath":	[],
						"prebuiltLibPath":	[]
					},
					"isolation":	{
					}
				}]
		}]
}
KEYINFO::2024-12-06.18:22:05::SCWPlatform::updated the xpfm file.
TRACE::2024-12-06.18:22:05::SCWPlatform::Trying to open the hw design at /home/sean/Downloads/git/ECE385_FP/lab6_2_redo/workspace/mb_usb_hdmi_top/hw/mb_usb_hdmi_top.xsa
TRACE::2024-12-06.18:22:05::SCWPlatform::DSA given /home/sean/Downloads/git/ECE385_FP/lab6_2_redo/workspace/mb_usb_hdmi_top/hw/mb_usb_hdmi_top.xsa
TRACE::2024-12-06.18:22:05::SCWPlatform::DSA absoulate path /home/sean/Downloads/git/ECE385_FP/lab6_2_redo/workspace/mb_usb_hdmi_top/hw/mb_usb_hdmi_top.xsa
TRACE::2024-12-06.18:22:05::SCWPlatform::DSA directory /home/sean/Downloads/git/ECE385_FP/lab6_2_redo/workspace/mb_usb_hdmi_top/hw
TRACE::2024-12-06.18:22:05::SCWPlatform:: Platform Path /home/sean/Downloads/git/ECE385_FP/lab6_2_redo/workspace/mb_usb_hdmi_top/hw/mb_usb_hdmi_top.xsa
TRACE::2024-12-06.18:22:05::SCWPlatform:: Unique name xilinx:::0.0
TRACE::2024-12-06.18:22:05::SCWPlatform::Trying to set the existing hwdb with name mb_usb_hdmi_top_0
TRACE::2024-12-06.18:22:05::SCWPlatform::Opened existing hwdb mb_usb_hdmi_top_0
TRACE::2024-12-06.18:22:05::SCWPlatform::Found the Hw Db part of the input DSA
TRACE::2024-12-06.18:22:05::SCWMssOS::Checking the sw design at  /home/sean/Downloads/git/ECE385_FP/lab6_2_redo/workspace/mb_usb_hdmi_top/microblaze_0/standalone_microblaze_0/bsp/system.mss
TRACE::2024-12-06.18:22:05::SCWMssOS::DEBUG:  swdes dump  /home/sean/Downloads/git/ECE385_FP/lab6_2_redo/workspace/mb_usb_hdmi_top/microblaze_0/standalone_microblaze_0/bsp/system.mss|system||

TRACE::2024-12-06.18:22:05::SCWMssOS::Sw design exists and opened at  /home/sean/Downloads/git/ECE385_FP/lab6_2_redo/workspace/mb_usb_hdmi_top/microblaze_0/standalone_microblaze_0/bsp/system.mss
TRACE::2024-12-06.18:22:05::SCWMssOS::Saving the mss changes /home/sean/Downloads/git/ECE385_FP/lab6_2_redo/workspace/mb_usb_hdmi_top/microblaze_0/standalone_microblaze_0/bsp/system.mss
TRACE::2024-12-06.18:22:05::SCWMssOS::Found a swdesign opened with the mssfile.
TRACE::2024-12-06.18:22:05::SCWMssOS::Completed writemss as part of save.
TRACE::2024-12-06.18:22:05::SCWMssOS::Commit changes completed.
TRACE::2024-12-06.18:22:05::SCWPlatform::Trying to open the hw design at /home/sean/Downloads/git/ECE385_FP/lab6_2_redo/workspace/mb_usb_hdmi_top/hw/mb_usb_hdmi_top.xsa
TRACE::2024-12-06.18:22:05::SCWPlatform::DSA given /home/sean/Downloads/git/ECE385_FP/lab6_2_redo/workspace/mb_usb_hdmi_top/hw/mb_usb_hdmi_top.xsa
TRACE::2024-12-06.18:22:05::SCWPlatform::DSA absoulate path /home/sean/Downloads/git/ECE385_FP/lab6_2_redo/workspace/mb_usb_hdmi_top/hw/mb_usb_hdmi_top.xsa
TRACE::2024-12-06.18:22:05::SCWPlatform::DSA directory /home/sean/Downloads/git/ECE385_FP/lab6_2_redo/workspace/mb_usb_hdmi_top/hw
TRACE::2024-12-06.18:22:05::SCWPlatform:: Platform Path /home/sean/Downloads/git/ECE385_FP/lab6_2_redo/workspace/mb_usb_hdmi_top/hw/mb_usb_hdmi_top.xsa
TRACE::2024-12-06.18:22:05::SCWPlatform:: Unique name xilinx:::0.0
TRACE::2024-12-06.18:22:05::SCWPlatform::Trying to set the existing hwdb with name mb_usb_hdmi_top_0
TRACE::2024-12-06.18:22:05::SCWPlatform::Opened existing hwdb mb_usb_hdmi_top_0
TRACE::2024-12-06.18:22:05::SCWPlatform::Found the Hw Db part of the input DSA
TRACE::2024-12-06.18:22:05::SCWMssOS::Checking the sw design at  /home/sean/Downloads/git/ECE385_FP/lab6_2_redo/workspace/mb_usb_hdmi_top/microblaze_0/standalone_microblaze_0/bsp/system.mss
TRACE::2024-12-06.18:22:05::SCWMssOS::DEBUG:  swdes dump  /home/sean/Downloads/git/ECE385_FP/lab6_2_redo/workspace/mb_usb_hdmi_top/microblaze_0/standalone_microblaze_0/bsp/system.mss|system||

TRACE::2024-12-06.18:22:05::SCWMssOS::Sw design exists and opened at  /home/sean/Downloads/git/ECE385_FP/lab6_2_redo/workspace/mb_usb_hdmi_top/microblaze_0/standalone_microblaze_0/bsp/system.mss
TRACE::2024-12-06.18:22:05::SCWPlatform::Trying to open the hw design at /home/sean/Downloads/git/ECE385_FP/lab6_2_redo/workspace/mb_usb_hdmi_top/hw/mb_usb_hdmi_top.xsa
TRACE::2024-12-06.18:22:05::SCWPlatform::DSA given /home/sean/Downloads/git/ECE385_FP/lab6_2_redo/workspace/mb_usb_hdmi_top/hw/mb_usb_hdmi_top.xsa
TRACE::2024-12-06.18:22:05::SCWPlatform::DSA absoulate path /home/sean/Downloads/git/ECE385_FP/lab6_2_redo/workspace/mb_usb_hdmi_top/hw/mb_usb_hdmi_top.xsa
TRACE::2024-12-06.18:22:05::SCWPlatform::DSA directory /home/sean/Downloads/git/ECE385_FP/lab6_2_redo/workspace/mb_usb_hdmi_top/hw
TRACE::2024-12-06.18:22:05::SCWPlatform:: Platform Path /home/sean/Downloads/git/ECE385_FP/lab6_2_redo/workspace/mb_usb_hdmi_top/hw/mb_usb_hdmi_top.xsa
TRACE::2024-12-06.18:22:05::SCWPlatform:: Unique name xilinx:::0.0
TRACE::2024-12-06.18:22:05::SCWPlatform::Trying to set the existing hwdb with name mb_usb_hdmi_top_0
TRACE::2024-12-06.18:22:05::SCWPlatform::Opened existing hwdb mb_usb_hdmi_top_0
TRACE::2024-12-06.18:22:05::SCWPlatform::Found the Hw Db part of the input DSA
TRACE::2024-12-06.18:22:05::SCWMssOS::Checking the sw design at  /home/sean/Downloads/git/ECE385_FP/lab6_2_redo/workspace/mb_usb_hdmi_top/microblaze_0/standalone_microblaze_0/bsp/system.mss
TRACE::2024-12-06.18:22:05::SCWMssOS::DEBUG:  swdes dump  /home/sean/Downloads/git/ECE385_FP/lab6_2_redo/workspace/mb_usb_hdmi_top/microblaze_0/standalone_microblaze_0/bsp/system.mss|system||

TRACE::2024-12-06.18:22:05::SCWMssOS::Sw design exists and opened at  /home/sean/Downloads/git/ECE385_FP/lab6_2_redo/workspace/mb_usb_hdmi_top/microblaze_0/standalone_microblaze_0/bsp/system.mss
TRACE::2024-12-06.18:22:05::SCWPlatform::Trying to open the hw design at /home/sean/Downloads/git/ECE385_FP/lab6_2_redo/workspace/mb_usb_hdmi_top/hw/mb_usb_hdmi_top.xsa
TRACE::2024-12-06.18:22:05::SCWPlatform::DSA given /home/sean/Downloads/git/ECE385_FP/lab6_2_redo/workspace/mb_usb_hdmi_top/hw/mb_usb_hdmi_top.xsa
TRACE::2024-12-06.18:22:05::SCWPlatform::DSA absoulate path /home/sean/Downloads/git/ECE385_FP/lab6_2_redo/workspace/mb_usb_hdmi_top/hw/mb_usb_hdmi_top.xsa
TRACE::2024-12-06.18:22:05::SCWPlatform::DSA directory /home/sean/Downloads/git/ECE385_FP/lab6_2_redo/workspace/mb_usb_hdmi_top/hw
TRACE::2024-12-06.18:22:05::SCWPlatform:: Platform Path /home/sean/Downloads/git/ECE385_FP/lab6_2_redo/workspace/mb_usb_hdmi_top/hw/mb_usb_hdmi_top.xsa
TRACE::2024-12-06.18:22:05::SCWPlatform:: Unique name xilinx:::0.0
TRACE::2024-12-06.18:22:05::SCWPlatform::Trying to set the existing hwdb with name mb_usb_hdmi_top_0
TRACE::2024-12-06.18:22:05::SCWPlatform::Opened existing hwdb mb_usb_hdmi_top_0
TRACE::2024-12-06.18:22:05::SCWPlatform::Found the Hw Db part of the input DSA
TRACE::2024-12-06.18:22:05::SCWMssOS::Checking the sw design at  /home/sean/Downloads/git/ECE385_FP/lab6_2_redo/workspace/mb_usb_hdmi_top/microblaze_0/standalone_microblaze_0/bsp/system.mss
TRACE::2024-12-06.18:22:05::SCWMssOS::DEBUG:  swdes dump  /home/sean/Downloads/git/ECE385_FP/lab6_2_redo/workspace/mb_usb_hdmi_top/microblaze_0/standalone_microblaze_0/bsp/system.mss|system||

TRACE::2024-12-06.18:22:05::SCWMssOS::Sw design exists and opened at  /home/sean/Downloads/git/ECE385_FP/lab6_2_redo/workspace/mb_usb_hdmi_top/microblaze_0/standalone_microblaze_0/bsp/system.mss
TRACE::2024-12-06.18:22:05::SCWWriter::formatted JSON is {
	"platformName":	"mb_usb_hdmi_top",
	"sprVersion":	"2.0",
	"mode":	"gui",
	"dsaType":	"Fixed",
	"platformDesc":	"mb_usb_hdmi_top",
	"platHandOff":	"/home/sean/Downloads/git/ECE385_FP/lab6_2_redo/mb_usb_hdmi_top.xsa",
	"platIntHandOff":	"<platformDir>/hw/mb_usb_hdmi_top.xsa",
	"deviceType":	"FPGA",
	"platIsPrebuiltAutogen":	"false",
	"platIsNoBootBsp":	"false",
	"hasFsblMakeHasChanges":	"false",
	"hasPmufwMakeHasChanges":	"false",
	"platPreBuiltFlag":	false,
	"platformSamplesDir":	"",
	"platActiveSys":	"mb_usb_hdmi_top",
	"systems":	[{
			"systemName":	"mb_usb_hdmi_top",
			"systemDesc":	"mb_usb_hdmi_top",
			"sysIsBootAutoGen":	"true",
			"systemDispName":	"mb_usb_hdmi_top",
			"sysActiveDom":	"standalone_microblaze_0",
			"sysDefaultDom":	"standalone_microblaze_0",
			"domains":	[{
					"domainName":	"standalone_microblaze_0",
					"domainDispName":	"standalone_microblaze_0",
					"domainDesc":	"standalone_microblaze_0",
					"processors":	"microblaze_0",
					"os":	"standalone",
					"sdxOs":	"standalone",
					"debugEnable":	"False",
					"domRuntimes":	["cpp"],
					"swRepo":	"",
					"mssOsVer":	"8.0",
					"mssFile":	"",
					"md5Digest":	"d42b97a3d2ad9274514bdbac3aafaab0",
					"compatibleApp":	"hello_world",
					"domType":	"mssDomain",
					"arch":	"32-bit",
					"appSettings":	{
						"appCompilerFlags":	"",
						"appLinkerFlags":	""
					},
					"addedLibs":	[],
					"libOptions":	{
						"libsContainingOptions":	[]
					},
					"prebuiltLibs":	{
						"prebuiltIncPath":	[],
						"prebuiltLibPath":	[]
					},
					"isolation":	{
					}
				}]
		}]
}
TRACE::2024-12-06.18:22:05::SCWPlatform::Trying to open the hw design at /home/sean/Downloads/git/ECE385_FP/lab6_2_redo/workspace/mb_usb_hdmi_top/hw/mb_usb_hdmi_top.xsa
TRACE::2024-12-06.18:22:05::SCWPlatform::DSA given /home/sean/Downloads/git/ECE385_FP/lab6_2_redo/workspace/mb_usb_hdmi_top/hw/mb_usb_hdmi_top.xsa
TRACE::2024-12-06.18:22:05::SCWPlatform::DSA absoulate path /home/sean/Downloads/git/ECE385_FP/lab6_2_redo/workspace/mb_usb_hdmi_top/hw/mb_usb_hdmi_top.xsa
TRACE::2024-12-06.18:22:05::SCWPlatform::DSA directory /home/sean/Downloads/git/ECE385_FP/lab6_2_redo/workspace/mb_usb_hdmi_top/hw
TRACE::2024-12-06.18:22:05::SCWPlatform:: Platform Path /home/sean/Downloads/git/ECE385_FP/lab6_2_redo/workspace/mb_usb_hdmi_top/hw/mb_usb_hdmi_top.xsa
TRACE::2024-12-06.18:22:05::SCWPlatform:: Unique name xilinx:::0.0
TRACE::2024-12-06.18:22:05::SCWPlatform::Trying to set the existing hwdb with name mb_usb_hdmi_top_0
TRACE::2024-12-06.18:22:05::SCWPlatform::Opened existing hwdb mb_usb_hdmi_top_0
TRACE::2024-12-06.18:22:05::SCWPlatform::Found the Hw Db part of the input DSA
TRACE::2024-12-06.18:22:05::SCWMssOS::Checking the sw design at  /home/sean/Downloads/git/ECE385_FP/lab6_2_redo/workspace/mb_usb_hdmi_top/microblaze_0/standalone_microblaze_0/bsp/system.mss
TRACE::2024-12-06.18:22:05::SCWMssOS::DEBUG:  swdes dump  /home/sean/Downloads/git/ECE385_FP/lab6_2_redo/workspace/mb_usb_hdmi_top/microblaze_0/standalone_microblaze_0/bsp/system.mss|system||

TRACE::2024-12-06.18:22:05::SCWMssOS::Sw design exists and opened at  /home/sean/Downloads/git/ECE385_FP/lab6_2_redo/workspace/mb_usb_hdmi_top/microblaze_0/standalone_microblaze_0/bsp/system.mss
TRACE::2024-12-06.18:22:05::SCWPlatform::Trying to open the hw design at /home/sean/Downloads/git/ECE385_FP/lab6_2_redo/workspace/mb_usb_hdmi_top/hw/mb_usb_hdmi_top.xsa
TRACE::2024-12-06.18:22:05::SCWPlatform::DSA given /home/sean/Downloads/git/ECE385_FP/lab6_2_redo/workspace/mb_usb_hdmi_top/hw/mb_usb_hdmi_top.xsa
TRACE::2024-12-06.18:22:05::SCWPlatform::DSA absoulate path /home/sean/Downloads/git/ECE385_FP/lab6_2_redo/workspace/mb_usb_hdmi_top/hw/mb_usb_hdmi_top.xsa
TRACE::2024-12-06.18:22:05::SCWPlatform::DSA directory /home/sean/Downloads/git/ECE385_FP/lab6_2_redo/workspace/mb_usb_hdmi_top/hw
TRACE::2024-12-06.18:22:05::SCWPlatform:: Platform Path /home/sean/Downloads/git/ECE385_FP/lab6_2_redo/workspace/mb_usb_hdmi_top/hw/mb_usb_hdmi_top.xsa
TRACE::2024-12-06.18:22:05::SCWPlatform:: Unique name xilinx:::0.0
TRACE::2024-12-06.18:22:05::SCWPlatform::Trying to set the existing hwdb with name mb_usb_hdmi_top_0
TRACE::2024-12-06.18:22:05::SCWPlatform::Opened existing hwdb mb_usb_hdmi_top_0
TRACE::2024-12-06.18:22:05::SCWPlatform::Found the Hw Db part of the input DSA
TRACE::2024-12-06.18:22:05::SCWMssOS::Checking the sw design at  /home/sean/Downloads/git/ECE385_FP/lab6_2_redo/workspace/mb_usb_hdmi_top/microblaze_0/standalone_microblaze_0/bsp/system.mss
TRACE::2024-12-06.18:22:05::SCWMssOS::DEBUG:  swdes dump  /home/sean/Downloads/git/ECE385_FP/lab6_2_redo/workspace/mb_usb_hdmi_top/microblaze_0/standalone_microblaze_0/bsp/system.mss|system||

TRACE::2024-12-06.18:22:05::SCWMssOS::Sw design exists and opened at  /home/sean/Downloads/git/ECE385_FP/lab6_2_redo/workspace/mb_usb_hdmi_top/microblaze_0/standalone_microblaze_0/bsp/system.mss
TRACE::2024-12-06.18:22:05::SCWMssOS::Saving the mss changes /home/sean/Downloads/git/ECE385_FP/lab6_2_redo/workspace/mb_usb_hdmi_top/microblaze_0/standalone_microblaze_0/bsp/system.mss
TRACE::2024-12-06.18:22:05::SCWMssOS::Found a swdesign opened with the mssfile.
TRACE::2024-12-06.18:22:05::SCWMssOS::Completed writemss as part of save.
TRACE::2024-12-06.18:22:05::SCWMssOS::Commit changes completed.
TRACE::2024-12-06.18:22:05::SCWPlatform::Trying to open the hw design at /home/sean/Downloads/git/ECE385_FP/lab6_2_redo/workspace/mb_usb_hdmi_top/hw/mb_usb_hdmi_top.xsa
TRACE::2024-12-06.18:22:05::SCWPlatform::DSA given /home/sean/Downloads/git/ECE385_FP/lab6_2_redo/workspace/mb_usb_hdmi_top/hw/mb_usb_hdmi_top.xsa
TRACE::2024-12-06.18:22:05::SCWPlatform::DSA absoulate path /home/sean/Downloads/git/ECE385_FP/lab6_2_redo/workspace/mb_usb_hdmi_top/hw/mb_usb_hdmi_top.xsa
TRACE::2024-12-06.18:22:05::SCWPlatform::DSA directory /home/sean/Downloads/git/ECE385_FP/lab6_2_redo/workspace/mb_usb_hdmi_top/hw
TRACE::2024-12-06.18:22:05::SCWPlatform:: Platform Path /home/sean/Downloads/git/ECE385_FP/lab6_2_redo/workspace/mb_usb_hdmi_top/hw/mb_usb_hdmi_top.xsa
TRACE::2024-12-06.18:22:05::SCWPlatform:: Unique name xilinx:::0.0
TRACE::2024-12-06.18:22:05::SCWPlatform::Trying to set the existing hwdb with name mb_usb_hdmi_top_0
TRACE::2024-12-06.18:22:05::SCWPlatform::Opened existing hwdb mb_usb_hdmi_top_0
TRACE::2024-12-06.18:22:05::SCWPlatform::Found the Hw Db part of the input DSA
TRACE::2024-12-06.18:22:05::SCWMssOS::Checking the sw design at  /home/sean/Downloads/git/ECE385_FP/lab6_2_redo/workspace/mb_usb_hdmi_top/microblaze_0/standalone_microblaze_0/bsp/system.mss
TRACE::2024-12-06.18:22:05::SCWMssOS::DEBUG:  swdes dump  /home/sean/Downloads/git/ECE385_FP/lab6_2_redo/workspace/mb_usb_hdmi_top/microblaze_0/standalone_microblaze_0/bsp/system.mss|system||

TRACE::2024-12-06.18:22:05::SCWMssOS::Sw design exists and opened at  /home/sean/Downloads/git/ECE385_FP/lab6_2_redo/workspace/mb_usb_hdmi_top/microblaze_0/standalone_microblaze_0/bsp/system.mss
TRACE::2024-12-06.18:22:05::SCWPlatform::Trying to open the hw design at /home/sean/Downloads/git/ECE385_FP/lab6_2_redo/workspace/mb_usb_hdmi_top/hw/mb_usb_hdmi_top.xsa
TRACE::2024-12-06.18:22:05::SCWPlatform::DSA given /home/sean/Downloads/git/ECE385_FP/lab6_2_redo/workspace/mb_usb_hdmi_top/hw/mb_usb_hdmi_top.xsa
TRACE::2024-12-06.18:22:05::SCWPlatform::DSA absoulate path /home/sean/Downloads/git/ECE385_FP/lab6_2_redo/workspace/mb_usb_hdmi_top/hw/mb_usb_hdmi_top.xsa
TRACE::2024-12-06.18:22:05::SCWPlatform::DSA directory /home/sean/Downloads/git/ECE385_FP/lab6_2_redo/workspace/mb_usb_hdmi_top/hw
TRACE::2024-12-06.18:22:05::SCWPlatform:: Platform Path /home/sean/Downloads/git/ECE385_FP/lab6_2_redo/workspace/mb_usb_hdmi_top/hw/mb_usb_hdmi_top.xsa
TRACE::2024-12-06.18:22:05::SCWPlatform:: Unique name xilinx:::0.0
TRACE::2024-12-06.18:22:05::SCWPlatform::Trying to set the existing hwdb with name mb_usb_hdmi_top_0
TRACE::2024-12-06.18:22:05::SCWPlatform::Opened existing hwdb mb_usb_hdmi_top_0
TRACE::2024-12-06.18:22:05::SCWPlatform::Found the Hw Db part of the input DSA
TRACE::2024-12-06.18:22:05::SCWMssOS::Checking the sw design at  /home/sean/Downloads/git/ECE385_FP/lab6_2_redo/workspace/mb_usb_hdmi_top/microblaze_0/standalone_microblaze_0/bsp/system.mss
TRACE::2024-12-06.18:22:05::SCWMssOS::DEBUG:  swdes dump  /home/sean/Downloads/git/ECE385_FP/lab6_2_redo/workspace/mb_usb_hdmi_top/microblaze_0/standalone_microblaze_0/bsp/system.mss|system||

TRACE::2024-12-06.18:22:05::SCWMssOS::Sw design exists and opened at  /home/sean/Downloads/git/ECE385_FP/lab6_2_redo/workspace/mb_usb_hdmi_top/microblaze_0/standalone_microblaze_0/bsp/system.mss
TRACE::2024-12-06.18:22:05::SCWPlatform::Trying to open the hw design at /home/sean/Downloads/git/ECE385_FP/lab6_2_redo/workspace/mb_usb_hdmi_top/hw/mb_usb_hdmi_top.xsa
TRACE::2024-12-06.18:22:05::SCWPlatform::DSA given /home/sean/Downloads/git/ECE385_FP/lab6_2_redo/workspace/mb_usb_hdmi_top/hw/mb_usb_hdmi_top.xsa
TRACE::2024-12-06.18:22:05::SCWPlatform::DSA absoulate path /home/sean/Downloads/git/ECE385_FP/lab6_2_redo/workspace/mb_usb_hdmi_top/hw/mb_usb_hdmi_top.xsa
TRACE::2024-12-06.18:22:05::SCWPlatform::DSA directory /home/sean/Downloads/git/ECE385_FP/lab6_2_redo/workspace/mb_usb_hdmi_top/hw
TRACE::2024-12-06.18:22:05::SCWPlatform:: Platform Path /home/sean/Downloads/git/ECE385_FP/lab6_2_redo/workspace/mb_usb_hdmi_top/hw/mb_usb_hdmi_top.xsa
TRACE::2024-12-06.18:22:05::SCWPlatform:: Unique name xilinx:::0.0
TRACE::2024-12-06.18:22:05::SCWPlatform::Trying to set the existing hwdb with name mb_usb_hdmi_top_0
TRACE::2024-12-06.18:22:05::SCWPlatform::Opened existing hwdb mb_usb_hdmi_top_0
TRACE::2024-12-06.18:22:05::SCWPlatform::Found the Hw Db part of the input DSA
TRACE::2024-12-06.18:22:05::SCWMssOS::Checking the sw design at  /home/sean/Downloads/git/ECE385_FP/lab6_2_redo/workspace/mb_usb_hdmi_top/microblaze_0/standalone_microblaze_0/bsp/system.mss
TRACE::2024-12-06.18:22:05::SCWMssOS::DEBUG:  swdes dump  /home/sean/Downloads/git/ECE385_FP/lab6_2_redo/workspace/mb_usb_hdmi_top/microblaze_0/standalone_microblaze_0/bsp/system.mss|system||

TRACE::2024-12-06.18:22:05::SCWMssOS::Sw design exists and opened at  /home/sean/Downloads/git/ECE385_FP/lab6_2_redo/workspace/mb_usb_hdmi_top/microblaze_0/standalone_microblaze_0/bsp/system.mss
TRACE::2024-12-06.18:22:05::SCWWriter::formatted JSON is {
	"platformName":	"mb_usb_hdmi_top",
	"sprVersion":	"2.0",
	"mode":	"gui",
	"dsaType":	"Fixed",
	"platformDesc":	"mb_usb_hdmi_top",
	"platHandOff":	"/home/sean/Downloads/git/ECE385_FP/lab6_2_redo/mb_usb_hdmi_top.xsa",
	"platIntHandOff":	"<platformDir>/hw/mb_usb_hdmi_top.xsa",
	"deviceType":	"FPGA",
	"platIsPrebuiltAutogen":	"false",
	"platIsNoBootBsp":	"false",
	"hasFsblMakeHasChanges":	"false",
	"hasPmufwMakeHasChanges":	"false",
	"platPreBuiltFlag":	false,
	"platformSamplesDir":	"",
	"platActiveSys":	"mb_usb_hdmi_top",
	"systems":	[{
			"systemName":	"mb_usb_hdmi_top",
			"systemDesc":	"mb_usb_hdmi_top",
			"sysIsBootAutoGen":	"true",
			"systemDispName":	"mb_usb_hdmi_top",
			"sysActiveDom":	"standalone_microblaze_0",
			"sysDefaultDom":	"standalone_microblaze_0",
			"domains":	[{
					"domainName":	"standalone_microblaze_0",
					"domainDispName":	"standalone_microblaze_0",
					"domainDesc":	"standalone_microblaze_0",
					"processors":	"microblaze_0",
					"os":	"standalone",
					"sdxOs":	"standalone",
					"debugEnable":	"False",
					"domRuntimes":	["cpp"],
					"swRepo":	"",
					"mssOsVer":	"8.0",
					"mssFile":	"",
					"md5Digest":	"d42b97a3d2ad9274514bdbac3aafaab0",
					"compatibleApp":	"hello_world",
					"domType":	"mssDomain",
					"arch":	"32-bit",
					"appSettings":	{
						"appCompilerFlags":	"",
						"appLinkerFlags":	""
					},
					"addedLibs":	[],
					"libOptions":	{
						"libsContainingOptions":	[]
					},
					"prebuiltLibs":	{
						"prebuiltIncPath":	[],
						"prebuiltLibPath":	[]
					},
					"isolation":	{
					}
				}]
		}]
}
LOG::2024-12-06.18:22:05::SCWPlatform::Started generating the artifacts platform mb_usb_hdmi_top
TRACE::2024-12-06.18:22:05::SCWPlatform::Sanity checking of platform is completed
LOG::2024-12-06.18:22:05::SCWPlatform::Started generating the artifacts for system configuration mb_usb_hdmi_top
LOG::2024-12-06.18:22:05::SCWSystem::Started Processing the domain standalone_microblaze_0
TRACE::2024-12-06.18:22:05::SCWDomain::Generating domain artifcats
TRACE::2024-12-06.18:22:05::SCWMssOS::Generating standalone artifcats
TRACE::2024-12-06.18:22:05::SCWMssOS:: Copying the user libraries. 
TRACE::2024-12-06.18:22:05::SCWPlatform::Trying to open the hw design at /home/sean/Downloads/git/ECE385_FP/lab6_2_redo/workspace/mb_usb_hdmi_top/hw/mb_usb_hdmi_top.xsa
TRACE::2024-12-06.18:22:05::SCWPlatform::DSA given /home/sean/Downloads/git/ECE385_FP/lab6_2_redo/workspace/mb_usb_hdmi_top/hw/mb_usb_hdmi_top.xsa
TRACE::2024-12-06.18:22:05::SCWPlatform::DSA absoulate path /home/sean/Downloads/git/ECE385_FP/lab6_2_redo/workspace/mb_usb_hdmi_top/hw/mb_usb_hdmi_top.xsa
TRACE::2024-12-06.18:22:05::SCWPlatform::DSA directory /home/sean/Downloads/git/ECE385_FP/lab6_2_redo/workspace/mb_usb_hdmi_top/hw
TRACE::2024-12-06.18:22:05::SCWPlatform:: Platform Path /home/sean/Downloads/git/ECE385_FP/lab6_2_redo/workspace/mb_usb_hdmi_top/hw/mb_usb_hdmi_top.xsa
TRACE::2024-12-06.18:22:05::SCWPlatform:: Unique name xilinx:::0.0
TRACE::2024-12-06.18:22:05::SCWPlatform::Trying to set the existing hwdb with name mb_usb_hdmi_top_0
TRACE::2024-12-06.18:22:05::SCWPlatform::Opened existing hwdb mb_usb_hdmi_top_0
TRACE::2024-12-06.18:22:05::SCWPlatform::Found the Hw Db part of the input DSA
TRACE::2024-12-06.18:22:05::SCWMssOS::Checking the sw design at  /home/sean/Downloads/git/ECE385_FP/lab6_2_redo/workspace/mb_usb_hdmi_top/microblaze_0/standalone_microblaze_0/bsp/system.mss
TRACE::2024-12-06.18:22:05::SCWMssOS::DEBUG:  swdes dump  /home/sean/Downloads/git/ECE385_FP/lab6_2_redo/workspace/mb_usb_hdmi_top/microblaze_0/standalone_microblaze_0/bsp/system.mss|system||

TRACE::2024-12-06.18:22:05::SCWMssOS::Sw design exists and opened at  /home/sean/Downloads/git/ECE385_FP/lab6_2_redo/workspace/mb_usb_hdmi_top/microblaze_0/standalone_microblaze_0/bsp/system.mss
TRACE::2024-12-06.18:22:05::SCWMssOS::Completed writing the mss file at /home/sean/Downloads/git/ECE385_FP/lab6_2_redo/workspace/mb_usb_hdmi_top/microblaze_0/standalone_microblaze_0/bsp
TRACE::2024-12-06.18:22:05::SCWMssOS::Mss edits present, copying mssfile into export location /home/sean/Downloads/git/ECE385_FP/lab6_2_redo/workspace/mb_usb_hdmi_top/microblaze_0/standalone_microblaze_0/bsp/system.mss
TRACE::2024-12-06.18:22:05::SCWMssOS::bsp generated is upto date with the mss file. Skipping bsp generation.
TRACE::2024-12-06.18:22:05::SCWMssOS::BSP is already built. skipping the bsp build ... 
TRACE::2024-12-06.18:22:05::SCWDomain::Building the domain as part of full build :  standalone_microblaze_0
TRACE::2024-12-06.18:22:05::SCWMssOS::skipping the bsp build ... 
TRACE::2024-12-06.18:22:05::SCWMssOS::Copying to export directory.
TRACE::2024-12-06.18:22:05::SCWMssOS:: Checking if to create the Supporting Applications
TRACE::2024-12-06.18:22:05::SCWMssOS:: No Linux domain exists, trying to generate FSBL 
LOG::2024-12-06.18:22:05::SCWSystem::Completed Processing the domain standalone_microblaze_0
LOG::2024-12-06.18:22:05::SCWSystem::Completed Processing the sysconfig mb_usb_hdmi_top
LOG::2024-12-06.18:22:05::SCWPlatform::Completed generating the artifacts for system configuration mb_usb_hdmi_top
TRACE::2024-12-06.18:22:05::SCWPlatform::Started preparing the platform 
TRACE::2024-12-06.18:22:05::SCWSystem::Writing the bif file for system config mb_usb_hdmi_top
TRACE::2024-12-06.18:22:05::SCWSystem::dir created 
TRACE::2024-12-06.18:22:05::SCWSystem::Writing the bif 
TRACE::2024-12-06.18:22:05::SCWPlatform::Started writing the spfm file 
TRACE::2024-12-06.18:22:05::SCWPlatform::Started writing the xpfm file 
TRACE::2024-12-06.18:22:05::SCWPlatform::Completed generating the platform
TRACE::2024-12-06.18:22:05::SCWMssOS::Saving the mss changes /home/sean/Downloads/git/ECE385_FP/lab6_2_redo/workspace/mb_usb_hdmi_top/microblaze_0/standalone_microblaze_0/bsp/system.mss
TRACE::2024-12-06.18:22:05::SCWMssOS::Found a swdesign opened with the mssfile.
TRACE::2024-12-06.18:22:05::SCWMssOS::Completed writemss as part of save.
TRACE::2024-12-06.18:22:05::SCWMssOS::Commit changes completed.
TRACE::2024-12-06.18:22:05::SCWPlatform::Trying to open the hw design at /home/sean/Downloads/git/ECE385_FP/lab6_2_redo/workspace/mb_usb_hdmi_top/hw/mb_usb_hdmi_top.xsa
TRACE::2024-12-06.18:22:05::SCWPlatform::DSA given /home/sean/Downloads/git/ECE385_FP/lab6_2_redo/workspace/mb_usb_hdmi_top/hw/mb_usb_hdmi_top.xsa
TRACE::2024-12-06.18:22:05::SCWPlatform::DSA absoulate path /home/sean/Downloads/git/ECE385_FP/lab6_2_redo/workspace/mb_usb_hdmi_top/hw/mb_usb_hdmi_top.xsa
TRACE::2024-12-06.18:22:05::SCWPlatform::DSA directory /home/sean/Downloads/git/ECE385_FP/lab6_2_redo/workspace/mb_usb_hdmi_top/hw
TRACE::2024-12-06.18:22:05::SCWPlatform:: Platform Path /home/sean/Downloads/git/ECE385_FP/lab6_2_redo/workspace/mb_usb_hdmi_top/hw/mb_usb_hdmi_top.xsa
TRACE::2024-12-06.18:22:05::SCWPlatform:: Unique name xilinx:::0.0
TRACE::2024-12-06.18:22:05::SCWPlatform::Trying to set the existing hwdb with name mb_usb_hdmi_top_0
TRACE::2024-12-06.18:22:05::SCWPlatform::Opened existing hwdb mb_usb_hdmi_top_0
TRACE::2024-12-06.18:22:05::SCWPlatform::Found the Hw Db part of the input DSA
TRACE::2024-12-06.18:22:05::SCWMssOS::Checking the sw design at  /home/sean/Downloads/git/ECE385_FP/lab6_2_redo/workspace/mb_usb_hdmi_top/microblaze_0/standalone_microblaze_0/bsp/system.mss
TRACE::2024-12-06.18:22:05::SCWMssOS::DEBUG:  swdes dump  /home/sean/Downloads/git/ECE385_FP/lab6_2_redo/workspace/mb_usb_hdmi_top/microblaze_0/standalone_microblaze_0/bsp/system.mss|system||

TRACE::2024-12-06.18:22:05::SCWMssOS::Sw design exists and opened at  /home/sean/Downloads/git/ECE385_FP/lab6_2_redo/workspace/mb_usb_hdmi_top/microblaze_0/standalone_microblaze_0/bsp/system.mss
TRACE::2024-12-06.18:22:05::SCWPlatform::Trying to open the hw design at /home/sean/Downloads/git/ECE385_FP/lab6_2_redo/workspace/mb_usb_hdmi_top/hw/mb_usb_hdmi_top.xsa
TRACE::2024-12-06.18:22:05::SCWPlatform::DSA given /home/sean/Downloads/git/ECE385_FP/lab6_2_redo/workspace/mb_usb_hdmi_top/hw/mb_usb_hdmi_top.xsa
TRACE::2024-12-06.18:22:05::SCWPlatform::DSA absoulate path /home/sean/Downloads/git/ECE385_FP/lab6_2_redo/workspace/mb_usb_hdmi_top/hw/mb_usb_hdmi_top.xsa
TRACE::2024-12-06.18:22:05::SCWPlatform::DSA directory /home/sean/Downloads/git/ECE385_FP/lab6_2_redo/workspace/mb_usb_hdmi_top/hw
TRACE::2024-12-06.18:22:05::SCWPlatform:: Platform Path /home/sean/Downloads/git/ECE385_FP/lab6_2_redo/workspace/mb_usb_hdmi_top/hw/mb_usb_hdmi_top.xsa
TRACE::2024-12-06.18:22:05::SCWPlatform:: Unique name xilinx:::0.0
TRACE::2024-12-06.18:22:05::SCWPlatform::Trying to set the existing hwdb with name mb_usb_hdmi_top_0
TRACE::2024-12-06.18:22:05::SCWPlatform::Opened existing hwdb mb_usb_hdmi_top_0
TRACE::2024-12-06.18:22:05::SCWPlatform::Found the Hw Db part of the input DSA
TRACE::2024-12-06.18:22:05::SCWMssOS::Checking the sw design at  /home/sean/Downloads/git/ECE385_FP/lab6_2_redo/workspace/mb_usb_hdmi_top/microblaze_0/standalone_microblaze_0/bsp/system.mss
TRACE::2024-12-06.18:22:05::SCWMssOS::DEBUG:  swdes dump  /home/sean/Downloads/git/ECE385_FP/lab6_2_redo/workspace/mb_usb_hdmi_top/microblaze_0/standalone_microblaze_0/bsp/system.mss|system||

TRACE::2024-12-06.18:22:05::SCWMssOS::Sw design exists and opened at  /home/sean/Downloads/git/ECE385_FP/lab6_2_redo/workspace/mb_usb_hdmi_top/microblaze_0/standalone_microblaze_0/bsp/system.mss
TRACE::2024-12-06.18:22:05::SCWPlatform::Trying to open the hw design at /home/sean/Downloads/git/ECE385_FP/lab6_2_redo/workspace/mb_usb_hdmi_top/hw/mb_usb_hdmi_top.xsa
TRACE::2024-12-06.18:22:05::SCWPlatform::DSA given /home/sean/Downloads/git/ECE385_FP/lab6_2_redo/workspace/mb_usb_hdmi_top/hw/mb_usb_hdmi_top.xsa
TRACE::2024-12-06.18:22:05::SCWPlatform::DSA absoulate path /home/sean/Downloads/git/ECE385_FP/lab6_2_redo/workspace/mb_usb_hdmi_top/hw/mb_usb_hdmi_top.xsa
TRACE::2024-12-06.18:22:05::SCWPlatform::DSA directory /home/sean/Downloads/git/ECE385_FP/lab6_2_redo/workspace/mb_usb_hdmi_top/hw
TRACE::2024-12-06.18:22:05::SCWPlatform:: Platform Path /home/sean/Downloads/git/ECE385_FP/lab6_2_redo/workspace/mb_usb_hdmi_top/hw/mb_usb_hdmi_top.xsa
TRACE::2024-12-06.18:22:05::SCWPlatform:: Unique name xilinx:::0.0
TRACE::2024-12-06.18:22:05::SCWPlatform::Trying to set the existing hwdb with name mb_usb_hdmi_top_0
TRACE::2024-12-06.18:22:05::SCWPlatform::Opened existing hwdb mb_usb_hdmi_top_0
TRACE::2024-12-06.18:22:05::SCWPlatform::Found the Hw Db part of the input DSA
TRACE::2024-12-06.18:22:05::SCWMssOS::Checking the sw design at  /home/sean/Downloads/git/ECE385_FP/lab6_2_redo/workspace/mb_usb_hdmi_top/microblaze_0/standalone_microblaze_0/bsp/system.mss
TRACE::2024-12-06.18:22:05::SCWMssOS::DEBUG:  swdes dump  /home/sean/Downloads/git/ECE385_FP/lab6_2_redo/workspace/mb_usb_hdmi_top/microblaze_0/standalone_microblaze_0/bsp/system.mss|system||

TRACE::2024-12-06.18:22:05::SCWMssOS::Sw design exists and opened at  /home/sean/Downloads/git/ECE385_FP/lab6_2_redo/workspace/mb_usb_hdmi_top/microblaze_0/standalone_microblaze_0/bsp/system.mss
TRACE::2024-12-06.18:22:05::SCWWriter::formatted JSON is {
	"platformName":	"mb_usb_hdmi_top",
	"sprVersion":	"2.0",
	"mode":	"gui",
	"dsaType":	"Fixed",
	"platformDesc":	"mb_usb_hdmi_top",
	"platHandOff":	"/home/sean/Downloads/git/ECE385_FP/lab6_2_redo/mb_usb_hdmi_top.xsa",
	"platIntHandOff":	"<platformDir>/hw/mb_usb_hdmi_top.xsa",
	"deviceType":	"FPGA",
	"platIsPrebuiltAutogen":	"false",
	"platIsNoBootBsp":	"false",
	"hasFsblMakeHasChanges":	"false",
	"hasPmufwMakeHasChanges":	"false",
	"platPreBuiltFlag":	false,
	"platformSamplesDir":	"",
	"platActiveSys":	"mb_usb_hdmi_top",
	"systems":	[{
			"systemName":	"mb_usb_hdmi_top",
			"systemDesc":	"mb_usb_hdmi_top",
			"sysIsBootAutoGen":	"true",
			"systemDispName":	"mb_usb_hdmi_top",
			"sysActiveDom":	"standalone_microblaze_0",
			"sysDefaultDom":	"standalone_microblaze_0",
			"domains":	[{
					"domainName":	"standalone_microblaze_0",
					"domainDispName":	"standalone_microblaze_0",
					"domainDesc":	"standalone_microblaze_0",
					"processors":	"microblaze_0",
					"os":	"standalone",
					"sdxOs":	"standalone",
					"debugEnable":	"False",
					"domRuntimes":	["cpp"],
					"swRepo":	"",
					"mssOsVer":	"8.0",
					"mssFile":	"",
					"md5Digest":	"d42b97a3d2ad9274514bdbac3aafaab0",
					"compatibleApp":	"hello_world",
					"domType":	"mssDomain",
					"arch":	"32-bit",
					"appSettings":	{
						"appCompilerFlags":	"",
						"appLinkerFlags":	""
					},
					"addedLibs":	[],
					"libOptions":	{
						"libsContainingOptions":	[]
					},
					"prebuiltLibs":	{
						"prebuiltIncPath":	[],
						"prebuiltLibPath":	[]
					},
					"isolation":	{
					}
				}]
		}]
}
KEYINFO::2024-12-06.18:22:05::SCWPlatform::updated the xpfm file.
LOG::2024-12-06.18:23:44::SCWPlatform::Started generating the artifacts platform mb_usb_hdmi_top
TRACE::2024-12-06.18:23:44::SCWPlatform::Sanity checking of platform is completed
LOG::2024-12-06.18:23:44::SCWPlatform::Started generating the artifacts for system configuration mb_usb_hdmi_top
LOG::2024-12-06.18:23:44::SCWSystem::Checking the domain standalone_microblaze_0
LOG::2024-12-06.18:23:44::SCWSystem::Not a boot domain 
LOG::2024-12-06.18:23:44::SCWSystem::Started Processing the domain standalone_microblaze_0
TRACE::2024-12-06.18:23:44::SCWDomain::Generating domain artifcats
TRACE::2024-12-06.18:23:44::SCWMssOS::Generating standalone artifcats
TRACE::2024-12-06.18:23:44::SCWMssOS:: Copying the user libraries. 
TRACE::2024-12-06.18:23:44::SCWPlatform::Trying to open the hw design at /home/sean/Downloads/git/ECE385_FP/lab6_2_redo/workspace/mb_usb_hdmi_top/hw/mb_usb_hdmi_top.xsa
TRACE::2024-12-06.18:23:44::SCWPlatform::DSA given /home/sean/Downloads/git/ECE385_FP/lab6_2_redo/workspace/mb_usb_hdmi_top/hw/mb_usb_hdmi_top.xsa
TRACE::2024-12-06.18:23:44::SCWPlatform::DSA absoulate path /home/sean/Downloads/git/ECE385_FP/lab6_2_redo/workspace/mb_usb_hdmi_top/hw/mb_usb_hdmi_top.xsa
TRACE::2024-12-06.18:23:44::SCWPlatform::DSA directory /home/sean/Downloads/git/ECE385_FP/lab6_2_redo/workspace/mb_usb_hdmi_top/hw
TRACE::2024-12-06.18:23:44::SCWPlatform:: Platform Path /home/sean/Downloads/git/ECE385_FP/lab6_2_redo/workspace/mb_usb_hdmi_top/hw/mb_usb_hdmi_top.xsa
TRACE::2024-12-06.18:23:44::SCWPlatform:: Unique name xilinx:::0.0
TRACE::2024-12-06.18:23:44::SCWPlatform::Trying to set the existing hwdb with name mb_usb_hdmi_top_0
TRACE::2024-12-06.18:23:44::SCWPlatform::Opened existing hwdb mb_usb_hdmi_top_0
TRACE::2024-12-06.18:23:44::SCWPlatform::Found the Hw Db part of the input DSA
TRACE::2024-12-06.18:23:44::SCWMssOS::Checking the sw design at  /home/sean/Downloads/git/ECE385_FP/lab6_2_redo/workspace/mb_usb_hdmi_top/microblaze_0/standalone_microblaze_0/bsp/system.mss
TRACE::2024-12-06.18:23:44::SCWMssOS::DEBUG:  swdes dump  /home/sean/Downloads/git/ECE385_FP/lab6_2_redo/workspace/mb_usb_hdmi_top/microblaze_0/standalone_microblaze_0/bsp/system.mss|system||

TRACE::2024-12-06.18:23:44::SCWMssOS::Sw design exists and opened at  /home/sean/Downloads/git/ECE385_FP/lab6_2_redo/workspace/mb_usb_hdmi_top/microblaze_0/standalone_microblaze_0/bsp/system.mss
TRACE::2024-12-06.18:23:44::SCWMssOS::Completed writing the mss file at /home/sean/Downloads/git/ECE385_FP/lab6_2_redo/workspace/mb_usb_hdmi_top/microblaze_0/standalone_microblaze_0/bsp
TRACE::2024-12-06.18:23:44::SCWMssOS::Mss edits present, copying mssfile into export location /home/sean/Downloads/git/ECE385_FP/lab6_2_redo/workspace/mb_usb_hdmi_top/microblaze_0/standalone_microblaze_0/bsp/system.mss
TRACE::2024-12-06.18:23:44::SCWMssOS::bsp generated is upto date with the mss file. Skipping bsp generation.
TRACE::2024-12-06.18:23:44::SCWMssOS::BSP is already built. skipping the bsp build ... 
TRACE::2024-12-06.18:23:44::SCWDomain::Building the domain as part of full build :  standalone_microblaze_0
TRACE::2024-12-06.18:23:44::SCWMssOS::doing bsp build ... 
TRACE::2024-12-06.18:23:44::SCWMssOS::System Command Ran  cd  /home/sean/Downloads/git/ECE385_FP/lab6_2_redo/workspace/mb_usb_hdmi_top/microblaze_0/standalone_microblaze_0/bsp ; bash -c "make  " 
TRACE::2024-12-06.18:23:44::SCWMssOS::make --no-print-directory seq_libs

TRACE::2024-12-06.18:23:44::SCWMssOS::Finished building libraries sequentially.

TRACE::2024-12-06.18:23:44::SCWMssOS::make -j 30 --no-print-directory par_libs

TRACE::2024-12-06.18:23:44::SCWMssOS::Running Make include in microblaze_0/libsrc/bram_v4_8/src

TRACE::2024-12-06.18:23:44::SCWMssOS::Running Make include in microblaze_0/libsrc/cpu_v2_16/src

TRACE::2024-12-06.18:23:44::SCWMssOS::Running Make include in microblaze_0/libsrc/gpio_v4_9/src

TRACE::2024-12-06.18:23:44::SCWMssOS::make -C microblaze_0/libsrc/cpu_v2_16/src -s include  "SHELL=/bin/sh" "COMPILER=mb-gcc" "ASSEMBLER=mb-as" "ARCHIVER=mb-ar" "COM
TRACE::2024-12-06.18:23:44::SCWMssOS::PILER_FLAGS=  -O2 -c -mcpu=v11.0 -mlittle-endian -mno-xl-reorder -mno-xl-soft-mul -mxl-barrel-shift -mxl-pattern-compare" "EXTR
TRACE::2024-12-06.18:23:44::SCWMssOS::A_COMPILER_FLAGS=-g -ffunction-sections -fdata-sections -Wall -Wextra -fno-tree-loop-distribute-patterns"

TRACE::2024-12-06.18:23:44::SCWMssOS::make -C microblaze_0/libsrc/bram_v4_8/src -s include  "SHELL=/bin/sh" "COMPILER=mb-gcc" "ASSEMBLER=mb-as" "ARCHIVER=mb-ar" "COM
TRACE::2024-12-06.18:23:44::SCWMssOS::PILER_FLAGS=  -O2 -c -mcpu=v11.0 -mlittle-endian -mno-xl-reorder -mno-xl-soft-mul -mxl-barrel-shift -mxl-pattern-compare" "EXTR
TRACE::2024-12-06.18:23:44::SCWMssOS::A_COMPILER_FLAGS=-g -ffunction-sections -fdata-sections -Wall -Wextra -fno-tree-loop-distribute-patterns"

TRACE::2024-12-06.18:23:44::SCWMssOS::Running Make include in microblaze_0/libsrc/intc_v3_15/src

TRACE::2024-12-06.18:23:44::SCWMssOS::make -C microblaze_0/libsrc/gpio_v4_9/src -s include  "SHELL=/bin/sh" "COMPILER=mb-gcc" "ASSEMBLER=mb-as" "ARCHIVER=mb-ar" "COM
TRACE::2024-12-06.18:23:44::SCWMssOS::PILER_FLAGS=  -O2 -c -mcpu=v11.0 -mlittle-endian -mno-xl-reorder -mno-xl-soft-mul -mxl-barrel-shift -mxl-pattern-compare" "EXTR
TRACE::2024-12-06.18:23:44::SCWMssOS::A_COMPILER_FLAGS=-g -ffunction-sections -fdata-sections -Wall -Wextra -fno-tree-loop-distribute-patterns"

TRACE::2024-12-06.18:23:44::SCWMssOS::Running Make include in microblaze_0/libsrc/spi_v4_9/src

TRACE::2024-12-06.18:23:44::SCWMssOS::make -C microblaze_0/libsrc/intc_v3_15/src -s include  "SHELL=/bin/sh" "COMPILER=mb-gcc" "ASSEMBLER=mb-as" "ARCHIVER=mb-ar" "CO
TRACE::2024-12-06.18:23:44::SCWMssOS::MPILER_FLAGS=  -O2 -c -mcpu=v11.0 -mlittle-endian -mno-xl-reorder -mno-xl-soft-mul -mxl-barrel-shift -mxl-pattern-compare" "EXT
TRACE::2024-12-06.18:23:44::SCWMssOS::RA_COMPILER_FLAGS=-g -ffunction-sections -fdata-sections -Wall -Wextra -fno-tree-loop-distribute-patterns"

TRACE::2024-12-06.18:23:44::SCWMssOS::make -C microblaze_0/libsrc/spi_v4_9/src -s include  "SHELL=/bin/sh" "COMPILER=mb-gcc" "ASSEMBLER=mb-as" "ARCHIVER=mb-ar" "COMP
TRACE::2024-12-06.18:23:44::SCWMssOS::ILER_FLAGS=  -O2 -c -mcpu=v11.0 -mlittle-endian -mno-xl-reorder -mno-xl-soft-mul -mxl-barrel-shift -mxl-pattern-compare" "EXTRA
TRACE::2024-12-06.18:23:44::SCWMssOS::_COMPILER_FLAGS=-g -ffunction-sections -fdata-sections -Wall -Wextra -fno-tree-loop-distribute-patterns"

TRACE::2024-12-06.18:23:44::SCWMssOS::Running Make include in microblaze_0/libsrc/tmrctr_v4_9/src

TRACE::2024-12-06.18:23:44::SCWMssOS::Running Make include in microblaze_0/libsrc/standalone_v8_0/src

TRACE::2024-12-06.18:23:44::SCWMssOS::make -C microblaze_0/libsrc/tmrctr_v4_9/src -s include  "SHELL=/bin/sh" "COMPILER=mb-gcc" "ASSEMBLER=mb-as" "ARCHIVER=mb-ar" "C
TRACE::2024-12-06.18:23:44::SCWMssOS::OMPILER_FLAGS=  -O2 -c -mcpu=v11.0 -mlittle-endian -mno-xl-reorder -mno-xl-soft-mul -mxl-barrel-shift -mxl-pattern-compare" "EX
TRACE::2024-12-06.18:23:44::SCWMssOS::TRA_COMPILER_FLAGS=-g -ffunction-sections -fdata-sections -Wall -Wextra -fno-tree-loop-distribute-patterns"

TRACE::2024-12-06.18:23:44::SCWMssOS::Running Make include in microblaze_0/libsrc/uartlite_v3_7/src

TRACE::2024-12-06.18:23:44::SCWMssOS::make -C microblaze_0/libsrc/standalone_v8_0/src -s include  "SHELL=/bin/sh" "COMPILER=mb-gcc" "ASSEMBLER=mb-as" "ARCHIVER=mb-ar
TRACE::2024-12-06.18:23:44::SCWMssOS::" "COMPILER_FLAGS=  -O2 -c -mcpu=v11.0 -mlittle-endian -mno-xl-reorder -mno-xl-soft-mul -mxl-barrel-shift -mxl-pattern-compare"
TRACE::2024-12-06.18:23:44::SCWMssOS:: "EXTRA_COMPILER_FLAGS=-g -ffunction-sections -fdata-sections -Wall -Wextra -fno-tree-loop-distribute-patterns"

TRACE::2024-12-06.18:23:44::SCWMssOS::make -C microblaze_0/libsrc/uartlite_v3_7/src -s include  "SHELL=/bin/sh" "COMPILER=mb-gcc" "ASSEMBLER=mb-as" "ARCHIVER=mb-ar" 
TRACE::2024-12-06.18:23:44::SCWMssOS::"COMPILER_FLAGS=  -O2 -c -mcpu=v11.0 -mlittle-endian -mno-xl-reorder -mno-xl-soft-mul -mxl-barrel-shift -mxl-pattern-compare" "
TRACE::2024-12-06.18:23:44::SCWMssOS::EXTRA_COMPILER_FLAGS=-g -ffunction-sections -fdata-sections -Wall -Wextra -fno-tree-loop-distribute-patterns"

TRACE::2024-12-06.18:23:44::SCWMssOS::Running Make libs in microblaze_0/libsrc/cpu_v2_16/src

TRACE::2024-12-06.18:23:44::SCWMssOS::Running Make libs in microblaze_0/libsrc/bram_v4_8/src

TRACE::2024-12-06.18:23:44::SCWMssOS::Running Make libs in microblaze_0/libsrc/gpio_v4_9/src

TRACE::2024-12-06.18:23:44::SCWMssOS::make -C microblaze_0/libsrc/cpu_v2_16/src -s libs  "SHELL=/bin/sh" "COMPILER=mb-gcc" "ASSEMBLER=mb-as" "ARCHIVER=mb-ar" "COMPIL
TRACE::2024-12-06.18:23:44::SCWMssOS::ER_FLAGS=  -O2 -c -mcpu=v11.0 -mlittle-endian -mno-xl-reorder -mno-xl-soft-mul -mxl-barrel-shift -mxl-pattern-compare" "EXTRA_C
TRACE::2024-12-06.18:23:44::SCWMssOS::OMPILER_FLAGS=-g -ffunction-sections -fdata-sections -Wall -Wextra -fno-tree-loop-distribute-patterns"

TRACE::2024-12-06.18:23:44::SCWMssOS::Running Make libs in microblaze_0/libsrc/intc_v3_15/src

TRACE::2024-12-06.18:23:44::SCWMssOS::make -C microblaze_0/libsrc/bram_v4_8/src -s libs  "SHELL=/bin/sh" "COMPILER=mb-gcc" "ASSEMBLER=mb-as" "ARCHIVER=mb-ar" "COMPIL
TRACE::2024-12-06.18:23:44::SCWMssOS::ER_FLAGS=  -O2 -c -mcpu=v11.0 -mlittle-endian -mno-xl-reorder -mno-xl-soft-mul -mxl-barrel-shift -mxl-pattern-compare" "EXTRA_C
TRACE::2024-12-06.18:23:44::SCWMssOS::OMPILER_FLAGS=-g -ffunction-sections -fdata-sections -Wall -Wextra -fno-tree-loop-distribute-patterns"

TRACE::2024-12-06.18:23:44::SCWMssOS::make -C microblaze_0/libsrc/gpio_v4_9/src -s libs  "SHELL=/bin/sh" "COMPILER=mb-gcc" "ASSEMBLER=mb-as" "ARCHIVER=mb-ar" "COMPIL
TRACE::2024-12-06.18:23:44::SCWMssOS::ER_FLAGS=  -O2 -c -mcpu=v11.0 -mlittle-endian -mno-xl-reorder -mno-xl-soft-mul -mxl-barrel-shift -mxl-pattern-compare" "EXTRA_C
TRACE::2024-12-06.18:23:44::SCWMssOS::OMPILER_FLAGS=-g -ffunction-sections -fdata-sections -Wall -Wextra -fno-tree-loop-distribute-patterns"

TRACE::2024-12-06.18:23:44::SCWMssOS::Running Make libs in microblaze_0/libsrc/spi_v4_9/src

TRACE::2024-12-06.18:23:44::SCWMssOS::make -C microblaze_0/libsrc/intc_v3_15/src -s libs  "SHELL=/bin/sh" "COMPILER=mb-gcc" "ASSEMBLER=mb-as" "ARCHIVER=mb-ar" "COMPI
TRACE::2024-12-06.18:23:44::SCWMssOS::LER_FLAGS=  -O2 -c -mcpu=v11.0 -mlittle-endian -mno-xl-reorder -mno-xl-soft-mul -mxl-barrel-shift -mxl-pattern-compare" "EXTRA_
TRACE::2024-12-06.18:23:44::SCWMssOS::COMPILER_FLAGS=-g -ffunction-sections -fdata-sections -Wall -Wextra -fno-tree-loop-distribute-patterns"

TRACE::2024-12-06.18:23:44::SCWMssOS::make -C microblaze_0/libsrc/spi_v4_9/src -s libs  "SHELL=/bin/sh" "COMPILER=mb-gcc" "ASSEMBLER=mb-as" "ARCHIVER=mb-ar" "COMPILE
TRACE::2024-12-06.18:23:44::SCWMssOS::R_FLAGS=  -O2 -c -mcpu=v11.0 -mlittle-endian -mno-xl-reorder -mno-xl-soft-mul -mxl-barrel-shift -mxl-pattern-compare" "EXTRA_CO
TRACE::2024-12-06.18:23:44::SCWMssOS::MPILER_FLAGS=-g -ffunction-sections -fdata-sections -Wall -Wextra -fno-tree-loop-distribute-patterns"

TRACE::2024-12-06.18:23:44::SCWMssOS::Running Make libs in microblaze_0/libsrc/standalone_v8_0/src

TRACE::2024-12-06.18:23:44::SCWMssOS::Running Make libs in microblaze_0/libsrc/tmrctr_v4_9/src

TRACE::2024-12-06.18:23:44::SCWMssOS::make -C microblaze_0/libsrc/standalone_v8_0/src -s libs  "SHELL=/bin/sh" "COMPILER=mb-gcc" "ASSEMBLER=mb-as" "ARCHIVER=mb-ar" "
TRACE::2024-12-06.18:23:44::SCWMssOS::COMPILER_FLAGS=  -O2 -c -mcpu=v11.0 -mlittle-endian -mno-xl-reorder -mno-xl-soft-mul -mxl-barrel-shift -mxl-pattern-compare" "E
TRACE::2024-12-06.18:23:44::SCWMssOS::XTRA_COMPILER_FLAGS=-g -ffunction-sections -fdata-sections -Wall -Wextra -fno-tree-loop-distribute-patterns"

TRACE::2024-12-06.18:23:44::SCWMssOS::Running Make libs in microblaze_0/libsrc/uartlite_v3_7/src

TRACE::2024-12-06.18:23:44::SCWMssOS::make -C microblaze_0/libsrc/tmrctr_v4_9/src -s libs  "SHELL=/bin/sh" "COMPILER=mb-gcc" "ASSEMBLER=mb-as" "ARCHIVER=mb-ar" "COMP
TRACE::2024-12-06.18:23:44::SCWMssOS::ILER_FLAGS=  -O2 -c -mcpu=v11.0 -mlittle-endian -mno-xl-reorder -mno-xl-soft-mul -mxl-barrel-shift -mxl-pattern-compare" "EXTRA
TRACE::2024-12-06.18:23:44::SCWMssOS::_COMPILER_FLAGS=-g -ffunction-sections -fdata-sections -Wall -Wextra -fno-tree-loop-distribute-patterns"

TRACE::2024-12-06.18:23:44::SCWMssOS::make -C microblaze_0/libsrc/uartlite_v3_7/src -s libs  "SHELL=/bin/sh" "COMPILER=mb-gcc" "ASSEMBLER=mb-as" "ARCHIVER=mb-ar" "CO
TRACE::2024-12-06.18:23:44::SCWMssOS::MPILER_FLAGS=  -O2 -c -mcpu=v11.0 -mlittle-endian -mno-xl-reorder -mno-xl-soft-mul -mxl-barrel-shift -mxl-pattern-compare" "EXT
TRACE::2024-12-06.18:23:44::SCWMssOS::RA_COMPILER_FLAGS=-g -ffunction-sections -fdata-sections -Wall -Wextra -fno-tree-loop-distribute-patterns"

TRACE::2024-12-06.18:23:44::SCWMssOS::DEBUG NON_LTO_OBJECTS is ../../../lib/microblaze_interrupt_handler.o

TRACE::2024-12-06.18:23:44::SCWMssOS::Finished building libraries parallelly.

TRACE::2024-12-06.18:23:44::SCWMssOS::make --no-print-directory archive

TRACE::2024-12-06.18:23:44::SCWMssOS::mb-ar -r  microblaze_0/lib/libxil.a microblaze_0/lib/_exit.o microblaze_0/lib/errno.o microblaze_0/lib/fcntl.o microblaze_0/lib
TRACE::2024-12-06.18:23:44::SCWMssOS::/hw_exception_handler.o microblaze_0/lib/inbyte.o microblaze_0/lib/microblaze_disable_dcache.o microblaze_0/lib/microblaze_disa
TRACE::2024-12-06.18:23:44::SCWMssOS::ble_exceptions.o microblaze_0/lib/microblaze_disable_icache.o microblaze_0/lib/microblaze_disable_interrupts.o microblaze_0/lib
TRACE::2024-12-06.18:23:44::SCWMssOS::/microblaze_enable_dcache.o microblaze_0/lib/microblaze_enable_exceptions.o microblaze_0/lib/microblaze_enable_icache.o microbl
TRACE::2024-12-06.18:23:44::SCWMssOS::aze_0/lib/microblaze_enable_interrupts.o microblaze_0/lib/microblaze_exception_handler.o microblaze_0/lib/microblaze_flush_cach
TRACE::2024-12-06.18:23:44::SCWMssOS::e_ext.o microblaze_0/lib/microblaze_flush_cache_ext_range.o microblaze_0/lib/microblaze_flush_dcache.o microblaze_0/lib/microbl
TRACE::2024-12-06.18:23:44::SCWMssOS::aze_flush_dcache_range.o microblaze_0/lib/microblaze_init_dcache_range.o microblaze_0/lib/microblaze_init_icache_range.o microb
TRACE::2024-12-06.18:23:44::SCWMssOS::laze_0/lib/microblaze_interrupt_handler.o microblaze_0/lib/microblaze_interrupts_g.o microblaze_0/lib/microblaze_invalidate_cac
TRACE::2024-12-06.18:23:44::SCWMssOS::he_ext.o microblaze_0/lib/microblaze_invalidate_cache_ext_range.o microblaze_0/lib/microblaze_invalidate_dcache.o microblaze_0/
TRACE::2024-12-06.18:23:44::SCWMssOS::lib/microblaze_invalidate_dcache_range.o microblaze_0/lib/microblaze_invalidate_icache.o microblaze_0/lib/microblaze_invalidate
TRACE::2024-12-06.18:23:44::SCWMssOS::_icache_range.o microblaze_0/lib/microblaze_scrub.o microblaze_0/lib/microblaze_selftest.o microblaze_0/lib/microblaze_sleep.o 
TRACE::2024-12-06.18:23:44::SCWMssOS::microblaze_0/lib/microblaze_update_dcache.o microblaze_0/lib/microblaze_update_icache.o microblaze_0/lib/outbyte.o microblaze_0
TRACE::2024-12-06.18:23:44::SCWMssOS::/lib/print.o microblaze_0/lib/pvr.o microblaze_0/lib/xbram.o microblaze_0/lib/xbram_g.o microblaze_0/lib/xbram_intr.o microblaz
TRACE::2024-12-06.18:23:44::SCWMssOS::e_0/lib/xbram_selftest.o microblaze_0/lib/xbram_sinit.o microblaze_0/lib/xgpio.o microblaze_0/lib/xgpio_extra.o microblaze_0/li
TRACE::2024-12-06.18:23:44::SCWMssOS::b/xgpio_g.o microblaze_0/lib/xgpio_intr.o microblaze_0/lib/xgpio_selftest.o microblaze_0/lib/xgpio_sinit.o microblaze_0/lib/xil
TRACE::2024-12-06.18:23:44::SCWMssOS::_assert.o microblaze_0/lib/xil_cache.o microblaze_0/lib/xil_clocking.o microblaze_0/lib/xil_exception.o microblaze_0/lib/xil_me
TRACE::2024-12-06.18:23:44::SCWMssOS::m.o microblaze_0/lib/xil_misc_psreset_api.o microblaze_0/lib/xil_printf.o microblaze_0/lib/xil_sleepcommon.o microblaze_0/lib/x
TRACE::2024-12-06.18:23:44::SCWMssOS::il_testcache.o microblaze_0/lib/xil_testio.o microblaze_0/lib/xil_testmem.o microblaze_0/lib/xil_util.o microblaze_0/lib/xintc.
TRACE::2024-12-06.18:23:44::SCWMssOS::o microblaze_0/lib/xintc_g.o microblaze_0/lib/xintc_intr.o microblaze_0/lib/xintc_l.o microblaze_0/lib/xintc_options.o microbla
TRACE::2024-12-06.18:23:44::SCWMssOS::ze_0/lib/xintc_selftest.o microblaze_0/lib/xinterrupt_wrap.o microblaze_0/lib/xio.o microblaze_0/lib/xplatform_info.o microblaz
TRACE::2024-12-06.18:23:44::SCWMssOS::e_0/lib/xspi.o microblaze_0/lib/xspi_g.o microblaze_0/lib/xspi_options.o microblaze_0/lib/xspi_selftest.o microblaze_0/lib/xspi
TRACE::2024-12-06.18:23:44::SCWMssOS::_sinit.o microblaze_0/lib/xspi_stats.o microblaze_0/lib/xtmrctr.o microblaze_0/lib/xtmrctr_g.o microblaze_0/lib/xtmrctr_intr.o 
TRACE::2024-12-06.18:23:44::SCWMssOS::microblaze_0/lib/xtmrctr_l.o microblaze_0/lib/xtmrctr_options.o microblaze_0/lib/xtmrctr_selftest.o microblaze_0/lib/xtmrctr_si
TRACE::2024-12-06.18:23:44::SCWMssOS::nit.o microblaze_0/lib/xtmrctr_stats.o microblaze_0/lib/xuartlite.o microblaze_0/lib/xuartlite_g.o microblaze_0/lib/xuartlite_i
TRACE::2024-12-06.18:23:44::SCWMssOS::ntr.o microblaze_0/lib/xuartlite_l.o microblaze_0/lib/xuartlite_selftest.o microblaze_0/lib/xuartlite_sinit.o microblaze_0/lib/
TRACE::2024-12-06.18:23:44::SCWMssOS::xuartlite_stats.o

TRACE::2024-12-06.18:23:44::SCWMssOS::Finished building libraries

TRACE::2024-12-06.18:23:44::SCWMssOS::Copying to export directory.
TRACE::2024-12-06.18:23:44::SCWMssOS:: Checking if to create the Supporting Applications
TRACE::2024-12-06.18:23:44::SCWMssOS:: No Linux domain exists, trying to generate FSBL 
LOG::2024-12-06.18:23:44::SCWSystem::Completed Processing the domain standalone_microblaze_0
LOG::2024-12-06.18:23:44::SCWSystem::Completed Processing the sysconfig mb_usb_hdmi_top
LOG::2024-12-06.18:23:44::SCWPlatform::Completed generating the artifacts for system configuration mb_usb_hdmi_top
TRACE::2024-12-06.18:23:44::SCWPlatform::Started preparing the platform 
TRACE::2024-12-06.18:23:44::SCWSystem::Writing the bif file for system config mb_usb_hdmi_top
TRACE::2024-12-06.18:23:44::SCWSystem::dir created 
TRACE::2024-12-06.18:23:44::SCWSystem::Writing the bif 
TRACE::2024-12-06.18:23:44::SCWPlatform::Started writing the spfm file 
TRACE::2024-12-06.18:23:44::SCWPlatform::Started writing the xpfm file 
TRACE::2024-12-06.18:23:44::SCWPlatform::Completed generating the platform
TRACE::2024-12-06.18:23:44::SCWMssOS::Saving the mss changes /home/sean/Downloads/git/ECE385_FP/lab6_2_redo/workspace/mb_usb_hdmi_top/microblaze_0/standalone_microblaze_0/bsp/system.mss
TRACE::2024-12-06.18:23:44::SCWMssOS::Found a swdesign opened with the mssfile.
TRACE::2024-12-06.18:23:44::SCWMssOS::Completed writemss as part of save.
TRACE::2024-12-06.18:23:44::SCWMssOS::Commit changes completed.
TRACE::2024-12-06.18:23:44::SCWPlatform::Trying to open the hw design at /home/sean/Downloads/git/ECE385_FP/lab6_2_redo/workspace/mb_usb_hdmi_top/hw/mb_usb_hdmi_top.xsa
TRACE::2024-12-06.18:23:44::SCWPlatform::DSA given /home/sean/Downloads/git/ECE385_FP/lab6_2_redo/workspace/mb_usb_hdmi_top/hw/mb_usb_hdmi_top.xsa
TRACE::2024-12-06.18:23:44::SCWPlatform::DSA absoulate path /home/sean/Downloads/git/ECE385_FP/lab6_2_redo/workspace/mb_usb_hdmi_top/hw/mb_usb_hdmi_top.xsa
TRACE::2024-12-06.18:23:44::SCWPlatform::DSA directory /home/sean/Downloads/git/ECE385_FP/lab6_2_redo/workspace/mb_usb_hdmi_top/hw
TRACE::2024-12-06.18:23:44::SCWPlatform:: Platform Path /home/sean/Downloads/git/ECE385_FP/lab6_2_redo/workspace/mb_usb_hdmi_top/hw/mb_usb_hdmi_top.xsa
TRACE::2024-12-06.18:23:44::SCWPlatform:: Unique name xilinx:::0.0
TRACE::2024-12-06.18:23:44::SCWPlatform::Trying to set the existing hwdb with name mb_usb_hdmi_top_0
TRACE::2024-12-06.18:23:44::SCWPlatform::Opened existing hwdb mb_usb_hdmi_top_0
TRACE::2024-12-06.18:23:44::SCWPlatform::Found the Hw Db part of the input DSA
TRACE::2024-12-06.18:23:44::SCWMssOS::Checking the sw design at  /home/sean/Downloads/git/ECE385_FP/lab6_2_redo/workspace/mb_usb_hdmi_top/microblaze_0/standalone_microblaze_0/bsp/system.mss
TRACE::2024-12-06.18:23:44::SCWMssOS::DEBUG:  swdes dump  /home/sean/Downloads/git/ECE385_FP/lab6_2_redo/workspace/mb_usb_hdmi_top/microblaze_0/standalone_microblaze_0/bsp/system.mss|system||

TRACE::2024-12-06.18:23:44::SCWMssOS::Sw design exists and opened at  /home/sean/Downloads/git/ECE385_FP/lab6_2_redo/workspace/mb_usb_hdmi_top/microblaze_0/standalone_microblaze_0/bsp/system.mss
TRACE::2024-12-06.18:23:44::SCWPlatform::Trying to open the hw design at /home/sean/Downloads/git/ECE385_FP/lab6_2_redo/workspace/mb_usb_hdmi_top/hw/mb_usb_hdmi_top.xsa
TRACE::2024-12-06.18:23:44::SCWPlatform::DSA given /home/sean/Downloads/git/ECE385_FP/lab6_2_redo/workspace/mb_usb_hdmi_top/hw/mb_usb_hdmi_top.xsa
TRACE::2024-12-06.18:23:44::SCWPlatform::DSA absoulate path /home/sean/Downloads/git/ECE385_FP/lab6_2_redo/workspace/mb_usb_hdmi_top/hw/mb_usb_hdmi_top.xsa
TRACE::2024-12-06.18:23:44::SCWPlatform::DSA directory /home/sean/Downloads/git/ECE385_FP/lab6_2_redo/workspace/mb_usb_hdmi_top/hw
TRACE::2024-12-06.18:23:44::SCWPlatform:: Platform Path /home/sean/Downloads/git/ECE385_FP/lab6_2_redo/workspace/mb_usb_hdmi_top/hw/mb_usb_hdmi_top.xsa
TRACE::2024-12-06.18:23:44::SCWPlatform:: Unique name xilinx:::0.0
TRACE::2024-12-06.18:23:44::SCWPlatform::Trying to set the existing hwdb with name mb_usb_hdmi_top_0
TRACE::2024-12-06.18:23:44::SCWPlatform::Opened existing hwdb mb_usb_hdmi_top_0
TRACE::2024-12-06.18:23:44::SCWPlatform::Found the Hw Db part of the input DSA
TRACE::2024-12-06.18:23:44::SCWMssOS::Checking the sw design at  /home/sean/Downloads/git/ECE385_FP/lab6_2_redo/workspace/mb_usb_hdmi_top/microblaze_0/standalone_microblaze_0/bsp/system.mss
TRACE::2024-12-06.18:23:44::SCWMssOS::DEBUG:  swdes dump  /home/sean/Downloads/git/ECE385_FP/lab6_2_redo/workspace/mb_usb_hdmi_top/microblaze_0/standalone_microblaze_0/bsp/system.mss|system||

TRACE::2024-12-06.18:23:44::SCWMssOS::Sw design exists and opened at  /home/sean/Downloads/git/ECE385_FP/lab6_2_redo/workspace/mb_usb_hdmi_top/microblaze_0/standalone_microblaze_0/bsp/system.mss
TRACE::2024-12-06.18:23:44::SCWPlatform::Trying to open the hw design at /home/sean/Downloads/git/ECE385_FP/lab6_2_redo/workspace/mb_usb_hdmi_top/hw/mb_usb_hdmi_top.xsa
TRACE::2024-12-06.18:23:44::SCWPlatform::DSA given /home/sean/Downloads/git/ECE385_FP/lab6_2_redo/workspace/mb_usb_hdmi_top/hw/mb_usb_hdmi_top.xsa
TRACE::2024-12-06.18:23:44::SCWPlatform::DSA absoulate path /home/sean/Downloads/git/ECE385_FP/lab6_2_redo/workspace/mb_usb_hdmi_top/hw/mb_usb_hdmi_top.xsa
TRACE::2024-12-06.18:23:44::SCWPlatform::DSA directory /home/sean/Downloads/git/ECE385_FP/lab6_2_redo/workspace/mb_usb_hdmi_top/hw
TRACE::2024-12-06.18:23:44::SCWPlatform:: Platform Path /home/sean/Downloads/git/ECE385_FP/lab6_2_redo/workspace/mb_usb_hdmi_top/hw/mb_usb_hdmi_top.xsa
TRACE::2024-12-06.18:23:44::SCWPlatform:: Unique name xilinx:::0.0
TRACE::2024-12-06.18:23:44::SCWPlatform::Trying to set the existing hwdb with name mb_usb_hdmi_top_0
TRACE::2024-12-06.18:23:44::SCWPlatform::Opened existing hwdb mb_usb_hdmi_top_0
TRACE::2024-12-06.18:23:44::SCWPlatform::Found the Hw Db part of the input DSA
TRACE::2024-12-06.18:23:44::SCWMssOS::Checking the sw design at  /home/sean/Downloads/git/ECE385_FP/lab6_2_redo/workspace/mb_usb_hdmi_top/microblaze_0/standalone_microblaze_0/bsp/system.mss
TRACE::2024-12-06.18:23:44::SCWMssOS::DEBUG:  swdes dump  /home/sean/Downloads/git/ECE385_FP/lab6_2_redo/workspace/mb_usb_hdmi_top/microblaze_0/standalone_microblaze_0/bsp/system.mss|system||

TRACE::2024-12-06.18:23:44::SCWMssOS::Sw design exists and opened at  /home/sean/Downloads/git/ECE385_FP/lab6_2_redo/workspace/mb_usb_hdmi_top/microblaze_0/standalone_microblaze_0/bsp/system.mss
TRACE::2024-12-06.18:23:44::SCWWriter::formatted JSON is {
	"platformName":	"mb_usb_hdmi_top",
	"sprVersion":	"2.0",
	"mode":	"gui",
	"dsaType":	"Fixed",
	"platformDesc":	"mb_usb_hdmi_top",
	"platHandOff":	"/home/sean/Downloads/git/ECE385_FP/lab6_2_redo/mb_usb_hdmi_top.xsa",
	"platIntHandOff":	"<platformDir>/hw/mb_usb_hdmi_top.xsa",
	"deviceType":	"FPGA",
	"platIsPrebuiltAutogen":	"false",
	"platIsNoBootBsp":	"false",
	"hasFsblMakeHasChanges":	"false",
	"hasPmufwMakeHasChanges":	"false",
	"platPreBuiltFlag":	false,
	"platformSamplesDir":	"",
	"platActiveSys":	"mb_usb_hdmi_top",
	"systems":	[{
			"systemName":	"mb_usb_hdmi_top",
			"systemDesc":	"mb_usb_hdmi_top",
			"sysIsBootAutoGen":	"true",
			"systemDispName":	"mb_usb_hdmi_top",
			"sysActiveDom":	"standalone_microblaze_0",
			"sysDefaultDom":	"standalone_microblaze_0",
			"domains":	[{
					"domainName":	"standalone_microblaze_0",
					"domainDispName":	"standalone_microblaze_0",
					"domainDesc":	"standalone_microblaze_0",
					"processors":	"microblaze_0",
					"os":	"standalone",
					"sdxOs":	"standalone",
					"debugEnable":	"False",
					"domRuntimes":	["cpp"],
					"swRepo":	"",
					"mssOsVer":	"8.0",
					"mssFile":	"",
					"md5Digest":	"d42b97a3d2ad9274514bdbac3aafaab0",
					"compatibleApp":	"hello_world",
					"domType":	"mssDomain",
					"arch":	"32-bit",
					"appSettings":	{
						"appCompilerFlags":	"",
						"appLinkerFlags":	""
					},
					"addedLibs":	[],
					"libOptions":	{
						"libsContainingOptions":	[]
					},
					"prebuiltLibs":	{
						"prebuiltIncPath":	[],
						"prebuiltLibPath":	[]
					},
					"isolation":	{
					}
				}]
		}]
}
KEYINFO::2024-12-06.18:23:44::SCWPlatform::updated the xpfm file.
TRACE::2024-12-06.18:23:45::SCWPlatform::Trying to open the hw design at /home/sean/Downloads/git/ECE385_FP/lab6_2_redo/workspace/mb_usb_hdmi_top/hw/mb_usb_hdmi_top.xsa
TRACE::2024-12-06.18:23:45::SCWPlatform::DSA given /home/sean/Downloads/git/ECE385_FP/lab6_2_redo/workspace/mb_usb_hdmi_top/hw/mb_usb_hdmi_top.xsa
TRACE::2024-12-06.18:23:45::SCWPlatform::DSA absoulate path /home/sean/Downloads/git/ECE385_FP/lab6_2_redo/workspace/mb_usb_hdmi_top/hw/mb_usb_hdmi_top.xsa
TRACE::2024-12-06.18:23:45::SCWPlatform::DSA directory /home/sean/Downloads/git/ECE385_FP/lab6_2_redo/workspace/mb_usb_hdmi_top/hw
TRACE::2024-12-06.18:23:45::SCWPlatform:: Platform Path /home/sean/Downloads/git/ECE385_FP/lab6_2_redo/workspace/mb_usb_hdmi_top/hw/mb_usb_hdmi_top.xsa
TRACE::2024-12-06.18:23:45::SCWPlatform:: Unique name xilinx:::0.0
TRACE::2024-12-06.18:23:45::SCWPlatform::Trying to set the existing hwdb with name mb_usb_hdmi_top_0
TRACE::2024-12-06.18:23:45::SCWPlatform::Opened existing hwdb mb_usb_hdmi_top_0
TRACE::2024-12-06.18:23:45::SCWPlatform::Found the Hw Db part of the input DSA
TRACE::2024-12-06.18:23:45::SCWMssOS::Checking the sw design at  /home/sean/Downloads/git/ECE385_FP/lab6_2_redo/workspace/mb_usb_hdmi_top/microblaze_0/standalone_microblaze_0/bsp/system.mss
TRACE::2024-12-06.18:23:45::SCWMssOS::DEBUG:  swdes dump  /home/sean/Downloads/git/ECE385_FP/lab6_2_redo/workspace/mb_usb_hdmi_top/microblaze_0/standalone_microblaze_0/bsp/system.mss|system||

TRACE::2024-12-06.18:23:45::SCWMssOS::Sw design exists and opened at  /home/sean/Downloads/git/ECE385_FP/lab6_2_redo/workspace/mb_usb_hdmi_top/microblaze_0/standalone_microblaze_0/bsp/system.mss
