
*** Running vivado
    with args -log processor_top.vds -m64 -product Vivado -mode batch -messageDb vivado.pb -notrace -source processor_top.tcl


****** Vivado v2022.2 (64-bit)
  **** SW Build 3671981 on Fri Oct 14 04:59:54 MDT 2022
  **** IP Build 3669848 on Fri Oct 14 08:30:02 MDT 2022
    ** Copyright 1986-2022 Xilinx, Inc. All Rights Reserved.

source processor_top.tcl -notrace
Command: synth_design -top processor_top -part xc7s50csga324-1
Starting synth_design
Attempting to get a license for feature 'Synthesis' and/or device 'xc7s50'
INFO: [Common 17-349] Got license for feature 'Synthesis' and/or device 'xc7s50'
INFO: [Device 21-403] Loading part xc7s50csga324-1
INFO: [Synth 8-7079] Multithreading enabled for synth_design using a maximum of 4 processes.
INFO: [Synth 8-7078] Launching helper process for spawning children vivado processes
INFO: [Synth 8-7075] Helper process launched with PID 14529
INFO: [Synth 8-11241] undeclared symbol 'REGCCE', assumed default net type 'wire' [/alottadata/tools/Xilinx/Vivado/2022.2/data/verilog/src/unimacro/BRAM_SINGLE_MACRO.v:2170]
WARNING: [Synth 8-11067] parameter 'NO_OP' declared inside package 'SLC3_TYPES' shall be treated as localparam [/home/sean/Downloads/git/ECE385_FP/Lab5_copy/Lab5_copy.srcs/sources_1/imports/sources_1/imports/srcs/types.sv:58]
WARNING: [Synth 8-11067] parameter 'outHEX' declared inside package 'SLC3_TYPES' shall be treated as localparam [/home/sean/Downloads/git/ECE385_FP/Lab5_copy/Lab5_copy.srcs/sources_1/imports/sources_1/imports/srcs/types.sv:88]
WARNING: [Synth 8-11067] parameter 'inSW' declared inside package 'SLC3_TYPES' shall be treated as localparam [/home/sean/Downloads/git/ECE385_FP/Lab5_copy/Lab5_copy.srcs/sources_1/imports/sources_1/imports/srcs/types.sv:89]
---------------------------------------------------------------------------------
Starting RTL Elaboration : Time (s): cpu = 00:00:02 ; elapsed = 00:00:02 . Memory (MB): peak = 2160.426 ; gain = 369.770 ; free physical = 23509 ; free virtual = 26660
Synthesis current peak Physical Memory [PSS] (MB): peak = 1369.271; parent = 1163.778; children = 205.493
Synthesis current peak Virtual Memory [VSS] (MB): peak = 3785.277; parent = 2164.398; children = 1620.879
---------------------------------------------------------------------------------
INFO: [Synth 8-6157] synthesizing module 'processor_top' [/home/sean/Downloads/git/ECE385_FP/Lab5_copy/Lab5_copy.srcs/sources_1/imports/sources_1/imports/srcs/processor_top.sv:3]
INFO: [Synth 8-6157] synthesizing module 'sync_debounce' [/home/sean/Downloads/git/ECE385_FP/Lab5_copy/Lab5_copy.srcs/sources_1/imports/sources_1/imports/srcs/sync.sv:9]
INFO: [Synth 8-6155] done synthesizing module 'sync_debounce' (0#1) [/home/sean/Downloads/git/ECE385_FP/Lab5_copy/Lab5_copy.srcs/sources_1/imports/sources_1/imports/srcs/sync.sv:9]
INFO: [Synth 8-6157] synthesizing module 'sync_flop' [/home/sean/Downloads/git/ECE385_FP/Lab5_copy/Lab5_copy.srcs/sources_1/imports/sources_1/imports/srcs/sync.sv:39]
INFO: [Synth 8-6155] done synthesizing module 'sync_flop' (0#1) [/home/sean/Downloads/git/ECE385_FP/Lab5_copy/Lab5_copy.srcs/sources_1/imports/sources_1/imports/srcs/sync.sv:39]
INFO: [Synth 8-6157] synthesizing module 'slc3' [/home/sean/Downloads/git/ECE385_FP/Lab5_copy/Lab5_copy.srcs/sources_1/imports/sources_1/imports/srcs/slc3.sv:23]
INFO: [Synth 8-6157] synthesizing module 'cpu' [/home/sean/Downloads/git/ECE385_FP/Lab5_copy/Lab5_copy.srcs/sources_1/imports/sources_1/imports/srcs/cpu.sv:23]
INFO: [Synth 8-6157] synthesizing module 'control' [/home/sean/Downloads/git/ECE385_FP/Lab5_copy/Lab5_copy.srcs/sources_1/imports/sources_1/imports/srcs/control.sv:26]
INFO: [Synth 8-294] found qualifier unique on case statement: implementing as parallel_case [/home/sean/Downloads/git/ECE385_FP/Lab5_copy/Lab5_copy.srcs/sources_1/imports/sources_1/imports/srcs/control.sv:335]
INFO: [Synth 8-6155] done synthesizing module 'control' (0#1) [/home/sean/Downloads/git/ECE385_FP/Lab5_copy/Lab5_copy.srcs/sources_1/imports/sources_1/imports/srcs/control.sv:26]
INFO: [Synth 8-6157] synthesizing module 'nbit4to1mux' [/home/sean/Downloads/git/ECE385_FP/Lab5_copy/Lab5_copy.srcs/sources_1/imports/sources_1/new/mux_impl.sv:21]
INFO: [Synth 8-6155] done synthesizing module 'nbit4to1mux' (0#1) [/home/sean/Downloads/git/ECE385_FP/Lab5_copy/Lab5_copy.srcs/sources_1/imports/sources_1/new/mux_impl.sv:21]
INFO: [Synth 8-226] default block is never used [/home/sean/Downloads/git/ECE385_FP/Lab5_copy/Lab5_copy.srcs/sources_1/imports/sources_1/imports/srcs/cpu.sv:145]
INFO: [Synth 8-226] default block is never used [/home/sean/Downloads/git/ECE385_FP/Lab5_copy/Lab5_copy.srcs/sources_1/imports/sources_1/imports/srcs/cpu.sv:152]
INFO: [Synth 8-226] default block is never used [/home/sean/Downloads/git/ECE385_FP/Lab5_copy/Lab5_copy.srcs/sources_1/imports/sources_1/imports/srcs/cpu.sv:163]
INFO: [Synth 8-6157] synthesizing module 'load_reg' [/home/sean/Downloads/git/ECE385_FP/Lab5_copy/Lab5_copy.srcs/sources_1/imports/sources_1/imports/srcs/load_reg.sv:1]
	Parameter DATA_WIDTH bound to: 1 - type: integer 
INFO: [Synth 8-6155] done synthesizing module 'load_reg' (0#1) [/home/sean/Downloads/git/ECE385_FP/Lab5_copy/Lab5_copy.srcs/sources_1/imports/sources_1/imports/srcs/load_reg.sv:1]
INFO: [Synth 8-6157] synthesizing module 'load_reg__parameterized0' [/home/sean/Downloads/git/ECE385_FP/Lab5_copy/Lab5_copy.srcs/sources_1/imports/sources_1/imports/srcs/load_reg.sv:1]
	Parameter DATA_WIDTH bound to: 3 - type: integer 
INFO: [Synth 8-6155] done synthesizing module 'load_reg__parameterized0' (0#1) [/home/sean/Downloads/git/ECE385_FP/Lab5_copy/Lab5_copy.srcs/sources_1/imports/sources_1/imports/srcs/load_reg.sv:1]
INFO: [Synth 8-6157] synthesizing module 'r_select' [/home/sean/Downloads/git/ECE385_FP/Lab5_copy/Lab5_copy.srcs/sources_1/imports/sources_1/new/dr_select.sv:23]
INFO: [Synth 8-6157] synthesizing module 'load_reg__parameterized1' [/home/sean/Downloads/git/ECE385_FP/Lab5_copy/Lab5_copy.srcs/sources_1/imports/sources_1/imports/srcs/load_reg.sv:1]
	Parameter DATA_WIDTH bound to: 16 - type: integer 
INFO: [Synth 8-6155] done synthesizing module 'load_reg__parameterized1' (0#1) [/home/sean/Downloads/git/ECE385_FP/Lab5_copy/Lab5_copy.srcs/sources_1/imports/sources_1/imports/srcs/load_reg.sv:1]
INFO: [Synth 8-6155] done synthesizing module 'r_select' (0#1) [/home/sean/Downloads/git/ECE385_FP/Lab5_copy/Lab5_copy.srcs/sources_1/imports/sources_1/new/dr_select.sv:23]
INFO: [Synth 8-6155] done synthesizing module 'cpu' (0#1) [/home/sean/Downloads/git/ECE385_FP/Lab5_copy/Lab5_copy.srcs/sources_1/imports/sources_1/imports/srcs/cpu.sv:23]
INFO: [Synth 8-6157] synthesizing module 'cpu_to_io' [/home/sean/Downloads/git/ECE385_FP/Lab5_copy/Lab5_copy.srcs/sources_1/imports/sources_1/imports/srcs/cpu_to_io.sv:1]
INFO: [Synth 8-6157] synthesizing module 'hex_driver' [/home/sean/Downloads/git/ECE385_FP/Lab5_copy/Lab5_copy.srcs/sources_1/imports/sources_1/imports/srcs/hex_driver.sv:1]
INFO: [Synth 8-6157] synthesizing module 'nibble_to_hex' [/home/sean/Downloads/git/ECE385_FP/Lab5_copy/Lab5_copy.srcs/sources_1/imports/sources_1/imports/srcs/hex_driver.sv:11]
INFO: [Synth 8-6155] done synthesizing module 'nibble_to_hex' (0#1) [/home/sean/Downloads/git/ECE385_FP/Lab5_copy/Lab5_copy.srcs/sources_1/imports/sources_1/imports/srcs/hex_driver.sv:11]
INFO: [Synth 8-6157] synthesizing module 'nibble_to_hex' [/home/sean/Downloads/git/ECE385_FP/Lab5_copy/Lab5_copy.srcs/sources_1/imports/sources_1/imports/srcs/hex_driver.sv:11]
INFO: [Synth 8-6155] done synthesizing module 'nibble_to_hex' (0#1) [/home/sean/Downloads/git/ECE385_FP/Lab5_copy/Lab5_copy.srcs/sources_1/imports/sources_1/imports/srcs/hex_driver.sv:11]
INFO: [Synth 8-6157] synthesizing module 'nibble_to_hex' [/home/sean/Downloads/git/ECE385_FP/Lab5_copy/Lab5_copy.srcs/sources_1/imports/sources_1/imports/srcs/hex_driver.sv:11]
INFO: [Synth 8-6155] done synthesizing module 'nibble_to_hex' (0#1) [/home/sean/Downloads/git/ECE385_FP/Lab5_copy/Lab5_copy.srcs/sources_1/imports/sources_1/imports/srcs/hex_driver.sv:11]
INFO: [Synth 8-6157] synthesizing module 'nibble_to_hex' [/home/sean/Downloads/git/ECE385_FP/Lab5_copy/Lab5_copy.srcs/sources_1/imports/sources_1/imports/srcs/hex_driver.sv:11]
INFO: [Synth 8-6155] done synthesizing module 'nibble_to_hex' (0#1) [/home/sean/Downloads/git/ECE385_FP/Lab5_copy/Lab5_copy.srcs/sources_1/imports/sources_1/imports/srcs/hex_driver.sv:11]
INFO: [Synth 8-6155] done synthesizing module 'hex_driver' (0#1) [/home/sean/Downloads/git/ECE385_FP/Lab5_copy/Lab5_copy.srcs/sources_1/imports/sources_1/imports/srcs/hex_driver.sv:1]
INFO: [Synth 8-6155] done synthesizing module 'cpu_to_io' (0#1) [/home/sean/Downloads/git/ECE385_FP/Lab5_copy/Lab5_copy.srcs/sources_1/imports/sources_1/imports/srcs/cpu_to_io.sv:1]
INFO: [Synth 8-6155] done synthesizing module 'slc3' (0#1) [/home/sean/Downloads/git/ECE385_FP/Lab5_copy/Lab5_copy.srcs/sources_1/imports/sources_1/imports/srcs/slc3.sv:23]
INFO: [Synth 8-6157] synthesizing module 'memory' [/home/sean/Downloads/git/ECE385_FP/Lab5_copy/Lab5_copy.srcs/sources_1/imports/sources_1/imports/srcs/memory.sv:3]
INFO: [Synth 8-6157] synthesizing module 'instantiate_ram' [/home/sean/Downloads/git/ECE385_FP/Lab5_copy/Lab5_copy.srcs/sources_1/imports/sources_1/imports/srcs/instantiate_ram.sv:18]
INFO: [Synth 8-294] found qualifier unique on case statement: implementing as parallel_case [/home/sean/Downloads/git/ECE385_FP/Lab5_copy/Lab5_copy.srcs/sources_1/imports/sources_1/imports/srcs/types.sv:218]
INFO: [Synth 8-6155] done synthesizing module 'instantiate_ram' (0#1) [/home/sean/Downloads/git/ECE385_FP/Lab5_copy/Lab5_copy.srcs/sources_1/imports/sources_1/imports/srcs/instantiate_ram.sv:18]
INFO: [Synth 8-6157] synthesizing module 'blk_mem_gen_0' [/home/sean/Downloads/git/ECE385_FP/Lab5_copy/Lab5_copy.runs/synth_1/.Xil/Vivado-14510-SgoSkzD/realtime/blk_mem_gen_0_stub.v:5]
INFO: [Synth 8-6155] done synthesizing module 'blk_mem_gen_0' (0#1) [/home/sean/Downloads/git/ECE385_FP/Lab5_copy/Lab5_copy.runs/synth_1/.Xil/Vivado-14510-SgoSkzD/realtime/blk_mem_gen_0_stub.v:5]
INFO: [Synth 8-6155] done synthesizing module 'memory' (0#1) [/home/sean/Downloads/git/ECE385_FP/Lab5_copy/Lab5_copy.srcs/sources_1/imports/sources_1/imports/srcs/memory.sv:3]
INFO: [Synth 8-6155] done synthesizing module 'processor_top' (0#1) [/home/sean/Downloads/git/ECE385_FP/Lab5_copy/Lab5_copy.srcs/sources_1/imports/sources_1/imports/srcs/processor_top.sv:3]
WARNING: [Synth 8-7129] Port ir[8] in module control is either unconnected or has no load
WARNING: [Synth 8-7129] Port ir[7] in module control is either unconnected or has no load
WARNING: [Synth 8-7129] Port ir[6] in module control is either unconnected or has no load
WARNING: [Synth 8-7129] Port ir[4] in module control is either unconnected or has no load
WARNING: [Synth 8-7129] Port ir[3] in module control is either unconnected or has no load
WARNING: [Synth 8-7129] Port ir[2] in module control is either unconnected or has no load
WARNING: [Synth 8-7129] Port ir[1] in module control is either unconnected or has no load
WARNING: [Synth 8-7129] Port ir[0] in module control is either unconnected or has no load
---------------------------------------------------------------------------------
Finished RTL Elaboration : Time (s): cpu = 00:00:03 ; elapsed = 00:00:03 . Memory (MB): peak = 2235.363 ; gain = 444.707 ; free physical = 23594 ; free virtual = 26745
Synthesis current peak Physical Memory [PSS] (MB): peak = 1369.271; parent = 1163.778; children = 205.493
Synthesis current peak Virtual Memory [VSS] (MB): peak = 3856.246; parent = 2235.367; children = 1620.879
---------------------------------------------------------------------------------
---------------------------------------------------------------------------------
Start Handling Custom Attributes
---------------------------------------------------------------------------------
---------------------------------------------------------------------------------
Finished Handling Custom Attributes : Time (s): cpu = 00:00:03 ; elapsed = 00:00:03 . Memory (MB): peak = 2253.176 ; gain = 462.520 ; free physical = 23594 ; free virtual = 26745
Synthesis current peak Physical Memory [PSS] (MB): peak = 1369.271; parent = 1163.778; children = 205.493
Synthesis current peak Virtual Memory [VSS] (MB): peak = 3874.059; parent = 2253.180; children = 1620.879
---------------------------------------------------------------------------------
---------------------------------------------------------------------------------
Finished RTL Optimization Phase 1 : Time (s): cpu = 00:00:03 ; elapsed = 00:00:03 . Memory (MB): peak = 2253.176 ; gain = 462.520 ; free physical = 23594 ; free virtual = 26745
Synthesis current peak Physical Memory [PSS] (MB): peak = 1369.271; parent = 1163.778; children = 205.493
Synthesis current peak Virtual Memory [VSS] (MB): peak = 3874.059; parent = 2253.180; children = 1620.879
---------------------------------------------------------------------------------
Netlist sorting complete. Time (s): cpu = 00:00:00 ; elapsed = 00:00:00.01 . Memory (MB): peak = 2253.176 ; gain = 0.000 ; free physical = 23591 ; free virtual = 26743
INFO: [Project 1-570] Preparing netlist for logic optimization

Processing XDC Constraints
Initializing timing engine
Parsing XDC File [/home/sean/Downloads/git/ECE385_FP/Lab5_copy/Lab5_copy.gen/sources_1/ip/blk_mem_gen_0/blk_mem_gen_0/blk_mem_gen_0_in_context.xdc] for cell 'mem_subsystem/sram0'
Finished Parsing XDC File [/home/sean/Downloads/git/ECE385_FP/Lab5_copy/Lab5_copy.gen/sources_1/ip/blk_mem_gen_0/blk_mem_gen_0/blk_mem_gen_0_in_context.xdc] for cell 'mem_subsystem/sram0'
Parsing XDC File [/home/sean/Downloads/git/ECE385_FP/Lab5_copy/Lab5_copy.srcs/constrs_1/imports/pin_assignment/top.xdc]
Finished Parsing XDC File [/home/sean/Downloads/git/ECE385_FP/Lab5_copy/Lab5_copy.srcs/constrs_1/imports/pin_assignment/top.xdc]
INFO: [Project 1-236] Implementation specific constraints were found while reading constraint file [/home/sean/Downloads/git/ECE385_FP/Lab5_copy/Lab5_copy.srcs/constrs_1/imports/pin_assignment/top.xdc]. These constraints will be ignored for synthesis but will be used in implementation. Impacted constraints are listed in the file [.Xil/processor_top_propImpl.xdc].
Resolution: To avoid this warning, move constraints listed in [.Xil/processor_top_propImpl.xdc] to another XDC file and exclude this new file from synthesis with the used_in_synthesis property (File Properties dialog in GUI) and re-run elaboration/synthesis.
Completed Processing XDC Constraints

Netlist sorting complete. Time (s): cpu = 00:00:00 ; elapsed = 00:00:00 . Memory (MB): peak = 2409.926 ; gain = 0.000 ; free physical = 23503 ; free virtual = 26655
INFO: [Project 1-111] Unisim Transformation Summary:
No Unisim elements were transformed.

Constraint Validation Runtime : Time (s): cpu = 00:00:00 ; elapsed = 00:00:00 . Memory (MB): peak = 2409.926 ; gain = 0.000 ; free physical = 23503 ; free virtual = 26655
INFO: [Synth 8-11241] undeclared symbol 'REGCCE', assumed default net type 'wire' [/alottadata/tools/Xilinx/Vivado/2022.2/data/verilog/src/unimacro/BRAM_SINGLE_MACRO.v:2170]
---------------------------------------------------------------------------------
Finished Constraint Validation : Time (s): cpu = 00:00:07 ; elapsed = 00:00:07 . Memory (MB): peak = 2409.926 ; gain = 619.270 ; free physical = 23558 ; free virtual = 26710
Synthesis current peak Physical Memory [PSS] (MB): peak = 1369.271; parent = 1163.778; children = 205.493
Synthesis current peak Virtual Memory [VSS] (MB): peak = 3998.793; parent = 2377.914; children = 1620.879
---------------------------------------------------------------------------------
---------------------------------------------------------------------------------
Start Loading Part and Timing Information
---------------------------------------------------------------------------------
Loading part: xc7s50csga324-1
---------------------------------------------------------------------------------
Finished Loading Part and Timing Information : Time (s): cpu = 00:00:07 ; elapsed = 00:00:07 . Memory (MB): peak = 2409.926 ; gain = 619.270 ; free physical = 23558 ; free virtual = 26710
Synthesis current peak Physical Memory [PSS] (MB): peak = 1369.271; parent = 1163.778; children = 205.493
Synthesis current peak Virtual Memory [VSS] (MB): peak = 3998.793; parent = 2377.914; children = 1620.879
---------------------------------------------------------------------------------
---------------------------------------------------------------------------------
Start Applying 'set_property' XDC Constraints
---------------------------------------------------------------------------------
Applied set_property KEEP_HIERARCHY = SOFT for mem_subsystem/sram0. (constraint file  auto generated constraint).
---------------------------------------------------------------------------------
Finished applying 'set_property' XDC Constraints : Time (s): cpu = 00:00:07 ; elapsed = 00:00:07 . Memory (MB): peak = 2409.926 ; gain = 619.270 ; free physical = 23558 ; free virtual = 26710
Synthesis current peak Physical Memory [PSS] (MB): peak = 1369.271; parent = 1163.778; children = 205.493
Synthesis current peak Virtual Memory [VSS] (MB): peak = 3998.793; parent = 2377.914; children = 1620.879
---------------------------------------------------------------------------------
INFO: [Synth 8-802] inferred FSM for state register 'state_reg' in module 'control'
---------------------------------------------------------------------------------------------------
                   State |                     New Encoding |                Previous Encoding 
---------------------------------------------------------------------------------------------------
                  halted |                            00000 |                00000000000000000
                    s_18 |                            00001 |                00000000000000011
                  s_33_1 |                            00010 |                00000000000000100
                  s_33_2 |                            00011 |                00000000000000101
                  s_33_3 |                            00100 |                00000000000000110
                  s_33_4 |                            00101 |                00000000000000111
                    s_35 |                            00110 |                00000000000001000
                    s_32 |                            00111 |                00000000000001001
                     s_1 |                            01000 |                00000000000001011
                     s_5 |                            01001 |                00000000000001111
                     s_9 |                            01010 |                00000000000010011
                     s_0 |                            01011 |                00000000000001010
                    s_22 |                            01100 |                00000000000100001
                    s_12 |                            01101 |                00000000000010110
                     s_4 |                            01110 |                00000000000001110
                    s_21 |                            01111 |                00000000000100000
                     s_6 |                            10000 |                00000000000010000
                  s_25_1 |                            10001 |                00000000000100100
                  s_25_2 |                            10010 |                00000000000100101
                  s_25_3 |                            10011 |                00000000000100110
                    s_27 |                            10100 |                00000000000101000
                     s_7 |                            10101 |                00000000000010001
                    s_23 |                            10110 |                00000000000100010
                  s_16_1 |                            10111 |                00000000000011010
                  s_16_2 |                            11000 |                00000000000011011
                  s_16_3 |                            11001 |                00000000000011100
               pause_ir1 |                            11010 |                00000000000000001
               pause_ir2 |                            11011 |                00000000000000010
---------------------------------------------------------------------------------------------------
INFO: [Synth 8-3354] encoded FSM with state register 'state_reg' using encoding 'sequential' in module 'control'
---------------------------------------------------------------------------------
Finished RTL Optimization Phase 2 : Time (s): cpu = 00:00:07 ; elapsed = 00:00:08 . Memory (MB): peak = 2409.926 ; gain = 619.270 ; free physical = 23548 ; free virtual = 26700
Synthesis current peak Physical Memory [PSS] (MB): peak = 1369.271; parent = 1163.778; children = 205.493
Synthesis current peak Virtual Memory [VSS] (MB): peak = 3998.793; parent = 2377.914; children = 1620.879
---------------------------------------------------------------------------------
---------------------------------------------------------------------------------
Start RTL Component Statistics 
---------------------------------------------------------------------------------
Detailed RTL Component Info : 
+---Adders : 
	   2 Input   16 Bit       Adders := 3     
+---XORs : 
	   2 Input      1 Bit         XORs := 3     
+---Registers : 
	               16 Bit    Registers := 13    
	                3 Bit    Registers := 1     
	                1 Bit    Registers := 43    
+---Muxes : 
	   2 Input   16 Bit        Muxes := 8     
	   4 Input   16 Bit        Muxes := 3     
	 176 Input   16 Bit        Muxes := 1     
	   2 Input   10 Bit        Muxes := 1     
	  21 Input    8 Bit        Muxes := 1     
	   4 Input    8 Bit        Muxes := 2     
	   2 Input    8 Bit        Muxes := 2     
	  28 Input    5 Bit        Muxes := 1     
	  10 Input    5 Bit        Muxes := 1     
	   2 Input    5 Bit        Muxes := 1     
	   5 Input    4 Bit        Muxes := 2     
	   2 Input    3 Bit        Muxes := 2     
	  21 Input    2 Bit        Muxes := 3     
	  10 Input    1 Bit        Muxes := 1     
	  21 Input    1 Bit        Muxes := 17    
	  28 Input    1 Bit        Muxes := 1     
	   2 Input    1 Bit        Muxes := 2     
---------------------------------------------------------------------------------
Finished RTL Component Statistics 
---------------------------------------------------------------------------------
---------------------------------------------------------------------------------
Start Part Resource Summary
---------------------------------------------------------------------------------
Part Resources:
DSPs: 120 (col length:60)
BRAMs: 150 (col length: RAMB18 60 RAMB36 30)
---------------------------------------------------------------------------------
Finished Part Resource Summary
---------------------------------------------------------------------------------
---------------------------------------------------------------------------------
Start Cross Boundary and Area Optimization
---------------------------------------------------------------------------------
WARNING: [Synth 8-7080] Parallel synthesis criteria is not met
WARNING: [Synth 8-3917] design processor_top has port hex_seg_left[7] driven by constant 1
WARNING: [Synth 8-3917] design processor_top has port hex_seg_right[7] driven by constant 1
---------------------------------------------------------------------------------
Finished Cross Boundary and Area Optimization : Time (s): cpu = 00:00:11 ; elapsed = 00:00:12 . Memory (MB): peak = 2409.926 ; gain = 619.270 ; free physical = 23530 ; free virtual = 26687
Synthesis current peak Physical Memory [PSS] (MB): peak = 1403.590; parent = 1198.138; children = 205.493
Synthesis current peak Virtual Memory [VSS] (MB): peak = 3998.793; parent = 2377.914; children = 1620.879
---------------------------------------------------------------------------------
---------------------------------------------------------------------------------
Start ROM, RAM, DSP, Shift Register and Retiming Reporting
---------------------------------------------------------------------------------

ROM: Preliminary Mapping Report
+--------------+----------------------------------------+---------------+----------------+
|Module Name   | RTL Object                             | Depth x Width | Implemented As | 
+--------------+----------------------------------------+---------------+----------------+
|processor_top | mem_subsystem/init_ram/address_reg_rep | 256x16        | Block RAM      | 
+--------------+----------------------------------------+---------------+----------------+

---------------------------------------------------------------------------------
Finished ROM, RAM, DSP, Shift Register and Retiming Reporting
---------------------------------------------------------------------------------
---------------------------------------------------------------------------------
Start Applying XDC Timing Constraints
---------------------------------------------------------------------------------
---------------------------------------------------------------------------------
Finished Applying XDC Timing Constraints : Time (s): cpu = 00:00:13 ; elapsed = 00:00:15 . Memory (MB): peak = 2409.926 ; gain = 619.270 ; free physical = 23412 ; free virtual = 26569
Synthesis current peak Physical Memory [PSS] (MB): peak = 1475.660; parent = 1270.208; children = 205.493
Synthesis current peak Virtual Memory [VSS] (MB): peak = 3998.793; parent = 2377.914; children = 1620.879
---------------------------------------------------------------------------------
---------------------------------------------------------------------------------
Start Timing Optimization
---------------------------------------------------------------------------------
---------------------------------------------------------------------------------
Finished Timing Optimization : Time (s): cpu = 00:00:16 ; elapsed = 00:00:17 . Memory (MB): peak = 2409.926 ; gain = 619.270 ; free physical = 23356 ; free virtual = 26513
Synthesis current peak Physical Memory [PSS] (MB): peak = 1524.949; parent = 1319.497; children = 205.493
Synthesis current peak Virtual Memory [VSS] (MB): peak = 3998.793; parent = 2377.914; children = 1620.879
---------------------------------------------------------------------------------
---------------------------------------------------------------------------------
Start Technology Mapping
---------------------------------------------------------------------------------
INFO: [Synth 8-7052] The timing for the instance mem_subsystem/init_ram/address_reg_rep (implemented as a Block RAM) might be sub-optimal as no optional output register could be merged into the ram block. Providing additional output register may help in improving timing.
---------------------------------------------------------------------------------
Finished Technology Mapping : Time (s): cpu = 00:00:16 ; elapsed = 00:00:17 . Memory (MB): peak = 2409.926 ; gain = 619.270 ; free physical = 23357 ; free virtual = 26514
Synthesis current peak Physical Memory [PSS] (MB): peak = 1524.949; parent = 1319.497; children = 205.493
Synthesis current peak Virtual Memory [VSS] (MB): peak = 3998.793; parent = 2377.914; children = 1620.879
---------------------------------------------------------------------------------
---------------------------------------------------------------------------------
Start IO Insertion
---------------------------------------------------------------------------------
---------------------------------------------------------------------------------
Start Flattening Before IO Insertion
---------------------------------------------------------------------------------
---------------------------------------------------------------------------------
Finished Flattening Before IO Insertion
---------------------------------------------------------------------------------
---------------------------------------------------------------------------------
Start Final Netlist Cleanup
---------------------------------------------------------------------------------
---------------------------------------------------------------------------------
Finished Final Netlist Cleanup
---------------------------------------------------------------------------------
---------------------------------------------------------------------------------
Finished IO Insertion : Time (s): cpu = 00:00:18 ; elapsed = 00:00:19 . Memory (MB): peak = 2409.926 ; gain = 619.270 ; free physical = 23357 ; free virtual = 26514
Synthesis current peak Physical Memory [PSS] (MB): peak = 1524.949; parent = 1319.497; children = 205.493
Synthesis current peak Virtual Memory [VSS] (MB): peak = 3998.793; parent = 2377.914; children = 1620.879
---------------------------------------------------------------------------------
---------------------------------------------------------------------------------
Start Renaming Generated Instances
---------------------------------------------------------------------------------
---------------------------------------------------------------------------------
Finished Renaming Generated Instances : Time (s): cpu = 00:00:18 ; elapsed = 00:00:19 . Memory (MB): peak = 2409.926 ; gain = 619.270 ; free physical = 23357 ; free virtual = 26514
Synthesis current peak Physical Memory [PSS] (MB): peak = 1524.949; parent = 1319.497; children = 205.493
Synthesis current peak Virtual Memory [VSS] (MB): peak = 3998.793; parent = 2377.914; children = 1620.879
---------------------------------------------------------------------------------
---------------------------------------------------------------------------------
Start Rebuilding User Hierarchy
---------------------------------------------------------------------------------
---------------------------------------------------------------------------------
Finished Rebuilding User Hierarchy : Time (s): cpu = 00:00:18 ; elapsed = 00:00:19 . Memory (MB): peak = 2409.926 ; gain = 619.270 ; free physical = 23357 ; free virtual = 26514
Synthesis current peak Physical Memory [PSS] (MB): peak = 1524.949; parent = 1319.497; children = 205.493
Synthesis current peak Virtual Memory [VSS] (MB): peak = 3998.793; parent = 2377.914; children = 1620.879
---------------------------------------------------------------------------------
---------------------------------------------------------------------------------
Start Renaming Generated Ports
---------------------------------------------------------------------------------
---------------------------------------------------------------------------------
Finished Renaming Generated Ports : Time (s): cpu = 00:00:18 ; elapsed = 00:00:19 . Memory (MB): peak = 2409.926 ; gain = 619.270 ; free physical = 23357 ; free virtual = 26514
Synthesis current peak Physical Memory [PSS] (MB): peak = 1524.949; parent = 1319.497; children = 205.493
Synthesis current peak Virtual Memory [VSS] (MB): peak = 3998.793; parent = 2377.914; children = 1620.879
---------------------------------------------------------------------------------
---------------------------------------------------------------------------------
Start Handling Custom Attributes
---------------------------------------------------------------------------------
---------------------------------------------------------------------------------
Finished Handling Custom Attributes : Time (s): cpu = 00:00:18 ; elapsed = 00:00:19 . Memory (MB): peak = 2409.926 ; gain = 619.270 ; free physical = 23357 ; free virtual = 26514
Synthesis current peak Physical Memory [PSS] (MB): peak = 1524.949; parent = 1319.497; children = 205.493
Synthesis current peak Virtual Memory [VSS] (MB): peak = 3998.793; parent = 2377.914; children = 1620.879
---------------------------------------------------------------------------------
---------------------------------------------------------------------------------
Start Renaming Generated Nets
---------------------------------------------------------------------------------
---------------------------------------------------------------------------------
Finished Renaming Generated Nets : Time (s): cpu = 00:00:18 ; elapsed = 00:00:19 . Memory (MB): peak = 2409.926 ; gain = 619.270 ; free physical = 23357 ; free virtual = 26514
Synthesis current peak Physical Memory [PSS] (MB): peak = 1524.949; parent = 1319.497; children = 205.493
Synthesis current peak Virtual Memory [VSS] (MB): peak = 3998.793; parent = 2377.914; children = 1620.879
---------------------------------------------------------------------------------
---------------------------------------------------------------------------------
Start Writing Synthesis Report
---------------------------------------------------------------------------------

Report BlackBoxes: 
+------+--------------+----------+
|      |BlackBox name |Instances |
+------+--------------+----------+
|1     |blk_mem_gen_0 |         1|
+------+--------------+----------+

Report Cell Usage: 
+------+------------+------+
|      |Cell        |Count |
+------+------------+------+
|1     |blk_mem_gen |     1|
|2     |BUFG        |     1|
|3     |CARRY4      |    35|
|4     |LUT1        |     8|
|5     |LUT2        |    29|
|6     |LUT3        |    49|
|7     |LUT4        |    93|
|8     |LUT5        |    75|
|9     |LUT6        |   236|
|10    |RAMB18E1    |     1|
|11    |FDRE        |   339|
|12    |FDSE        |     1|
|13    |IBUF        |    20|
|14    |OBUF        |    40|
+------+------------+------+
---------------------------------------------------------------------------------
Finished Writing Synthesis Report : Time (s): cpu = 00:00:18 ; elapsed = 00:00:19 . Memory (MB): peak = 2409.926 ; gain = 619.270 ; free physical = 23357 ; free virtual = 26514
Synthesis current peak Physical Memory [PSS] (MB): peak = 1524.949; parent = 1319.497; children = 205.493
Synthesis current peak Virtual Memory [VSS] (MB): peak = 3998.793; parent = 2377.914; children = 1620.879
---------------------------------------------------------------------------------
Synthesis finished with 0 errors, 0 critical warnings and 3 warnings.
Synthesis Optimization Runtime : Time (s): cpu = 00:00:17 ; elapsed = 00:00:18 . Memory (MB): peak = 2409.926 ; gain = 462.520 ; free physical = 23411 ; free virtual = 26568
Synthesis Optimization Complete : Time (s): cpu = 00:00:18 ; elapsed = 00:00:20 . Memory (MB): peak = 2409.926 ; gain = 619.270 ; free physical = 23411 ; free virtual = 26568
INFO: [Project 1-571] Translating synthesized netlist
Netlist sorting complete. Time (s): cpu = 00:00:00.01 ; elapsed = 00:00:00 . Memory (MB): peak = 2409.926 ; gain = 0.000 ; free physical = 23509 ; free virtual = 26666
INFO: [Netlist 29-17] Analyzing 36 Unisim elements for replacement
INFO: [Netlist 29-28] Unisim Transformation completed in 0 CPU seconds
INFO: [Project 1-570] Preparing netlist for logic optimization
INFO: [Opt 31-138] Pushed 0 inverter(s) to 0 load pin(s).
Netlist sorting complete. Time (s): cpu = 00:00:00 ; elapsed = 00:00:00 . Memory (MB): peak = 2409.926 ; gain = 0.000 ; free physical = 23458 ; free virtual = 26615
INFO: [Project 1-111] Unisim Transformation Summary:
No Unisim elements were transformed.

Synth Design complete, checksum: 183099f6
INFO: [Common 17-83] Releasing license: Synthesis
65 Infos, 14 Warnings, 0 Critical Warnings and 0 Errors encountered.
synth_design completed successfully
synth_design: Time (s): cpu = 00:00:22 ; elapsed = 00:00:22 . Memory (MB): peak = 2409.926 ; gain = 866.551 ; free physical = 23705 ; free virtual = 26862
INFO: [Common 17-1381] The checkpoint '/home/sean/Downloads/git/ECE385_FP/Lab5_copy/Lab5_copy.runs/synth_1/processor_top.dcp' has been generated.
INFO: [runtcl-4] Executing : report_utilization -file processor_top_utilization_synth.rpt -pb processor_top_utilization_synth.pb
INFO: [Common 17-206] Exiting Vivado at Sat Nov 30 00:03:03 2024...
