00:19:57 DEBUG : Logs will be stored at '/home/sean/Downloads/git/ECE385_FP/tetris_logic1/workspace/IDE.log'.
00:19:59 INFO  : Launching XSCT server: xsct -n  -interactive /home/sean/Downloads/git/ECE385_FP/tetris_logic1/workspace/temp_xsdb_launch_script.tcl
00:19:59 INFO  : Registering command handlers for Vitis TCF services
00:19:59 INFO  : Platform repository initialization has completed.
00:20:01 INFO  : XSCT server has started successfully.
00:20:01 INFO  : plnx-install-location is set to ''
00:20:01 INFO  : Successfully done setting XSCT server connection channel  
00:20:01 INFO  : Successfully done query RDI_DATADIR 
00:20:01 INFO  : Successfully done setting workspace for the tool. 
00:24:39 INFO  : Result from executing command 'getProjects': tetris_top
00:24:39 INFO  : Result from executing command 'getPlatforms': xilinx_zcu102_base_202220_1|/alottadata/tools/Xilinx/Vitis/2022.2/base_platforms/xilinx_zcu102_base_202220_1/xilinx_zcu102_base_202220_1.xpfm;xilinx_zcu102_base_dfx_202220_1|/alottadata/tools/Xilinx/Vitis/2022.2/base_platforms/xilinx_zcu102_base_dfx_202220_1/xilinx_zcu102_base_dfx_202220_1.xpfm;xilinx_zcu104_base_202220_1|/alottadata/tools/Xilinx/Vitis/2022.2/base_platforms/xilinx_zcu104_base_202220_1/xilinx_zcu104_base_202220_1.xpfm
00:24:39 WARN  : An unexpected exception occurred in the module 'platform project logging'
00:24:39 INFO  : Platform 'tetris_top' is added to custom repositories.
00:24:40 INFO  : Platform 'tetris_top' is added to custom repositories.
00:25:19 INFO  : Result from executing command 'getProjects': tetris_top
00:25:19 INFO  : Result from executing command 'getPlatforms': tetris_top|/home/sean/Downloads/git/ECE385_FP/tetris_logic1/workspace/tetris_top/export/tetris_top/tetris_top.xpfm;xilinx_zcu102_base_202220_1|/alottadata/tools/Xilinx/Vitis/2022.2/base_platforms/xilinx_zcu102_base_202220_1/xilinx_zcu102_base_202220_1.xpfm;xilinx_zcu102_base_dfx_202220_1|/alottadata/tools/Xilinx/Vitis/2022.2/base_platforms/xilinx_zcu102_base_dfx_202220_1/xilinx_zcu102_base_dfx_202220_1.xpfm;xilinx_zcu104_base_202220_1|/alottadata/tools/Xilinx/Vitis/2022.2/base_platforms/xilinx_zcu104_base_202220_1/xilinx_zcu104_base_202220_1.xpfm
00:25:23 INFO  : Checking for BSP changes to sync application flags for project 'mb_keyboard'...
00:25:56 INFO  : Checking for BSP changes to sync application flags for project 'mb_keyboard'...
00:26:01 INFO  : Checking for BSP changes to sync application flags for project 'mb_keyboard'...
00:27:05 INFO  : Checking for BSP changes to sync application flags for project 'mb_keyboard'...
00:27:24 INFO  : Checking for BSP changes to sync application flags for project 'mb_keyboard'...
00:27:26 INFO  : Checking for BSP changes to sync application flags for project 'mb_keyboard'...
00:27:29 INFO  : Checking for BSP changes to sync application flags for project 'mb_keyboard'...
00:27:40 INFO  : Result from executing command 'removePlatformRepo': 
00:27:45 INFO  : Result from executing command 'getProjects': tetris_top
00:27:45 INFO  : Result from executing command 'getPlatforms': xilinx_zcu102_base_202220_1|/alottadata/tools/Xilinx/Vitis/2022.2/base_platforms/xilinx_zcu102_base_202220_1/xilinx_zcu102_base_202220_1.xpfm;xilinx_zcu102_base_dfx_202220_1|/alottadata/tools/Xilinx/Vitis/2022.2/base_platforms/xilinx_zcu102_base_dfx_202220_1/xilinx_zcu102_base_dfx_202220_1.xpfm;xilinx_zcu104_base_202220_1|/alottadata/tools/Xilinx/Vitis/2022.2/base_platforms/xilinx_zcu104_base_202220_1/xilinx_zcu104_base_202220_1.xpfm
00:27:48 INFO  : Checking for BSP changes to sync application flags for project 'mb_keyboard'...
00:28:42 INFO  : Checking for BSP changes to sync application flags for project 'mb_keeb'...
00:31:36 INFO  : Checking for BSP changes to sync application flags for project 'mb_keeb'...
00:32:00 INFO  : Checking for BSP changes to sync application flags for project 'mb_keeb'...
00:32:08 INFO  : Result from executing command 'removePlatformRepo': 
00:32:14 INFO  : Result from executing command 'getProjects': tetris_top
00:32:14 INFO  : Result from executing command 'getPlatforms': xilinx_zcu102_base_202220_1|/alottadata/tools/Xilinx/Vitis/2022.2/base_platforms/xilinx_zcu102_base_202220_1/xilinx_zcu102_base_202220_1.xpfm;xilinx_zcu102_base_dfx_202220_1|/alottadata/tools/Xilinx/Vitis/2022.2/base_platforms/xilinx_zcu102_base_dfx_202220_1/xilinx_zcu102_base_dfx_202220_1.xpfm;xilinx_zcu104_base_202220_1|/alottadata/tools/Xilinx/Vitis/2022.2/base_platforms/xilinx_zcu104_base_202220_1/xilinx_zcu104_base_202220_1.xpfm
00:32:17 INFO  : Checking for BSP changes to sync application flags for project 'mb_keeb'...
00:38:39 INFO  : Hardware specification for platform project 'tetris_top' is updated.
00:38:44 INFO  : Result from executing command 'getProjects': tetris_top
00:38:44 INFO  : Result from executing command 'getPlatforms': tetris_top|/home/sean/Downloads/git/ECE385_FP/tetris_logic1/workspace/tetris_top/export/tetris_top/tetris_top.xpfm;xilinx_zcu102_base_202220_1|/alottadata/tools/Xilinx/Vitis/2022.2/base_platforms/xilinx_zcu102_base_202220_1/xilinx_zcu102_base_202220_1.xpfm;xilinx_zcu102_base_dfx_202220_1|/alottadata/tools/Xilinx/Vitis/2022.2/base_platforms/xilinx_zcu102_base_dfx_202220_1/xilinx_zcu102_base_dfx_202220_1.xpfm;xilinx_zcu104_base_202220_1|/alottadata/tools/Xilinx/Vitis/2022.2/base_platforms/xilinx_zcu104_base_202220_1/xilinx_zcu104_base_202220_1.xpfm
00:38:47 INFO  : Checking for BSP changes to sync application flags for project 'mb_keeb'...
00:38:47 INFO  : Updating application flags with new BSP settings...
00:38:47 ERROR : Failed to update application flags from BSP for 'mb_keeb'. Reason: null
java.lang.NullPointerException: null
	at com.xilinx.sdk.sw.internal.SwDb.getComponentAppCompilerFlags(SwDb.java:761) ~[com.xilinx.sdk.sw_1.0.0.202210132147.jar:?]
	at com.xilinx.sdx.sw.internal.SDxSwPlatform.getSwPlatformCompilerFlags(SDxSwPlatform.java:1177) ~[com.xilinx.sdx.sw_1.0.0.202210132147.jar:?]
	at com.xilinx.sdx.sdk.core.build.AppSwBuildOptionsHelper.inferSwPlatformFlags(AppSwBuildOptionsHelper.java:54) ~[com.xilinx.sdx.sdk.core_1.0.0.202210132147.jar:?]
	at com.xilinx.sdx.sdk.core.build.AppSwBuildOptionsHelper.updateBuildOptions(AppSwBuildOptionsHelper.java:46) ~[com.xilinx.sdx.sdk.core_1.0.0.202210132147.jar:?]
	at com.xilinx.sdx.sdk.core.build.SdkMakefileGenerationListener.updateSwBuildOptions(SdkMakefileGenerationListener.java:215) ~[com.xilinx.sdx.sdk.core_1.0.0.202210132147.jar:?]
	at com.xilinx.sdx.sdk.core.build.SdkMakefileGenerationListener.syncAppFlags(SdkMakefileGenerationListener.java:99) [com.xilinx.sdx.sdk.core_1.0.0.202210132147.jar:?]
	at com.xilinx.sdx.sdk.core.build.SdkMakefileGenerationListener.preMakefileGeneration(SdkMakefileGenerationListener.java:48) [com.xilinx.sdx.sdk.core_1.0.0.202210132147.jar:?]
	at com.xilinx.sdk.managedbuilder.XilinxGnuMakefileGenerator.notifyPreMakefileGenerationListeners(XilinxGnuMakefileGenerator.java:91) [com.xilinx.sdk.managedbuilder_1.0.0.202210132147.jar:?]
	at com.xilinx.sdk.managedbuilder.XilinxGnuMakefileGenerator.generateMakefiles(XilinxGnuMakefileGenerator.java:40) [com.xilinx.sdk.managedbuilder_1.0.0.202210132147.jar:?]
	at org.eclipse.cdt.managedbuilder.internal.core.CommonBuilder.performMakefileGeneration(CommonBuilder.java:1008) [org.eclipse.cdt.managedbuilder.core_8.6.0.201802261533.jar:?]
	at org.eclipse.cdt.managedbuilder.internal.core.CommonBuilder.performPrebuildGeneration(CommonBuilder.java:873) [org.eclipse.cdt.managedbuilder.core_8.6.0.201802261533.jar:?]
	at org.eclipse.cdt.managedbuilder.internal.core.CommonBuilder.build(CommonBuilder.java:748) [org.eclipse.cdt.managedbuilder.core_8.6.0.201802261533.jar:?]
	at org.eclipse.cdt.managedbuilder.internal.core.CommonBuilder.build(CommonBuilder.java:510) [org.eclipse.cdt.managedbuilder.core_8.6.0.201802261533.jar:?]
	at org.eclipse.cdt.managedbuilder.internal.core.CommonBuilder.build(CommonBuilder.java:459) [org.eclipse.cdt.managedbuilder.core_8.6.0.201802261533.jar:?]
	at org.eclipse.core.internal.events.BuildManager$2.run(BuildManager.java:832) [org.eclipse.core.resources_3.13.700.v20200209-1624.jar:?]
	at org.eclipse.core.runtime.SafeRunner.run(SafeRunner.java:45) [org.eclipse.equinox.common_3.11.0.v20200206-0817.jar:?]
	at org.eclipse.core.internal.events.BuildManager.basicBuild(BuildManager.java:220) [org.eclipse.core.resources_3.13.700.v20200209-1624.jar:?]
	at org.eclipse.core.internal.events.BuildManager.basicBuild(BuildManager.java:263) [org.eclipse.core.resources_3.13.700.v20200209-1624.jar:?]
	at org.eclipse.core.internal.events.BuildManager$1.run(BuildManager.java:316) [org.eclipse.core.resources_3.13.700.v20200209-1624.jar:?]
	at org.eclipse.core.runtime.SafeRunner.run(SafeRunner.java:45) [org.eclipse.equinox.common_3.11.0.v20200206-0817.jar:?]
	at org.eclipse.core.internal.events.BuildManager.basicBuild(BuildManager.java:319) [org.eclipse.core.resources_3.13.700.v20200209-1624.jar:?]
	at org.eclipse.core.internal.events.BuildManager.basicBuildLoop(BuildManager.java:371) [org.eclipse.core.resources_3.13.700.v20200209-1624.jar:?]
	at org.eclipse.core.internal.events.BuildManager.build(BuildManager.java:392) [org.eclipse.core.resources_3.13.700.v20200209-1624.jar:?]
	at org.eclipse.core.internal.resources.Workspace.buildInternal(Workspace.java:515) [org.eclipse.core.resources_3.13.700.v20200209-1624.jar:?]
	at org.eclipse.core.internal.resources.Workspace.build(Workspace.java:405) [org.eclipse.core.resources_3.13.700.v20200209-1624.jar:?]
	at org.eclipse.ui.actions.GlobalBuildAction$1.run(GlobalBuildAction.java:180) [org.eclipse.ui.ide_3.17.0.v20200217-1511.jar:?]
	at org.eclipse.core.internal.jobs.Worker.run(Worker.java:63) [org.eclipse.core.jobs_3.10.700.v20200106-1020.jar:?]
00:38:48 INFO  : The hardware specification used by project 'mb_keeb' is out of sync with the platform. Resource files extracted from the hardware specification will be updated.
00:38:48 INFO  : The file '/home/sean/Downloads/git/ECE385_FP/tetris_logic1/workspace/mb_keeb/_ide/bitstream/tetris_top.bit' stored in project is removed.
00:38:48 INFO  : The file '/home/sean/Downloads/git/ECE385_FP/tetris_logic1/workspace/mb_keeb/_ide/bitstream/tetris_top.mmi' stored in project is removed.
00:38:48 INFO  : The updated bitstream files are copied from platform to folder '/home/sean/Downloads/git/ECE385_FP/tetris_logic1/workspace/mb_keeb/_ide/bitstream' in project 'mb_keeb'.
00:42:11 INFO  : Result from executing command 'removePlatformRepo': 
00:42:16 INFO  : Result from executing command 'getProjects': tetris_top
00:42:16 INFO  : Result from executing command 'getPlatforms': xilinx_zcu102_base_202220_1|/alottadata/tools/Xilinx/Vitis/2022.2/base_platforms/xilinx_zcu102_base_202220_1/xilinx_zcu102_base_202220_1.xpfm;xilinx_zcu102_base_dfx_202220_1|/alottadata/tools/Xilinx/Vitis/2022.2/base_platforms/xilinx_zcu102_base_dfx_202220_1/xilinx_zcu102_base_dfx_202220_1.xpfm;xilinx_zcu104_base_202220_1|/alottadata/tools/Xilinx/Vitis/2022.2/base_platforms/xilinx_zcu104_base_202220_1/xilinx_zcu104_base_202220_1.xpfm
00:42:23 INFO  : Checking for BSP changes to sync application flags for project 'mb_keeb'...
00:42:23 INFO  : Updating application flags with new BSP settings...
00:42:23 ERROR : Failed to update application flags from BSP for 'mb_keeb'. Reason: null
java.lang.NullPointerException: null
	at com.xilinx.sdk.sw.internal.SwDb.getComponentAppCompilerFlags(SwDb.java:761) ~[com.xilinx.sdk.sw_1.0.0.202210132147.jar:?]
	at com.xilinx.sdx.sw.internal.SDxSwPlatform.getSwPlatformCompilerFlags(SDxSwPlatform.java:1177) ~[com.xilinx.sdx.sw_1.0.0.202210132147.jar:?]
	at com.xilinx.sdx.sdk.core.build.AppSwBuildOptionsHelper.inferSwPlatformFlags(AppSwBuildOptionsHelper.java:54) ~[com.xilinx.sdx.sdk.core_1.0.0.202210132147.jar:?]
	at com.xilinx.sdx.sdk.core.build.AppSwBuildOptionsHelper.updateBuildOptions(AppSwBuildOptionsHelper.java:46) ~[com.xilinx.sdx.sdk.core_1.0.0.202210132147.jar:?]
	at com.xilinx.sdx.sdk.core.build.SdkMakefileGenerationListener.updateSwBuildOptions(SdkMakefileGenerationListener.java:215) ~[com.xilinx.sdx.sdk.core_1.0.0.202210132147.jar:?]
	at com.xilinx.sdx.sdk.core.build.SdkMakefileGenerationListener.syncAppFlags(SdkMakefileGenerationListener.java:99) [com.xilinx.sdx.sdk.core_1.0.0.202210132147.jar:?]
	at com.xilinx.sdx.sdk.core.build.SdkMakefileGenerationListener.preMakefileGeneration(SdkMakefileGenerationListener.java:48) [com.xilinx.sdx.sdk.core_1.0.0.202210132147.jar:?]
	at com.xilinx.sdk.managedbuilder.XilinxGnuMakefileGenerator.notifyPreMakefileGenerationListeners(XilinxGnuMakefileGenerator.java:91) [com.xilinx.sdk.managedbuilder_1.0.0.202210132147.jar:?]
	at com.xilinx.sdk.managedbuilder.XilinxGnuMakefileGenerator.generateMakefiles(XilinxGnuMakefileGenerator.java:40) [com.xilinx.sdk.managedbuilder_1.0.0.202210132147.jar:?]
	at org.eclipse.cdt.managedbuilder.internal.core.CommonBuilder.performMakefileGeneration(CommonBuilder.java:1008) [org.eclipse.cdt.managedbuilder.core_8.6.0.201802261533.jar:?]
	at org.eclipse.cdt.managedbuilder.internal.core.CommonBuilder.performPrebuildGeneration(CommonBuilder.java:873) [org.eclipse.cdt.managedbuilder.core_8.6.0.201802261533.jar:?]
	at org.eclipse.cdt.managedbuilder.internal.core.CommonBuilder.build(CommonBuilder.java:748) [org.eclipse.cdt.managedbuilder.core_8.6.0.201802261533.jar:?]
	at org.eclipse.cdt.managedbuilder.internal.core.CommonBuilder.build(CommonBuilder.java:510) [org.eclipse.cdt.managedbuilder.core_8.6.0.201802261533.jar:?]
	at org.eclipse.cdt.managedbuilder.internal.core.CommonBuilder.build(CommonBuilder.java:459) [org.eclipse.cdt.managedbuilder.core_8.6.0.201802261533.jar:?]
	at org.eclipse.core.internal.events.BuildManager$2.run(BuildManager.java:832) [org.eclipse.core.resources_3.13.700.v20200209-1624.jar:?]
	at org.eclipse.core.runtime.SafeRunner.run(SafeRunner.java:45) [org.eclipse.equinox.common_3.11.0.v20200206-0817.jar:?]
	at org.eclipse.core.internal.events.BuildManager.basicBuild(BuildManager.java:220) [org.eclipse.core.resources_3.13.700.v20200209-1624.jar:?]
	at org.eclipse.core.internal.events.BuildManager.basicBuild(BuildManager.java:263) [org.eclipse.core.resources_3.13.700.v20200209-1624.jar:?]
	at org.eclipse.core.internal.events.BuildManager$1.run(BuildManager.java:316) [org.eclipse.core.resources_3.13.700.v20200209-1624.jar:?]
	at org.eclipse.core.runtime.SafeRunner.run(SafeRunner.java:45) [org.eclipse.equinox.common_3.11.0.v20200206-0817.jar:?]
	at org.eclipse.core.internal.events.BuildManager.basicBuild(BuildManager.java:319) [org.eclipse.core.resources_3.13.700.v20200209-1624.jar:?]
	at org.eclipse.core.internal.events.BuildManager.basicBuildLoop(BuildManager.java:371) [org.eclipse.core.resources_3.13.700.v20200209-1624.jar:?]
	at org.eclipse.core.internal.events.BuildManager.build(BuildManager.java:392) [org.eclipse.core.resources_3.13.700.v20200209-1624.jar:?]
	at org.eclipse.core.internal.resources.Workspace.buildInternal(Workspace.java:515) [org.eclipse.core.resources_3.13.700.v20200209-1624.jar:?]
	at org.eclipse.core.internal.resources.Workspace.build(Workspace.java:412) [org.eclipse.core.resources_3.13.700.v20200209-1624.jar:?]
	at org.eclipse.ui.actions.BuildAction$1.runInWorkspace(BuildAction.java:291) [org.eclipse.ui.ide_3.17.0.v20200217-1511.jar:?]
	at org.eclipse.core.internal.resources.InternalWorkspaceJob.run(InternalWorkspaceJob.java:42) [org.eclipse.core.resources_3.13.700.v20200209-1624.jar:?]
	at org.eclipse.core.internal.jobs.Worker.run(Worker.java:63) [org.eclipse.core.jobs_3.10.700.v20200106-1020.jar:?]
00:42:34 INFO  : Result from executing command 'removePlatformRepo': 
00:42:37 INFO  : Hardware specification for platform project 'tetris_top' is updated.
00:42:42 ERROR : Error from executing command 'removePlatformRepo': ERROR: No valid directory exists at given path.
00:42:48 INFO  : Result from executing command 'getProjects': tetris_top
00:42:48 INFO  : Result from executing command 'getPlatforms': xilinx_zcu102_base_202220_1|/alottadata/tools/Xilinx/Vitis/2022.2/base_platforms/xilinx_zcu102_base_202220_1/xilinx_zcu102_base_202220_1.xpfm;xilinx_zcu102_base_dfx_202220_1|/alottadata/tools/Xilinx/Vitis/2022.2/base_platforms/xilinx_zcu102_base_dfx_202220_1/xilinx_zcu102_base_dfx_202220_1.xpfm;xilinx_zcu104_base_202220_1|/alottadata/tools/Xilinx/Vitis/2022.2/base_platforms/xilinx_zcu104_base_202220_1/xilinx_zcu104_base_202220_1.xpfm
00:42:51 INFO  : Checking for BSP changes to sync application flags for project 'mb_keeb'...
00:42:51 INFO  : Updating application flags with new BSP settings...
00:42:51 ERROR : Failed to update application flags from BSP for 'mb_keeb'. Reason: null
java.lang.NullPointerException: null
	at com.xilinx.sdk.sw.internal.SwDb.getComponentAppCompilerFlags(SwDb.java:761) ~[com.xilinx.sdk.sw_1.0.0.202210132147.jar:?]
	at com.xilinx.sdx.sw.internal.SDxSwPlatform.getSwPlatformCompilerFlags(SDxSwPlatform.java:1177) ~[com.xilinx.sdx.sw_1.0.0.202210132147.jar:?]
	at com.xilinx.sdx.sdk.core.build.AppSwBuildOptionsHelper.inferSwPlatformFlags(AppSwBuildOptionsHelper.java:54) ~[com.xilinx.sdx.sdk.core_1.0.0.202210132147.jar:?]
	at com.xilinx.sdx.sdk.core.build.AppSwBuildOptionsHelper.updateBuildOptions(AppSwBuildOptionsHelper.java:46) ~[com.xilinx.sdx.sdk.core_1.0.0.202210132147.jar:?]
	at com.xilinx.sdx.sdk.core.build.SdkMakefileGenerationListener.updateSwBuildOptions(SdkMakefileGenerationListener.java:215) ~[com.xilinx.sdx.sdk.core_1.0.0.202210132147.jar:?]
	at com.xilinx.sdx.sdk.core.build.SdkMakefileGenerationListener.syncAppFlags(SdkMakefileGenerationListener.java:99) [com.xilinx.sdx.sdk.core_1.0.0.202210132147.jar:?]
	at com.xilinx.sdx.sdk.core.build.SdkMakefileGenerationListener.preMakefileGeneration(SdkMakefileGenerationListener.java:48) [com.xilinx.sdx.sdk.core_1.0.0.202210132147.jar:?]
	at com.xilinx.sdk.managedbuilder.XilinxGnuMakefileGenerator.notifyPreMakefileGenerationListeners(XilinxGnuMakefileGenerator.java:91) [com.xilinx.sdk.managedbuilder_1.0.0.202210132147.jar:?]
	at com.xilinx.sdk.managedbuilder.XilinxGnuMakefileGenerator.regenerateMakefiles(XilinxGnuMakefileGenerator.java:75) [com.xilinx.sdk.managedbuilder_1.0.0.202210132147.jar:?]
	at org.eclipse.cdt.managedbuilder.internal.core.CommonBuilder.performMakefileGeneration(CommonBuilder.java:1006) [org.eclipse.cdt.managedbuilder.core_8.6.0.201802261533.jar:?]
	at org.eclipse.cdt.managedbuilder.internal.core.CommonBuilder.performPrebuildGeneration(CommonBuilder.java:873) [org.eclipse.cdt.managedbuilder.core_8.6.0.201802261533.jar:?]
	at org.eclipse.cdt.managedbuilder.internal.core.CommonBuilder.build(CommonBuilder.java:748) [org.eclipse.cdt.managedbuilder.core_8.6.0.201802261533.jar:?]
	at org.eclipse.cdt.managedbuilder.internal.core.CommonBuilder.build(CommonBuilder.java:513) [org.eclipse.cdt.managedbuilder.core_8.6.0.201802261533.jar:?]
	at org.eclipse.cdt.managedbuilder.internal.core.CommonBuilder.build(CommonBuilder.java:459) [org.eclipse.cdt.managedbuilder.core_8.6.0.201802261533.jar:?]
	at org.eclipse.core.internal.events.BuildManager$2.run(BuildManager.java:832) [org.eclipse.core.resources_3.13.700.v20200209-1624.jar:?]
	at org.eclipse.core.runtime.SafeRunner.run(SafeRunner.java:45) [org.eclipse.equinox.common_3.11.0.v20200206-0817.jar:?]
	at org.eclipse.core.internal.events.BuildManager.basicBuild(BuildManager.java:220) [org.eclipse.core.resources_3.13.700.v20200209-1624.jar:?]
	at org.eclipse.core.internal.events.BuildManager.basicBuild(BuildManager.java:263) [org.eclipse.core.resources_3.13.700.v20200209-1624.jar:?]
	at org.eclipse.core.internal.events.BuildManager$1.run(BuildManager.java:316) [org.eclipse.core.resources_3.13.700.v20200209-1624.jar:?]
	at org.eclipse.core.runtime.SafeRunner.run(SafeRunner.java:45) [org.eclipse.equinox.common_3.11.0.v20200206-0817.jar:?]
	at org.eclipse.core.internal.events.BuildManager.basicBuild(BuildManager.java:319) [org.eclipse.core.resources_3.13.700.v20200209-1624.jar:?]
	at org.eclipse.core.internal.events.BuildManager.basicBuildLoop(BuildManager.java:371) [org.eclipse.core.resources_3.13.700.v20200209-1624.jar:?]
	at org.eclipse.core.internal.events.BuildManager.build(BuildManager.java:392) [org.eclipse.core.resources_3.13.700.v20200209-1624.jar:?]
	at org.eclipse.core.internal.resources.Workspace.buildInternal(Workspace.java:515) [org.eclipse.core.resources_3.13.700.v20200209-1624.jar:?]
	at org.eclipse.core.internal.resources.Workspace.build(Workspace.java:412) [org.eclipse.core.resources_3.13.700.v20200209-1624.jar:?]
	at org.eclipse.ui.actions.BuildAction$1.runInWorkspace(BuildAction.java:291) [org.eclipse.ui.ide_3.17.0.v20200217-1511.jar:?]
	at org.eclipse.core.internal.resources.InternalWorkspaceJob.run(InternalWorkspaceJob.java:42) [org.eclipse.core.resources_3.13.700.v20200209-1624.jar:?]
	at org.eclipse.core.internal.jobs.Worker.run(Worker.java:63) [org.eclipse.core.jobs_3.10.700.v20200106-1020.jar:?]
00:42:52 INFO  : The hardware specification used by project 'mb_keeb' is out of sync with the platform. Resource files extracted from the hardware specification will be updated.
00:42:52 INFO  : The file '/home/sean/Downloads/git/ECE385_FP/tetris_logic1/workspace/mb_keeb/_ide/bitstream/tetris_top.bit' stored in project is removed.
00:42:52 INFO  : The file '/home/sean/Downloads/git/ECE385_FP/tetris_logic1/workspace/mb_keeb/_ide/bitstream/tetris_top.mmi' stored in project is removed.
00:42:52 INFO  : The updated bitstream files are copied from platform to folder '/home/sean/Downloads/git/ECE385_FP/tetris_logic1/workspace/mb_keeb/_ide/bitstream' in project 'mb_keeb'.
00:51:59 INFO  : Hardware specification for platform project 'tetris_top' is updated.
00:52:04 INFO  : Result from executing command 'removePlatformRepo': 
00:52:10 INFO  : Result from executing command 'getProjects': tetris_top
00:52:10 INFO  : Result from executing command 'getPlatforms': xilinx_zcu102_base_202220_1|/alottadata/tools/Xilinx/Vitis/2022.2/base_platforms/xilinx_zcu102_base_202220_1/xilinx_zcu102_base_202220_1.xpfm;xilinx_zcu102_base_dfx_202220_1|/alottadata/tools/Xilinx/Vitis/2022.2/base_platforms/xilinx_zcu102_base_dfx_202220_1/xilinx_zcu102_base_dfx_202220_1.xpfm;xilinx_zcu104_base_202220_1|/alottadata/tools/Xilinx/Vitis/2022.2/base_platforms/xilinx_zcu104_base_202220_1/xilinx_zcu104_base_202220_1.xpfm
00:52:13 INFO  : Checking for BSP changes to sync application flags for project 'mb_keeb'...
00:52:13 INFO  : Updating application flags with new BSP settings...
00:52:14 ERROR : Failed to update application flags from BSP for 'mb_keeb'. Reason: null
java.lang.NullPointerException: null
	at com.xilinx.sdk.sw.internal.SwDb.getComponentAppCompilerFlags(SwDb.java:761) ~[com.xilinx.sdk.sw_1.0.0.202210132147.jar:?]
	at com.xilinx.sdx.sw.internal.SDxSwPlatform.getSwPlatformCompilerFlags(SDxSwPlatform.java:1177) ~[com.xilinx.sdx.sw_1.0.0.202210132147.jar:?]
	at com.xilinx.sdx.sdk.core.build.AppSwBuildOptionsHelper.inferSwPlatformFlags(AppSwBuildOptionsHelper.java:54) ~[com.xilinx.sdx.sdk.core_1.0.0.202210132147.jar:?]
	at com.xilinx.sdx.sdk.core.build.AppSwBuildOptionsHelper.updateBuildOptions(AppSwBuildOptionsHelper.java:46) ~[com.xilinx.sdx.sdk.core_1.0.0.202210132147.jar:?]
	at com.xilinx.sdx.sdk.core.build.SdkMakefileGenerationListener.updateSwBuildOptions(SdkMakefileGenerationListener.java:215) ~[com.xilinx.sdx.sdk.core_1.0.0.202210132147.jar:?]
	at com.xilinx.sdx.sdk.core.build.SdkMakefileGenerationListener.syncAppFlags(SdkMakefileGenerationListener.java:99) [com.xilinx.sdx.sdk.core_1.0.0.202210132147.jar:?]
	at com.xilinx.sdx.sdk.core.build.SdkMakefileGenerationListener.preMakefileGeneration(SdkMakefileGenerationListener.java:48) [com.xilinx.sdx.sdk.core_1.0.0.202210132147.jar:?]
	at com.xilinx.sdk.managedbuilder.XilinxGnuMakefileGenerator.notifyPreMakefileGenerationListeners(XilinxGnuMakefileGenerator.java:91) [com.xilinx.sdk.managedbuilder_1.0.0.202210132147.jar:?]
	at com.xilinx.sdk.managedbuilder.XilinxGnuMakefileGenerator.generateMakefiles(XilinxGnuMakefileGenerator.java:40) [com.xilinx.sdk.managedbuilder_1.0.0.202210132147.jar:?]
	at org.eclipse.cdt.managedbuilder.internal.core.CommonBuilder.performMakefileGeneration(CommonBuilder.java:1008) [org.eclipse.cdt.managedbuilder.core_8.6.0.201802261533.jar:?]
	at org.eclipse.cdt.managedbuilder.internal.core.CommonBuilder.performPrebuildGeneration(CommonBuilder.java:873) [org.eclipse.cdt.managedbuilder.core_8.6.0.201802261533.jar:?]
	at org.eclipse.cdt.managedbuilder.internal.core.CommonBuilder.build(CommonBuilder.java:748) [org.eclipse.cdt.managedbuilder.core_8.6.0.201802261533.jar:?]
	at org.eclipse.cdt.managedbuilder.internal.core.CommonBuilder.build(CommonBuilder.java:510) [org.eclipse.cdt.managedbuilder.core_8.6.0.201802261533.jar:?]
	at org.eclipse.cdt.managedbuilder.internal.core.CommonBuilder.build(CommonBuilder.java:459) [org.eclipse.cdt.managedbuilder.core_8.6.0.201802261533.jar:?]
	at org.eclipse.core.internal.events.BuildManager$2.run(BuildManager.java:832) [org.eclipse.core.resources_3.13.700.v20200209-1624.jar:?]
	at org.eclipse.core.runtime.SafeRunner.run(SafeRunner.java:45) [org.eclipse.equinox.common_3.11.0.v20200206-0817.jar:?]
	at org.eclipse.core.internal.events.BuildManager.basicBuild(BuildManager.java:220) [org.eclipse.core.resources_3.13.700.v20200209-1624.jar:?]
	at org.eclipse.core.internal.events.BuildManager.basicBuild(BuildManager.java:263) [org.eclipse.core.resources_3.13.700.v20200209-1624.jar:?]
	at org.eclipse.core.internal.events.BuildManager$1.run(BuildManager.java:316) [org.eclipse.core.resources_3.13.700.v20200209-1624.jar:?]
	at org.eclipse.core.runtime.SafeRunner.run(SafeRunner.java:45) [org.eclipse.equinox.common_3.11.0.v20200206-0817.jar:?]
	at org.eclipse.core.internal.events.BuildManager.basicBuild(BuildManager.java:319) [org.eclipse.core.resources_3.13.700.v20200209-1624.jar:?]
	at org.eclipse.core.internal.events.BuildManager.basicBuildLoop(BuildManager.java:371) [org.eclipse.core.resources_3.13.700.v20200209-1624.jar:?]
	at org.eclipse.core.internal.events.BuildManager.build(BuildManager.java:392) [org.eclipse.core.resources_3.13.700.v20200209-1624.jar:?]
	at org.eclipse.core.internal.resources.Workspace.buildInternal(Workspace.java:515) [org.eclipse.core.resources_3.13.700.v20200209-1624.jar:?]
	at org.eclipse.core.internal.resources.Workspace.build(Workspace.java:412) [org.eclipse.core.resources_3.13.700.v20200209-1624.jar:?]
	at org.eclipse.ui.actions.BuildAction$1.runInWorkspace(BuildAction.java:291) [org.eclipse.ui.ide_3.17.0.v20200217-1511.jar:?]
	at org.eclipse.core.internal.resources.InternalWorkspaceJob.run(InternalWorkspaceJob.java:42) [org.eclipse.core.resources_3.13.700.v20200209-1624.jar:?]
	at org.eclipse.core.internal.jobs.Worker.run(Worker.java:63) [org.eclipse.core.jobs_3.10.700.v20200106-1020.jar:?]
00:52:14 INFO  : The hardware specification used by project 'mb_keeb' is out of sync with the platform. Resource files extracted from the hardware specification will be updated.
00:52:14 INFO  : The file '/home/sean/Downloads/git/ECE385_FP/tetris_logic1/workspace/mb_keeb/_ide/bitstream/tetris_top.bit' stored in project is removed.
00:52:14 INFO  : The file '/home/sean/Downloads/git/ECE385_FP/tetris_logic1/workspace/mb_keeb/_ide/bitstream/tetris_top.mmi' stored in project is removed.
00:52:14 INFO  : The updated bitstream files are copied from platform to folder '/home/sean/Downloads/git/ECE385_FP/tetris_logic1/workspace/mb_keeb/_ide/bitstream' in project 'mb_keeb'.
00:54:15 INFO  : Successfully generated /home/sean/Downloads/git/ECE385_FP/tetris_logic1/workspace/mb_keeb/src/lscript.ld.
00:54:15 INFO  : Applying linker script to all configurations of project mb_keeb.
00:54:15 INFO  : Setting rebuild state to true for all configurations of project mb_keeb.
00:54:19 INFO  : Checking for BSP changes to sync application flags for project 'mb_keeb'...
00:54:19 INFO  : Updating application flags with new BSP settings...
00:54:19 ERROR : Failed to update application flags from BSP for 'mb_keeb'. Reason: null
java.lang.NullPointerException: null
	at com.xilinx.sdk.sw.internal.SwDb.getComponentAppCompilerFlags(SwDb.java:761) ~[com.xilinx.sdk.sw_1.0.0.202210132147.jar:?]
	at com.xilinx.sdx.sw.internal.SDxSwPlatform.getSwPlatformCompilerFlags(SDxSwPlatform.java:1177) ~[com.xilinx.sdx.sw_1.0.0.202210132147.jar:?]
	at com.xilinx.sdx.sdk.core.build.AppSwBuildOptionsHelper.inferSwPlatformFlags(AppSwBuildOptionsHelper.java:54) ~[com.xilinx.sdx.sdk.core_1.0.0.202210132147.jar:?]
	at com.xilinx.sdx.sdk.core.build.AppSwBuildOptionsHelper.updateBuildOptions(AppSwBuildOptionsHelper.java:46) ~[com.xilinx.sdx.sdk.core_1.0.0.202210132147.jar:?]
	at com.xilinx.sdx.sdk.core.build.SdkMakefileGenerationListener.updateSwBuildOptions(SdkMakefileGenerationListener.java:215) ~[com.xilinx.sdx.sdk.core_1.0.0.202210132147.jar:?]
	at com.xilinx.sdx.sdk.core.build.SdkMakefileGenerationListener.syncAppFlags(SdkMakefileGenerationListener.java:99) [com.xilinx.sdx.sdk.core_1.0.0.202210132147.jar:?]
	at com.xilinx.sdx.sdk.core.build.SdkMakefileGenerationListener.preMakefileGeneration(SdkMakefileGenerationListener.java:48) [com.xilinx.sdx.sdk.core_1.0.0.202210132147.jar:?]
	at com.xilinx.sdk.managedbuilder.XilinxGnuMakefileGenerator.notifyPreMakefileGenerationListeners(XilinxGnuMakefileGenerator.java:91) [com.xilinx.sdk.managedbuilder_1.0.0.202210132147.jar:?]
	at com.xilinx.sdk.managedbuilder.XilinxGnuMakefileGenerator.regenerateMakefiles(XilinxGnuMakefileGenerator.java:75) [com.xilinx.sdk.managedbuilder_1.0.0.202210132147.jar:?]
	at org.eclipse.cdt.managedbuilder.internal.core.CommonBuilder.performMakefileGeneration(CommonBuilder.java:1006) [org.eclipse.cdt.managedbuilder.core_8.6.0.201802261533.jar:?]
	at org.eclipse.cdt.managedbuilder.internal.core.CommonBuilder.performPrebuildGeneration(CommonBuilder.java:873) [org.eclipse.cdt.managedbuilder.core_8.6.0.201802261533.jar:?]
	at org.eclipse.cdt.managedbuilder.internal.core.CommonBuilder.build(CommonBuilder.java:748) [org.eclipse.cdt.managedbuilder.core_8.6.0.201802261533.jar:?]
	at org.eclipse.cdt.managedbuilder.internal.core.CommonBuilder.build(CommonBuilder.java:510) [org.eclipse.cdt.managedbuilder.core_8.6.0.201802261533.jar:?]
	at org.eclipse.cdt.managedbuilder.internal.core.CommonBuilder.build(CommonBuilder.java:459) [org.eclipse.cdt.managedbuilder.core_8.6.0.201802261533.jar:?]
	at org.eclipse.core.internal.events.BuildManager$2.run(BuildManager.java:832) [org.eclipse.core.resources_3.13.700.v20200209-1624.jar:?]
	at org.eclipse.core.runtime.SafeRunner.run(SafeRunner.java:45) [org.eclipse.equinox.common_3.11.0.v20200206-0817.jar:?]
	at org.eclipse.core.internal.events.BuildManager.basicBuild(BuildManager.java:220) [org.eclipse.core.resources_3.13.700.v20200209-1624.jar:?]
	at org.eclipse.core.internal.events.BuildManager.basicBuild(BuildManager.java:263) [org.eclipse.core.resources_3.13.700.v20200209-1624.jar:?]
	at org.eclipse.core.internal.events.BuildManager$1.run(BuildManager.java:316) [org.eclipse.core.resources_3.13.700.v20200209-1624.jar:?]
	at org.eclipse.core.runtime.SafeRunner.run(SafeRunner.java:45) [org.eclipse.equinox.common_3.11.0.v20200206-0817.jar:?]
	at org.eclipse.core.internal.events.BuildManager.basicBuild(BuildManager.java:319) [org.eclipse.core.resources_3.13.700.v20200209-1624.jar:?]
	at org.eclipse.core.internal.events.BuildManager.basicBuildLoop(BuildManager.java:371) [org.eclipse.core.resources_3.13.700.v20200209-1624.jar:?]
	at org.eclipse.core.internal.events.BuildManager.build(BuildManager.java:392) [org.eclipse.core.resources_3.13.700.v20200209-1624.jar:?]
	at org.eclipse.core.internal.resources.Workspace.buildInternal(Workspace.java:515) [org.eclipse.core.resources_3.13.700.v20200209-1624.jar:?]
	at org.eclipse.core.internal.resources.Workspace.build(Workspace.java:412) [org.eclipse.core.resources_3.13.700.v20200209-1624.jar:?]
	at org.eclipse.ui.actions.BuildAction$1.runInWorkspace(BuildAction.java:291) [org.eclipse.ui.ide_3.17.0.v20200217-1511.jar:?]
	at org.eclipse.core.internal.resources.InternalWorkspaceJob.run(InternalWorkspaceJob.java:42) [org.eclipse.core.resources_3.13.700.v20200209-1624.jar:?]
	at org.eclipse.core.internal.jobs.Worker.run(Worker.java:63) [org.eclipse.core.jobs_3.10.700.v20200106-1020.jar:?]
00:54:35 INFO  : Connected to target on host '127.0.0.1' and port '3121'.
00:54:35 INFO  : Jtag cable 'RealDigital Boo 8874292301A7A' is selected.
00:54:35 INFO  : 'jtag frequency' command is executed.
00:54:35 INFO  : 'targets -set -filter {jtag_cable_name =~ "RealDigital Boo 8874292301A7A" && level==0 && jtag_device_ctx=="jsn1-0362f093-0"}' command is executed.
00:54:37 INFO  : Device configured successfully with "/home/sean/Downloads/git/ECE385_FP/tetris_logic1/workspace/mb_keeb/_ide/bitstream/tetris_top.bit"
00:54:37 INFO  : Context for processor 'microblaze_0' is selected.
00:54:37 INFO  : Hardware design and registers information is loaded from '/home/sean/Downloads/git/ECE385_FP/tetris_logic1/workspace/tetris_top/export/tetris_top/hw/tetris_top.xsa'.
00:54:37 INFO  : 'configparams mdm-detect-bscan-mask 2' command is executed.
00:54:37 INFO  : Context for processor 'microblaze_0' is selected.
00:54:37 INFO  : System reset is completed.
00:54:40 INFO  : 'after 3000' command is executed.
00:54:40 INFO  : Context for processor 'microblaze_0' is selected.
00:54:40 ERROR : Cannot stop MicroBlaze. MicroBlaze is held in reset
00:54:40 INFO  : ----------------XSDB Script----------------
connect -url tcp:127.0.0.1:3121
targets -set -filter {jtag_cable_name =~ "RealDigital Boo 8874292301A7A" && level==0 && jtag_device_ctx=="jsn1-0362f093-0"}
fpga -file /home/sean/Downloads/git/ECE385_FP/tetris_logic1/workspace/mb_keeb/_ide/bitstream/tetris_top.bit
targets -set -nocase -filter {name =~ "*microblaze*#0" && bscan=="USER2" }
loadhw -hw /home/sean/Downloads/git/ECE385_FP/tetris_logic1/workspace/tetris_top/export/tetris_top/hw/tetris_top.xsa -regs
configparams mdm-detect-bscan-mask 2
targets -set -nocase -filter {name =~ "*microblaze*#0" && bscan=="USER2" }
rst -system
after 3000
targets -set -nocase -filter {name =~ "*microblaze*#0" && bscan=="USER2" }
dow /home/sean/Downloads/git/ECE385_FP/tetris_logic1/workspace/mb_keeb/Debug/mb_keeb.elf
----------------End of Script----------------

00:54:40 ERROR : Cannot stop MicroBlaze. MicroBlaze is held in reset
01:01:15 INFO  : Hardware specification for platform project 'tetris_top' is updated.
01:01:24 INFO  : Result from executing command 'getProjects': tetris_top
01:01:24 INFO  : Result from executing command 'getPlatforms': tetris_top|/home/sean/Downloads/git/ECE385_FP/tetris_logic1/workspace/tetris_top/export/tetris_top/tetris_top.xpfm;xilinx_zcu102_base_202220_1|/alottadata/tools/Xilinx/Vitis/2022.2/base_platforms/xilinx_zcu102_base_202220_1/xilinx_zcu102_base_202220_1.xpfm;xilinx_zcu102_base_dfx_202220_1|/alottadata/tools/Xilinx/Vitis/2022.2/base_platforms/xilinx_zcu102_base_dfx_202220_1/xilinx_zcu102_base_dfx_202220_1.xpfm;xilinx_zcu104_base_202220_1|/alottadata/tools/Xilinx/Vitis/2022.2/base_platforms/xilinx_zcu104_base_202220_1/xilinx_zcu104_base_202220_1.xpfm
01:01:27 INFO  : Checking for BSP changes to sync application flags for project 'mb_keeb'...
01:01:27 INFO  : Updating application flags with new BSP settings...
01:01:27 ERROR : Failed to update application flags from BSP for 'mb_keeb'. Reason: null
java.lang.NullPointerException: null
	at com.xilinx.sdk.sw.internal.SwDb.getComponentAppCompilerFlags(SwDb.java:761) ~[com.xilinx.sdk.sw_1.0.0.202210132147.jar:?]
	at com.xilinx.sdx.sw.internal.SDxSwPlatform.getSwPlatformCompilerFlags(SDxSwPlatform.java:1177) ~[com.xilinx.sdx.sw_1.0.0.202210132147.jar:?]
	at com.xilinx.sdx.sdk.core.build.AppSwBuildOptionsHelper.inferSwPlatformFlags(AppSwBuildOptionsHelper.java:54) ~[com.xilinx.sdx.sdk.core_1.0.0.202210132147.jar:?]
	at com.xilinx.sdx.sdk.core.build.AppSwBuildOptionsHelper.updateBuildOptions(AppSwBuildOptionsHelper.java:46) ~[com.xilinx.sdx.sdk.core_1.0.0.202210132147.jar:?]
	at com.xilinx.sdx.sdk.core.build.SdkMakefileGenerationListener.updateSwBuildOptions(SdkMakefileGenerationListener.java:215) ~[com.xilinx.sdx.sdk.core_1.0.0.202210132147.jar:?]
	at com.xilinx.sdx.sdk.core.build.SdkMakefileGenerationListener.syncAppFlags(SdkMakefileGenerationListener.java:99) [com.xilinx.sdx.sdk.core_1.0.0.202210132147.jar:?]
	at com.xilinx.sdx.sdk.core.build.SdkMakefileGenerationListener.preMakefileGeneration(SdkMakefileGenerationListener.java:48) [com.xilinx.sdx.sdk.core_1.0.0.202210132147.jar:?]
	at com.xilinx.sdk.managedbuilder.XilinxGnuMakefileGenerator.notifyPreMakefileGenerationListeners(XilinxGnuMakefileGenerator.java:91) [com.xilinx.sdk.managedbuilder_1.0.0.202210132147.jar:?]
	at com.xilinx.sdk.managedbuilder.XilinxGnuMakefileGenerator.generateMakefiles(XilinxGnuMakefileGenerator.java:40) [com.xilinx.sdk.managedbuilder_1.0.0.202210132147.jar:?]
	at org.eclipse.cdt.managedbuilder.internal.core.CommonBuilder.performMakefileGeneration(CommonBuilder.java:1008) [org.eclipse.cdt.managedbuilder.core_8.6.0.201802261533.jar:?]
	at org.eclipse.cdt.managedbuilder.internal.core.CommonBuilder.performPrebuildGeneration(CommonBuilder.java:873) [org.eclipse.cdt.managedbuilder.core_8.6.0.201802261533.jar:?]
	at org.eclipse.cdt.managedbuilder.internal.core.CommonBuilder.build(CommonBuilder.java:748) [org.eclipse.cdt.managedbuilder.core_8.6.0.201802261533.jar:?]
	at org.eclipse.cdt.managedbuilder.internal.core.CommonBuilder.build(CommonBuilder.java:510) [org.eclipse.cdt.managedbuilder.core_8.6.0.201802261533.jar:?]
	at org.eclipse.cdt.managedbuilder.internal.core.CommonBuilder.build(CommonBuilder.java:459) [org.eclipse.cdt.managedbuilder.core_8.6.0.201802261533.jar:?]
	at org.eclipse.core.internal.events.BuildManager$2.run(BuildManager.java:832) [org.eclipse.core.resources_3.13.700.v20200209-1624.jar:?]
	at org.eclipse.core.runtime.SafeRunner.run(SafeRunner.java:45) [org.eclipse.equinox.common_3.11.0.v20200206-0817.jar:?]
	at org.eclipse.core.internal.events.BuildManager.basicBuild(BuildManager.java:220) [org.eclipse.core.resources_3.13.700.v20200209-1624.jar:?]
	at org.eclipse.core.internal.events.BuildManager.basicBuild(BuildManager.java:263) [org.eclipse.core.resources_3.13.700.v20200209-1624.jar:?]
	at org.eclipse.core.internal.events.BuildManager$1.run(BuildManager.java:316) [org.eclipse.core.resources_3.13.700.v20200209-1624.jar:?]
	at org.eclipse.core.runtime.SafeRunner.run(SafeRunner.java:45) [org.eclipse.equinox.common_3.11.0.v20200206-0817.jar:?]
	at org.eclipse.core.internal.events.BuildManager.basicBuild(BuildManager.java:319) [org.eclipse.core.resources_3.13.700.v20200209-1624.jar:?]
	at org.eclipse.core.internal.events.BuildManager.basicBuildLoop(BuildManager.java:371) [org.eclipse.core.resources_3.13.700.v20200209-1624.jar:?]
	at org.eclipse.core.internal.events.BuildManager.build(BuildManager.java:392) [org.eclipse.core.resources_3.13.700.v20200209-1624.jar:?]
	at org.eclipse.core.internal.resources.Workspace.buildInternal(Workspace.java:515) [org.eclipse.core.resources_3.13.700.v20200209-1624.jar:?]
	at org.eclipse.core.internal.resources.Workspace.build(Workspace.java:412) [org.eclipse.core.resources_3.13.700.v20200209-1624.jar:?]
	at org.eclipse.ui.actions.BuildAction$1.runInWorkspace(BuildAction.java:291) [org.eclipse.ui.ide_3.17.0.v20200217-1511.jar:?]
	at org.eclipse.core.internal.resources.InternalWorkspaceJob.run(InternalWorkspaceJob.java:42) [org.eclipse.core.resources_3.13.700.v20200209-1624.jar:?]
	at org.eclipse.core.internal.jobs.Worker.run(Worker.java:63) [org.eclipse.core.jobs_3.10.700.v20200106-1020.jar:?]
01:01:28 INFO  : The hardware specification used by project 'mb_keeb' is out of sync with the platform. Resource files extracted from the hardware specification will be updated.
01:01:28 INFO  : The file '/home/sean/Downloads/git/ECE385_FP/tetris_logic1/workspace/mb_keeb/_ide/bitstream/tetris_top.bit' stored in project is removed.
01:01:28 INFO  : The file '/home/sean/Downloads/git/ECE385_FP/tetris_logic1/workspace/mb_keeb/_ide/bitstream/tetris_top.mmi' stored in project is removed.
01:01:28 INFO  : The updated bitstream files are copied from platform to folder '/home/sean/Downloads/git/ECE385_FP/tetris_logic1/workspace/mb_keeb/_ide/bitstream' in project 'mb_keeb'.
01:01:51 INFO  : Connected to target on host '127.0.0.1' and port '3121'.
01:01:51 INFO  : Jtag cable 'RealDigital Boo 8874292301A7A' is selected.
01:01:51 INFO  : 'jtag frequency' command is executed.
01:01:51 INFO  : 'targets -set -filter {jtag_cable_name =~ "RealDigital Boo 8874292301A7A" && level==0 && jtag_device_ctx=="jsn1-0362f093-0"}' command is executed.
01:01:53 INFO  : Device configured successfully with "/home/sean/Downloads/git/ECE385_FP/tetris_logic1/workspace/mb_keeb/_ide/bitstream/tetris_top.bit"
01:01:53 INFO  : Context for processor 'microblaze_0' is selected.
01:01:53 INFO  : Hardware design and registers information is loaded from '/home/sean/Downloads/git/ECE385_FP/tetris_logic1/workspace/tetris_top/export/tetris_top/hw/tetris_top.xsa'.
01:01:53 INFO  : 'configparams mdm-detect-bscan-mask 2' command is executed.
01:01:53 INFO  : Context for processor 'microblaze_0' is selected.
01:01:53 INFO  : System reset is completed.
01:01:56 INFO  : 'after 3000' command is executed.
01:01:56 INFO  : Context for processor 'microblaze_0' is selected.
01:01:56 INFO  : The application '/home/sean/Downloads/git/ECE385_FP/tetris_logic1/workspace/mb_keeb/Debug/mb_keeb.elf' is downloaded to processor 'microblaze_0'.
01:01:56 INFO  : ----------------XSDB Script----------------
connect -url tcp:127.0.0.1:3121
targets -set -filter {jtag_cable_name =~ "RealDigital Boo 8874292301A7A" && level==0 && jtag_device_ctx=="jsn1-0362f093-0"}
fpga -file /home/sean/Downloads/git/ECE385_FP/tetris_logic1/workspace/mb_keeb/_ide/bitstream/tetris_top.bit
targets -set -nocase -filter {name =~ "*microblaze*#0" && bscan=="USER2" }
loadhw -hw /home/sean/Downloads/git/ECE385_FP/tetris_logic1/workspace/tetris_top/export/tetris_top/hw/tetris_top.xsa -regs
configparams mdm-detect-bscan-mask 2
targets -set -nocase -filter {name =~ "*microblaze*#0" && bscan=="USER2" }
rst -system
after 3000
targets -set -nocase -filter {name =~ "*microblaze*#0" && bscan=="USER2" }
dow /home/sean/Downloads/git/ECE385_FP/tetris_logic1/workspace/mb_keeb/Debug/mb_keeb.elf
----------------End of Script----------------

01:01:56 INFO  : Context for processor 'microblaze_0' is selected.
01:01:56 INFO  : 'con' command is executed.
01:01:56 INFO  : ----------------XSDB Script (After Launch)----------------
targets -set -nocase -filter {name =~ "*microblaze*#0" && bscan=="USER2" }
con
----------------End of Script----------------

01:01:56 INFO  : Disconnected from the channel tcfchan#14.
01:02:17 INFO  : Connected to target on host '127.0.0.1' and port '3121'.
01:02:17 INFO  : Jtag cable 'RealDigital Boo 8874292301A7A' is selected.
01:02:17 INFO  : 'jtag frequency' command is executed.
01:02:17 INFO  : 'targets -set -filter {jtag_cable_name =~ "RealDigital Boo 8874292301A7A" && level==0 && jtag_device_ctx=="jsn1-0362f093-0"}' command is executed.
01:02:18 INFO  : Device configured successfully with "/home/sean/Downloads/git/ECE385_FP/tetris_logic1/workspace/mb_keeb/_ide/bitstream/tetris_top.bit"
01:02:18 INFO  : Context for processor 'microblaze_0' is selected.
01:02:18 INFO  : Hardware design and registers information is loaded from '/home/sean/Downloads/git/ECE385_FP/tetris_logic1/workspace/tetris_top/export/tetris_top/hw/tetris_top.xsa'.
01:02:18 INFO  : 'configparams mdm-detect-bscan-mask 2' command is executed.
01:02:18 INFO  : Context for processor 'microblaze_0' is selected.
01:02:18 INFO  : System reset is completed.
01:02:21 INFO  : 'after 3000' command is executed.
01:02:21 INFO  : Context for processor 'microblaze_0' is selected.
01:02:21 INFO  : The application '/home/sean/Downloads/git/ECE385_FP/tetris_logic1/workspace/mb_keeb/Debug/mb_keeb.elf' is downloaded to processor 'microblaze_0'.
01:02:21 INFO  : ----------------XSDB Script----------------
connect -url tcp:127.0.0.1:3121
targets -set -filter {jtag_cable_name =~ "RealDigital Boo 8874292301A7A" && level==0 && jtag_device_ctx=="jsn1-0362f093-0"}
fpga -file /home/sean/Downloads/git/ECE385_FP/tetris_logic1/workspace/mb_keeb/_ide/bitstream/tetris_top.bit
targets -set -nocase -filter {name =~ "*microblaze*#0" && bscan=="USER2" }
loadhw -hw /home/sean/Downloads/git/ECE385_FP/tetris_logic1/workspace/tetris_top/export/tetris_top/hw/tetris_top.xsa -regs
configparams mdm-detect-bscan-mask 2
targets -set -nocase -filter {name =~ "*microblaze*#0" && bscan=="USER2" }
rst -system
after 3000
targets -set -nocase -filter {name =~ "*microblaze*#0" && bscan=="USER2" }
dow /home/sean/Downloads/git/ECE385_FP/tetris_logic1/workspace/mb_keeb/Debug/mb_keeb.elf
----------------End of Script----------------

01:02:21 INFO  : Context for processor 'microblaze_0' is selected.
01:02:21 INFO  : 'con' command is executed.
01:02:21 INFO  : ----------------XSDB Script (After Launch)----------------
targets -set -nocase -filter {name =~ "*microblaze*#0" && bscan=="USER2" }
con
----------------End of Script----------------

01:02:21 INFO  : Disconnected from the channel tcfchan#16.
01:04:12 INFO  : Connected to target on host '127.0.0.1' and port '3121'.
01:04:12 INFO  : Jtag cable 'RealDigital Boo 8874292301A7A' is selected.
01:04:12 INFO  : 'jtag frequency' command is executed.
01:04:12 INFO  : 'targets -set -filter {jtag_cable_name =~ "RealDigital Boo 8874292301A7A" && level==0 && jtag_device_ctx=="jsn1-0362f093-0"}' command is executed.
01:04:13 INFO  : Device configured successfully with "/home/sean/Downloads/git/ECE385_FP/tetris_logic1/workspace/mb_keeb/_ide/bitstream/tetris_top.bit"
01:04:13 INFO  : Context for processor 'microblaze_0' is selected.
01:04:13 INFO  : Hardware design and registers information is loaded from '/home/sean/Downloads/git/ECE385_FP/tetris_logic1/workspace/tetris_top/export/tetris_top/hw/tetris_top.xsa'.
01:04:13 INFO  : 'configparams mdm-detect-bscan-mask 2' command is executed.
01:04:13 INFO  : Context for processor 'microblaze_0' is selected.
01:04:13 INFO  : System reset is completed.
01:04:16 INFO  : 'after 3000' command is executed.
01:04:16 INFO  : Context for processor 'microblaze_0' is selected.
01:04:16 INFO  : The application '/home/sean/Downloads/git/ECE385_FP/tetris_logic1/workspace/mb_keeb/Debug/mb_keeb.elf' is downloaded to processor 'microblaze_0'.
01:04:16 INFO  : ----------------XSDB Script----------------
connect -url tcp:127.0.0.1:3121
targets -set -filter {jtag_cable_name =~ "RealDigital Boo 8874292301A7A" && level==0 && jtag_device_ctx=="jsn1-0362f093-0"}
fpga -file /home/sean/Downloads/git/ECE385_FP/tetris_logic1/workspace/mb_keeb/_ide/bitstream/tetris_top.bit
targets -set -nocase -filter {name =~ "*microblaze*#0" && bscan=="USER2" }
loadhw -hw /home/sean/Downloads/git/ECE385_FP/tetris_logic1/workspace/tetris_top/export/tetris_top/hw/tetris_top.xsa -regs
configparams mdm-detect-bscan-mask 2
targets -set -nocase -filter {name =~ "*microblaze*#0" && bscan=="USER2" }
rst -system
after 3000
targets -set -nocase -filter {name =~ "*microblaze*#0" && bscan=="USER2" }
dow /home/sean/Downloads/git/ECE385_FP/tetris_logic1/workspace/mb_keeb/Debug/mb_keeb.elf
----------------End of Script----------------

01:04:16 INFO  : Context for processor 'microblaze_0' is selected.
01:04:16 INFO  : 'con' command is executed.
01:04:16 INFO  : ----------------XSDB Script (After Launch)----------------
targets -set -nocase -filter {name =~ "*microblaze*#0" && bscan=="USER2" }
con
----------------End of Script----------------

01:04:16 INFO  : Disconnected from the channel tcfchan#17.
01:12:01 INFO  : Hardware specification for platform project 'tetris_top' is updated.
01:12:07 INFO  : Result from executing command 'removePlatformRepo': 
01:12:19 INFO  : Result from executing command 'getProjects': tetris_top
01:12:19 INFO  : Result from executing command 'getPlatforms': xilinx_zcu102_base_202220_1|/alottadata/tools/Xilinx/Vitis/2022.2/base_platforms/xilinx_zcu102_base_202220_1/xilinx_zcu102_base_202220_1.xpfm;xilinx_zcu102_base_dfx_202220_1|/alottadata/tools/Xilinx/Vitis/2022.2/base_platforms/xilinx_zcu102_base_dfx_202220_1/xilinx_zcu102_base_dfx_202220_1.xpfm;xilinx_zcu104_base_202220_1|/alottadata/tools/Xilinx/Vitis/2022.2/base_platforms/xilinx_zcu104_base_202220_1/xilinx_zcu104_base_202220_1.xpfm
01:12:22 INFO  : Checking for BSP changes to sync application flags for project 'mb_keeb'...
01:12:22 INFO  : Updating application flags with new BSP settings...
01:12:22 ERROR : Failed to update application flags from BSP for 'mb_keeb'. Reason: null
java.lang.NullPointerException: null
	at com.xilinx.sdk.sw.internal.SwDb.getComponentAppCompilerFlags(SwDb.java:761) ~[com.xilinx.sdk.sw_1.0.0.202210132147.jar:?]
	at com.xilinx.sdx.sw.internal.SDxSwPlatform.getSwPlatformCompilerFlags(SDxSwPlatform.java:1177) ~[com.xilinx.sdx.sw_1.0.0.202210132147.jar:?]
	at com.xilinx.sdx.sdk.core.build.AppSwBuildOptionsHelper.inferSwPlatformFlags(AppSwBuildOptionsHelper.java:54) ~[com.xilinx.sdx.sdk.core_1.0.0.202210132147.jar:?]
	at com.xilinx.sdx.sdk.core.build.AppSwBuildOptionsHelper.updateBuildOptions(AppSwBuildOptionsHelper.java:46) ~[com.xilinx.sdx.sdk.core_1.0.0.202210132147.jar:?]
	at com.xilinx.sdx.sdk.core.build.SdkMakefileGenerationListener.updateSwBuildOptions(SdkMakefileGenerationListener.java:215) ~[com.xilinx.sdx.sdk.core_1.0.0.202210132147.jar:?]
	at com.xilinx.sdx.sdk.core.build.SdkMakefileGenerationListener.syncAppFlags(SdkMakefileGenerationListener.java:99) [com.xilinx.sdx.sdk.core_1.0.0.202210132147.jar:?]
	at com.xilinx.sdx.sdk.core.build.SdkMakefileGenerationListener.preMakefileGeneration(SdkMakefileGenerationListener.java:48) [com.xilinx.sdx.sdk.core_1.0.0.202210132147.jar:?]
	at com.xilinx.sdk.managedbuilder.XilinxGnuMakefileGenerator.notifyPreMakefileGenerationListeners(XilinxGnuMakefileGenerator.java:91) [com.xilinx.sdk.managedbuilder_1.0.0.202210132147.jar:?]
	at com.xilinx.sdk.managedbuilder.XilinxGnuMakefileGenerator.generateMakefiles(XilinxGnuMakefileGenerator.java:40) [com.xilinx.sdk.managedbuilder_1.0.0.202210132147.jar:?]
	at org.eclipse.cdt.managedbuilder.internal.core.CommonBuilder.performMakefileGeneration(CommonBuilder.java:1008) [org.eclipse.cdt.managedbuilder.core_8.6.0.201802261533.jar:?]
	at org.eclipse.cdt.managedbuilder.internal.core.CommonBuilder.performPrebuildGeneration(CommonBuilder.java:873) [org.eclipse.cdt.managedbuilder.core_8.6.0.201802261533.jar:?]
	at org.eclipse.cdt.managedbuilder.internal.core.CommonBuilder.build(CommonBuilder.java:748) [org.eclipse.cdt.managedbuilder.core_8.6.0.201802261533.jar:?]
	at org.eclipse.cdt.managedbuilder.internal.core.CommonBuilder.build(CommonBuilder.java:510) [org.eclipse.cdt.managedbuilder.core_8.6.0.201802261533.jar:?]
	at org.eclipse.cdt.managedbuilder.internal.core.CommonBuilder.build(CommonBuilder.java:459) [org.eclipse.cdt.managedbuilder.core_8.6.0.201802261533.jar:?]
	at org.eclipse.core.internal.events.BuildManager$2.run(BuildManager.java:832) [org.eclipse.core.resources_3.13.700.v20200209-1624.jar:?]
	at org.eclipse.core.runtime.SafeRunner.run(SafeRunner.java:45) [org.eclipse.equinox.common_3.11.0.v20200206-0817.jar:?]
	at org.eclipse.core.internal.events.BuildManager.basicBuild(BuildManager.java:220) [org.eclipse.core.resources_3.13.700.v20200209-1624.jar:?]
	at org.eclipse.core.internal.events.BuildManager.basicBuild(BuildManager.java:263) [org.eclipse.core.resources_3.13.700.v20200209-1624.jar:?]
	at org.eclipse.core.internal.events.BuildManager$1.run(BuildManager.java:316) [org.eclipse.core.resources_3.13.700.v20200209-1624.jar:?]
	at org.eclipse.core.runtime.SafeRunner.run(SafeRunner.java:45) [org.eclipse.equinox.common_3.11.0.v20200206-0817.jar:?]
	at org.eclipse.core.internal.events.BuildManager.basicBuild(BuildManager.java:319) [org.eclipse.core.resources_3.13.700.v20200209-1624.jar:?]
	at org.eclipse.core.internal.events.BuildManager.basicBuildLoop(BuildManager.java:371) [org.eclipse.core.resources_3.13.700.v20200209-1624.jar:?]
	at org.eclipse.core.internal.events.BuildManager.build(BuildManager.java:392) [org.eclipse.core.resources_3.13.700.v20200209-1624.jar:?]
	at org.eclipse.core.internal.resources.Workspace.buildInternal(Workspace.java:515) [org.eclipse.core.resources_3.13.700.v20200209-1624.jar:?]
	at org.eclipse.core.internal.resources.Workspace.build(Workspace.java:412) [org.eclipse.core.resources_3.13.700.v20200209-1624.jar:?]
	at org.eclipse.ui.actions.BuildAction$1.runInWorkspace(BuildAction.java:291) [org.eclipse.ui.ide_3.17.0.v20200217-1511.jar:?]
	at org.eclipse.core.internal.resources.InternalWorkspaceJob.run(InternalWorkspaceJob.java:42) [org.eclipse.core.resources_3.13.700.v20200209-1624.jar:?]
	at org.eclipse.core.internal.jobs.Worker.run(Worker.java:63) [org.eclipse.core.jobs_3.10.700.v20200106-1020.jar:?]
01:12:24 INFO  : The hardware specification used by project 'mb_keeb' is out of sync with the platform. Resource files extracted from the hardware specification will be updated.
01:12:24 INFO  : The file '/home/sean/Downloads/git/ECE385_FP/tetris_logic1/workspace/mb_keeb/_ide/bitstream/tetris_top.bit' stored in project is removed.
01:12:24 INFO  : The file '/home/sean/Downloads/git/ECE385_FP/tetris_logic1/workspace/mb_keeb/_ide/bitstream/tetris_top.mmi' stored in project is removed.
01:12:24 INFO  : The updated bitstream files are copied from platform to folder '/home/sean/Downloads/git/ECE385_FP/tetris_logic1/workspace/mb_keeb/_ide/bitstream' in project 'mb_keeb'.
01:12:31 INFO  : Connected to target on host '127.0.0.1' and port '3121'.
01:12:31 INFO  : Jtag cable 'RealDigital Boo 8874292301A7A' is selected.
01:12:31 INFO  : 'jtag frequency' command is executed.
01:12:33 INFO  : 'targets -set -filter {jtag_cable_name =~ "RealDigital Boo 8874292301A7A" && level==0 && jtag_device_ctx=="jsn1-0362f093-0"}' command is executed.
01:12:34 INFO  : Device configured successfully with "/home/sean/Downloads/git/ECE385_FP/tetris_logic1/workspace/mb_keeb/_ide/bitstream/tetris_top.bit"
01:12:35 INFO  : Context for processor 'microblaze_0' is selected.
01:12:35 INFO  : Hardware design and registers information is loaded from '/home/sean/Downloads/git/ECE385_FP/tetris_logic1/workspace/tetris_top/export/tetris_top/hw/tetris_top.xsa'.
01:12:35 INFO  : 'configparams mdm-detect-bscan-mask 2' command is executed.
01:12:35 INFO  : Context for processor 'microblaze_0' is selected.
01:12:35 INFO  : System reset is completed.
01:12:38 INFO  : 'after 3000' command is executed.
01:12:38 INFO  : Context for processor 'microblaze_0' is selected.
01:12:38 INFO  : The application '/home/sean/Downloads/git/ECE385_FP/tetris_logic1/workspace/mb_keeb/Debug/mb_keeb.elf' is downloaded to processor 'microblaze_0'.
01:12:38 INFO  : ----------------XSDB Script----------------
connect -url tcp:127.0.0.1:3121
targets -set -filter {jtag_cable_name =~ "RealDigital Boo 8874292301A7A" && level==0 && jtag_device_ctx=="jsn1-0362f093-0"}
fpga -file /home/sean/Downloads/git/ECE385_FP/tetris_logic1/workspace/mb_keeb/_ide/bitstream/tetris_top.bit
targets -set -nocase -filter {name =~ "*microblaze*#0" && bscan=="USER2" }
loadhw -hw /home/sean/Downloads/git/ECE385_FP/tetris_logic1/workspace/tetris_top/export/tetris_top/hw/tetris_top.xsa -regs
configparams mdm-detect-bscan-mask 2
targets -set -nocase -filter {name =~ "*microblaze*#0" && bscan=="USER2" }
rst -system
after 3000
targets -set -nocase -filter {name =~ "*microblaze*#0" && bscan=="USER2" }
dow /home/sean/Downloads/git/ECE385_FP/tetris_logic1/workspace/mb_keeb/Debug/mb_keeb.elf
----------------End of Script----------------

01:12:38 INFO  : Context for processor 'microblaze_0' is selected.
01:12:38 INFO  : 'con' command is executed.
01:12:38 INFO  : ----------------XSDB Script (After Launch)----------------
targets -set -nocase -filter {name =~ "*microblaze*#0" && bscan=="USER2" }
con
----------------End of Script----------------

01:12:38 INFO  : Disconnected from the channel tcfchan#20.
01:24:46 INFO  : Hardware specification for platform project 'tetris_top' is updated.
01:24:49 INFO  : Hardware specification for platform project 'tetris_top' is updated.
01:25:03 INFO  : Result from executing command 'getProjects': tetris_top
01:25:03 INFO  : Result from executing command 'getPlatforms': tetris_top|/home/sean/Downloads/git/ECE385_FP/tetris_logic1/workspace/tetris_top/export/tetris_top/tetris_top.xpfm;xilinx_zcu102_base_202220_1|/alottadata/tools/Xilinx/Vitis/2022.2/base_platforms/xilinx_zcu102_base_202220_1/xilinx_zcu102_base_202220_1.xpfm;xilinx_zcu102_base_dfx_202220_1|/alottadata/tools/Xilinx/Vitis/2022.2/base_platforms/xilinx_zcu102_base_dfx_202220_1/xilinx_zcu102_base_dfx_202220_1.xpfm;xilinx_zcu104_base_202220_1|/alottadata/tools/Xilinx/Vitis/2022.2/base_platforms/xilinx_zcu104_base_202220_1/xilinx_zcu104_base_202220_1.xpfm
01:25:06 INFO  : Checking for BSP changes to sync application flags for project 'mb_keeb'...
01:25:06 INFO  : Updating application flags with new BSP settings...
01:25:06 ERROR : Failed to update application flags from BSP for 'mb_keeb'. Reason: null
java.lang.NullPointerException: null
	at com.xilinx.sdk.sw.internal.SwDb.getComponentAppCompilerFlags(SwDb.java:761) ~[com.xilinx.sdk.sw_1.0.0.202210132147.jar:?]
	at com.xilinx.sdx.sw.internal.SDxSwPlatform.getSwPlatformCompilerFlags(SDxSwPlatform.java:1177) ~[com.xilinx.sdx.sw_1.0.0.202210132147.jar:?]
	at com.xilinx.sdx.sdk.core.build.AppSwBuildOptionsHelper.inferSwPlatformFlags(AppSwBuildOptionsHelper.java:54) ~[com.xilinx.sdx.sdk.core_1.0.0.202210132147.jar:?]
	at com.xilinx.sdx.sdk.core.build.AppSwBuildOptionsHelper.updateBuildOptions(AppSwBuildOptionsHelper.java:46) ~[com.xilinx.sdx.sdk.core_1.0.0.202210132147.jar:?]
	at com.xilinx.sdx.sdk.core.build.SdkMakefileGenerationListener.updateSwBuildOptions(SdkMakefileGenerationListener.java:215) ~[com.xilinx.sdx.sdk.core_1.0.0.202210132147.jar:?]
	at com.xilinx.sdx.sdk.core.build.SdkMakefileGenerationListener.syncAppFlags(SdkMakefileGenerationListener.java:99) [com.xilinx.sdx.sdk.core_1.0.0.202210132147.jar:?]
	at com.xilinx.sdx.sdk.core.build.SdkMakefileGenerationListener.preMakefileGeneration(SdkMakefileGenerationListener.java:48) [com.xilinx.sdx.sdk.core_1.0.0.202210132147.jar:?]
	at com.xilinx.sdk.managedbuilder.XilinxGnuMakefileGenerator.notifyPreMakefileGenerationListeners(XilinxGnuMakefileGenerator.java:91) [com.xilinx.sdk.managedbuilder_1.0.0.202210132147.jar:?]
	at com.xilinx.sdk.managedbuilder.XilinxGnuMakefileGenerator.generateMakefiles(XilinxGnuMakefileGenerator.java:40) [com.xilinx.sdk.managedbuilder_1.0.0.202210132147.jar:?]
	at org.eclipse.cdt.managedbuilder.internal.core.CommonBuilder.performMakefileGeneration(CommonBuilder.java:1008) [org.eclipse.cdt.managedbuilder.core_8.6.0.201802261533.jar:?]
	at org.eclipse.cdt.managedbuilder.internal.core.CommonBuilder.performPrebuildGeneration(CommonBuilder.java:873) [org.eclipse.cdt.managedbuilder.core_8.6.0.201802261533.jar:?]
	at org.eclipse.cdt.managedbuilder.internal.core.CommonBuilder.build(CommonBuilder.java:748) [org.eclipse.cdt.managedbuilder.core_8.6.0.201802261533.jar:?]
	at org.eclipse.cdt.managedbuilder.internal.core.CommonBuilder.build(CommonBuilder.java:510) [org.eclipse.cdt.managedbuilder.core_8.6.0.201802261533.jar:?]
	at org.eclipse.cdt.managedbuilder.internal.core.CommonBuilder.build(CommonBuilder.java:459) [org.eclipse.cdt.managedbuilder.core_8.6.0.201802261533.jar:?]
	at org.eclipse.core.internal.events.BuildManager$2.run(BuildManager.java:832) [org.eclipse.core.resources_3.13.700.v20200209-1624.jar:?]
	at org.eclipse.core.runtime.SafeRunner.run(SafeRunner.java:45) [org.eclipse.equinox.common_3.11.0.v20200206-0817.jar:?]
	at org.eclipse.core.internal.events.BuildManager.basicBuild(BuildManager.java:220) [org.eclipse.core.resources_3.13.700.v20200209-1624.jar:?]
	at org.eclipse.core.internal.events.BuildManager.basicBuild(BuildManager.java:263) [org.eclipse.core.resources_3.13.700.v20200209-1624.jar:?]
	at org.eclipse.core.internal.events.BuildManager$1.run(BuildManager.java:316) [org.eclipse.core.resources_3.13.700.v20200209-1624.jar:?]
	at org.eclipse.core.runtime.SafeRunner.run(SafeRunner.java:45) [org.eclipse.equinox.common_3.11.0.v20200206-0817.jar:?]
	at org.eclipse.core.internal.events.BuildManager.basicBuild(BuildManager.java:319) [org.eclipse.core.resources_3.13.700.v20200209-1624.jar:?]
	at org.eclipse.core.internal.events.BuildManager.basicBuildLoop(BuildManager.java:371) [org.eclipse.core.resources_3.13.700.v20200209-1624.jar:?]
	at org.eclipse.core.internal.events.BuildManager.build(BuildManager.java:392) [org.eclipse.core.resources_3.13.700.v20200209-1624.jar:?]
	at org.eclipse.core.internal.resources.Workspace.buildInternal(Workspace.java:515) [org.eclipse.core.resources_3.13.700.v20200209-1624.jar:?]
	at org.eclipse.core.internal.resources.Workspace.build(Workspace.java:405) [org.eclipse.core.resources_3.13.700.v20200209-1624.jar:?]
	at org.eclipse.ui.actions.GlobalBuildAction$1.run(GlobalBuildAction.java:180) [org.eclipse.ui.ide_3.17.0.v20200217-1511.jar:?]
	at org.eclipse.core.internal.jobs.Worker.run(Worker.java:63) [org.eclipse.core.jobs_3.10.700.v20200106-1020.jar:?]
01:25:07 INFO  : The hardware specification used by project 'mb_keeb' is out of sync with the platform. Resource files extracted from the hardware specification will be updated.
01:25:07 INFO  : The file '/home/sean/Downloads/git/ECE385_FP/tetris_logic1/workspace/mb_keeb/_ide/bitstream/tetris_top.bit' stored in project is removed.
01:25:07 INFO  : The file '/home/sean/Downloads/git/ECE385_FP/tetris_logic1/workspace/mb_keeb/_ide/bitstream/tetris_top.mmi' stored in project is removed.
01:25:07 INFO  : The updated bitstream files are copied from platform to folder '/home/sean/Downloads/git/ECE385_FP/tetris_logic1/workspace/mb_keeb/_ide/bitstream' in project 'mb_keeb'.
01:25:12 INFO  : Connected to target on host '127.0.0.1' and port '3121'.
01:25:12 INFO  : Jtag cable 'RealDigital Boo 8874292301A7A' is selected.
01:25:12 INFO  : 'jtag frequency' command is executed.
01:25:12 INFO  : 'targets -set -filter {jtag_cable_name =~ "RealDigital Boo 8874292301A7A" && level==0 && jtag_device_ctx=="jsn1-0362f093-0"}' command is executed.
01:25:13 INFO  : Device configured successfully with "/home/sean/Downloads/git/ECE385_FP/tetris_logic1/workspace/mb_keeb/_ide/bitstream/tetris_top.bit"
01:25:13 INFO  : Context for processor 'microblaze_0' is selected.
01:25:13 INFO  : Hardware design and registers information is loaded from '/home/sean/Downloads/git/ECE385_FP/tetris_logic1/workspace/tetris_top/export/tetris_top/hw/tetris_top.xsa'.
01:25:13 INFO  : 'configparams mdm-detect-bscan-mask 2' command is executed.
01:25:13 INFO  : Context for processor 'microblaze_0' is selected.
01:25:13 INFO  : System reset is completed.
01:25:16 INFO  : 'after 3000' command is executed.
01:25:16 INFO  : Context for processor 'microblaze_0' is selected.
01:25:16 INFO  : The application '/home/sean/Downloads/git/ECE385_FP/tetris_logic1/workspace/mb_keeb/Debug/mb_keeb.elf' is downloaded to processor 'microblaze_0'.
01:25:16 INFO  : ----------------XSDB Script----------------
connect -url tcp:127.0.0.1:3121
targets -set -filter {jtag_cable_name =~ "RealDigital Boo 8874292301A7A" && level==0 && jtag_device_ctx=="jsn1-0362f093-0"}
fpga -file /home/sean/Downloads/git/ECE385_FP/tetris_logic1/workspace/mb_keeb/_ide/bitstream/tetris_top.bit
targets -set -nocase -filter {name =~ "*microblaze*#0" && bscan=="USER2" }
loadhw -hw /home/sean/Downloads/git/ECE385_FP/tetris_logic1/workspace/tetris_top/export/tetris_top/hw/tetris_top.xsa -regs
configparams mdm-detect-bscan-mask 2
targets -set -nocase -filter {name =~ "*microblaze*#0" && bscan=="USER2" }
rst -system
after 3000
targets -set -nocase -filter {name =~ "*microblaze*#0" && bscan=="USER2" }
dow /home/sean/Downloads/git/ECE385_FP/tetris_logic1/workspace/mb_keeb/Debug/mb_keeb.elf
----------------End of Script----------------

01:25:16 INFO  : Context for processor 'microblaze_0' is selected.
01:25:16 INFO  : 'con' command is executed.
01:25:16 INFO  : ----------------XSDB Script (After Launch)----------------
targets -set -nocase -filter {name =~ "*microblaze*#0" && bscan=="USER2" }
con
----------------End of Script----------------

01:25:16 INFO  : Disconnected from the channel tcfchan#22.
