
*** Running vivado
    with args -log vid_oe4_auto_ds_0.vds -m64 -product Vivado -mode batch -messageDb vivado.pb -notrace -source vid_oe4_auto_ds_0.tcl



****** Vivado v2022.2 (64-bit)
  **** SW Build 3671981 on Fri Oct 14 05:00:03 MDT 2022
  **** IP Build 3669848 on Fri Oct 14 08:30:02 MDT 2022
    ** Copyright 1986-2022 Xilinx, Inc. All Rights Reserved.

source vid_oe4_auto_ds_0.tcl -notrace
INFO: [IP_Flow 19-234] Refreshing IP repositories
INFO: [IP_Flow 19-1700] Loaded user IP repository 'c:/Users/sjasi3/ECE385_FP/hdmi_tx_1.0'.
INFO: [IP_Flow 19-1700] Loaded user IP repository 'c:/Users/sjasi3/ECE385_FP/digilent'.
INFO: [IP_Flow 19-1700] Loaded user IP repository 'c:/Users/sjasi3/ECE385_FP/ip_repo'.
INFO: [IP_Flow 19-2313] Loaded Vivado IP repository 'C:/Xilinx/Vivado/2022.2/data/ip'.
INFO: [IP_Flow 19-6924] IPCACHE: Running cache check for IP inst: vid_oe4_auto_ds_0
Command: synth_design -top vid_oe4_auto_ds_0 -part xc7s50csga324-1 -incremental_mode off -mode out_of_context
Starting synth_design
Attempting to get a license for feature 'Synthesis' and/or device 'xc7s50'
INFO: [Common 17-349] Got license for feature 'Synthesis' and/or device 'xc7s50'
INFO: [Device 21-403] Loading part xc7s50csga324-1
INFO: [Synth 8-7079] Multithreading enabled for synth_design using a maximum of 2 processes.
INFO: [Synth 8-7078] Launching helper process for spawning children vivado processes
INFO: [Synth 8-7075] Helper process launched with PID 20832
INFO: [Synth 8-11241] undeclared symbol 'REGCCE', assumed default net type 'wire' [C:/Xilinx/Vivado/2022.2/data/verilog/src/unimacro/BRAM_SINGLE_MACRO.v:2170]
---------------------------------------------------------------------------------
Starting RTL Elaboration : Time (s): cpu = 00:00:07 ; elapsed = 00:00:09 . Memory (MB): peak = 1831.125 ; gain = 407.621
---------------------------------------------------------------------------------
INFO: [Synth 8-6157] synthesizing module 'vid_oe4_auto_ds_0' [c:/Users/sjasi3/ECE385_FP/VID_OE4/VID_OE4.gen/sources_1/bd/vid_oe4/ip/vid_oe4_auto_ds_0/synth/vid_oe4_auto_ds_0.v:53]
INFO: [Synth 8-6157] synthesizing module 'axi_dwidth_converter_v2_1_27_top' [c:/Users/sjasi3/ECE385_FP/VID_OE4/VID_OE4.gen/sources_1/bd/vid_oe4/ipshared/4675/hdl/axi_dwidth_converter_v2_1_vlsyn_rfs.v:14461]
INFO: [Synth 8-6157] synthesizing module 'axi_dwidth_converter_v2_1_27_axi_downsizer' [c:/Users/sjasi3/ECE385_FP/VID_OE4/VID_OE4.gen/sources_1/bd/vid_oe4/ipshared/4675/hdl/axi_dwidth_converter_v2_1_vlsyn_rfs.v:2379]
INFO: [Synth 8-6157] synthesizing module 'axi_dwidth_converter_v2_1_27_b_downsizer' [c:/Users/sjasi3/ECE385_FP/VID_OE4/VID_OE4.gen/sources_1/bd/vid_oe4/ipshared/4675/hdl/axi_dwidth_converter_v2_1_vlsyn_rfs.v:1250]
INFO: [Synth 8-6155] done synthesizing module 'axi_dwidth_converter_v2_1_27_b_downsizer' (0#1) [c:/Users/sjasi3/ECE385_FP/VID_OE4/VID_OE4.gen/sources_1/bd/vid_oe4/ipshared/4675/hdl/axi_dwidth_converter_v2_1_vlsyn_rfs.v:1250]
INFO: [Synth 8-6157] synthesizing module 'axi_dwidth_converter_v2_1_27_a_downsizer' [c:/Users/sjasi3/ECE385_FP/VID_OE4/VID_OE4.gen/sources_1/bd/vid_oe4/ipshared/4675/hdl/axi_dwidth_converter_v2_1_vlsyn_rfs.v:63]
INFO: [Synth 8-6157] synthesizing module 'axi_data_fifo_v2_1_26_axic_fifo' [c:/Users/sjasi3/ECE385_FP/VID_OE4/VID_OE4.gen/sources_1/bd/vid_oe4/ipshared/3111/hdl/axi_data_fifo_v2_1_vl_rfs.v:63]
INFO: [Synth 8-6157] synthesizing module 'axi_data_fifo_v2_1_26_fifo_gen' [c:/Users/sjasi3/ECE385_FP/VID_OE4/VID_OE4.gen/sources_1/bd/vid_oe4/ipshared/3111/hdl/axi_data_fifo_v2_1_vl_rfs.v:167]
INFO: [Synth 8-6157] synthesizing module 'xpm_cdc_async_rst' [C:/Xilinx/Vivado/2022.2/data/ip/xpm/xpm_cdc/hdl/xpm_cdc.sv:1174]
INFO: [Synth 8-6155] done synthesizing module 'xpm_cdc_async_rst' (0#1) [C:/Xilinx/Vivado/2022.2/data/ip/xpm/xpm_cdc/hdl/xpm_cdc.sv:1174]
INFO: [Synth 8-6155] done synthesizing module 'axi_data_fifo_v2_1_26_fifo_gen' (0#1) [c:/Users/sjasi3/ECE385_FP/VID_OE4/VID_OE4.gen/sources_1/bd/vid_oe4/ipshared/3111/hdl/axi_data_fifo_v2_1_vl_rfs.v:167]
INFO: [Synth 8-6155] done synthesizing module 'axi_data_fifo_v2_1_26_axic_fifo' (0#1) [c:/Users/sjasi3/ECE385_FP/VID_OE4/VID_OE4.gen/sources_1/bd/vid_oe4/ipshared/3111/hdl/axi_data_fifo_v2_1_vl_rfs.v:63]
INFO: [Synth 8-6157] synthesizing module 'axi_data_fifo_v2_1_26_axic_fifo__parameterized0' [c:/Users/sjasi3/ECE385_FP/VID_OE4/VID_OE4.gen/sources_1/bd/vid_oe4/ipshared/3111/hdl/axi_data_fifo_v2_1_vl_rfs.v:63]
INFO: [Synth 8-6157] synthesizing module 'axi_data_fifo_v2_1_26_fifo_gen__parameterized0' [c:/Users/sjasi3/ECE385_FP/VID_OE4/VID_OE4.gen/sources_1/bd/vid_oe4/ipshared/3111/hdl/axi_data_fifo_v2_1_vl_rfs.v:167]
INFO: [Synth 8-6155] done synthesizing module 'axi_data_fifo_v2_1_26_fifo_gen__parameterized0' (0#1) [c:/Users/sjasi3/ECE385_FP/VID_OE4/VID_OE4.gen/sources_1/bd/vid_oe4/ipshared/3111/hdl/axi_data_fifo_v2_1_vl_rfs.v:167]
INFO: [Synth 8-6155] done synthesizing module 'axi_data_fifo_v2_1_26_axic_fifo__parameterized0' (0#1) [c:/Users/sjasi3/ECE385_FP/VID_OE4/VID_OE4.gen/sources_1/bd/vid_oe4/ipshared/3111/hdl/axi_data_fifo_v2_1_vl_rfs.v:63]
INFO: [Synth 8-6155] done synthesizing module 'axi_dwidth_converter_v2_1_27_a_downsizer' (0#1) [c:/Users/sjasi3/ECE385_FP/VID_OE4/VID_OE4.gen/sources_1/bd/vid_oe4/ipshared/4675/hdl/axi_dwidth_converter_v2_1_vlsyn_rfs.v:63]
INFO: [Synth 8-6157] synthesizing module 'axi_dwidth_converter_v2_1_27_w_downsizer' [c:/Users/sjasi3/ECE385_FP/VID_OE4/VID_OE4.gen/sources_1/bd/vid_oe4/ipshared/4675/hdl/axi_dwidth_converter_v2_1_vlsyn_rfs.v:2015]
INFO: [Synth 8-6155] done synthesizing module 'axi_dwidth_converter_v2_1_27_w_downsizer' (0#1) [c:/Users/sjasi3/ECE385_FP/VID_OE4/VID_OE4.gen/sources_1/bd/vid_oe4/ipshared/4675/hdl/axi_dwidth_converter_v2_1_vlsyn_rfs.v:2015]
INFO: [Synth 8-6157] synthesizing module 'axi_dwidth_converter_v2_1_27_a_downsizer__parameterized0' [c:/Users/sjasi3/ECE385_FP/VID_OE4/VID_OE4.gen/sources_1/bd/vid_oe4/ipshared/4675/hdl/axi_dwidth_converter_v2_1_vlsyn_rfs.v:63]
INFO: [Synth 8-6155] done synthesizing module 'axi_dwidth_converter_v2_1_27_a_downsizer__parameterized0' (0#1) [c:/Users/sjasi3/ECE385_FP/VID_OE4/VID_OE4.gen/sources_1/bd/vid_oe4/ipshared/4675/hdl/axi_dwidth_converter_v2_1_vlsyn_rfs.v:63]
INFO: [Synth 8-6157] synthesizing module 'axi_dwidth_converter_v2_1_27_r_downsizer' [c:/Users/sjasi3/ECE385_FP/VID_OE4/VID_OE4.gen/sources_1/bd/vid_oe4/ipshared/4675/hdl/axi_dwidth_converter_v2_1_vlsyn_rfs.v:1532]
INFO: [Synth 8-6155] done synthesizing module 'axi_dwidth_converter_v2_1_27_r_downsizer' (0#1) [c:/Users/sjasi3/ECE385_FP/VID_OE4/VID_OE4.gen/sources_1/bd/vid_oe4/ipshared/4675/hdl/axi_dwidth_converter_v2_1_vlsyn_rfs.v:1532]
INFO: [Synth 8-6155] done synthesizing module 'axi_dwidth_converter_v2_1_27_axi_downsizer' (0#1) [c:/Users/sjasi3/ECE385_FP/VID_OE4/VID_OE4.gen/sources_1/bd/vid_oe4/ipshared/4675/hdl/axi_dwidth_converter_v2_1_vlsyn_rfs.v:2379]
INFO: [Synth 8-6155] done synthesizing module 'axi_dwidth_converter_v2_1_27_top' (0#1) [c:/Users/sjasi3/ECE385_FP/VID_OE4/VID_OE4.gen/sources_1/bd/vid_oe4/ipshared/4675/hdl/axi_dwidth_converter_v2_1_vlsyn_rfs.v:14461]
INFO: [Synth 8-6155] done synthesizing module 'vid_oe4_auto_ds_0' (0#1) [c:/Users/sjasi3/ECE385_FP/VID_OE4/VID_OE4.gen/sources_1/bd/vid_oe4/ip/vid_oe4_auto_ds_0/synth/vid_oe4_auto_ds_0.v:53]
WARNING: [Synth 8-6014] Unused sequential element cmd_empty_reg was removed.  [c:/Users/sjasi3/ECE385_FP/VID_OE4/VID_OE4.gen/sources_1/bd/vid_oe4/ipshared/4675/hdl/axi_dwidth_converter_v2_1_vlsyn_rfs.v:1053]
WARNING: [Synth 8-6014] Unused sequential element cmd_depth_reg was removed.  [c:/Users/sjasi3/ECE385_FP/VID_OE4/VID_OE4.gen/sources_1/bd/vid_oe4/ipshared/4675/hdl/axi_dwidth_converter_v2_1_vlsyn_rfs.v:1054]
WARNING: [Synth 8-6014] Unused sequential element cmd_b_push_block_reg was removed.  [c:/Users/sjasi3/ECE385_FP/VID_OE4/VID_OE4.gen/sources_1/bd/vid_oe4/ipshared/4675/hdl/axi_dwidth_converter_v2_1_vlsyn_rfs.v:976]
WARNING: [Synth 8-7129] Port ALMOST_FULL_I in module output_blk__parameterized0 is either unconnected or has no load
WARNING: [Synth 8-7129] Port PROG_FULL_I in module output_blk__parameterized0 is either unconnected or has no load
WARNING: [Synth 8-7129] Port ALMOST_EMPTY_I in module output_blk__parameterized0 is either unconnected or has no load
WARNING: [Synth 8-7129] Port PROG_EMPTY_I in module output_blk__parameterized0 is either unconnected or has no load
WARNING: [Synth 8-7129] Port WR_ACK_I in module output_blk__parameterized0 is either unconnected or has no load
WARNING: [Synth 8-7129] Port VALID_I in module output_blk__parameterized0 is either unconnected or has no load
WARNING: [Synth 8-7129] Port OVERFLOW_I in module output_blk__parameterized0 is either unconnected or has no load
WARNING: [Synth 8-7129] Port UNDERFLOW_I in module output_blk__parameterized0 is either unconnected or has no load
WARNING: [Synth 8-7129] Port DATA_COUNT_I[5] in module output_blk__parameterized0 is either unconnected or has no load
WARNING: [Synth 8-7129] Port DATA_COUNT_I[4] in module output_blk__parameterized0 is either unconnected or has no load
WARNING: [Synth 8-7129] Port DATA_COUNT_I[3] in module output_blk__parameterized0 is either unconnected or has no load
WARNING: [Synth 8-7129] Port DATA_COUNT_I[2] in module output_blk__parameterized0 is either unconnected or has no load
WARNING: [Synth 8-7129] Port DATA_COUNT_I[1] in module output_blk__parameterized0 is either unconnected or has no load
WARNING: [Synth 8-7129] Port DATA_COUNT_I[0] in module output_blk__parameterized0 is either unconnected or has no load
WARNING: [Synth 8-7129] Port WR_DATA_COUNT_I[5] in module output_blk__parameterized0 is either unconnected or has no load
WARNING: [Synth 8-7129] Port WR_DATA_COUNT_I[4] in module output_blk__parameterized0 is either unconnected or has no load
WARNING: [Synth 8-7129] Port WR_DATA_COUNT_I[3] in module output_blk__parameterized0 is either unconnected or has no load
WARNING: [Synth 8-7129] Port WR_DATA_COUNT_I[2] in module output_blk__parameterized0 is either unconnected or has no load
WARNING: [Synth 8-7129] Port WR_DATA_COUNT_I[1] in module output_blk__parameterized0 is either unconnected or has no load
WARNING: [Synth 8-7129] Port WR_DATA_COUNT_I[0] in module output_blk__parameterized0 is either unconnected or has no load
WARNING: [Synth 8-7129] Port RD_DATA_COUNT_I[5] in module output_blk__parameterized0 is either unconnected or has no load
WARNING: [Synth 8-7129] Port RD_DATA_COUNT_I[4] in module output_blk__parameterized0 is either unconnected or has no load
WARNING: [Synth 8-7129] Port RD_DATA_COUNT_I[3] in module output_blk__parameterized0 is either unconnected or has no load
WARNING: [Synth 8-7129] Port RD_DATA_COUNT_I[2] in module output_blk__parameterized0 is either unconnected or has no load
WARNING: [Synth 8-7129] Port RD_DATA_COUNT_I[1] in module output_blk__parameterized0 is either unconnected or has no load
WARNING: [Synth 8-7129] Port RD_DATA_COUNT_I[0] in module output_blk__parameterized0 is either unconnected or has no load
WARNING: [Synth 8-7129] Port SBITERR_I in module output_blk__parameterized0 is either unconnected or has no load
WARNING: [Synth 8-7129] Port DBITERR_I in module output_blk__parameterized0 is either unconnected or has no load
WARNING: [Synth 8-7129] Port SRST_FULL_FF in module wr_status_flags_ss is either unconnected or has no load
WARNING: [Synth 8-7129] Port WR_RST in module wr_status_flags_ss is either unconnected or has no load
WARNING: [Synth 8-7129] Port SRST in module wr_status_flags_ss is either unconnected or has no load
WARNING: [Synth 8-7129] Port SAFETY_CKT_WR_RST in module wr_status_flags_ss is either unconnected or has no load
WARNING: [Synth 8-7129] Port WR_PNTR_PLUS2[4] in module wr_status_flags_ss is either unconnected or has no load
WARNING: [Synth 8-7129] Port WR_PNTR_PLUS2[3] in module wr_status_flags_ss is either unconnected or has no load
WARNING: [Synth 8-7129] Port WR_PNTR_PLUS2[2] in module wr_status_flags_ss is either unconnected or has no load
WARNING: [Synth 8-7129] Port WR_PNTR_PLUS2[1] in module wr_status_flags_ss is either unconnected or has no load
WARNING: [Synth 8-7129] Port WR_PNTR_PLUS2[0] in module wr_status_flags_ss is either unconnected or has no load
WARNING: [Synth 8-7129] Port WR_PNTR_PLUS3[4] in module wr_status_flags_ss is either unconnected or has no load
WARNING: [Synth 8-7129] Port WR_PNTR_PLUS3[3] in module wr_status_flags_ss is either unconnected or has no load
WARNING: [Synth 8-7129] Port WR_PNTR_PLUS3[2] in module wr_status_flags_ss is either unconnected or has no load
WARNING: [Synth 8-7129] Port WR_PNTR_PLUS3[1] in module wr_status_flags_ss is either unconnected or has no load
WARNING: [Synth 8-7129] Port WR_PNTR_PLUS3[0] in module wr_status_flags_ss is either unconnected or has no load
WARNING: [Synth 8-7129] Port SRST in module wr_bin_cntr is either unconnected or has no load
WARNING: [Synth 8-7129] Port WR_EN_INTO_LOGIC in module wr_logic is either unconnected or has no load
WARNING: [Synth 8-7129] Port WR_RST_INTO_LOGIC in module wr_logic is either unconnected or has no load
WARNING: [Synth 8-7129] Port RD_EN in module wr_logic is either unconnected or has no load
WARNING: [Synth 8-7129] Port WR_RST_BUSY in module wr_logic is either unconnected or has no load
WARNING: [Synth 8-7129] Port EMPTY in module wr_logic is either unconnected or has no load
WARNING: [Synth 8-7129] Port ALMOST_EMPTY in module wr_logic is either unconnected or has no load
WARNING: [Synth 8-7129] Port PROG_FULL_THRESH[4] in module wr_logic is either unconnected or has no load
WARNING: [Synth 8-7129] Port PROG_FULL_THRESH[3] in module wr_logic is either unconnected or has no load
WARNING: [Synth 8-7129] Port PROG_FULL_THRESH[2] in module wr_logic is either unconnected or has no load
WARNING: [Synth 8-7129] Port PROG_FULL_THRESH[1] in module wr_logic is either unconnected or has no load
WARNING: [Synth 8-7129] Port PROG_FULL_THRESH[0] in module wr_logic is either unconnected or has no load
WARNING: [Synth 8-7129] Port PROG_FULL_THRESH_ASSERT[4] in module wr_logic is either unconnected or has no load
WARNING: [Synth 8-7129] Port PROG_FULL_THRESH_ASSERT[3] in module wr_logic is either unconnected or has no load
WARNING: [Synth 8-7129] Port PROG_FULL_THRESH_ASSERT[2] in module wr_logic is either unconnected or has no load
WARNING: [Synth 8-7129] Port PROG_FULL_THRESH_ASSERT[1] in module wr_logic is either unconnected or has no load
WARNING: [Synth 8-7129] Port PROG_FULL_THRESH_ASSERT[0] in module wr_logic is either unconnected or has no load
WARNING: [Synth 8-7129] Port PROG_FULL_THRESH_NEGATE[4] in module wr_logic is either unconnected or has no load
WARNING: [Synth 8-7129] Port PROG_FULL_THRESH_NEGATE[3] in module wr_logic is either unconnected or has no load
WARNING: [Synth 8-7129] Port PROG_FULL_THRESH_NEGATE[2] in module wr_logic is either unconnected or has no load
WARNING: [Synth 8-7129] Port PROG_FULL_THRESH_NEGATE[1] in module wr_logic is either unconnected or has no load
WARNING: [Synth 8-7129] Port PROG_FULL_THRESH_NEGATE[0] in module wr_logic is either unconnected or has no load
WARNING: [Synth 8-7129] Port SRST in module rd_fwft is either unconnected or has no load
WARNING: [Synth 8-7129] Port SAFETY_CKT_RD_RST in module rd_fwft is either unconnected or has no load
WARNING: [Synth 8-7129] Port RAM_ALMOST_EMPTY in module rd_fwft is either unconnected or has no load
WARNING: [Synth 8-7129] Port SRST in module rd_status_flags_ss is either unconnected or has no load
WARNING: [Synth 8-7129] Port SAFETY_CKT_RD_RST in module rd_status_flags_ss is either unconnected or has no load
WARNING: [Synth 8-7129] Port RD_PNTR_PLUS2[4] in module rd_status_flags_ss is either unconnected or has no load
WARNING: [Synth 8-7129] Port RD_PNTR_PLUS2[3] in module rd_status_flags_ss is either unconnected or has no load
WARNING: [Synth 8-7129] Port RD_PNTR_PLUS2[2] in module rd_status_flags_ss is either unconnected or has no load
WARNING: [Synth 8-7129] Port RD_PNTR_PLUS2[1] in module rd_status_flags_ss is either unconnected or has no load
WARNING: [Synth 8-7129] Port RD_PNTR_PLUS2[0] in module rd_status_flags_ss is either unconnected or has no load
WARNING: [Synth 8-7129] Port SRST in module rd_bin_cntr is either unconnected or has no load
WARNING: [Synth 8-7129] Port RD_EN_INTO_LOGIC in module rd_logic is either unconnected or has no load
WARNING: [Synth 8-7129] Port RD_RST_INTO_LOGIC in module rd_logic is either unconnected or has no load
WARNING: [Synth 8-7129] Port RD_RST_BUSY in module rd_logic is either unconnected or has no load
WARNING: [Synth 8-7129] Port RST_FULL_FF in module rd_logic is either unconnected or has no load
WARNING: [Synth 8-7129] Port ALMOST_FULL_FB in module rd_logic is either unconnected or has no load
WARNING: [Synth 8-7129] Port FULL in module rd_logic is either unconnected or has no load
WARNING: [Synth 8-7129] Port WR_PNTR_PLUS1_RD[4] in module rd_logic is either unconnected or has no load
WARNING: [Synth 8-7129] Port WR_PNTR_PLUS1_RD[3] in module rd_logic is either unconnected or has no load
WARNING: [Synth 8-7129] Port WR_PNTR_PLUS1_RD[2] in module rd_logic is either unconnected or has no load
WARNING: [Synth 8-7129] Port WR_PNTR_PLUS1_RD[1] in module rd_logic is either unconnected or has no load
WARNING: [Synth 8-7129] Port WR_PNTR_PLUS1_RD[0] in module rd_logic is either unconnected or has no load
WARNING: [Synth 8-7129] Port PROG_EMPTY_THRESH[4] in module rd_logic is either unconnected or has no load
WARNING: [Synth 8-7129] Port PROG_EMPTY_THRESH[3] in module rd_logic is either unconnected or has no load
WARNING: [Synth 8-7129] Port PROG_EMPTY_THRESH[2] in module rd_logic is either unconnected or has no load
WARNING: [Synth 8-7129] Port PROG_EMPTY_THRESH[1] in module rd_logic is either unconnected or has no load
WARNING: [Synth 8-7129] Port PROG_EMPTY_THRESH[0] in module rd_logic is either unconnected or has no load
WARNING: [Synth 8-7129] Port PROG_EMPTY_THRESH_ASSERT[4] in module rd_logic is either unconnected or has no load
WARNING: [Synth 8-7129] Port PROG_EMPTY_THRESH_ASSERT[3] in module rd_logic is either unconnected or has no load
WARNING: [Synth 8-7129] Port PROG_EMPTY_THRESH_ASSERT[2] in module rd_logic is either unconnected or has no load
WARNING: [Synth 8-7129] Port PROG_EMPTY_THRESH_ASSERT[1] in module rd_logic is either unconnected or has no load
WARNING: [Synth 8-7129] Port PROG_EMPTY_THRESH_ASSERT[0] in module rd_logic is either unconnected or has no load
WARNING: [Synth 8-7129] Port PROG_EMPTY_THRESH_NEGATE[4] in module rd_logic is either unconnected or has no load
WARNING: [Synth 8-7129] Port PROG_EMPTY_THRESH_NEGATE[3] in module rd_logic is either unconnected or has no load
WARNING: [Synth 8-7129] Port PROG_EMPTY_THRESH_NEGATE[2] in module rd_logic is either unconnected or has no load
WARNING: [Synth 8-7129] Port PROG_EMPTY_THRESH_NEGATE[1] in module rd_logic is either unconnected or has no load
INFO: [Common 17-14] Message 'Synth 8-7129' appears 100 times and further instances of the messages will be disabled. Use the Tcl command set_msg_config to change the current settings.
---------------------------------------------------------------------------------
Finished RTL Elaboration : Time (s): cpu = 00:00:12 ; elapsed = 00:00:18 . Memory (MB): peak = 2075.863 ; gain = 652.359
---------------------------------------------------------------------------------
---------------------------------------------------------------------------------
Start Handling Custom Attributes
---------------------------------------------------------------------------------
---------------------------------------------------------------------------------
Finished Handling Custom Attributes : Time (s): cpu = 00:00:12 ; elapsed = 00:00:18 . Memory (MB): peak = 2075.863 ; gain = 652.359
---------------------------------------------------------------------------------
---------------------------------------------------------------------------------
Finished RTL Optimization Phase 1 : Time (s): cpu = 00:00:12 ; elapsed = 00:00:18 . Memory (MB): peak = 2075.863 ; gain = 652.359
---------------------------------------------------------------------------------
Netlist sorting complete. Time (s): cpu = 00:00:00 ; elapsed = 00:00:00.070 . Memory (MB): peak = 2075.863 ; gain = 0.000
INFO: [Project 1-570] Preparing netlist for logic optimization

Processing XDC Constraints
Initializing timing engine
Parsing XDC File [c:/Users/sjasi3/ECE385_FP/VID_OE4/VID_OE4.gen/sources_1/bd/vid_oe4/ip/vid_oe4_auto_ds_0/vid_oe4_auto_ds_0_ooc.xdc] for cell 'inst'
Finished Parsing XDC File [c:/Users/sjasi3/ECE385_FP/VID_OE4/VID_OE4.gen/sources_1/bd/vid_oe4/ip/vid_oe4_auto_ds_0/vid_oe4_auto_ds_0_ooc.xdc] for cell 'inst'
Parsing XDC File [C:/Users/sjasi3/ECE385_FP/VID_OE4/VID_OE4.runs/vid_oe4_auto_ds_0_synth_1/dont_touch.xdc]
Finished Parsing XDC File [C:/Users/sjasi3/ECE385_FP/VID_OE4/VID_OE4.runs/vid_oe4_auto_ds_0_synth_1/dont_touch.xdc]
INFO: [Project 1-1714] 3 XPM XDC files have been applied to the design.
Completed Processing XDC Constraints

Netlist sorting complete. Time (s): cpu = 00:00:00 ; elapsed = 00:00:00.001 . Memory (MB): peak = 2177.215 ; gain = 0.000
INFO: [Project 1-111] Unisim Transformation Summary:
No Unisim elements were transformed.

Constraint Validation Runtime : Time (s): cpu = 00:00:00 ; elapsed = 00:00:00.084 . Memory (MB): peak = 2177.215 ; gain = 0.000
INFO: [Designutils 20-5008] Incremental synthesis strategy off
INFO: [Synth 8-11241] undeclared symbol 'REGCCE', assumed default net type 'wire' [C:/Xilinx/Vivado/2022.2/data/verilog/src/unimacro/BRAM_SINGLE_MACRO.v:2170]
---------------------------------------------------------------------------------
Finished Constraint Validation : Time (s): cpu = 00:00:19 ; elapsed = 00:00:27 . Memory (MB): peak = 2177.215 ; gain = 753.711
---------------------------------------------------------------------------------
---------------------------------------------------------------------------------
Start Loading Part and Timing Information
---------------------------------------------------------------------------------
Loading part: xc7s50csga324-1
---------------------------------------------------------------------------------
Finished Loading Part and Timing Information : Time (s): cpu = 00:00:19 ; elapsed = 00:00:27 . Memory (MB): peak = 2177.215 ; gain = 753.711
---------------------------------------------------------------------------------
---------------------------------------------------------------------------------
Start Applying 'set_property' XDC Constraints
---------------------------------------------------------------------------------
Applied set_property KEEP_HIERARCHY = SOFT for inst. (constraint file  C:/Users/sjasi3/ECE385_FP/VID_OE4/VID_OE4.runs/vid_oe4_auto_ds_0_synth_1/dont_touch.xdc, line 9).
Applied set_property KEEP_HIERARCHY = SOFT for inst/\gen_downsizer.gen_simple_downsizer.axi_downsizer_inst /\USE_WRITE.write_addr_inst /\USE_B_CHANNEL.cmd_b_queue /inst/fifo_gen_inst/inst_fifo_gen/\gconvfifo.rf /\grf.rf /rstblk/\ngwrdrst.grst.g7serrst.gnsckt_wrst.rst_wr_reg2_inst . (constraint file  auto generated constraint).
Applied set_property KEEP_HIERARCHY = SOFT for inst/\gen_downsizer.gen_simple_downsizer.axi_downsizer_inst /\USE_WRITE.write_addr_inst /cmd_queue/inst/fifo_gen_inst/inst_fifo_gen/\gconvfifo.rf /\grf.rf /rstblk/\ngwrdrst.grst.g7serrst.gnsckt_wrst.rst_wr_reg2_inst . (constraint file  auto generated constraint).
Applied set_property KEEP_HIERARCHY = SOFT for inst/\gen_downsizer.gen_simple_downsizer.axi_downsizer_inst /\USE_READ.read_addr_inst /cmd_queue/inst/fifo_gen_inst/inst_fifo_gen/\gconvfifo.rf /\grf.rf /rstblk/\ngwrdrst.grst.g7serrst.gnsckt_wrst.rst_wr_reg2_inst . (constraint file  auto generated constraint).
---------------------------------------------------------------------------------
Finished applying 'set_property' XDC Constraints : Time (s): cpu = 00:00:19 ; elapsed = 00:00:28 . Memory (MB): peak = 2177.215 ; gain = 753.711
---------------------------------------------------------------------------------
INFO: [Synth 8-802] inferred FSM for state register 'gpregsm1.curr_fwft_state_reg' in module 'rd_fwft'
INFO: [Synth 8-6159] Found Keep on FSM register 'gpregsm1.curr_fwft_state_reg' in module 'rd_fwft', re-encoding will not be performed
---------------------------------------------------------------------------------------------------
                   State |                     New Encoding |                Previous Encoding 
---------------------------------------------------------------------------------------------------
                 invalid |                               00 |                               00
            stage1_valid |                               10 |                               10
       both_stages_valid |                               11 |                               11
            stage2_valid |                               01 |                               01
---------------------------------------------------------------------------------------------------
---------------------------------------------------------------------------------
Finished RTL Optimization Phase 2 : Time (s): cpu = 00:00:20 ; elapsed = 00:00:29 . Memory (MB): peak = 2177.215 ; gain = 753.711
---------------------------------------------------------------------------------
---------------------------------------------------------------------------------
Start RTL Component Statistics 
---------------------------------------------------------------------------------
Detailed RTL Component Info : 
+---Adders : 
	   2 Input   32 Bit       Adders := 2     
	   2 Input    8 Bit       Adders := 7     
	   3 Input    8 Bit       Adders := 2     
	   2 Input    6 Bit       Adders := 2     
	   2 Input    5 Bit       Adders := 6     
	   2 Input    4 Bit       Adders := 4     
+---XORs : 
	   2 Input      1 Bit         XORs := 60    
+---Registers : 
	               32 Bit    Registers := 12    
	               29 Bit    Registers := 4     
	               12 Bit    Registers := 2     
	                9 Bit    Registers := 2     
	                8 Bit    Registers := 13    
	                7 Bit    Registers := 2     
	                6 Bit    Registers := 2     
	                5 Bit    Registers := 14    
	                4 Bit    Registers := 15    
	                3 Bit    Registers := 8     
	                2 Bit    Registers := 11    
	                1 Bit    Registers := 62    
+---Muxes : 
	   8 Input   32 Bit        Muxes := 2     
	   2 Input   32 Bit        Muxes := 8     
	   4 Input   32 Bit        Muxes := 1     
	   2 Input   12 Bit        Muxes := 2     
	   2 Input    8 Bit        Muxes := 11    
	   8 Input    7 Bit        Muxes := 2     
	   8 Input    5 Bit        Muxes := 2     
	   2 Input    4 Bit        Muxes := 4     
	   8 Input    4 Bit        Muxes := 4     
	   2 Input    3 Bit        Muxes := 2     
	   2 Input    2 Bit        Muxes := 44    
	   4 Input    2 Bit        Muxes := 3     
	   5 Input    2 Bit        Muxes := 3     
	   3 Input    1 Bit        Muxes := 3     
	   2 Input    1 Bit        Muxes := 27    
	   4 Input    1 Bit        Muxes := 7     
---------------------------------------------------------------------------------
Finished RTL Component Statistics 
---------------------------------------------------------------------------------
---------------------------------------------------------------------------------
Start Part Resource Summary
---------------------------------------------------------------------------------
Part Resources:
DSPs: 120 (col length:60)
BRAMs: 150 (col length: RAMB18 60 RAMB36 30)
---------------------------------------------------------------------------------
Finished Part Resource Summary
---------------------------------------------------------------------------------
---------------------------------------------------------------------------------
Start Cross Boundary and Area Optimization
---------------------------------------------------------------------------------
WARNING: [Synth 8-7080] Parallel synthesis criteria is not met
---------------------------------------------------------------------------------
Finished Cross Boundary and Area Optimization : Time (s): cpu = 00:00:25 ; elapsed = 00:00:35 . Memory (MB): peak = 2177.215 ; gain = 753.711
---------------------------------------------------------------------------------
---------------------------------------------------------------------------------
Start ROM, RAM, DSP, Shift Register and Retiming Reporting
---------------------------------------------------------------------------------

Distributed RAM: Preliminary Mapping Report (see note below)
+------------------------------------------------------------------------------------------------------------------------------------+-------------------------------------------------------------------------------+----------------+----------------------+-------------+
|Module Name                                                                                                                         | RTL Object                                                                    | Inference      | Size (Depth x Width) | Primitives  | 
+------------------------------------------------------------------------------------------------------------------------------------+-------------------------------------------------------------------------------+----------------+----------------------+-------------+
|inst/\gen_downsizer.gen_simple_downsizer.axi_downsizer_inst/USE_WRITE.write_addr_inst/USE_B_CHANNEL.cmd_b_queue/inst/fifo_gen_inst  | inst_fifo_gen/gconvfifo.rf/grf.rf/gntv_or_sync_fifo.mem/gdm.dm_gen.dm/RAM_reg | User Attribute | 32 x 9               | RAM32M x 2  | 
|inst/\gen_downsizer.gen_simple_downsizer.axi_downsizer_inst/USE_WRITE.write_addr_inst/cmd_queue/inst/fifo_gen_inst                  | inst_fifo_gen/gconvfifo.rf/grf.rf/gntv_or_sync_fifo.mem/gdm.dm_gen.dm/RAM_reg | User Attribute | 32 x 29              | RAM32M x 5  | 
|inst/\gen_downsizer.gen_simple_downsizer.axi_downsizer_inst/USE_READ.read_addr_inst/cmd_queue/inst/fifo_gen_inst                    | inst_fifo_gen/gconvfifo.rf/grf.rf/gntv_or_sync_fifo.mem/gdm.dm_gen.dm/RAM_reg | User Attribute | 32 x 29              | RAM32M x 5  | 
+------------------------------------------------------------------------------------------------------------------------------------+-------------------------------------------------------------------------------+----------------+----------------------+-------------+

Note: The table above is a preliminary report that shows the Distributed RAMs at the current stage of the synthesis flow. Some Distributed RAMs may be reimplemented as non Distributed RAM primitives later in the synthesis flow. Multiple instantiated RAMs are reported only once.
---------------------------------------------------------------------------------
Finished ROM, RAM, DSP, Shift Register and Retiming Reporting
---------------------------------------------------------------------------------
---------------------------------------------------------------------------------
Start Applying XDC Timing Constraints
---------------------------------------------------------------------------------
---------------------------------------------------------------------------------
Finished Applying XDC Timing Constraints : Time (s): cpu = 00:00:29 ; elapsed = 00:00:40 . Memory (MB): peak = 2177.215 ; gain = 753.711
---------------------------------------------------------------------------------
---------------------------------------------------------------------------------
Start Timing Optimization
---------------------------------------------------------------------------------
---------------------------------------------------------------------------------
Finished Timing Optimization : Time (s): cpu = 00:00:32 ; elapsed = 00:00:44 . Memory (MB): peak = 2177.215 ; gain = 753.711
---------------------------------------------------------------------------------
---------------------------------------------------------------------------------
Start ROM, RAM, DSP, Shift Register and Retiming Reporting
---------------------------------------------------------------------------------

Distributed RAM: Final Mapping Report
+------------------------------------------------------------------------------------------------------------------------------------+-------------------------------------------------------------------------------+----------------+----------------------+-------------+
|Module Name                                                                                                                         | RTL Object                                                                    | Inference      | Size (Depth x Width) | Primitives  | 
+------------------------------------------------------------------------------------------------------------------------------------+-------------------------------------------------------------------------------+----------------+----------------------+-------------+
|inst/\gen_downsizer.gen_simple_downsizer.axi_downsizer_inst/USE_WRITE.write_addr_inst/USE_B_CHANNEL.cmd_b_queue/inst/fifo_gen_inst  | inst_fifo_gen/gconvfifo.rf/grf.rf/gntv_or_sync_fifo.mem/gdm.dm_gen.dm/RAM_reg | User Attribute | 32 x 9               | RAM32M x 2  | 
|inst/\gen_downsizer.gen_simple_downsizer.axi_downsizer_inst/USE_WRITE.write_addr_inst/cmd_queue/inst/fifo_gen_inst                  | inst_fifo_gen/gconvfifo.rf/grf.rf/gntv_or_sync_fifo.mem/gdm.dm_gen.dm/RAM_reg | User Attribute | 32 x 29              | RAM32M x 5  | 
|inst/\gen_downsizer.gen_simple_downsizer.axi_downsizer_inst/USE_READ.read_addr_inst/cmd_queue/inst/fifo_gen_inst                    | inst_fifo_gen/gconvfifo.rf/grf.rf/gntv_or_sync_fifo.mem/gdm.dm_gen.dm/RAM_reg | User Attribute | 32 x 29              | RAM32M x 5  | 
+------------------------------------------------------------------------------------------------------------------------------------+-------------------------------------------------------------------------------+----------------+----------------------+-------------+

---------------------------------------------------------------------------------
Finished ROM, RAM, DSP, Shift Register and Retiming Reporting
---------------------------------------------------------------------------------
---------------------------------------------------------------------------------
Start Technology Mapping
---------------------------------------------------------------------------------
---------------------------------------------------------------------------------
Finished Technology Mapping : Time (s): cpu = 00:00:33 ; elapsed = 00:00:45 . Memory (MB): peak = 2177.215 ; gain = 753.711
---------------------------------------------------------------------------------
---------------------------------------------------------------------------------
Start IO Insertion
---------------------------------------------------------------------------------
---------------------------------------------------------------------------------
Start Flattening Before IO Insertion
---------------------------------------------------------------------------------
---------------------------------------------------------------------------------
Finished Flattening Before IO Insertion
---------------------------------------------------------------------------------
---------------------------------------------------------------------------------
Start Final Netlist Cleanup
---------------------------------------------------------------------------------
---------------------------------------------------------------------------------
Finished Final Netlist Cleanup
---------------------------------------------------------------------------------
---------------------------------------------------------------------------------
Finished IO Insertion : Time (s): cpu = 00:00:36 ; elapsed = 00:00:49 . Memory (MB): peak = 2177.215 ; gain = 753.711
---------------------------------------------------------------------------------
---------------------------------------------------------------------------------
Start Renaming Generated Instances
---------------------------------------------------------------------------------
---------------------------------------------------------------------------------
Finished Renaming Generated Instances : Time (s): cpu = 00:00:36 ; elapsed = 00:00:49 . Memory (MB): peak = 2177.215 ; gain = 753.711
---------------------------------------------------------------------------------
---------------------------------------------------------------------------------
Start Rebuilding User Hierarchy
---------------------------------------------------------------------------------
---------------------------------------------------------------------------------
Finished Rebuilding User Hierarchy : Time (s): cpu = 00:00:36 ; elapsed = 00:00:49 . Memory (MB): peak = 2177.215 ; gain = 753.711
---------------------------------------------------------------------------------
---------------------------------------------------------------------------------
Start Renaming Generated Ports
---------------------------------------------------------------------------------
---------------------------------------------------------------------------------
Finished Renaming Generated Ports : Time (s): cpu = 00:00:36 ; elapsed = 00:00:49 . Memory (MB): peak = 2177.215 ; gain = 753.711
---------------------------------------------------------------------------------
---------------------------------------------------------------------------------
Start Handling Custom Attributes
---------------------------------------------------------------------------------
---------------------------------------------------------------------------------
Finished Handling Custom Attributes : Time (s): cpu = 00:00:36 ; elapsed = 00:00:49 . Memory (MB): peak = 2177.215 ; gain = 753.711
---------------------------------------------------------------------------------
---------------------------------------------------------------------------------
Start Renaming Generated Nets
---------------------------------------------------------------------------------
---------------------------------------------------------------------------------
Finished Renaming Generated Nets : Time (s): cpu = 00:00:36 ; elapsed = 00:00:49 . Memory (MB): peak = 2177.215 ; gain = 753.711
---------------------------------------------------------------------------------
---------------------------------------------------------------------------------
Start Writing Synthesis Report
---------------------------------------------------------------------------------

Report BlackBoxes: 
+-+--------------+----------+
| |BlackBox name |Instances |
+-+--------------+----------+
+-+--------------+----------+

Report Cell Usage: 
+------+-------+------+
|      |Cell   |Count |
+------+-------+------+
|1     |CARRY4 |    18|
|2     |LUT1   |    52|
|3     |LUT2   |   165|
|4     |LUT3   |    86|
|5     |LUT4   |   101|
|6     |LUT5   |   250|
|7     |LUT6   |   366|
|8     |RAM32M |    12|
|9     |FDCE   |    69|
|10    |FDPE   |    33|
|11    |FDRE   |   709|
|12    |FDSE   |     5|
+------+-------+------+
---------------------------------------------------------------------------------
Finished Writing Synthesis Report : Time (s): cpu = 00:00:36 ; elapsed = 00:00:49 . Memory (MB): peak = 2177.215 ; gain = 753.711
---------------------------------------------------------------------------------
Synthesis finished with 0 errors, 0 critical warnings and 1607 warnings.
Synthesis Optimization Runtime : Time (s): cpu = 00:00:22 ; elapsed = 00:00:47 . Memory (MB): peak = 2177.215 ; gain = 652.359
Synthesis Optimization Complete : Time (s): cpu = 00:00:36 ; elapsed = 00:00:49 . Memory (MB): peak = 2177.215 ; gain = 753.711
INFO: [Project 1-571] Translating synthesized netlist
Netlist sorting complete. Time (s): cpu = 00:00:00 ; elapsed = 00:00:00.050 . Memory (MB): peak = 2177.215 ; gain = 0.000
INFO: [Netlist 29-17] Analyzing 30 Unisim elements for replacement
INFO: [Netlist 29-28] Unisim Transformation completed in 0 CPU seconds
INFO: [Project 1-570] Preparing netlist for logic optimization
INFO: [Opt 31-138] Pushed 0 inverter(s) to 0 load pin(s).
Netlist sorting complete. Time (s): cpu = 00:00:00 ; elapsed = 00:00:00.001 . Memory (MB): peak = 2177.215 ; gain = 0.000
INFO: [Project 1-111] Unisim Transformation Summary:
  A total of 12 instances were transformed.
  RAM32M => RAM32M (RAMD32(x6), RAMS32(x2)): 12 instances

Synth Design complete, checksum: febe97b3
INFO: [Common 17-83] Releasing license: Synthesis
53 Infos, 104 Warnings, 0 Critical Warnings and 0 Errors encountered.
synth_design completed successfully
synth_design: Time (s): cpu = 00:00:39 ; elapsed = 00:00:55 . Memory (MB): peak = 2177.215 ; gain = 1131.914
INFO: [Common 17-1381] The checkpoint 'C:/Users/sjasi3/ECE385_FP/VID_OE4/VID_OE4.runs/vid_oe4_auto_ds_0_synth_1/vid_oe4_auto_ds_0.dcp' has been generated.
INFO: [Coretcl 2-1648] Added synthesis output to IP cache for IP vid_oe4_auto_ds_0, cache-ID = f428e86cbd39b916
INFO: [Coretcl 2-1174] Renamed 58 cell refs.
INFO: [Common 17-1381] The checkpoint 'C:/Users/sjasi3/ECE385_FP/VID_OE4/VID_OE4.runs/vid_oe4_auto_ds_0_synth_1/vid_oe4_auto_ds_0.dcp' has been generated.
INFO: [runtcl-4] Executing : report_utilization -file vid_oe4_auto_ds_0_utilization_synth.rpt -pb vid_oe4_auto_ds_0_utilization_synth.pb
INFO: [Common 17-206] Exiting Vivado at Fri Dec  6 15:55:04 2024...
