Copyright 1986-2022 Xilinx, Inc. All Rights Reserved.
-------------------------------------------------------------------------------------------------------------------------------------------------
| Tool Version     : Vivado v.2022.2 (lin64) Build 3671981 Fri Oct 14 04:59:54 MDT 2022
| Date             : Sun Dec  8 17:58:31 2024
| Host             : SgoSkzD running 64-bit Gentoo Linux
| Command          : report_power -file video_top_power_routed.rpt -pb video_top_power_summary_routed.pb -rpx video_top_power_routed.rpx
| Design           : video_top
| Device           : xc7s50csga324-1
| Design State     : routed
| Grade            : commercial
| Process          : typical
| Characterization : Production
-------------------------------------------------------------------------------------------------------------------------------------------------

Power Report

Table of Contents
-----------------
1. Summary
1.1 On-Chip Components
1.2 Power Supply Summary
1.3 Confidence Level
2. Settings
2.1 Environment
2.2 Clock Constraints
3. Detailed Reports
3.1 By Hierarchy

1. Summary
----------

+--------------------------+--------------+
| Total On-Chip Power (W)  | 0.316        |
| Design Power Budget (W)  | Unspecified* |
| Power Budget Margin (W)  | NA           |
| Dynamic (W)              | 0.244        |
| Device Static (W)        | 0.073        |
| Effective TJA (C/W)      | 4.9          |
| Max Ambient (C)          | 83.4         |
| Junction Temperature (C) | 26.6         |
| Confidence Level         | Medium       |
| Setting File             | ---          |
| Simulation Activity File | ---          |
| Design Nets Matched      | NA           |
+--------------------------+--------------+
* Specify Design Power Budget using, set_operating_conditions -design_power_budget <value in Watts>


1.1 On-Chip Components
----------------------

+-------------------------+-----------+----------+-----------+-----------------+
| On-Chip                 | Power (W) | Used     | Available | Utilization (%) |
+-------------------------+-----------+----------+-----------+-----------------+
| Clocks                  |     0.001 |        6 |       --- |             --- |
| Slice Logic             |    <0.001 |      697 |       --- |             --- |
|   LUT as Logic          |    <0.001 |      367 |     32600 |            1.13 |
|   CARRY4                |    <0.001 |       33 |      8150 |            0.40 |
|   Register              |    <0.001 |      135 |     65200 |            0.21 |
|   LUT as Shift Register |    <0.001 |       16 |      9600 |            0.17 |
|   F7/F8 Muxes           |    <0.001 |        1 |     32600 |           <0.01 |
|   Others                |     0.000 |       52 |       --- |             --- |
| Signals                 |     0.001 |      561 |       --- |             --- |
| Block RAM               |     0.002 |       11 |        75 |           14.67 |
| MMCM                    |     0.106 |        1 |         5 |           20.00 |
| DSPs                    |    <0.001 |        3 |       120 |            2.50 |
| I/O                     |     0.132 |       10 |       210 |            4.76 |
| Static Power            |     0.073 |          |           |                 |
| Total                   |     0.316 |          |           |                 |
+-------------------------+-----------+----------+-----------+-----------------+


1.2 Power Supply Summary
------------------------

+-----------+-------------+-----------+-------------+------------+-------------+-------------+------------+
| Source    | Voltage (V) | Total (A) | Dynamic (A) | Static (A) | Powerup (A) | Budget (A)  | Margin (A) |
+-----------+-------------+-----------+-------------+------------+-------------+-------------+------------+
| Vccint    |       1.000 |     0.017 |       0.006 |      0.010 |       NA    | Unspecified | NA         |
| Vccaux    |       1.800 |     0.071 |       0.059 |      0.013 |       NA    | Unspecified | NA         |
| Vcco33    |       3.300 |     0.041 |       0.040 |      0.001 |       NA    | Unspecified | NA         |
| Vcco25    |       2.500 |     0.000 |       0.000 |      0.000 |       NA    | Unspecified | NA         |
| Vcco18    |       1.800 |     0.000 |       0.000 |      0.000 |       NA    | Unspecified | NA         |
| Vcco15    |       1.500 |     0.000 |       0.000 |      0.000 |       NA    | Unspecified | NA         |
| Vcco135   |       1.350 |     0.000 |       0.000 |      0.000 |       NA    | Unspecified | NA         |
| Vcco12    |       1.200 |     0.000 |       0.000 |      0.000 |       NA    | Unspecified | NA         |
| Vccaux_io |       1.800 |     0.000 |       0.000 |      0.000 |       NA    | Unspecified | NA         |
| Vccbram   |       1.000 |     0.001 |       0.000 |      0.000 |       NA    | Unspecified | NA         |
| Vccadc    |       1.800 |     0.020 |       0.000 |      0.020 |       NA    | Unspecified | NA         |
+-----------+-------------+-----------+-------------+------------+-------------+-------------+------------+


1.3 Confidence Level
--------------------

+-----------------------------+------------+-------------------------------------------------------+------------------------------------------------------------------------------------------------------------+
| User Input Data             | Confidence | Details                                               | Action                                                                                                     |
+-----------------------------+------------+-------------------------------------------------------+------------------------------------------------------------------------------------------------------------+
| Design implementation state | High       | Design is routed                                      |                                                                                                            |
| Clock nodes activity        | High       | User specified more than 95% of clocks                |                                                                                                            |
| I/O nodes activity          | Medium     | More than 5% of inputs are missing user specification | Provide missing input activity with simulation results or by editing the "By Resource Type -> I/Os" view   |
| Internal nodes activity     | Medium     | User specified less than 25% of internal nodes        | Provide missing internal nodes activity with simulation results or by editing the "By Resource Type" views |
| Device models               | High       | Device models are Production                          |                                                                                                            |
|                             |            |                                                       |                                                                                                            |
| Overall confidence level    | Medium     |                                                       |                                                                                                            |
+-----------------------------+------------+-------------------------------------------------------+------------------------------------------------------------------------------------------------------------+


2. Settings
-----------

2.1 Environment
---------------

+-----------------------+--------------------------+
| Ambient Temp (C)      | 25.0                     |
| ThetaJA (C/W)         | 4.9                      |
| Airflow (LFM)         | 250                      |
| Heat Sink             | medium (Medium Profile)  |
| ThetaSA (C/W)         | 4.6                      |
| Board Selection       | medium (10"x10")         |
| # of Board Layers     | 12to15 (12 to 15 Layers) |
| Board Temperature (C) | 25.0                     |
+-----------------------+--------------------------+


2.2 Clock Constraints
---------------------

+----------------------+-----------------------------------+-----------------+
| Clock                | Domain                            | Constraint (ns) |
+----------------------+-----------------------------------+-----------------+
| clk                  | clk                               |            10.0 |
| clk_125MHz_clk_wiz_0 | clk_wiz/inst/clk_125MHz_clk_wiz_0 |             8.0 |
| clk_25MHz_clk_wiz_0  | clk_wiz/inst/clk_25MHz_clk_wiz_0  |            40.0 |
| clkfbout_clk_wiz_0   | clk_wiz/inst/clkfbout_clk_wiz_0   |            10.0 |
+----------------------+-----------------------------------+-----------------+


3. Detailed Reports
-------------------

3.1 By Hierarchy
----------------

+---------------+-----------+
| Name          | Power (W) |
+---------------+-----------+
| video_top     |     0.244 |
|   bg          |     0.004 |
|     bg_rom    |     0.002 |
|       U0      |     0.002 |
|   clk_wiz     |     0.107 |
|     inst      |     0.107 |
|   vga_to_hdmi |     0.133 |
|     inst      |     0.133 |
+---------------+-----------+


