
*** Running vivado
    with args -log vid_oe3_auto_us_2.vds -m64 -product Vivado -mode batch -messageDb vivado.pb -notrace -source vid_oe3_auto_us_2.tcl


****** Vivado v2022.2 (64-bit)
  **** SW Build 3671981 on Fri Oct 14 04:59:54 MDT 2022
  **** IP Build 3669848 on Fri Oct 14 08:30:02 MDT 2022
    ** Copyright 1986-2022 Xilinx, Inc. All Rights Reserved.

source vid_oe3_auto_us_2.tcl -notrace
INFO: [IP_Flow 19-234] Refreshing IP repositories
INFO: [IP_Flow 19-1700] Loaded user IP repository '/home/sean/Downloads/git/ECE385_FP/digilent/vivado-library-master'.
INFO: [IP_Flow 19-2313] Loaded Vivado IP repository '/alottadata/tools/Xilinx/Vivado/2022.2/data/ip'.
INFO: [IP_Flow 19-6924] IPCACHE: Running cache check for IP inst: vid_oe3_auto_us_2
Command: synth_design -top vid_oe3_auto_us_2 -part xc7s50csga324-1 -incremental_mode off -mode out_of_context
Starting synth_design
Attempting to get a license for feature 'Synthesis' and/or device 'xc7s50'
INFO: [Common 17-349] Got license for feature 'Synthesis' and/or device 'xc7s50'
INFO: [Device 21-403] Loading part xc7s50csga324-1
INFO: [Synth 8-7079] Multithreading enabled for synth_design using a maximum of 4 processes.
INFO: [Synth 8-7078] Launching helper process for spawning children vivado processes
INFO: [Synth 8-7075] Helper process launched with PID 9451
INFO: [Synth 8-11241] undeclared symbol 'REGCCE', assumed default net type 'wire' [/alottadata/tools/Xilinx/Vivado/2022.2/data/verilog/src/unimacro/BRAM_SINGLE_MACRO.v:2170]
---------------------------------------------------------------------------------
Starting RTL Elaboration : Time (s): cpu = 00:00:03 ; elapsed = 00:00:04 . Memory (MB): peak = 2174.297 ; gain = 371.770 ; free physical = 5890 ; free virtual = 13302
Synthesis current peak Physical Memory [PSS] (MB): peak = 1229.491; parent = 1081.409; children = 148.082
Synthesis current peak Virtual Memory [VSS] (MB): peak = 3807.086; parent = 2186.207; children = 1620.879
---------------------------------------------------------------------------------
INFO: [Synth 8-6157] synthesizing module 'vid_oe3_auto_us_2' [/home/sean/Downloads/git/ECE385_FP/VID_OE3/VID_OE3.gen/sources_1/bd/vid_oe3/ip/vid_oe3_auto_us_2/synth/vid_oe3_auto_us_2.v:53]
INFO: [Synth 8-6157] synthesizing module 'axi_dwidth_converter_v2_1_27_top' [/home/sean/Downloads/git/ECE385_FP/VID_OE3/VID_OE3.gen/sources_1/bd/vid_oe3/ipshared/4675/hdl/axi_dwidth_converter_v2_1_vlsyn_rfs.v:14461]
INFO: [Synth 8-6157] synthesizing module 'axi_dwidth_converter_v2_1_27_axi_upsizer' [/home/sean/Downloads/git/ECE385_FP/VID_OE3/VID_OE3.gen/sources_1/bd/vid_oe3/ipshared/4675/hdl/axi_dwidth_converter_v2_1_vlsyn_rfs.v:7037]
INFO: [Synth 8-6157] synthesizing module 'axi_dwidth_converter_v2_1_27_r_upsizer' [/home/sean/Downloads/git/ECE385_FP/VID_OE3/VID_OE3.gen/sources_1/bd/vid_oe3/ipshared/4675/hdl/axi_dwidth_converter_v2_1_vlsyn_rfs.v:4652]
INFO: [Synth 8-6155] done synthesizing module 'axi_dwidth_converter_v2_1_27_r_upsizer' (0#1) [/home/sean/Downloads/git/ECE385_FP/VID_OE3/VID_OE3.gen/sources_1/bd/vid_oe3/ipshared/4675/hdl/axi_dwidth_converter_v2_1_vlsyn_rfs.v:4652]
INFO: [Synth 8-6157] synthesizing module 'axi_register_slice_v2_1_27_axi_register_slice' [/home/sean/Downloads/git/ECE385_FP/VID_OE3/VID_OE3.gen/sources_1/bd/vid_oe3/ipshared/f0b4/hdl/axi_register_slice_v2_1_vl_rfs.v:3725]
INFO: [Synth 8-6157] synthesizing module 'axi_infrastructure_v1_1_0_axi2vector' [/home/sean/Downloads/git/ECE385_FP/VID_OE3/VID_OE3.gen/sources_1/bd/vid_oe3/ipshared/ec67/hdl/axi_infrastructure_v1_1_vl_rfs.v:59]
INFO: [Synth 8-6155] done synthesizing module 'axi_infrastructure_v1_1_0_axi2vector' (0#1) [/home/sean/Downloads/git/ECE385_FP/VID_OE3/VID_OE3.gen/sources_1/bd/vid_oe3/ipshared/ec67/hdl/axi_infrastructure_v1_1_vl_rfs.v:59]
INFO: [Synth 8-6157] synthesizing module 'axi_infrastructure_v1_1_0_vector2axi' [/home/sean/Downloads/git/ECE385_FP/VID_OE3/VID_OE3.gen/sources_1/bd/vid_oe3/ipshared/ec67/hdl/axi_infrastructure_v1_1_vl_rfs.v:473]
INFO: [Synth 8-6155] done synthesizing module 'axi_infrastructure_v1_1_0_vector2axi' (0#1) [/home/sean/Downloads/git/ECE385_FP/VID_OE3/VID_OE3.gen/sources_1/bd/vid_oe3/ipshared/ec67/hdl/axi_infrastructure_v1_1_vl_rfs.v:473]
INFO: [Synth 8-6157] synthesizing module 'axi_register_slice_v2_1_27_axic_register_slice' [/home/sean/Downloads/git/ECE385_FP/VID_OE3/VID_OE3.gen/sources_1/bd/vid_oe3/ipshared/f0b4/hdl/axi_register_slice_v2_1_vl_rfs.v:1497]
INFO: [Synth 8-6155] done synthesizing module 'axi_register_slice_v2_1_27_axic_register_slice' (0#1) [/home/sean/Downloads/git/ECE385_FP/VID_OE3/VID_OE3.gen/sources_1/bd/vid_oe3/ipshared/f0b4/hdl/axi_register_slice_v2_1_vl_rfs.v:1497]
INFO: [Synth 8-6157] synthesizing module 'axi_register_slice_v2_1_27_axic_register_slice__parameterized0' [/home/sean/Downloads/git/ECE385_FP/VID_OE3/VID_OE3.gen/sources_1/bd/vid_oe3/ipshared/f0b4/hdl/axi_register_slice_v2_1_vl_rfs.v:1497]
INFO: [Synth 8-6155] done synthesizing module 'axi_register_slice_v2_1_27_axic_register_slice__parameterized0' (0#1) [/home/sean/Downloads/git/ECE385_FP/VID_OE3/VID_OE3.gen/sources_1/bd/vid_oe3/ipshared/f0b4/hdl/axi_register_slice_v2_1_vl_rfs.v:1497]
INFO: [Synth 8-6157] synthesizing module 'axi_register_slice_v2_1_27_axic_register_slice__parameterized1' [/home/sean/Downloads/git/ECE385_FP/VID_OE3/VID_OE3.gen/sources_1/bd/vid_oe3/ipshared/f0b4/hdl/axi_register_slice_v2_1_vl_rfs.v:1497]
INFO: [Synth 8-6155] done synthesizing module 'axi_register_slice_v2_1_27_axic_register_slice__parameterized1' (0#1) [/home/sean/Downloads/git/ECE385_FP/VID_OE3/VID_OE3.gen/sources_1/bd/vid_oe3/ipshared/f0b4/hdl/axi_register_slice_v2_1_vl_rfs.v:1497]
INFO: [Synth 8-6157] synthesizing module 'axi_register_slice_v2_1_27_axic_register_slice__parameterized2' [/home/sean/Downloads/git/ECE385_FP/VID_OE3/VID_OE3.gen/sources_1/bd/vid_oe3/ipshared/f0b4/hdl/axi_register_slice_v2_1_vl_rfs.v:1497]
INFO: [Synth 8-6155] done synthesizing module 'axi_register_slice_v2_1_27_axic_register_slice__parameterized2' (0#1) [/home/sean/Downloads/git/ECE385_FP/VID_OE3/VID_OE3.gen/sources_1/bd/vid_oe3/ipshared/f0b4/hdl/axi_register_slice_v2_1_vl_rfs.v:1497]
INFO: [Synth 8-6155] done synthesizing module 'axi_register_slice_v2_1_27_axi_register_slice' (0#1) [/home/sean/Downloads/git/ECE385_FP/VID_OE3/VID_OE3.gen/sources_1/bd/vid_oe3/ipshared/f0b4/hdl/axi_register_slice_v2_1_vl_rfs.v:3725]
WARNING: [Synth 8-7071] port 'aclk2x' of module 'axi_register_slice_v2_1_27_axi_register_slice' is unconnected for instance 'mi_register_slice_inst' [/home/sean/Downloads/git/ECE385_FP/VID_OE3/VID_OE3.gen/sources_1/bd/vid_oe3/ipshared/4675/hdl/axi_dwidth_converter_v2_1_vlsyn_rfs.v:8475]
WARNING: [Synth 8-7023] instance 'mi_register_slice_inst' of module 'axi_register_slice_v2_1_27_axi_register_slice' has 93 connections declared, but only 92 given [/home/sean/Downloads/git/ECE385_FP/VID_OE3/VID_OE3.gen/sources_1/bd/vid_oe3/ipshared/4675/hdl/axi_dwidth_converter_v2_1_vlsyn_rfs.v:8475]
INFO: [Synth 8-6157] synthesizing module 'axi_dwidth_converter_v2_1_27_a_upsizer' [/home/sean/Downloads/git/ECE385_FP/VID_OE3/VID_OE3.gen/sources_1/bd/vid_oe3/ipshared/4675/hdl/axi_dwidth_converter_v2_1_vlsyn_rfs.v:3602]
INFO: [Synth 8-6157] synthesizing module 'generic_baseblocks_v2_1_0_command_fifo' [/home/sean/Downloads/git/ECE385_FP/VID_OE3/VID_OE3.gen/sources_1/bd/vid_oe3/ipshared/b752/hdl/generic_baseblocks_v2_1_vl_rfs.v:654]
INFO: [Synth 8-6155] done synthesizing module 'generic_baseblocks_v2_1_0_command_fifo' (0#1) [/home/sean/Downloads/git/ECE385_FP/VID_OE3/VID_OE3.gen/sources_1/bd/vid_oe3/ipshared/b752/hdl/generic_baseblocks_v2_1_vl_rfs.v:654]
INFO: [Synth 8-6155] done synthesizing module 'axi_dwidth_converter_v2_1_27_a_upsizer' (0#1) [/home/sean/Downloads/git/ECE385_FP/VID_OE3/VID_OE3.gen/sources_1/bd/vid_oe3/ipshared/4675/hdl/axi_dwidth_converter_v2_1_vlsyn_rfs.v:3602]
INFO: [Synth 8-6157] synthesizing module 'axi_register_slice_v2_1_27_axi_register_slice__parameterized0' [/home/sean/Downloads/git/ECE385_FP/VID_OE3/VID_OE3.gen/sources_1/bd/vid_oe3/ipshared/f0b4/hdl/axi_register_slice_v2_1_vl_rfs.v:3725]
INFO: [Synth 8-6157] synthesizing module 'axi_infrastructure_v1_1_0_axi2vector__parameterized0' [/home/sean/Downloads/git/ECE385_FP/VID_OE3/VID_OE3.gen/sources_1/bd/vid_oe3/ipshared/ec67/hdl/axi_infrastructure_v1_1_vl_rfs.v:59]
INFO: [Synth 8-6155] done synthesizing module 'axi_infrastructure_v1_1_0_axi2vector__parameterized0' (0#1) [/home/sean/Downloads/git/ECE385_FP/VID_OE3/VID_OE3.gen/sources_1/bd/vid_oe3/ipshared/ec67/hdl/axi_infrastructure_v1_1_vl_rfs.v:59]
INFO: [Synth 8-6157] synthesizing module 'axi_infrastructure_v1_1_0_vector2axi__parameterized0' [/home/sean/Downloads/git/ECE385_FP/VID_OE3/VID_OE3.gen/sources_1/bd/vid_oe3/ipshared/ec67/hdl/axi_infrastructure_v1_1_vl_rfs.v:473]
INFO: [Synth 8-6155] done synthesizing module 'axi_infrastructure_v1_1_0_vector2axi__parameterized0' (0#1) [/home/sean/Downloads/git/ECE385_FP/VID_OE3/VID_OE3.gen/sources_1/bd/vid_oe3/ipshared/ec67/hdl/axi_infrastructure_v1_1_vl_rfs.v:473]
INFO: [Synth 8-6157] synthesizing module 'axi_register_slice_v2_1_27_axic_register_slice__parameterized3' [/home/sean/Downloads/git/ECE385_FP/VID_OE3/VID_OE3.gen/sources_1/bd/vid_oe3/ipshared/f0b4/hdl/axi_register_slice_v2_1_vl_rfs.v:1497]
INFO: [Synth 8-6155] done synthesizing module 'axi_register_slice_v2_1_27_axic_register_slice__parameterized3' (0#1) [/home/sean/Downloads/git/ECE385_FP/VID_OE3/VID_OE3.gen/sources_1/bd/vid_oe3/ipshared/f0b4/hdl/axi_register_slice_v2_1_vl_rfs.v:1497]
INFO: [Synth 8-6157] synthesizing module 'axi_register_slice_v2_1_27_axic_register_slice__parameterized4' [/home/sean/Downloads/git/ECE385_FP/VID_OE3/VID_OE3.gen/sources_1/bd/vid_oe3/ipshared/f0b4/hdl/axi_register_slice_v2_1_vl_rfs.v:1497]
INFO: [Synth 8-6155] done synthesizing module 'axi_register_slice_v2_1_27_axic_register_slice__parameterized4' (0#1) [/home/sean/Downloads/git/ECE385_FP/VID_OE3/VID_OE3.gen/sources_1/bd/vid_oe3/ipshared/f0b4/hdl/axi_register_slice_v2_1_vl_rfs.v:1497]
INFO: [Synth 8-6157] synthesizing module 'axi_register_slice_v2_1_27_axic_register_slice__parameterized5' [/home/sean/Downloads/git/ECE385_FP/VID_OE3/VID_OE3.gen/sources_1/bd/vid_oe3/ipshared/f0b4/hdl/axi_register_slice_v2_1_vl_rfs.v:1497]
INFO: [Synth 8-6155] done synthesizing module 'axi_register_slice_v2_1_27_axic_register_slice__parameterized5' (0#1) [/home/sean/Downloads/git/ECE385_FP/VID_OE3/VID_OE3.gen/sources_1/bd/vid_oe3/ipshared/f0b4/hdl/axi_register_slice_v2_1_vl_rfs.v:1497]
INFO: [Synth 8-6155] done synthesizing module 'axi_register_slice_v2_1_27_axi_register_slice__parameterized0' (0#1) [/home/sean/Downloads/git/ECE385_FP/VID_OE3/VID_OE3.gen/sources_1/bd/vid_oe3/ipshared/f0b4/hdl/axi_register_slice_v2_1_vl_rfs.v:3725]
WARNING: [Synth 8-7071] port 'aclk2x' of module 'axi_register_slice_v2_1_27_axi_register_slice' is unconnected for instance 'si_register_slice_inst' [/home/sean/Downloads/git/ECE385_FP/VID_OE3/VID_OE3.gen/sources_1/bd/vid_oe3/ipshared/4675/hdl/axi_dwidth_converter_v2_1_vlsyn_rfs.v:7379]
WARNING: [Synth 8-7023] instance 'si_register_slice_inst' of module 'axi_register_slice_v2_1_27_axi_register_slice' has 93 connections declared, but only 92 given [/home/sean/Downloads/git/ECE385_FP/VID_OE3/VID_OE3.gen/sources_1/bd/vid_oe3/ipshared/4675/hdl/axi_dwidth_converter_v2_1_vlsyn_rfs.v:7379]
INFO: [Synth 8-6155] done synthesizing module 'axi_dwidth_converter_v2_1_27_axi_upsizer' (0#1) [/home/sean/Downloads/git/ECE385_FP/VID_OE3/VID_OE3.gen/sources_1/bd/vid_oe3/ipshared/4675/hdl/axi_dwidth_converter_v2_1_vlsyn_rfs.v:7037]
INFO: [Synth 8-6155] done synthesizing module 'axi_dwidth_converter_v2_1_27_top' (0#1) [/home/sean/Downloads/git/ECE385_FP/VID_OE3/VID_OE3.gen/sources_1/bd/vid_oe3/ipshared/4675/hdl/axi_dwidth_converter_v2_1_vlsyn_rfs.v:14461]
INFO: [Synth 8-6155] done synthesizing module 'vid_oe3_auto_us_2' (0#1) [/home/sean/Downloads/git/ECE385_FP/VID_OE3/VID_OE3.gen/sources_1/bd/vid_oe3/ip/vid_oe3_auto_us_2/synth/vid_oe3_auto_us_2.v:53]
WARNING: [Synth 8-7129] Port ACLK in module axi_register_slice_v2_1_27_axic_register_slice__parameterized3 is either unconnected or has no load
WARNING: [Synth 8-7129] Port ARESET in module axi_register_slice_v2_1_27_axic_register_slice__parameterized3 is either unconnected or has no load
WARNING: [Synth 8-7129] Port m_axi_buser[0] in module axi_infrastructure_v1_1_0_vector2axi__parameterized0 is either unconnected or has no load
WARNING: [Synth 8-7129] Port m_axi_ruser[0] in module axi_infrastructure_v1_1_0_vector2axi__parameterized0 is either unconnected or has no load
WARNING: [Synth 8-7129] Port s_axi_awuser[0] in module axi_infrastructure_v1_1_0_axi2vector__parameterized0 is either unconnected or has no load
WARNING: [Synth 8-7129] Port s_axi_wid[0] in module axi_infrastructure_v1_1_0_axi2vector__parameterized0 is either unconnected or has no load
WARNING: [Synth 8-7129] Port s_axi_wuser[0] in module axi_infrastructure_v1_1_0_axi2vector__parameterized0 is either unconnected or has no load
WARNING: [Synth 8-7129] Port s_axi_aruser[0] in module axi_infrastructure_v1_1_0_axi2vector__parameterized0 is either unconnected or has no load
WARNING: [Synth 8-7129] Port aclk2x in module axi_register_slice_v2_1_27_axi_register_slice__parameterized0 is either unconnected or has no load
WARNING: [Synth 8-7129] Port cmd_id_ready in module axi_dwidth_converter_v2_1_27_a_upsizer is either unconnected or has no load
WARNING: [Synth 8-7129] Port S_AXI_AID[0] in module axi_dwidth_converter_v2_1_27_a_upsizer is either unconnected or has no load
WARNING: [Synth 8-7129] Port m_axi_buser[0] in module axi_infrastructure_v1_1_0_vector2axi is either unconnected or has no load
WARNING: [Synth 8-7129] Port m_axi_ruser[0] in module axi_infrastructure_v1_1_0_vector2axi is either unconnected or has no load
WARNING: [Synth 8-7129] Port s_axi_awuser[0] in module axi_infrastructure_v1_1_0_axi2vector is either unconnected or has no load
WARNING: [Synth 8-7129] Port s_axi_wid[0] in module axi_infrastructure_v1_1_0_axi2vector is either unconnected or has no load
WARNING: [Synth 8-7129] Port s_axi_wuser[0] in module axi_infrastructure_v1_1_0_axi2vector is either unconnected or has no load
WARNING: [Synth 8-7129] Port s_axi_aruser[0] in module axi_infrastructure_v1_1_0_axi2vector is either unconnected or has no load
WARNING: [Synth 8-7129] Port aclk2x in module axi_register_slice_v2_1_27_axi_register_slice is either unconnected or has no load
WARNING: [Synth 8-7129] Port s_axi_awlock[1] in module axi_dwidth_converter_v2_1_27_axi_upsizer is either unconnected or has no load
WARNING: [Synth 8-7129] Port s_axi_wdata[31] in module axi_dwidth_converter_v2_1_27_axi_upsizer is either unconnected or has no load
WARNING: [Synth 8-7129] Port s_axi_wdata[30] in module axi_dwidth_converter_v2_1_27_axi_upsizer is either unconnected or has no load
WARNING: [Synth 8-7129] Port s_axi_wdata[29] in module axi_dwidth_converter_v2_1_27_axi_upsizer is either unconnected or has no load
WARNING: [Synth 8-7129] Port s_axi_wdata[28] in module axi_dwidth_converter_v2_1_27_axi_upsizer is either unconnected or has no load
WARNING: [Synth 8-7129] Port s_axi_wdata[27] in module axi_dwidth_converter_v2_1_27_axi_upsizer is either unconnected or has no load
WARNING: [Synth 8-7129] Port s_axi_wdata[26] in module axi_dwidth_converter_v2_1_27_axi_upsizer is either unconnected or has no load
WARNING: [Synth 8-7129] Port s_axi_wdata[25] in module axi_dwidth_converter_v2_1_27_axi_upsizer is either unconnected or has no load
WARNING: [Synth 8-7129] Port s_axi_wdata[24] in module axi_dwidth_converter_v2_1_27_axi_upsizer is either unconnected or has no load
WARNING: [Synth 8-7129] Port s_axi_wdata[23] in module axi_dwidth_converter_v2_1_27_axi_upsizer is either unconnected or has no load
WARNING: [Synth 8-7129] Port s_axi_wdata[22] in module axi_dwidth_converter_v2_1_27_axi_upsizer is either unconnected or has no load
WARNING: [Synth 8-7129] Port s_axi_wdata[21] in module axi_dwidth_converter_v2_1_27_axi_upsizer is either unconnected or has no load
WARNING: [Synth 8-7129] Port s_axi_wdata[20] in module axi_dwidth_converter_v2_1_27_axi_upsizer is either unconnected or has no load
WARNING: [Synth 8-7129] Port s_axi_wdata[19] in module axi_dwidth_converter_v2_1_27_axi_upsizer is either unconnected or has no load
WARNING: [Synth 8-7129] Port s_axi_wdata[18] in module axi_dwidth_converter_v2_1_27_axi_upsizer is either unconnected or has no load
WARNING: [Synth 8-7129] Port s_axi_wdata[17] in module axi_dwidth_converter_v2_1_27_axi_upsizer is either unconnected or has no load
WARNING: [Synth 8-7129] Port s_axi_wdata[16] in module axi_dwidth_converter_v2_1_27_axi_upsizer is either unconnected or has no load
WARNING: [Synth 8-7129] Port s_axi_wdata[15] in module axi_dwidth_converter_v2_1_27_axi_upsizer is either unconnected or has no load
WARNING: [Synth 8-7129] Port s_axi_wdata[14] in module axi_dwidth_converter_v2_1_27_axi_upsizer is either unconnected or has no load
WARNING: [Synth 8-7129] Port s_axi_wdata[13] in module axi_dwidth_converter_v2_1_27_axi_upsizer is either unconnected or has no load
WARNING: [Synth 8-7129] Port s_axi_wdata[12] in module axi_dwidth_converter_v2_1_27_axi_upsizer is either unconnected or has no load
WARNING: [Synth 8-7129] Port s_axi_wdata[11] in module axi_dwidth_converter_v2_1_27_axi_upsizer is either unconnected or has no load
WARNING: [Synth 8-7129] Port s_axi_wdata[10] in module axi_dwidth_converter_v2_1_27_axi_upsizer is either unconnected or has no load
WARNING: [Synth 8-7129] Port s_axi_wdata[9] in module axi_dwidth_converter_v2_1_27_axi_upsizer is either unconnected or has no load
WARNING: [Synth 8-7129] Port s_axi_wdata[8] in module axi_dwidth_converter_v2_1_27_axi_upsizer is either unconnected or has no load
WARNING: [Synth 8-7129] Port s_axi_wdata[7] in module axi_dwidth_converter_v2_1_27_axi_upsizer is either unconnected or has no load
WARNING: [Synth 8-7129] Port s_axi_wdata[6] in module axi_dwidth_converter_v2_1_27_axi_upsizer is either unconnected or has no load
WARNING: [Synth 8-7129] Port s_axi_wdata[5] in module axi_dwidth_converter_v2_1_27_axi_upsizer is either unconnected or has no load
WARNING: [Synth 8-7129] Port s_axi_wdata[4] in module axi_dwidth_converter_v2_1_27_axi_upsizer is either unconnected or has no load
WARNING: [Synth 8-7129] Port s_axi_wdata[3] in module axi_dwidth_converter_v2_1_27_axi_upsizer is either unconnected or has no load
WARNING: [Synth 8-7129] Port s_axi_wdata[2] in module axi_dwidth_converter_v2_1_27_axi_upsizer is either unconnected or has no load
WARNING: [Synth 8-7129] Port s_axi_wdata[1] in module axi_dwidth_converter_v2_1_27_axi_upsizer is either unconnected or has no load
WARNING: [Synth 8-7129] Port s_axi_wdata[0] in module axi_dwidth_converter_v2_1_27_axi_upsizer is either unconnected or has no load
WARNING: [Synth 8-7129] Port s_axi_wstrb[3] in module axi_dwidth_converter_v2_1_27_axi_upsizer is either unconnected or has no load
WARNING: [Synth 8-7129] Port s_axi_wstrb[2] in module axi_dwidth_converter_v2_1_27_axi_upsizer is either unconnected or has no load
WARNING: [Synth 8-7129] Port s_axi_wstrb[1] in module axi_dwidth_converter_v2_1_27_axi_upsizer is either unconnected or has no load
WARNING: [Synth 8-7129] Port s_axi_wstrb[0] in module axi_dwidth_converter_v2_1_27_axi_upsizer is either unconnected or has no load
WARNING: [Synth 8-7129] Port s_axi_wlast in module axi_dwidth_converter_v2_1_27_axi_upsizer is either unconnected or has no load
WARNING: [Synth 8-7129] Port s_axi_wvalid in module axi_dwidth_converter_v2_1_27_axi_upsizer is either unconnected or has no load
WARNING: [Synth 8-7129] Port s_axi_bready in module axi_dwidth_converter_v2_1_27_axi_upsizer is either unconnected or has no load
WARNING: [Synth 8-7129] Port s_axi_arlock[1] in module axi_dwidth_converter_v2_1_27_axi_upsizer is either unconnected or has no load
WARNING: [Synth 8-7129] Port m_axi_aresetn in module axi_dwidth_converter_v2_1_27_axi_upsizer is either unconnected or has no load
WARNING: [Synth 8-7129] Port m_axi_aclk in module axi_dwidth_converter_v2_1_27_axi_upsizer is either unconnected or has no load
WARNING: [Synth 8-7129] Port m_axi_awready in module axi_dwidth_converter_v2_1_27_axi_upsizer is either unconnected or has no load
WARNING: [Synth 8-7129] Port m_axi_wready in module axi_dwidth_converter_v2_1_27_axi_upsizer is either unconnected or has no load
WARNING: [Synth 8-7129] Port m_axi_bresp[1] in module axi_dwidth_converter_v2_1_27_axi_upsizer is either unconnected or has no load
WARNING: [Synth 8-7129] Port m_axi_bresp[0] in module axi_dwidth_converter_v2_1_27_axi_upsizer is either unconnected or has no load
WARNING: [Synth 8-7129] Port m_axi_bvalid in module axi_dwidth_converter_v2_1_27_axi_upsizer is either unconnected or has no load
---------------------------------------------------------------------------------
Finished RTL Elaboration : Time (s): cpu = 00:00:06 ; elapsed = 00:00:08 . Memory (MB): peak = 2359.172 ; gain = 556.645 ; free physical = 5503 ; free virtual = 12922
Synthesis current peak Physical Memory [PSS] (MB): peak = 1229.491; parent = 1081.409; children = 148.082
Synthesis current peak Virtual Memory [VSS] (MB): peak = 3980.055; parent = 2359.176; children = 1620.879
---------------------------------------------------------------------------------
---------------------------------------------------------------------------------
Start Handling Custom Attributes
---------------------------------------------------------------------------------
---------------------------------------------------------------------------------
Finished Handling Custom Attributes : Time (s): cpu = 00:00:06 ; elapsed = 00:00:08 . Memory (MB): peak = 2376.984 ; gain = 574.457 ; free physical = 5433 ; free virtual = 12854
Synthesis current peak Physical Memory [PSS] (MB): peak = 1229.491; parent = 1081.409; children = 148.082
Synthesis current peak Virtual Memory [VSS] (MB): peak = 3997.867; parent = 2376.988; children = 1620.879
---------------------------------------------------------------------------------
---------------------------------------------------------------------------------
Finished RTL Optimization Phase 1 : Time (s): cpu = 00:00:06 ; elapsed = 00:00:08 . Memory (MB): peak = 2376.984 ; gain = 574.457 ; free physical = 5404 ; free virtual = 12826
Synthesis current peak Physical Memory [PSS] (MB): peak = 1229.491; parent = 1081.409; children = 148.082
Synthesis current peak Virtual Memory [VSS] (MB): peak = 3997.867; parent = 2376.988; children = 1620.879
---------------------------------------------------------------------------------
Netlist sorting complete. Time (s): cpu = 00:00:00.02 ; elapsed = 00:00:00.02 . Memory (MB): peak = 2376.984 ; gain = 0.000 ; free physical = 5351 ; free virtual = 12773
INFO: [Project 1-570] Preparing netlist for logic optimization

Processing XDC Constraints
Initializing timing engine
Parsing XDC File [/home/sean/Downloads/git/ECE385_FP/VID_OE3/VID_OE3.gen/sources_1/bd/vid_oe3/ip/vid_oe3_auto_us_2/vid_oe3_auto_us_2_ooc.xdc] for cell 'inst'
Finished Parsing XDC File [/home/sean/Downloads/git/ECE385_FP/VID_OE3/VID_OE3.gen/sources_1/bd/vid_oe3/ip/vid_oe3_auto_us_2/vid_oe3_auto_us_2_ooc.xdc] for cell 'inst'
Parsing XDC File [/home/sean/Downloads/git/ECE385_FP/VID_OE3/VID_OE3.runs/vid_oe3_auto_us_2_synth_1/dont_touch.xdc]
Finished Parsing XDC File [/home/sean/Downloads/git/ECE385_FP/VID_OE3/VID_OE3.runs/vid_oe3_auto_us_2_synth_1/dont_touch.xdc]
Completed Processing XDC Constraints

Netlist sorting complete. Time (s): cpu = 00:00:00 ; elapsed = 00:00:00.01 . Memory (MB): peak = 2501.734 ; gain = 0.000 ; free physical = 4928 ; free virtual = 12352
INFO: [Project 1-111] Unisim Transformation Summary:
No Unisim elements were transformed.

Constraint Validation Runtime : Time (s): cpu = 00:00:00.05 ; elapsed = 00:00:00.04 . Memory (MB): peak = 2501.734 ; gain = 0.000 ; free physical = 4908 ; free virtual = 12333
INFO: [Designutils 20-5008] Incremental synthesis strategy off
INFO: [Synth 8-11241] undeclared symbol 'REGCCE', assumed default net type 'wire' [/alottadata/tools/Xilinx/Vivado/2022.2/data/verilog/src/unimacro/BRAM_SINGLE_MACRO.v:2170]
---------------------------------------------------------------------------------
Finished Constraint Validation : Time (s): cpu = 00:00:12 ; elapsed = 00:00:14 . Memory (MB): peak = 2501.734 ; gain = 699.207 ; free physical = 4202 ; free virtual = 11634
Synthesis current peak Physical Memory [PSS] (MB): peak = 1229.491; parent = 1081.409; children = 148.082
Synthesis current peak Virtual Memory [VSS] (MB): peak = 4090.602; parent = 2469.723; children = 1620.879
---------------------------------------------------------------------------------
---------------------------------------------------------------------------------
Start Loading Part and Timing Information
---------------------------------------------------------------------------------
Loading part: xc7s50csga324-1
---------------------------------------------------------------------------------
Finished Loading Part and Timing Information : Time (s): cpu = 00:00:12 ; elapsed = 00:00:14 . Memory (MB): peak = 2501.734 ; gain = 699.207 ; free physical = 4200 ; free virtual = 11632
Synthesis current peak Physical Memory [PSS] (MB): peak = 1229.491; parent = 1081.409; children = 148.082
Synthesis current peak Virtual Memory [VSS] (MB): peak = 4090.602; parent = 2469.723; children = 1620.879
---------------------------------------------------------------------------------
---------------------------------------------------------------------------------
Start Applying 'set_property' XDC Constraints
---------------------------------------------------------------------------------
Applied set_property KEEP_HIERARCHY = SOFT for inst. (constraint file  /home/sean/Downloads/git/ECE385_FP/VID_OE3/VID_OE3.runs/vid_oe3_auto_us_2_synth_1/dont_touch.xdc, line 9).
---------------------------------------------------------------------------------
Finished applying 'set_property' XDC Constraints : Time (s): cpu = 00:00:12 ; elapsed = 00:00:14 . Memory (MB): peak = 2501.734 ; gain = 699.207 ; free physical = 4195 ; free virtual = 11627
Synthesis current peak Physical Memory [PSS] (MB): peak = 1229.491; parent = 1081.409; children = 148.082
Synthesis current peak Virtual Memory [VSS] (MB): peak = 4090.602; parent = 2469.723; children = 1620.879
---------------------------------------------------------------------------------
---------------------------------------------------------------------------------
Finished RTL Optimization Phase 2 : Time (s): cpu = 00:00:13 ; elapsed = 00:00:15 . Memory (MB): peak = 2501.734 ; gain = 699.207 ; free physical = 4141 ; free virtual = 11574
Synthesis current peak Physical Memory [PSS] (MB): peak = 1229.491; parent = 1081.409; children = 148.082
Synthesis current peak Virtual Memory [VSS] (MB): peak = 4090.602; parent = 2469.723; children = 1620.879
---------------------------------------------------------------------------------
---------------------------------------------------------------------------------
Start RTL Component Statistics 
---------------------------------------------------------------------------------
Detailed RTL Component Info : 
+---Adders : 
	   2 Input    8 Bit       Adders := 2     
	   2 Input    5 Bit       Adders := 2     
	   2 Input    4 Bit       Adders := 2     
+---Registers : 
	              145 Bit    Registers := 2     
	              132 Bit    Registers := 2     
	              128 Bit    Registers := 1     
	               62 Bit    Registers := 3     
	               37 Bit    Registers := 2     
	               36 Bit    Registers := 2     
	               35 Bit    Registers := 1     
	                8 Bit    Registers := 1     
	                5 Bit    Registers := 1     
	                4 Bit    Registers := 2     
	                3 Bit    Registers := 2     
	                2 Bit    Registers := 10    
	                1 Bit    Registers := 26    
+---Muxes : 
	   2 Input  145 Bit        Muxes := 2     
	   2 Input  132 Bit        Muxes := 2     
	   2 Input   37 Bit        Muxes := 2     
	   2 Input   36 Bit        Muxes := 2     
	   4 Input   32 Bit        Muxes := 2     
	   2 Input   32 Bit        Muxes := 4     
	   2 Input    8 Bit        Muxes := 3     
	   8 Input    8 Bit        Muxes := 2     
	   2 Input    4 Bit        Muxes := 4     
	   8 Input    4 Bit        Muxes := 3     
	   2 Input    3 Bit        Muxes := 1     
	   2 Input    2 Bit        Muxes := 4     
	   2 Input    1 Bit        Muxes := 13    
---------------------------------------------------------------------------------
Finished RTL Component Statistics 
---------------------------------------------------------------------------------
---------------------------------------------------------------------------------
Start Part Resource Summary
---------------------------------------------------------------------------------
Part Resources:
DSPs: 120 (col length:60)
BRAMs: 150 (col length: RAMB18 60 RAMB36 30)
---------------------------------------------------------------------------------
Finished Part Resource Summary
---------------------------------------------------------------------------------
---------------------------------------------------------------------------------
Start Cross Boundary and Area Optimization
---------------------------------------------------------------------------------
WARNING: [Synth 8-7080] Parallel synthesis criteria is not met
INFO: [Synth 8-3936] Found unconnected internal register 'gen_upsizer.gen_full_upsizer.axi_upsizer_inst/USE_READ.gen_non_fifo_r_upsizer.mi_register_slice_inst/r.r_pipe/m_payload_i_reg' and it is trimmed from '132' to '131' bits. [/home/sean/Downloads/git/ECE385_FP/VID_OE3/VID_OE3.gen/sources_1/bd/vid_oe3/ipshared/f0b4/hdl/axi_register_slice_v2_1_vl_rfs.v:1731]
WARNING: [Synth 8-7129] Port s_axi_awid[0] in module axi_dwidth_converter_v2_1_27_top is either unconnected or has no load
WARNING: [Synth 8-7129] Port s_axi_awaddr[31] in module axi_dwidth_converter_v2_1_27_top is either unconnected or has no load
WARNING: [Synth 8-7129] Port s_axi_awaddr[30] in module axi_dwidth_converter_v2_1_27_top is either unconnected or has no load
WARNING: [Synth 8-7129] Port s_axi_awaddr[29] in module axi_dwidth_converter_v2_1_27_top is either unconnected or has no load
WARNING: [Synth 8-7129] Port s_axi_awaddr[28] in module axi_dwidth_converter_v2_1_27_top is either unconnected or has no load
WARNING: [Synth 8-7129] Port s_axi_awaddr[27] in module axi_dwidth_converter_v2_1_27_top is either unconnected or has no load
WARNING: [Synth 8-7129] Port s_axi_awaddr[26] in module axi_dwidth_converter_v2_1_27_top is either unconnected or has no load
WARNING: [Synth 8-7129] Port s_axi_awaddr[25] in module axi_dwidth_converter_v2_1_27_top is either unconnected or has no load
WARNING: [Synth 8-7129] Port s_axi_awaddr[24] in module axi_dwidth_converter_v2_1_27_top is either unconnected or has no load
WARNING: [Synth 8-7129] Port s_axi_awaddr[23] in module axi_dwidth_converter_v2_1_27_top is either unconnected or has no load
WARNING: [Synth 8-7129] Port s_axi_awaddr[22] in module axi_dwidth_converter_v2_1_27_top is either unconnected or has no load
WARNING: [Synth 8-7129] Port s_axi_awaddr[21] in module axi_dwidth_converter_v2_1_27_top is either unconnected or has no load
WARNING: [Synth 8-7129] Port s_axi_awaddr[20] in module axi_dwidth_converter_v2_1_27_top is either unconnected or has no load
WARNING: [Synth 8-7129] Port s_axi_awaddr[19] in module axi_dwidth_converter_v2_1_27_top is either unconnected or has no load
WARNING: [Synth 8-7129] Port s_axi_awaddr[18] in module axi_dwidth_converter_v2_1_27_top is either unconnected or has no load
WARNING: [Synth 8-7129] Port s_axi_awaddr[17] in module axi_dwidth_converter_v2_1_27_top is either unconnected or has no load
WARNING: [Synth 8-7129] Port s_axi_awaddr[16] in module axi_dwidth_converter_v2_1_27_top is either unconnected or has no load
WARNING: [Synth 8-7129] Port s_axi_awaddr[15] in module axi_dwidth_converter_v2_1_27_top is either unconnected or has no load
WARNING: [Synth 8-7129] Port s_axi_awaddr[14] in module axi_dwidth_converter_v2_1_27_top is either unconnected or has no load
WARNING: [Synth 8-7129] Port s_axi_awaddr[13] in module axi_dwidth_converter_v2_1_27_top is either unconnected or has no load
WARNING: [Synth 8-7129] Port s_axi_awaddr[12] in module axi_dwidth_converter_v2_1_27_top is either unconnected or has no load
WARNING: [Synth 8-7129] Port s_axi_awaddr[11] in module axi_dwidth_converter_v2_1_27_top is either unconnected or has no load
WARNING: [Synth 8-7129] Port s_axi_awaddr[10] in module axi_dwidth_converter_v2_1_27_top is either unconnected or has no load
WARNING: [Synth 8-7129] Port s_axi_awaddr[9] in module axi_dwidth_converter_v2_1_27_top is either unconnected or has no load
WARNING: [Synth 8-7129] Port s_axi_awaddr[8] in module axi_dwidth_converter_v2_1_27_top is either unconnected or has no load
WARNING: [Synth 8-7129] Port s_axi_awaddr[7] in module axi_dwidth_converter_v2_1_27_top is either unconnected or has no load
WARNING: [Synth 8-7129] Port s_axi_awaddr[6] in module axi_dwidth_converter_v2_1_27_top is either unconnected or has no load
WARNING: [Synth 8-7129] Port s_axi_awaddr[5] in module axi_dwidth_converter_v2_1_27_top is either unconnected or has no load
WARNING: [Synth 8-7129] Port s_axi_awaddr[4] in module axi_dwidth_converter_v2_1_27_top is either unconnected or has no load
WARNING: [Synth 8-7129] Port s_axi_awaddr[3] in module axi_dwidth_converter_v2_1_27_top is either unconnected or has no load
WARNING: [Synth 8-7129] Port s_axi_awaddr[2] in module axi_dwidth_converter_v2_1_27_top is either unconnected or has no load
WARNING: [Synth 8-7129] Port s_axi_awaddr[1] in module axi_dwidth_converter_v2_1_27_top is either unconnected or has no load
WARNING: [Synth 8-7129] Port s_axi_awaddr[0] in module axi_dwidth_converter_v2_1_27_top is either unconnected or has no load
WARNING: [Synth 8-7129] Port s_axi_awlen[7] in module axi_dwidth_converter_v2_1_27_top is either unconnected or has no load
INFO: [Common 17-14] Message 'Synth 8-7129' appears 100 times and further instances of the messages will be disabled. Use the Tcl command set_msg_config to change the current settings.
---------------------------------------------------------------------------------
Finished Cross Boundary and Area Optimization : Time (s): cpu = 00:00:16 ; elapsed = 00:00:18 . Memory (MB): peak = 2501.734 ; gain = 699.207 ; free physical = 4065 ; free virtual = 11508
Synthesis current peak Physical Memory [PSS] (MB): peak = 1229.491; parent = 1081.409; children = 148.082
Synthesis current peak Virtual Memory [VSS] (MB): peak = 4090.602; parent = 2469.723; children = 1620.879
---------------------------------------------------------------------------------
---------------------------------------------------------------------------------
Start Applying XDC Timing Constraints
---------------------------------------------------------------------------------
---------------------------------------------------------------------------------
Finished Applying XDC Timing Constraints : Time (s): cpu = 00:00:19 ; elapsed = 00:00:21 . Memory (MB): peak = 2501.734 ; gain = 699.207 ; free physical = 3951 ; free virtual = 11393
Synthesis current peak Physical Memory [PSS] (MB): peak = 1293.480; parent = 1155.003; children = 148.082
Synthesis current peak Virtual Memory [VSS] (MB): peak = 4090.602; parent = 2469.723; children = 1620.879
---------------------------------------------------------------------------------
---------------------------------------------------------------------------------
Start Timing Optimization
---------------------------------------------------------------------------------
---------------------------------------------------------------------------------
Finished Timing Optimization : Time (s): cpu = 00:00:19 ; elapsed = 00:00:22 . Memory (MB): peak = 2501.734 ; gain = 699.207 ; free physical = 3949 ; free virtual = 11391
Synthesis current peak Physical Memory [PSS] (MB): peak = 1294.348; parent = 1155.870; children = 148.082
Synthesis current peak Virtual Memory [VSS] (MB): peak = 4090.602; parent = 2469.723; children = 1620.879
---------------------------------------------------------------------------------
---------------------------------------------------------------------------------
Start Technology Mapping
---------------------------------------------------------------------------------
---------------------------------------------------------------------------------
Finished Technology Mapping : Time (s): cpu = 00:00:19 ; elapsed = 00:00:22 . Memory (MB): peak = 2501.734 ; gain = 699.207 ; free physical = 3904 ; free virtual = 11345
Synthesis current peak Physical Memory [PSS] (MB): peak = 1295.863; parent = 1157.386; children = 148.082
Synthesis current peak Virtual Memory [VSS] (MB): peak = 4090.602; parent = 2469.723; children = 1620.879
---------------------------------------------------------------------------------
---------------------------------------------------------------------------------
Start IO Insertion
---------------------------------------------------------------------------------
---------------------------------------------------------------------------------
Start Flattening Before IO Insertion
---------------------------------------------------------------------------------
---------------------------------------------------------------------------------
Finished Flattening Before IO Insertion
---------------------------------------------------------------------------------
---------------------------------------------------------------------------------
Start Final Netlist Cleanup
---------------------------------------------------------------------------------
---------------------------------------------------------------------------------
Finished Final Netlist Cleanup
---------------------------------------------------------------------------------
---------------------------------------------------------------------------------
Finished IO Insertion : Time (s): cpu = 00:00:22 ; elapsed = 00:00:24 . Memory (MB): peak = 2501.734 ; gain = 699.207 ; free physical = 4127 ; free virtual = 11582
Synthesis current peak Physical Memory [PSS] (MB): peak = 1298.842; parent = 1158.737; children = 148.082
Synthesis current peak Virtual Memory [VSS] (MB): peak = 4090.602; parent = 2469.723; children = 1620.879
---------------------------------------------------------------------------------
---------------------------------------------------------------------------------
Start Renaming Generated Instances
---------------------------------------------------------------------------------
---------------------------------------------------------------------------------
Finished Renaming Generated Instances : Time (s): cpu = 00:00:22 ; elapsed = 00:00:24 . Memory (MB): peak = 2501.734 ; gain = 699.207 ; free physical = 4126 ; free virtual = 11581
Synthesis current peak Physical Memory [PSS] (MB): peak = 1298.842; parent = 1158.737; children = 148.082
Synthesis current peak Virtual Memory [VSS] (MB): peak = 4090.602; parent = 2469.723; children = 1620.879
---------------------------------------------------------------------------------
---------------------------------------------------------------------------------
Start Rebuilding User Hierarchy
---------------------------------------------------------------------------------
---------------------------------------------------------------------------------
Finished Rebuilding User Hierarchy : Time (s): cpu = 00:00:22 ; elapsed = 00:00:25 . Memory (MB): peak = 2501.734 ; gain = 699.207 ; free physical = 4123 ; free virtual = 11578
Synthesis current peak Physical Memory [PSS] (MB): peak = 1298.842; parent = 1158.776; children = 148.082
Synthesis current peak Virtual Memory [VSS] (MB): peak = 4090.602; parent = 2469.723; children = 1620.879
---------------------------------------------------------------------------------
---------------------------------------------------------------------------------
Start Renaming Generated Ports
---------------------------------------------------------------------------------
---------------------------------------------------------------------------------
Finished Renaming Generated Ports : Time (s): cpu = 00:00:22 ; elapsed = 00:00:25 . Memory (MB): peak = 2501.734 ; gain = 699.207 ; free physical = 4122 ; free virtual = 11577
Synthesis current peak Physical Memory [PSS] (MB): peak = 1298.878; parent = 1158.833; children = 148.082
Synthesis current peak Virtual Memory [VSS] (MB): peak = 4090.602; parent = 2469.723; children = 1620.879
---------------------------------------------------------------------------------
---------------------------------------------------------------------------------
Start Handling Custom Attributes
---------------------------------------------------------------------------------
---------------------------------------------------------------------------------
Finished Handling Custom Attributes : Time (s): cpu = 00:00:22 ; elapsed = 00:00:25 . Memory (MB): peak = 2501.734 ; gain = 699.207 ; free physical = 4121 ; free virtual = 11576
Synthesis current peak Physical Memory [PSS] (MB): peak = 1298.878; parent = 1158.833; children = 148.082
Synthesis current peak Virtual Memory [VSS] (MB): peak = 4090.602; parent = 2469.723; children = 1620.879
---------------------------------------------------------------------------------
---------------------------------------------------------------------------------
Start Renaming Generated Nets
---------------------------------------------------------------------------------
---------------------------------------------------------------------------------
Finished Renaming Generated Nets : Time (s): cpu = 00:00:22 ; elapsed = 00:00:25 . Memory (MB): peak = 2501.734 ; gain = 699.207 ; free physical = 4118 ; free virtual = 11574
Synthesis current peak Physical Memory [PSS] (MB): peak = 1298.878; parent = 1158.833; children = 148.082
Synthesis current peak Virtual Memory [VSS] (MB): peak = 4090.602; parent = 2469.723; children = 1620.879
---------------------------------------------------------------------------------
---------------------------------------------------------------------------------
Start ROM, RAM, DSP, Shift Register and Retiming Reporting
---------------------------------------------------------------------------------

Dynamic Shift Register Report:
+------------+-------------------------------+--------+------------+--------+---------+--------+--------+--------+
|Module Name | RTL Name                      | Length | Data Width | SRL16E | SRLC32E | Mux F7 | Mux F8 | Mux F9 | 
+------------+-------------------------------+--------+------------+--------+---------+--------+--------+--------+
|dsrl        | USE_RTL_FIFO.data_srl_reg[31] | 35     | 35         | 0      | 35      | 0      | 0      | 0      | 
|dsrl__1     | USE_RTL_FIFO.data_srl_reg[31] | 35     | 35         | 0      | 35      | 0      | 0      | 0      | 
+------------+-------------------------------+--------+------------+--------+---------+--------+--------+--------+

---------------------------------------------------------------------------------
Finished ROM, RAM, DSP, Shift Register and Retiming Reporting
---------------------------------------------------------------------------------
---------------------------------------------------------------------------------
Start Writing Synthesis Report
---------------------------------------------------------------------------------

Report BlackBoxes: 
+-+--------------+----------+
| |BlackBox name |Instances |
+-+--------------+----------+
+-+--------------+----------+

Report Cell Usage: 
+------+--------+------+
|      |Cell    |Count |
+------+--------+------+
|1     |CARRY4  |     1|
|2     |LUT1    |     2|
|3     |LUT2    |    17|
|4     |LUT3    |   151|
|5     |LUT4    |    27|
|6     |LUT5    |    50|
|7     |LUT6    |   150|
|8     |MUXF7   |    32|
|9     |SRLC32E |    33|
|10    |FDRE    |   519|
|11    |FDSE    |     2|
+------+--------+------+
---------------------------------------------------------------------------------
Finished Writing Synthesis Report : Time (s): cpu = 00:00:22 ; elapsed = 00:00:25 . Memory (MB): peak = 2501.734 ; gain = 699.207 ; free physical = 4116 ; free virtual = 11572
Synthesis current peak Physical Memory [PSS] (MB): peak = 1298.878; parent = 1158.833; children = 148.082
Synthesis current peak Virtual Memory [VSS] (MB): peak = 4090.602; parent = 2469.723; children = 1620.879
---------------------------------------------------------------------------------
Synthesis finished with 0 errors, 0 critical warnings and 108 warnings.
Synthesis Optimization Runtime : Time (s): cpu = 00:00:20 ; elapsed = 00:00:23 . Memory (MB): peak = 2501.734 ; gain = 574.457 ; free physical = 4156 ; free virtual = 11612
Synthesis Optimization Complete : Time (s): cpu = 00:00:22 ; elapsed = 00:00:25 . Memory (MB): peak = 2501.734 ; gain = 699.207 ; free physical = 4155 ; free virtual = 11610
INFO: [Project 1-571] Translating synthesized netlist
Netlist sorting complete. Time (s): cpu = 00:00:00.01 ; elapsed = 00:00:00.01 . Memory (MB): peak = 2501.734 ; gain = 0.000 ; free physical = 4260 ; free virtual = 11716
INFO: [Netlist 29-17] Analyzing 33 Unisim elements for replacement
INFO: [Netlist 29-28] Unisim Transformation completed in 0 CPU seconds
INFO: [Project 1-570] Preparing netlist for logic optimization
INFO: [Opt 31-138] Pushed 0 inverter(s) to 0 load pin(s).
Netlist sorting complete. Time (s): cpu = 00:00:00 ; elapsed = 00:00:00 . Memory (MB): peak = 2501.734 ; gain = 0.000 ; free physical = 4174 ; free virtual = 11630
INFO: [Project 1-111] Unisim Transformation Summary:
No Unisim elements were transformed.

Synth Design complete, checksum: 114d64be
INFO: [Common 17-83] Releasing license: Synthesis
61 Infos, 105 Warnings, 0 Critical Warnings and 0 Errors encountered.
synth_design completed successfully
synth_design: Time (s): cpu = 00:00:26 ; elapsed = 00:00:28 . Memory (MB): peak = 2501.734 ; gain = 960.426 ; free physical = 4380 ; free virtual = 11836
INFO: [Common 17-1381] The checkpoint '/home/sean/Downloads/git/ECE385_FP/VID_OE3/VID_OE3.runs/vid_oe3_auto_us_2_synth_1/vid_oe3_auto_us_2.dcp' has been generated.
INFO: [Coretcl 2-1648] Added synthesis output to IP cache for IP vid_oe3_auto_us_2, cache-ID = a203c01f1775eafc
INFO: [Coretcl 2-1174] Renamed 9 cell refs.
INFO: [Common 17-1381] The checkpoint '/home/sean/Downloads/git/ECE385_FP/VID_OE3/VID_OE3.runs/vid_oe3_auto_us_2_synth_1/vid_oe3_auto_us_2.dcp' has been generated.
INFO: [runtcl-4] Executing : report_utilization -file vid_oe3_auto_us_2_utilization_synth.rpt -pb vid_oe3_auto_us_2_utilization_synth.pb
INFO: [Common 17-206] Exiting Vivado at Wed Nov 20 03:58:57 2024...
