Wed Nov 20 03:57:45 2024: Running xcd server. This server was built by gradle.
Wed Nov 20 03:57:45 2024: Server was asked to start on port: '46247'
Wed Nov 20 03:57:45 2024: Server is using token UUID: '83146ba4-1013-49c5-8917-1e7fb3526d03'
Wed Nov 20 03:57:45 2024: SESSION_MGR: creating session with session uuid: '6d04a3e9-ade5-4ab9-8d63-1f78fcd2ec76' and name 'default'
Wed Nov 20 03:57:45 2024: Attempting to start server on port '46247'
Wed Nov 20 03:57:45 2024: XCD main fifo: created main fifo '/tmp/xcdmain83146ba4-1013-49c5-8917-1e7fb3526d03', fd read = 225
Wed Nov 20 03:57:45 2024: Running Dispatch Server
Wed Nov 20 03:57:45 2024: Version 2.2.0
Wed Nov 20 03:57:55 2024: Dispatch Server: Accepted socket connection from client
Wed Nov 20 03:57:55 2024: Starting Socket connection
Wed Nov 20 03:57:55 2024: EXCHANGE_TOKEN received, server token: 83146ba4-1013-49c5-8917-1e7fb3526d03, passed token: 83146ba4-1013-49c5-8917-1e7fb3526d03
Wed Nov 20 03:57:55 2024: SESSION_MGR: creating session with session uuid: 'f49a5c50-2175-4e73-a298-0061fa58e438' and name 'vitis_hls'
Wed Nov 20 03:57:55 2024: KERNEL_SVC: creating session with uuid: 'f49a5c50-2175-4e73-a298-0061fa58e438' and name 'vitis_hls'
Wed Nov 20 03:57:55 2024: GUIDANCE_SMGR: creating guidance session with uuid: 'f49a5c50-2175-4e73-a298-0061fa58e438' and name 'vitis_hls'
Wed Nov 20 03:59:05 2024: STOP_SERVER received, server token: 83146ba4-1013-49c5-8917-1e7fb3526d03, passed token: 83146ba4-1013-49c5-8917-1e7fb3526d03
Wed Nov 20 03:59:05 2024: Socket received request to stop server.
Wed Nov 20 03:59:05 2024: Dispatch Server: do_await_stop
Wed Nov 20 03:59:05 2024: Dispatch Server: stopping mainFifo_
Wed Nov 20 03:59:05 2024: XCD main fifo: Stopping
Wed Nov 20 03:59:05 2024: XCD main fifo: do_read error code: Operation canceled
Wed Nov 20 03:59:05 2024: XCD main fifo: bytes_transferred: 0
Wed Nov 20 03:59:05 2024: SERVER: destructor for server bound to port 46247
Wed Nov 20 03:59:05 2024: XCD main fifo: Good unlink of /tmp/xcdmain83146ba4-1013-49c5-8917-1e7fb3526d03
Wed Nov 20 03:59:05 2024: Server exiting with status 0.
Wed Nov 20 03:59:05 2024: Closing log file.
