

================================================================
== Vitis HLS Report for 'tpgForeground'
================================================================
* Date:           Tue Nov 19 22:04:54 2024

* Version:        2022.2 (Build 3670227 on Oct 13 2022)
* Project:        prj
* Solution:       sol (Vivado IP Flow Target)
* Product family: spartan7
* Target device:  xc7s50-csga324-1


================================================================
== Performance Estimates
================================================================
+ Timing: 
    * Summary: 
    +--------+----------+----------+------------+
    |  Clock |  Target  | Estimated| Uncertainty|
    +--------+----------+----------+------------+
    |ap_clk  |  12.00 ns|  7.597 ns|     3.24 ns|
    +--------+----------+----------+------------+

+ Latency: 
    * Summary: 
    +---------+---------+----------+----------+-----+-----+---------+
    |  Latency (cycles) |  Latency (absolute) |  Interval | Pipeline|
    |   min   |   max   |    min   |    max   | min | max |   Type  |
    +---------+---------+----------+----------+-----+-----+---------+
    |        ?|        ?|         ?|         ?|    ?|    ?|       no|
    +---------+---------+----------+----------+-----+-----+---------+

    + Detail: 
        * Instance: 
        N/A

        * Loop: 
        +--------------------+---------+---------+----------+-----------+-----------+------+----------+
        |                    |  Latency (cycles) | Iteration|  Initiation Interval  | Trip |          |
        |      Loop Name     |   min   |   max   |  Latency |  achieved |   target  | Count| Pipelined|
        +--------------------+---------+---------+----------+-----------+-----------+------+----------+
        |- VITIS_LOOP_727_1  |        ?|        ?|         ?|          -|          -|     ?|        no|
        +--------------------+---------+---------+----------+-----------+-----------+------+----------+

============================================================
+ Verbose Summary: Synthesis Manager
============================================================
InlineROM: 1
ExposeGlobal: 0
============================================================
+ Verbose Summary: CDFG Model
============================================================
IsTopModel: 0
ResetActiveHigh: 1
IsCombinational: 2
IsDatapathOnly: 0
HasWiredReturn: 1
HasMFsm: 0
HasVarLatency: 1
IsPipeline: 0
IsRtlPipelined: 0
IsInstanceOverlapped: 0
IsDontTouch: 0
HasImplIP: 0
IsGatedGlobalClock: 0


============================================================
+ Verbose Summary: Schedule
============================================================
* Number of FSM states : 4
* Pipeline : 0
* Dataflow Pipeline: 0

* FSM state transitions: 
1 --> 2 
2 --> 3 
3 --> 4 
4 --> 2 

* FSM state operations: 

State 1 <SV = 0> <Delay = 2.86>
ST_1 : Operation 5 [1/1] (0.00ns)   --->   "%y = alloca i32 1"   --->   Operation 5 'alloca' 'y' <Predicate = true> <Delay = 0.00>
ST_1 : Operation 6 [1/1] (0.00ns)   --->   "%boxVCoord_loc_0 = alloca i32 1"   --->   Operation 6 'alloca' 'boxVCoord_loc_0' <Predicate = true> <Delay = 0.00>
ST_1 : Operation 7 [1/1] (0.00ns)   --->   "%boxHCoord_loc_0 = alloca i32 1"   --->   Operation 7 'alloca' 'boxHCoord_loc_0' <Predicate = true> <Delay = 0.00>
ST_1 : Operation 8 [1/1] (0.00ns)   --->   "%specstablecontent_ln0 = specstablecontent void @_ssdm_op_SpecStableContent, i16 %boxColorB, void "   --->   Operation 8 'specstablecontent' 'specstablecontent_ln0' <Predicate = true> <Delay = 0.00>
ST_1 : Operation 9 [1/1] (0.00ns)   --->   "%specstablecontent_ln0 = specstablecontent void @_ssdm_op_SpecStableContent, i16 %boxColorG, void "   --->   Operation 9 'specstablecontent' 'specstablecontent_ln0' <Predicate = true> <Delay = 0.00>
ST_1 : Operation 10 [1/1] (0.00ns)   --->   "%specstablecontent_ln0 = specstablecontent void @_ssdm_op_SpecStableContent, i16 %boxColorR, void "   --->   Operation 10 'specstablecontent' 'specstablecontent_ln0' <Predicate = true> <Delay = 0.00>
ST_1 : Operation 11 [1/1] (0.00ns)   --->   "%specstablecontent_ln0 = specstablecontent void @_ssdm_op_SpecStableContent, i16 %boxSize, void "   --->   Operation 11 'specstablecontent' 'specstablecontent_ln0' <Predicate = true> <Delay = 0.00>
ST_1 : Operation 12 [1/1] (0.00ns)   --->   "%specstablecontent_ln0 = specstablecontent void @_ssdm_op_SpecStableContent, i16 %crossHairY, void "   --->   Operation 12 'specstablecontent' 'specstablecontent_ln0' <Predicate = true> <Delay = 0.00>
ST_1 : Operation 13 [1/1] (0.00ns)   --->   "%specstablecontent_ln0 = specstablecontent void @_ssdm_op_SpecStableContent, i16 %crossHairX, void "   --->   Operation 13 'specstablecontent' 'specstablecontent_ln0' <Predicate = true> <Delay = 0.00>
ST_1 : Operation 14 [1/1] (0.00ns)   --->   "%specstablecontent_ln0 = specstablecontent void @_ssdm_op_SpecStableContent, i8 %colorFormat, void "   --->   Operation 14 'specstablecontent' 'specstablecontent_ln0' <Predicate = true> <Delay = 0.00>
ST_1 : Operation 15 [1/1] (0.00ns)   --->   "%specstablecontent_ln0 = specstablecontent void @_ssdm_op_SpecStableContent, i8 %motionSpeed, void "   --->   Operation 15 'specstablecontent' 'specstablecontent_ln0' <Predicate = true> <Delay = 0.00>
ST_1 : Operation 16 [1/1] (0.00ns)   --->   "%specstablecontent_ln0 = specstablecontent void @_ssdm_op_SpecStableContent, i8 %maskId, void "   --->   Operation 16 'specstablecontent' 'specstablecontent_ln0' <Predicate = true> <Delay = 0.00>
ST_1 : Operation 17 [1/1] (0.00ns)   --->   "%specstablecontent_ln0 = specstablecontent void @_ssdm_op_SpecStableContent, i8 %ovrlayId, void "   --->   Operation 17 'specstablecontent' 'specstablecontent_ln0' <Predicate = true> <Delay = 0.00>
ST_1 : Operation 18 [1/1] (0.00ns)   --->   "%specstablecontent_ln0 = specstablecontent void @_ssdm_op_SpecStableContent, i16 %height, void "   --->   Operation 18 'specstablecontent' 'specstablecontent_ln0' <Predicate = true> <Delay = 0.00>
ST_1 : Operation 19 [1/1] (0.00ns)   --->   "%specstablecontent_ln0 = specstablecontent void @_ssdm_op_SpecStableContent, i16 %width, void "   --->   Operation 19 'specstablecontent' 'specstablecontent_ln0' <Predicate = true> <Delay = 0.00>
ST_1 : Operation 20 [1/1] (0.00ns)   --->   "%specinterface_ln0 = specinterface void @_ssdm_op_SpecInterface, i24 %ovrlayYUV, void @empty_10, i32 0, i32 0, void @empty_0, i32 0, i32 0, void @empty_0, void @empty_0, void @empty_0, i32 0, i32 0, i32 0, i32 0, void @empty_0, void @empty_0, i32 4294967295, i32 0"   --->   Operation 20 'specinterface' 'specinterface_ln0' <Predicate = true> <Delay = 0.00>
ST_1 : Operation 21 [1/1] (0.00ns)   --->   "%specinterface_ln0 = specinterface void @_ssdm_op_SpecInterface, i24 %bckgndYUV, void @empty_10, i32 0, i32 0, void @empty_0, i32 0, i32 0, void @empty_0, void @empty_0, void @empty_0, i32 0, i32 0, i32 0, i32 0, void @empty_0, void @empty_0, i32 4294967295, i32 0"   --->   Operation 21 'specinterface' 'specinterface_ln0' <Predicate = true> <Delay = 0.00>
ST_1 : Operation 22 [1/1] (0.00ns)   --->   "%loopHeight = read i16 @_ssdm_op_Read.ap_auto.i16P0A, i16 %height" [/home/sean/Downloads/git/ECE385_FP/VID_OE1/VID_OE1.runs/vid_oe1_v_tpg_0_0_synth_1/prj/sol/.autopilot/db/v_tpg.cpp:719]   --->   Operation 22 'read' 'loopHeight' <Predicate = true> <Delay = 0.00>
ST_1 : Operation 23 [1/1] (0.00ns)   --->   "%loopWidth = read i16 @_ssdm_op_Read.ap_auto.i16P0A, i16 %width" [/home/sean/Downloads/git/ECE385_FP/VID_OE1/VID_OE1.runs/vid_oe1_v_tpg_0_0_synth_1/prj/sol/.autopilot/db/v_tpg.cpp:720]   --->   Operation 23 'read' 'loopWidth' <Predicate = true> <Delay = 0.00>
ST_1 : Operation 24 [1/1] (0.00ns)   --->   "%ovrlayId_read = read i8 @_ssdm_op_Read.ap_auto.i8P0A, i8 %ovrlayId"   --->   Operation 24 'read' 'ovrlayId_read' <Predicate = true> <Delay = 0.00>
ST_1 : Operation 25 [1/1] (0.00ns)   --->   "%maskId_read = read i8 @_ssdm_op_Read.ap_auto.i8P0A, i8 %maskId"   --->   Operation 25 'read' 'maskId_read' <Predicate = true> <Delay = 0.00>
ST_1 : Operation 26 [1/1] (1.62ns)   --->   "%tobool = icmp_eq  i8 %maskId_read, i8 0"   --->   Operation 26 'icmp' 'tobool' <Predicate = true> <Delay = 1.62> <CoreInst = "Cmp">   --->   Core 9 'Cmp' <Latency = 0> <II = 1> <Delay = 1.62> <FuncUnit> <Opcode : 'icmp'> <InPorts = 2> <OutPorts = 1>
ST_1 : Operation 27 [1/1] (0.00ns)   --->   "%boxSize_read = read i16 @_ssdm_op_Read.ap_auto.i16P0A, i16 %boxSize"   --->   Operation 27 'read' 'boxSize_read' <Predicate = true> <Delay = 0.00>
ST_1 : Operation 28 [1/1] (0.00ns)   --->   "%boxColorR_read = read i16 @_ssdm_op_Read.ap_auto.i16P0A, i16 %boxColorR"   --->   Operation 28 'read' 'boxColorR_read' <Predicate = true> <Delay = 0.00>
ST_1 : Operation 29 [1/1] (0.00ns)   --->   "%boxColorG_read = read i16 @_ssdm_op_Read.ap_auto.i16P0A, i16 %boxColorG"   --->   Operation 29 'read' 'boxColorG_read' <Predicate = true> <Delay = 0.00>
ST_1 : Operation 30 [1/1] (0.00ns)   --->   "%empty = trunc i16 %boxColorG_read"   --->   Operation 30 'trunc' 'empty' <Predicate = true> <Delay = 0.00>
ST_1 : Operation 31 [1/1] (0.00ns)   --->   "%boxColorB_read = read i16 @_ssdm_op_Read.ap_auto.i16P0A, i16 %boxColorB"   --->   Operation 31 'read' 'boxColorB_read' <Predicate = true> <Delay = 0.00>
ST_1 : Operation 32 [1/1] (0.00ns)   --->   "%motionSpeed_read = read i8 @_ssdm_op_Read.ap_auto.i8P0A, i8 %motionSpeed"   --->   Operation 32 'read' 'motionSpeed_read' <Predicate = true> <Delay = 0.00>
ST_1 : Operation 33 [1/1] (0.00ns)   --->   "%colorFormat_read = read i8 @_ssdm_op_Read.ap_auto.i8P0A, i8 %colorFormat"   --->   Operation 33 'read' 'colorFormat_read' <Predicate = true> <Delay = 0.00>
ST_1 : Operation 34 [1/1] (0.00ns)   --->   "%crossHairX_read = read i16 @_ssdm_op_Read.ap_auto.i16P0A, i16 %crossHairX"   --->   Operation 34 'read' 'crossHairX_read' <Predicate = true> <Delay = 0.00>
ST_1 : Operation 35 [1/1] (0.00ns)   --->   "%crossHairY_read = read i16 @_ssdm_op_Read.ap_auto.i16P0A, i16 %crossHairY"   --->   Operation 35 'read' 'crossHairY_read' <Predicate = true> <Delay = 0.00>
ST_1 : Operation 36 [1/1] (1.62ns)   --->   "%cmp31_i = icmp_eq  i8 %colorFormat_read, i8 0"   --->   Operation 36 'icmp' 'cmp31_i' <Predicate = true> <Delay = 1.62> <CoreInst = "Cmp">   --->   Core 9 'Cmp' <Latency = 0> <II = 1> <Delay = 1.62> <FuncUnit> <Opcode : 'icmp'> <InPorts = 2> <OutPorts = 1>
ST_1 : Operation 37 [1/1] (1.24ns)   --->   "%pixOut_val_V = select i1 %cmp31_i, i8 240, i8 128"   --->   Operation 37 'select' 'pixOut_val_V' <Predicate = true> <Delay = 1.24> <CoreInst = "Sel">   --->   Core 73 'Sel' <Latency = 0> <II = 1> <Delay = 1.24> <FuncUnit> <Opcode : 'select'> <InPorts = 3> <OutPorts = 1>
ST_1 : Operation 38 [1/1] (2.13ns)   --->   "%hMax = sub i16 %loopWidth, i16 %boxSize_read" [/home/sean/Downloads/git/ECE385_FP/VID_OE1/VID_OE1.runs/vid_oe1_v_tpg_0_0_synth_1/prj/sol/.autopilot/db/v_tpg.cpp:720]   --->   Operation 38 'sub' 'hMax' <Predicate = true> <Delay = 2.13> <CoreInst = "Adder">   --->   Core 1 'Adder' <Latency = 0> <II = 1> <Delay = 2.13> <FuncUnit> <Opcode : 'add' 'sub'> <InPorts = 2> <OutPorts = 1>
ST_1 : Operation 39 [1/1] (2.13ns)   --->   "%vMax = sub i16 %loopHeight, i16 %boxSize_read" [/home/sean/Downloads/git/ECE385_FP/VID_OE1/VID_OE1.runs/vid_oe1_v_tpg_0_0_synth_1/prj/sol/.autopilot/db/v_tpg.cpp:719]   --->   Operation 39 'sub' 'vMax' <Predicate = true> <Delay = 2.13> <CoreInst = "Adder">   --->   Core 1 'Adder' <Latency = 0> <II = 1> <Delay = 2.13> <FuncUnit> <Opcode : 'add' 'sub'> <InPorts = 2> <OutPorts = 1>
ST_1 : Operation 40 [1/1] (0.00ns)   --->   "%empty_66 = trunc i8 %maskId_read"   --->   Operation 40 'trunc' 'empty_66' <Predicate = true> <Delay = 0.00>
ST_1 : Operation 41 [1/1] (0.97ns)   --->   "%and4_i = and i1 %cmp31_i, i1 %empty_66"   --->   Operation 41 'and' 'and4_i' <Predicate = true> <Delay = 0.97> <CoreInst = "LogicGate">   --->   Core 74 'LogicGate' <Latency = 0> <II = 1> <Delay = 0.97> <FuncUnit> <Opcode : 'and' 'or' 'xor'> <InPorts = 2> <OutPorts = 1>
ST_1 : Operation 42 [1/1] (0.00ns)   --->   "%tmp = bitselect i1 @_ssdm_op_BitSelect.i1.i8.i32, i8 %maskId_read, i32 1"   --->   Operation 42 'bitselect' 'tmp' <Predicate = true> <Delay = 0.00>
ST_1 : Operation 43 [1/1] (0.97ns)   --->   "%and10_i = and i1 %cmp31_i, i1 %tmp"   --->   Operation 43 'and' 'and10_i' <Predicate = true> <Delay = 0.97> <CoreInst = "LogicGate">   --->   Core 74 'LogicGate' <Latency = 0> <II = 1> <Delay = 0.97> <FuncUnit> <Opcode : 'and' 'or' 'xor'> <InPorts = 2> <OutPorts = 1>
ST_1 : Operation 44 [1/1] (0.00ns)   --->   "%tmp_2 = bitselect i1 @_ssdm_op_BitSelect.i1.i8.i32, i8 %maskId_read, i32 2"   --->   Operation 44 'bitselect' 'tmp_2' <Predicate = true> <Delay = 0.00>
ST_1 : Operation 45 [1/1] (0.97ns)   --->   "%and26_i = and i1 %cmp31_i, i1 %tmp_2"   --->   Operation 45 'and' 'and26_i' <Predicate = true> <Delay = 0.97> <CoreInst = "LogicGate">   --->   Core 74 'LogicGate' <Latency = 0> <II = 1> <Delay = 0.97> <FuncUnit> <Opcode : 'and' 'or' 'xor'> <InPorts = 2> <OutPorts = 1>
ST_1 : Operation 46 [1/1] (0.00ns)   --->   "%empty_67 = trunc i16 %boxColorR_read"   --->   Operation 46 'trunc' 'empty_67' <Predicate = true> <Delay = 0.00>
ST_1 : Operation 47 [1/1] (0.00ns)   --->   "%tmp_3 = partselect i7 @_ssdm_op_PartSelect.i7.i8.i32.i32, i8 %colorFormat_read, i32 1, i32 7"   --->   Operation 47 'partselect' 'tmp_3' <Predicate = true> <Delay = 0.00>
ST_1 : Operation 48 [1/1] (1.57ns)   --->   "%icmp = icmp_ne  i7 %tmp_3, i7 0"   --->   Operation 48 'icmp' 'icmp' <Predicate = true> <Delay = 1.57> <CoreInst = "Cmp">   --->   Core 9 'Cmp' <Latency = 0> <II = 1> <Delay = 1.57> <FuncUnit> <Opcode : 'icmp'> <InPorts = 2> <OutPorts = 1>
ST_1 : Operation 49 [1/1] (0.00ns)   --->   "%empty_68 = trunc i16 %boxColorB_read"   --->   Operation 49 'trunc' 'empty_68' <Predicate = true> <Delay = 0.00>
ST_1 : Operation 50 [1/1] (0.00ns)   --->   "%shl_i = bitconcatenate i9 @_ssdm_op_BitConcatenate.i9.i8.i1, i8 %motionSpeed_read, i1 0"   --->   Operation 50 'bitconcatenate' 'shl_i' <Predicate = true> <Delay = 0.00>
ST_1 : Operation 51 [1/1] (0.00ns)   --->   "%boxHCoord_load = load i16 %boxHCoord" [/home/sean/Downloads/git/ECE385_FP/VID_OE1/VID_OE1.runs/vid_oe1_v_tpg_0_0_synth_1/prj/sol/.autopilot/db/v_tpg.cpp:1844]   --->   Operation 51 'load' 'boxHCoord_load' <Predicate = true> <Delay = 0.00>
ST_1 : Operation 52 [1/1] (0.00ns)   --->   "%boxVCoord_load = load i16 %boxVCoord" [/home/sean/Downloads/git/ECE385_FP/VID_OE1/VID_OE1.runs/vid_oe1_v_tpg_0_0_synth_1/prj/sol/.autopilot/db/v_tpg.cpp:1856]   --->   Operation 52 'load' 'boxVCoord_load' <Predicate = true> <Delay = 0.00>
ST_1 : Operation 53 [1/1] (0.00ns)   --->   "%store_ln727 = store i16 %boxHCoord_load, i16 %boxHCoord_loc_0" [/home/sean/Downloads/git/ECE385_FP/VID_OE1/VID_OE1.runs/vid_oe1_v_tpg_0_0_synth_1/prj/sol/.autopilot/db/v_tpg.cpp:727]   --->   Operation 53 'store' 'store_ln727' <Predicate = true> <Delay = 0.00>
ST_1 : Operation 54 [1/1] (0.00ns)   --->   "%store_ln727 = store i16 %boxVCoord_load, i16 %boxVCoord_loc_0" [/home/sean/Downloads/git/ECE385_FP/VID_OE1/VID_OE1.runs/vid_oe1_v_tpg_0_0_synth_1/prj/sol/.autopilot/db/v_tpg.cpp:727]   --->   Operation 54 'store' 'store_ln727' <Predicate = true> <Delay = 0.00>
ST_1 : Operation 55 [1/1] (1.58ns)   --->   "%store_ln727 = store i16 0, i16 %y" [/home/sean/Downloads/git/ECE385_FP/VID_OE1/VID_OE1.runs/vid_oe1_v_tpg_0_0_synth_1/prj/sol/.autopilot/db/v_tpg.cpp:727]   --->   Operation 55 'store' 'store_ln727' <Predicate = true> <Delay = 1.58>
ST_1 : Operation 56 [1/1] (0.00ns)   --->   "%br_ln727 = br void %VITIS_LOOP_729_2" [/home/sean/Downloads/git/ECE385_FP/VID_OE1/VID_OE1.runs/vid_oe1_v_tpg_0_0_synth_1/prj/sol/.autopilot/db/v_tpg.cpp:727]   --->   Operation 56 'br' 'br_ln727' <Predicate = true> <Delay = 0.00>

State 2 <SV = 1> <Delay = 4.11>
ST_2 : Operation 57 [1/1] (0.00ns)   --->   "%y_1 = load i16 %y" [/home/sean/Downloads/git/ECE385_FP/VID_OE1/VID_OE1.runs/vid_oe1_v_tpg_0_0_synth_1/prj/sol/.autopilot/db/v_tpg.cpp:727]   --->   Operation 57 'load' 'y_1' <Predicate = true> <Delay = 0.00>
ST_2 : Operation 58 [1/1] (2.53ns)   --->   "%icmp_ln727 = icmp_eq  i16 %y_1, i16 %loopHeight" [/home/sean/Downloads/git/ECE385_FP/VID_OE1/VID_OE1.runs/vid_oe1_v_tpg_0_0_synth_1/prj/sol/.autopilot/db/v_tpg.cpp:727]   --->   Operation 58 'icmp' 'icmp_ln727' <Predicate = true> <Delay = 2.53> <CoreInst = "Cmp">   --->   Core 9 'Cmp' <Latency = 0> <II = 1> <Delay = 2.53> <FuncUnit> <Opcode : 'icmp'> <InPorts = 2> <OutPorts = 1>
ST_2 : Operation 59 [1/1] (2.13ns)   --->   "%y_2 = add i16 %y_1, i16 1" [/home/sean/Downloads/git/ECE385_FP/VID_OE1/VID_OE1.runs/vid_oe1_v_tpg_0_0_synth_1/prj/sol/.autopilot/db/v_tpg.cpp:727]   --->   Operation 59 'add' 'y_2' <Predicate = true> <Delay = 2.13> <CoreInst = "Adder">   --->   Core 1 'Adder' <Latency = 0> <II = 1> <Delay = 2.13> <FuncUnit> <Opcode : 'add' 'sub'> <InPorts = 2> <OutPorts = 1>
ST_2 : Operation 60 [1/1] (0.00ns)   --->   "%br_ln727 = br i1 %icmp_ln727, void %VITIS_LOOP_729_2.split, void %for.end18.loopexit" [/home/sean/Downloads/git/ECE385_FP/VID_OE1/VID_OE1.runs/vid_oe1_v_tpg_0_0_synth_1/prj/sol/.autopilot/db/v_tpg.cpp:727]   --->   Operation 60 'br' 'br_ln727' <Predicate = true> <Delay = 0.00>
ST_2 : Operation 61 [1/1] (0.00ns)   --->   "%boxVCoord_loc_0_load = load i16 %boxVCoord_loc_0"   --->   Operation 61 'load' 'boxVCoord_loc_0_load' <Predicate = (!icmp_ln727)> <Delay = 0.00>
ST_2 : Operation 62 [1/1] (0.00ns)   --->   "%boxHCoord_loc_0_load = load i16 %boxHCoord_loc_0"   --->   Operation 62 'load' 'boxHCoord_loc_0_load' <Predicate = (!icmp_ln727)> <Delay = 0.00>
ST_2 : Operation 63 [1/1] (2.53ns)   --->   "%cmp2_i = icmp_eq  i16 %y_1, i16 %crossHairY_read" [/home/sean/Downloads/git/ECE385_FP/VID_OE1/VID_OE1.runs/vid_oe1_v_tpg_0_0_synth_1/prj/sol/.autopilot/db/v_tpg.cpp:727]   --->   Operation 63 'icmp' 'cmp2_i' <Predicate = (!icmp_ln727)> <Delay = 2.53> <CoreInst = "Cmp">   --->   Core 9 'Cmp' <Latency = 0> <II = 1> <Delay = 2.53> <FuncUnit> <Opcode : 'icmp'> <InPorts = 2> <OutPorts = 1>
ST_2 : Operation 64 [1/1] (0.00ns)   --->   "%empty_69 = wait i32 @_ssdm_op_Wait"   --->   Operation 64 'wait' 'empty_69' <Predicate = (!icmp_ln727)> <Delay = 0.00>
ST_2 : Operation 65 [1/1] (1.58ns)   --->   "%store_ln727 = store i16 %y_2, i16 %y" [/home/sean/Downloads/git/ECE385_FP/VID_OE1/VID_OE1.runs/vid_oe1_v_tpg_0_0_synth_1/prj/sol/.autopilot/db/v_tpg.cpp:727]   --->   Operation 65 'store' 'store_ln727' <Predicate = (!icmp_ln727)> <Delay = 1.58>
ST_2 : Operation 66 [1/1] (0.00ns)   --->   "%ret_ln766 = ret" [/home/sean/Downloads/git/ECE385_FP/VID_OE1/VID_OE1.runs/vid_oe1_v_tpg_0_0_synth_1/prj/sol/.autopilot/db/v_tpg.cpp:766]   --->   Operation 66 'ret' 'ret_ln766' <Predicate = (icmp_ln727)> <Delay = 0.00>

State 3 <SV = 2> <Delay = 1.58>
ST_3 : Operation 67 [2/2] (1.58ns)   --->   "%call_ln720 = call void @tpgForeground_Pipeline_VITIS_LOOP_729_2, i16 %boxHCoord_loc_0_load, i16 %boxVCoord_loc_0_load, i16 %loopWidth, i8 %empty_68, i8 %pixOut_val_V, i8 %empty_67, i1 %and4_i, i1 %and26_i, i1 %tobool, i1 %and10_i, i24 %ovrlayYUV, i24 %bckgndYUV, i8 %ovrlayId_read, i16 %boxSize_read, i16 %y_1, i8 %motionSpeed_read, i16 %vMax, i16 %hMax, i9 %shl_i, i1 %icmp, i8 %empty, i16 %crossHairX_read, i1 %cmp2_i, i8 %colorFormat_read, i16 %boxHCoord_loc_0, i16 %boxVCoord_loc_0, i16 %boxHCoord, i16 %boxVCoord, i1 %vDir, i1 %hDir, i8 %whiYuv_2" [/home/sean/Downloads/git/ECE385_FP/VID_OE1/VID_OE1.runs/vid_oe1_v_tpg_0_0_synth_1/prj/sol/.autopilot/db/v_tpg.cpp:720]   --->   Operation 67 'call' 'call_ln720' <Predicate = true> <Delay = 1.58> <CoreType = "Generic">   --->   Core 0 '' <Latency = 0> <II = 1> <Delay = 1.00> <Generic> <Opcode : >

State 4 <SV = 3> <Delay = 0.00>
ST_4 : Operation 68 [1/1] (0.00ns)   --->   "%specloopname_ln718 = specloopname void @_ssdm_op_SpecLoopName, void @empty_33" [/home/sean/Downloads/git/ECE385_FP/VID_OE1/VID_OE1.runs/vid_oe1_v_tpg_0_0_synth_1/prj/sol/.autopilot/db/v_tpg.cpp:718]   --->   Operation 68 'specloopname' 'specloopname_ln718' <Predicate = true> <Delay = 0.00>
ST_4 : Operation 69 [1/2] (0.00ns)   --->   "%call_ln720 = call void @tpgForeground_Pipeline_VITIS_LOOP_729_2, i16 %boxHCoord_loc_0_load, i16 %boxVCoord_loc_0_load, i16 %loopWidth, i8 %empty_68, i8 %pixOut_val_V, i8 %empty_67, i1 %and4_i, i1 %and26_i, i1 %tobool, i1 %and10_i, i24 %ovrlayYUV, i24 %bckgndYUV, i8 %ovrlayId_read, i16 %boxSize_read, i16 %y_1, i8 %motionSpeed_read, i16 %vMax, i16 %hMax, i9 %shl_i, i1 %icmp, i8 %empty, i16 %crossHairX_read, i1 %cmp2_i, i8 %colorFormat_read, i16 %boxHCoord_loc_0, i16 %boxVCoord_loc_0, i16 %boxHCoord, i16 %boxVCoord, i1 %vDir, i1 %hDir, i8 %whiYuv_2" [/home/sean/Downloads/git/ECE385_FP/VID_OE1/VID_OE1.runs/vid_oe1_v_tpg_0_0_synth_1/prj/sol/.autopilot/db/v_tpg.cpp:720]   --->   Operation 69 'call' 'call_ln720' <Predicate = true> <Delay = 0.00> <CoreType = "Generic">   --->   Core 0 '' <Latency = 0> <II = 1> <Delay = 1.00> <Generic> <Opcode : >
ST_4 : Operation 70 [1/1] (0.00ns)   --->   "%br_ln727 = br void %VITIS_LOOP_729_2" [/home/sean/Downloads/git/ECE385_FP/VID_OE1/VID_OE1.runs/vid_oe1_v_tpg_0_0_synth_1/prj/sol/.autopilot/db/v_tpg.cpp:727]   --->   Operation 70 'br' 'br_ln727' <Predicate = true> <Delay = 0.00>


============================================================
+ Verbose Summary: Timing violations
============================================================
Target clock period: 12ns, clock uncertainty: 3.24ns.

 <State 1>: 2.87ns
The critical path consists of the following:
	wire read operation ('colorFormat_read') on port 'colorFormat' [48]  (0 ns)
	'icmp' operation ('cmp31_i') [51]  (1.62 ns)
	'select' operation ('pixOut.val.V') [52]  (1.24 ns)

 <State 2>: 4.11ns
The critical path consists of the following:
	'load' operation ('y', /home/sean/Downloads/git/ECE385_FP/VID_OE1/VID_OE1.runs/vid_oe1_v_tpg_0_0_synth_1/prj/sol/.autopilot/db/v_tpg.cpp:727) on local variable 'y' [73]  (0 ns)
	'add' operation ('y', /home/sean/Downloads/git/ECE385_FP/VID_OE1/VID_OE1.runs/vid_oe1_v_tpg_0_0_synth_1/prj/sol/.autopilot/db/v_tpg.cpp:727) [75]  (2.14 ns)
	'store' operation ('store_ln727', /home/sean/Downloads/git/ECE385_FP/VID_OE1/VID_OE1.runs/vid_oe1_v_tpg_0_0_synth_1/prj/sol/.autopilot/db/v_tpg.cpp:727) of variable 'y', /home/sean/Downloads/git/ECE385_FP/VID_OE1/VID_OE1.runs/vid_oe1_v_tpg_0_0_synth_1/prj/sol/.autopilot/db/v_tpg.cpp:727 on local variable 'y' [84]  (1.58 ns)
	blocking operation 0.396 ns on control path)

 <State 3>: 1.58ns
The critical path consists of the following:
	'call' operation ('call_ln720', /home/sean/Downloads/git/ECE385_FP/VID_OE1/VID_OE1.runs/vid_oe1_v_tpg_0_0_synth_1/prj/sol/.autopilot/db/v_tpg.cpp:720) to 'tpgForeground_Pipeline_VITIS_LOOP_729_2' [83]  (1.58 ns)

 <State 4>: 0ns
The critical path consists of the following:


============================================================
+ Verbose Summary: Binding
============================================================
N/A
* FSMD analyzer results:
  - Output states:
 - Input state : 
  - Chain level:
	State 1
	State 2
	State 3
	State 4


============================================================
+ Verbose Summary: Datapath Resource usage 
============================================================
N/A
