
*** Running vivado
    with args -log mb_usb_hdmi_top.vds -m64 -product Vivado -mode batch -messageDb vivado.pb -notrace -source mb_usb_hdmi_top.tcl


****** Vivado v2022.2 (64-bit)
  **** SW Build 3671981 on Fri Oct 14 04:59:54 MDT 2022
  **** IP Build 3669848 on Fri Oct 14 08:30:02 MDT 2022
    ** Copyright 1986-2022 Xilinx, Inc. All Rights Reserved.

source mb_usb_hdmi_top.tcl -notrace
INFO: [IP_Flow 19-234] Refreshing IP repositories
INFO: [IP_Flow 19-1700] Loaded user IP repository '/home/sean/Downloads/git/ECE385_FP/hdmi_tx_1.0'.
INFO: [IP_Flow 19-2313] Loaded Vivado IP repository '/alottadata/tools/Xilinx/Vivado/2022.2/data/ip'.
Command: synth_design -top mb_usb_hdmi_top -part xc7s50csga324-1
Starting synth_design
Attempting to get a license for feature 'Synthesis' and/or device 'xc7s50'
INFO: [Common 17-349] Got license for feature 'Synthesis' and/or device 'xc7s50'
INFO: [Device 21-403] Loading part xc7s50csga324-1
INFO: [Synth 8-7079] Multithreading enabled for synth_design using a maximum of 4 processes.
INFO: [Synth 8-7078] Launching helper process for spawning children vivado processes
INFO: [Synth 8-7075] Helper process launched with PID 12766
INFO: [Synth 8-11241] undeclared symbol 'REGCCE', assumed default net type 'wire' [/alottadata/tools/Xilinx/Vivado/2022.2/data/verilog/src/unimacro/BRAM_SINGLE_MACRO.v:2170]
---------------------------------------------------------------------------------
Starting RTL Elaboration : Time (s): cpu = 00:00:02 ; elapsed = 00:00:03 . Memory (MB): peak = 2186.332 ; gain = 370.801 ; free physical = 19987 ; free virtual = 24509
Synthesis current peak Physical Memory [PSS] (MB): peak = 1404.758; parent = 1199.361; children = 205.396
Synthesis current peak Virtual Memory [VSS] (MB): peak = 3815.152; parent = 2194.273; children = 1620.879
---------------------------------------------------------------------------------
INFO: [Synth 8-6157] synthesizing module 'mb_usb_hdmi_top' [/home/sean/Downloads/git/ECE385_FP/lab6_2_redo/lab6_2_redo.srcs/sources_1/imports/lab6_2_provided_redo/design_source/mb_usb_hdmi_top.sv:14]
INFO: [Synth 8-6157] synthesizing module 'hex_driver' [/home/sean/Downloads/git/ECE385_FP/lab6_2_redo/lab6_2_redo.srcs/sources_1/imports/lab6_2_provided_redo/design_source/hex_driver.sv:1]
INFO: [Synth 8-6157] synthesizing module 'nibble_to_hex' [/home/sean/Downloads/git/ECE385_FP/lab6_2_redo/lab6_2_redo.srcs/sources_1/imports/lab6_2_provided_redo/design_source/hex_driver.sv:11]
INFO: [Synth 8-6155] done synthesizing module 'nibble_to_hex' (0#1) [/home/sean/Downloads/git/ECE385_FP/lab6_2_redo/lab6_2_redo.srcs/sources_1/imports/lab6_2_provided_redo/design_source/hex_driver.sv:11]
INFO: [Synth 8-6157] synthesizing module 'nibble_to_hex' [/home/sean/Downloads/git/ECE385_FP/lab6_2_redo/lab6_2_redo.srcs/sources_1/imports/lab6_2_provided_redo/design_source/hex_driver.sv:11]
INFO: [Synth 8-6155] done synthesizing module 'nibble_to_hex' (0#1) [/home/sean/Downloads/git/ECE385_FP/lab6_2_redo/lab6_2_redo.srcs/sources_1/imports/lab6_2_provided_redo/design_source/hex_driver.sv:11]
INFO: [Synth 8-6157] synthesizing module 'nibble_to_hex' [/home/sean/Downloads/git/ECE385_FP/lab6_2_redo/lab6_2_redo.srcs/sources_1/imports/lab6_2_provided_redo/design_source/hex_driver.sv:11]
INFO: [Synth 8-6155] done synthesizing module 'nibble_to_hex' (0#1) [/home/sean/Downloads/git/ECE385_FP/lab6_2_redo/lab6_2_redo.srcs/sources_1/imports/lab6_2_provided_redo/design_source/hex_driver.sv:11]
INFO: [Synth 8-6157] synthesizing module 'nibble_to_hex' [/home/sean/Downloads/git/ECE385_FP/lab6_2_redo/lab6_2_redo.srcs/sources_1/imports/lab6_2_provided_redo/design_source/hex_driver.sv:11]
INFO: [Synth 8-6155] done synthesizing module 'nibble_to_hex' (0#1) [/home/sean/Downloads/git/ECE385_FP/lab6_2_redo/lab6_2_redo.srcs/sources_1/imports/lab6_2_provided_redo/design_source/hex_driver.sv:11]
INFO: [Synth 8-6155] done synthesizing module 'hex_driver' (0#1) [/home/sean/Downloads/git/ECE385_FP/lab6_2_redo/lab6_2_redo.srcs/sources_1/imports/lab6_2_provided_redo/design_source/hex_driver.sv:1]
INFO: [Synth 8-6157] synthesizing module 'mb_usb' [/home/sean/Downloads/git/ECE385_FP/lab6_2_redo/lab6_2_redo.gen/sources_1/bd/mb_usb/synth/mb_usb.v:936]
INFO: [Synth 8-6157] synthesizing module 'mb_usb_axi_uartlite_0_0' [/home/sean/Downloads/git/ECE385_FP/lab6_2_redo/lab6_2_redo.runs/synth_1/.Xil/Vivado-12742-SgoSkzD/realtime/mb_usb_axi_uartlite_0_0_stub.v:5]
INFO: [Synth 8-6155] done synthesizing module 'mb_usb_axi_uartlite_0_0' (0#1) [/home/sean/Downloads/git/ECE385_FP/lab6_2_redo/lab6_2_redo.runs/synth_1/.Xil/Vivado-12742-SgoSkzD/realtime/mb_usb_axi_uartlite_0_0_stub.v:5]
INFO: [Synth 8-6157] synthesizing module 'mb_usb_clk_wiz_1_0' [/home/sean/Downloads/git/ECE385_FP/lab6_2_redo/lab6_2_redo.runs/synth_1/.Xil/Vivado-12742-SgoSkzD/realtime/mb_usb_clk_wiz_1_0_stub.v:5]
INFO: [Synth 8-6155] done synthesizing module 'mb_usb_clk_wiz_1_0' (0#1) [/home/sean/Downloads/git/ECE385_FP/lab6_2_redo/lab6_2_redo.runs/synth_1/.Xil/Vivado-12742-SgoSkzD/realtime/mb_usb_clk_wiz_1_0_stub.v:5]
INFO: [Synth 8-6157] synthesizing module 'mb_usb_axi_gpio_0_1' [/home/sean/Downloads/git/ECE385_FP/lab6_2_redo/lab6_2_redo.runs/synth_1/.Xil/Vivado-12742-SgoSkzD/realtime/mb_usb_axi_gpio_0_1_stub.v:5]
INFO: [Synth 8-6155] done synthesizing module 'mb_usb_axi_gpio_0_1' (0#1) [/home/sean/Downloads/git/ECE385_FP/lab6_2_redo/lab6_2_redo.runs/synth_1/.Xil/Vivado-12742-SgoSkzD/realtime/mb_usb_axi_gpio_0_1_stub.v:5]
INFO: [Synth 8-6157] synthesizing module 'mb_usb_axi_gpio_0_2' [/home/sean/Downloads/git/ECE385_FP/lab6_2_redo/lab6_2_redo.runs/synth_1/.Xil/Vivado-12742-SgoSkzD/realtime/mb_usb_axi_gpio_0_2_stub.v:5]
INFO: [Synth 8-6155] done synthesizing module 'mb_usb_axi_gpio_0_2' (0#1) [/home/sean/Downloads/git/ECE385_FP/lab6_2_redo/lab6_2_redo.runs/synth_1/.Xil/Vivado-12742-SgoSkzD/realtime/mb_usb_axi_gpio_0_2_stub.v:5]
INFO: [Synth 8-6157] synthesizing module 'mb_usb_axi_gpio_0_0' [/home/sean/Downloads/git/ECE385_FP/lab6_2_redo/lab6_2_redo.runs/synth_1/.Xil/Vivado-12742-SgoSkzD/realtime/mb_usb_axi_gpio_0_0_stub.v:5]
INFO: [Synth 8-6155] done synthesizing module 'mb_usb_axi_gpio_0_0' (0#1) [/home/sean/Downloads/git/ECE385_FP/lab6_2_redo/lab6_2_redo.runs/synth_1/.Xil/Vivado-12742-SgoSkzD/realtime/mb_usb_axi_gpio_0_0_stub.v:5]
INFO: [Synth 8-6157] synthesizing module 'mb_usb_mdm_1_0' [/home/sean/Downloads/git/ECE385_FP/lab6_2_redo/lab6_2_redo.runs/synth_1/.Xil/Vivado-12742-SgoSkzD/realtime/mb_usb_mdm_1_0_stub.v:5]
INFO: [Synth 8-6155] done synthesizing module 'mb_usb_mdm_1_0' (0#1) [/home/sean/Downloads/git/ECE385_FP/lab6_2_redo/lab6_2_redo.runs/synth_1/.Xil/Vivado-12742-SgoSkzD/realtime/mb_usb_mdm_1_0_stub.v:5]
INFO: [Synth 8-6157] synthesizing module 'mb_usb_microblaze_0_0' [/home/sean/Downloads/git/ECE385_FP/lab6_2_redo/lab6_2_redo.runs/synth_1/.Xil/Vivado-12742-SgoSkzD/realtime/mb_usb_microblaze_0_0_stub.v:5]
INFO: [Synth 8-6155] done synthesizing module 'mb_usb_microblaze_0_0' (0#1) [/home/sean/Downloads/git/ECE385_FP/lab6_2_redo/lab6_2_redo.runs/synth_1/.Xil/Vivado-12742-SgoSkzD/realtime/mb_usb_microblaze_0_0_stub.v:5]
INFO: [Synth 8-6157] synthesizing module 'mb_usb_microblaze_0_axi_intc_0' [/home/sean/Downloads/git/ECE385_FP/lab6_2_redo/lab6_2_redo.runs/synth_1/.Xil/Vivado-12742-SgoSkzD/realtime/mb_usb_microblaze_0_axi_intc_0_stub.v:5]
INFO: [Synth 8-6155] done synthesizing module 'mb_usb_microblaze_0_axi_intc_0' (0#1) [/home/sean/Downloads/git/ECE385_FP/lab6_2_redo/lab6_2_redo.runs/synth_1/.Xil/Vivado-12742-SgoSkzD/realtime/mb_usb_microblaze_0_axi_intc_0_stub.v:5]
INFO: [Synth 8-6157] synthesizing module 'mb_usb_microblaze_0_axi_periph_0' [/home/sean/Downloads/git/ECE385_FP/lab6_2_redo/lab6_2_redo.gen/sources_1/bd/mb_usb/synth/mb_usb.v:1622]
INFO: [Synth 8-6157] synthesizing module 'm00_couplers_imp_1CNVJ1L' [/home/sean/Downloads/git/ECE385_FP/lab6_2_redo/lab6_2_redo.gen/sources_1/bd/mb_usb/synth/mb_usb.v:12]
INFO: [Synth 8-6155] done synthesizing module 'm00_couplers_imp_1CNVJ1L' (0#1) [/home/sean/Downloads/git/ECE385_FP/lab6_2_redo/lab6_2_redo.gen/sources_1/bd/mb_usb/synth/mb_usb.v:12]
INFO: [Synth 8-6157] synthesizing module 'm01_couplers_imp_ADY9K' [/home/sean/Downloads/git/ECE385_FP/lab6_2_redo/lab6_2_redo.gen/sources_1/bd/mb_usb/synth/mb_usb.v:144]
INFO: [Synth 8-6155] done synthesizing module 'm01_couplers_imp_ADY9K' (0#1) [/home/sean/Downloads/git/ECE385_FP/lab6_2_redo/lab6_2_redo.gen/sources_1/bd/mb_usb/synth/mb_usb.v:144]
INFO: [Synth 8-6157] synthesizing module 'm02_couplers_imp_BB516Y' [/home/sean/Downloads/git/ECE385_FP/lab6_2_redo/lab6_2_redo.gen/sources_1/bd/mb_usb/synth/mb_usb.v:276]
INFO: [Synth 8-6155] done synthesizing module 'm02_couplers_imp_BB516Y' (0#1) [/home/sean/Downloads/git/ECE385_FP/lab6_2_redo/lab6_2_redo.gen/sources_1/bd/mb_usb/synth/mb_usb.v:276]
INFO: [Synth 8-6157] synthesizing module 'm03_couplers_imp_11D4JQ3' [/home/sean/Downloads/git/ECE385_FP/lab6_2_redo/lab6_2_redo.gen/sources_1/bd/mb_usb/synth/mb_usb.v:408]
INFO: [Synth 8-6155] done synthesizing module 'm03_couplers_imp_11D4JQ3' (0#1) [/home/sean/Downloads/git/ECE385_FP/lab6_2_redo/lab6_2_redo.gen/sources_1/bd/mb_usb/synth/mb_usb.v:408]
INFO: [Synth 8-6157] synthesizing module 'm04_couplers_imp_Y7VWKU' [/home/sean/Downloads/git/ECE385_FP/lab6_2_redo/lab6_2_redo.gen/sources_1/bd/mb_usb/synth/mb_usb.v:540]
INFO: [Synth 8-6155] done synthesizing module 'm04_couplers_imp_Y7VWKU' (0#1) [/home/sean/Downloads/git/ECE385_FP/lab6_2_redo/lab6_2_redo.gen/sources_1/bd/mb_usb/synth/mb_usb.v:540]
INFO: [Synth 8-6157] synthesizing module 'm05_couplers_imp_1N5X0ZJ' [/home/sean/Downloads/git/ECE385_FP/lab6_2_redo/lab6_2_redo.gen/sources_1/bd/mb_usb/synth/mb_usb.v:672]
INFO: [Synth 8-6155] done synthesizing module 'm05_couplers_imp_1N5X0ZJ' (0#1) [/home/sean/Downloads/git/ECE385_FP/lab6_2_redo/lab6_2_redo.gen/sources_1/bd/mb_usb/synth/mb_usb.v:672]
INFO: [Synth 8-6157] synthesizing module 'm06_couplers_imp_1Y6O2J1' [/home/sean/Downloads/git/ECE385_FP/lab6_2_redo/lab6_2_redo.gen/sources_1/bd/mb_usb/synth/mb_usb.v:804]
INFO: [Synth 8-6155] done synthesizing module 'm06_couplers_imp_1Y6O2J1' (0#1) [/home/sean/Downloads/git/ECE385_FP/lab6_2_redo/lab6_2_redo.gen/sources_1/bd/mb_usb/synth/mb_usb.v:804]
INFO: [Synth 8-6157] synthesizing module 's00_couplers_imp_16FJ1YW' [/home/sean/Downloads/git/ECE385_FP/lab6_2_redo/lab6_2_redo.gen/sources_1/bd/mb_usb/synth/mb_usb.v:2946]
INFO: [Synth 8-6155] done synthesizing module 's00_couplers_imp_16FJ1YW' (0#1) [/home/sean/Downloads/git/ECE385_FP/lab6_2_redo/lab6_2_redo.gen/sources_1/bd/mb_usb/synth/mb_usb.v:2946]
INFO: [Synth 8-6157] synthesizing module 'mb_usb_xbar_0' [/home/sean/Downloads/git/ECE385_FP/lab6_2_redo/lab6_2_redo.runs/synth_1/.Xil/Vivado-12742-SgoSkzD/realtime/mb_usb_xbar_0_stub.v:5]
INFO: [Synth 8-6155] done synthesizing module 'mb_usb_xbar_0' (0#1) [/home/sean/Downloads/git/ECE385_FP/lab6_2_redo/lab6_2_redo.runs/synth_1/.Xil/Vivado-12742-SgoSkzD/realtime/mb_usb_xbar_0_stub.v:5]
WARNING: [Synth 8-7071] port 'm_axi_awprot' of module 'mb_usb_xbar_0' is unconnected for instance 'xbar' [/home/sean/Downloads/git/ECE385_FP/lab6_2_redo/lab6_2_redo.gen/sources_1/bd/mb_usb/synth/mb_usb.v:2671]
WARNING: [Synth 8-7071] port 'm_axi_arprot' of module 'mb_usb_xbar_0' is unconnected for instance 'xbar' [/home/sean/Downloads/git/ECE385_FP/lab6_2_redo/lab6_2_redo.gen/sources_1/bd/mb_usb/synth/mb_usb.v:2671]
WARNING: [Synth 8-7023] instance 'xbar' of module 'mb_usb_xbar_0' has 40 connections declared, but only 38 given [/home/sean/Downloads/git/ECE385_FP/lab6_2_redo/lab6_2_redo.gen/sources_1/bd/mb_usb/synth/mb_usb.v:2671]
INFO: [Synth 8-6155] done synthesizing module 'mb_usb_microblaze_0_axi_periph_0' (0#1) [/home/sean/Downloads/git/ECE385_FP/lab6_2_redo/lab6_2_redo.gen/sources_1/bd/mb_usb/synth/mb_usb.v:1622]
INFO: [Synth 8-6157] synthesizing module 'microblaze_0_local_memory_imp_4XV58R' [/home/sean/Downloads/git/ECE385_FP/lab6_2_redo/lab6_2_redo.gen/sources_1/bd/mb_usb/synth/mb_usb.v:2712]
INFO: [Synth 8-6157] synthesizing module 'mb_usb_dlmb_bram_if_cntlr_0' [/home/sean/Downloads/git/ECE385_FP/lab6_2_redo/lab6_2_redo.runs/synth_1/.Xil/Vivado-12742-SgoSkzD/realtime/mb_usb_dlmb_bram_if_cntlr_0_stub.v:5]
INFO: [Synth 8-6155] done synthesizing module 'mb_usb_dlmb_bram_if_cntlr_0' (0#1) [/home/sean/Downloads/git/ECE385_FP/lab6_2_redo/lab6_2_redo.runs/synth_1/.Xil/Vivado-12742-SgoSkzD/realtime/mb_usb_dlmb_bram_if_cntlr_0_stub.v:5]
INFO: [Synth 8-6157] synthesizing module 'mb_usb_dlmb_v10_0' [/home/sean/Downloads/git/ECE385_FP/lab6_2_redo/lab6_2_redo.runs/synth_1/.Xil/Vivado-12742-SgoSkzD/realtime/mb_usb_dlmb_v10_0_stub.v:5]
INFO: [Synth 8-6155] done synthesizing module 'mb_usb_dlmb_v10_0' (0#1) [/home/sean/Downloads/git/ECE385_FP/lab6_2_redo/lab6_2_redo.runs/synth_1/.Xil/Vivado-12742-SgoSkzD/realtime/mb_usb_dlmb_v10_0_stub.v:5]
WARNING: [Synth 8-7071] port 'LMB_Rst' of module 'mb_usb_dlmb_v10_0' is unconnected for instance 'dlmb_v10' [/home/sean/Downloads/git/ECE385_FP/lab6_2_redo/lab6_2_redo.gen/sources_1/bd/mb_usb/synth/mb_usb.v:2858]
WARNING: [Synth 8-7023] instance 'dlmb_v10' of module 'mb_usb_dlmb_v10_0' has 25 connections declared, but only 24 given [/home/sean/Downloads/git/ECE385_FP/lab6_2_redo/lab6_2_redo.gen/sources_1/bd/mb_usb/synth/mb_usb.v:2858]
INFO: [Synth 8-6157] synthesizing module 'mb_usb_ilmb_bram_if_cntlr_0' [/home/sean/Downloads/git/ECE385_FP/lab6_2_redo/lab6_2_redo.runs/synth_1/.Xil/Vivado-12742-SgoSkzD/realtime/mb_usb_ilmb_bram_if_cntlr_0_stub.v:5]
INFO: [Synth 8-6155] done synthesizing module 'mb_usb_ilmb_bram_if_cntlr_0' (0#1) [/home/sean/Downloads/git/ECE385_FP/lab6_2_redo/lab6_2_redo.runs/synth_1/.Xil/Vivado-12742-SgoSkzD/realtime/mb_usb_ilmb_bram_if_cntlr_0_stub.v:5]
INFO: [Synth 8-6157] synthesizing module 'mb_usb_ilmb_v10_0' [/home/sean/Downloads/git/ECE385_FP/lab6_2_redo/lab6_2_redo.runs/synth_1/.Xil/Vivado-12742-SgoSkzD/realtime/mb_usb_ilmb_v10_0_stub.v:5]
INFO: [Synth 8-6155] done synthesizing module 'mb_usb_ilmb_v10_0' (0#1) [/home/sean/Downloads/git/ECE385_FP/lab6_2_redo/lab6_2_redo.runs/synth_1/.Xil/Vivado-12742-SgoSkzD/realtime/mb_usb_ilmb_v10_0_stub.v:5]
WARNING: [Synth 8-7071] port 'LMB_Rst' of module 'mb_usb_ilmb_v10_0' is unconnected for instance 'ilmb_v10' [/home/sean/Downloads/git/ECE385_FP/lab6_2_redo/lab6_2_redo.gen/sources_1/bd/mb_usb/synth/mb_usb.v:2904]
WARNING: [Synth 8-7023] instance 'ilmb_v10' of module 'mb_usb_ilmb_v10_0' has 25 connections declared, but only 24 given [/home/sean/Downloads/git/ECE385_FP/lab6_2_redo/lab6_2_redo.gen/sources_1/bd/mb_usb/synth/mb_usb.v:2904]
INFO: [Synth 8-6157] synthesizing module 'mb_usb_lmb_bram_0' [/home/sean/Downloads/git/ECE385_FP/lab6_2_redo/lab6_2_redo.runs/synth_1/.Xil/Vivado-12742-SgoSkzD/realtime/mb_usb_lmb_bram_0_stub.v:5]
INFO: [Synth 8-6155] done synthesizing module 'mb_usb_lmb_bram_0' (0#1) [/home/sean/Downloads/git/ECE385_FP/lab6_2_redo/lab6_2_redo.runs/synth_1/.Xil/Vivado-12742-SgoSkzD/realtime/mb_usb_lmb_bram_0_stub.v:5]
WARNING: [Synth 8-7071] port 'rsta_busy' of module 'mb_usb_lmb_bram_0' is unconnected for instance 'lmb_bram' [/home/sean/Downloads/git/ECE385_FP/lab6_2_redo/lab6_2_redo.gen/sources_1/bd/mb_usb/synth/mb_usb.v:2929]
WARNING: [Synth 8-7071] port 'rstb_busy' of module 'mb_usb_lmb_bram_0' is unconnected for instance 'lmb_bram' [/home/sean/Downloads/git/ECE385_FP/lab6_2_redo/lab6_2_redo.gen/sources_1/bd/mb_usb/synth/mb_usb.v:2929]
WARNING: [Synth 8-7023] instance 'lmb_bram' of module 'mb_usb_lmb_bram_0' has 16 connections declared, but only 14 given [/home/sean/Downloads/git/ECE385_FP/lab6_2_redo/lab6_2_redo.gen/sources_1/bd/mb_usb/synth/mb_usb.v:2929]
INFO: [Synth 8-6155] done synthesizing module 'microblaze_0_local_memory_imp_4XV58R' (0#1) [/home/sean/Downloads/git/ECE385_FP/lab6_2_redo/lab6_2_redo.gen/sources_1/bd/mb_usb/synth/mb_usb.v:2712]
INFO: [Synth 8-6157] synthesizing module 'mb_usb_microblaze_0_xlconcat_0' [/home/sean/Downloads/git/ECE385_FP/lab6_2_redo/lab6_2_redo.gen/sources_1/bd/mb_usb/ip/mb_usb_microblaze_0_xlconcat_0/synth/mb_usb_microblaze_0_xlconcat_0.v:53]
INFO: [Synth 8-6157] synthesizing module 'xlconcat_v2_1_4_xlconcat' [/home/sean/Downloads/git/ECE385_FP/lab6_2_redo/lab6_2_redo.gen/sources_1/bd/mb_usb/ipshared/4b67/hdl/xlconcat_v2_1_vl_rfs.v:14]
INFO: [Synth 8-6155] done synthesizing module 'xlconcat_v2_1_4_xlconcat' (0#1) [/home/sean/Downloads/git/ECE385_FP/lab6_2_redo/lab6_2_redo.gen/sources_1/bd/mb_usb/ipshared/4b67/hdl/xlconcat_v2_1_vl_rfs.v:14]
INFO: [Synth 8-6155] done synthesizing module 'mb_usb_microblaze_0_xlconcat_0' (0#1) [/home/sean/Downloads/git/ECE385_FP/lab6_2_redo/lab6_2_redo.gen/sources_1/bd/mb_usb/ip/mb_usb_microblaze_0_xlconcat_0/synth/mb_usb_microblaze_0_xlconcat_0.v:53]
INFO: [Synth 8-6157] synthesizing module 'mb_usb_rst_clk_wiz_1_100M_0' [/home/sean/Downloads/git/ECE385_FP/lab6_2_redo/lab6_2_redo.runs/synth_1/.Xil/Vivado-12742-SgoSkzD/realtime/mb_usb_rst_clk_wiz_1_100M_0_stub.v:5]
INFO: [Synth 8-6155] done synthesizing module 'mb_usb_rst_clk_wiz_1_100M_0' (0#1) [/home/sean/Downloads/git/ECE385_FP/lab6_2_redo/lab6_2_redo.runs/synth_1/.Xil/Vivado-12742-SgoSkzD/realtime/mb_usb_rst_clk_wiz_1_100M_0_stub.v:5]
WARNING: [Synth 8-7071] port 'peripheral_reset' of module 'mb_usb_rst_clk_wiz_1_100M_0' is unconnected for instance 'rst_clk_wiz_1_100M' [/home/sean/Downloads/git/ECE385_FP/lab6_2_redo/lab6_2_redo.gen/sources_1/bd/mb_usb/synth/mb_usb.v:1558]
WARNING: [Synth 8-7071] port 'interconnect_aresetn' of module 'mb_usb_rst_clk_wiz_1_100M_0' is unconnected for instance 'rst_clk_wiz_1_100M' [/home/sean/Downloads/git/ECE385_FP/lab6_2_redo/lab6_2_redo.gen/sources_1/bd/mb_usb/synth/mb_usb.v:1558]
WARNING: [Synth 8-7023] instance 'rst_clk_wiz_1_100M' of module 'mb_usb_rst_clk_wiz_1_100M_0' has 10 connections declared, but only 8 given [/home/sean/Downloads/git/ECE385_FP/lab6_2_redo/lab6_2_redo.gen/sources_1/bd/mb_usb/synth/mb_usb.v:1558]
INFO: [Synth 8-6157] synthesizing module 'mb_usb_axi_quad_spi_0_1' [/home/sean/Downloads/git/ECE385_FP/lab6_2_redo/lab6_2_redo.runs/synth_1/.Xil/Vivado-12742-SgoSkzD/realtime/mb_usb_axi_quad_spi_0_1_stub.v:5]
INFO: [Synth 8-6155] done synthesizing module 'mb_usb_axi_quad_spi_0_1' (0#1) [/home/sean/Downloads/git/ECE385_FP/lab6_2_redo/lab6_2_redo.runs/synth_1/.Xil/Vivado-12742-SgoSkzD/realtime/mb_usb_axi_quad_spi_0_1_stub.v:5]
WARNING: [Synth 8-7071] port 'io0_t' of module 'mb_usb_axi_quad_spi_0_1' is unconnected for instance 'spi_usb' [/home/sean/Downloads/git/ECE385_FP/lab6_2_redo/lab6_2_redo.gen/sources_1/bd/mb_usb/synth/mb_usb.v:1567]
WARNING: [Synth 8-7071] port 'io1_o' of module 'mb_usb_axi_quad_spi_0_1' is unconnected for instance 'spi_usb' [/home/sean/Downloads/git/ECE385_FP/lab6_2_redo/lab6_2_redo.gen/sources_1/bd/mb_usb/synth/mb_usb.v:1567]
WARNING: [Synth 8-7071] port 'io1_t' of module 'mb_usb_axi_quad_spi_0_1' is unconnected for instance 'spi_usb' [/home/sean/Downloads/git/ECE385_FP/lab6_2_redo/lab6_2_redo.gen/sources_1/bd/mb_usb/synth/mb_usb.v:1567]
WARNING: [Synth 8-7071] port 'sck_t' of module 'mb_usb_axi_quad_spi_0_1' is unconnected for instance 'spi_usb' [/home/sean/Downloads/git/ECE385_FP/lab6_2_redo/lab6_2_redo.gen/sources_1/bd/mb_usb/synth/mb_usb.v:1567]
WARNING: [Synth 8-7071] port 'ss_t' of module 'mb_usb_axi_quad_spi_0_1' is unconnected for instance 'spi_usb' [/home/sean/Downloads/git/ECE385_FP/lab6_2_redo/lab6_2_redo.gen/sources_1/bd/mb_usb/synth/mb_usb.v:1567]
WARNING: [Synth 8-7023] instance 'spi_usb' of module 'mb_usb_axi_quad_spi_0_1' has 33 connections declared, but only 28 given [/home/sean/Downloads/git/ECE385_FP/lab6_2_redo/lab6_2_redo.gen/sources_1/bd/mb_usb/synth/mb_usb.v:1567]
INFO: [Synth 8-6157] synthesizing module 'mb_usb_axi_timer_0_0' [/home/sean/Downloads/git/ECE385_FP/lab6_2_redo/lab6_2_redo.runs/synth_1/.Xil/Vivado-12742-SgoSkzD/realtime/mb_usb_axi_timer_0_0_stub.v:5]
INFO: [Synth 8-6155] done synthesizing module 'mb_usb_axi_timer_0_0' (0#1) [/home/sean/Downloads/git/ECE385_FP/lab6_2_redo/lab6_2_redo.runs/synth_1/.Xil/Vivado-12742-SgoSkzD/realtime/mb_usb_axi_timer_0_0_stub.v:5]
WARNING: [Synth 8-7071] port 'generateout0' of module 'mb_usb_axi_timer_0_0' is unconnected for instance 'timer_usb_axi' [/home/sean/Downloads/git/ECE385_FP/lab6_2_redo/lab6_2_redo.gen/sources_1/bd/mb_usb/synth/mb_usb.v:1596]
WARNING: [Synth 8-7071] port 'generateout1' of module 'mb_usb_axi_timer_0_0' is unconnected for instance 'timer_usb_axi' [/home/sean/Downloads/git/ECE385_FP/lab6_2_redo/lab6_2_redo.gen/sources_1/bd/mb_usb/synth/mb_usb.v:1596]
WARNING: [Synth 8-7071] port 'pwm0' of module 'mb_usb_axi_timer_0_0' is unconnected for instance 'timer_usb_axi' [/home/sean/Downloads/git/ECE385_FP/lab6_2_redo/lab6_2_redo.gen/sources_1/bd/mb_usb/synth/mb_usb.v:1596]
WARNING: [Synth 8-7023] instance 'timer_usb_axi' of module 'mb_usb_axi_timer_0_0' has 26 connections declared, but only 23 given [/home/sean/Downloads/git/ECE385_FP/lab6_2_redo/lab6_2_redo.gen/sources_1/bd/mb_usb/synth/mb_usb.v:1596]
INFO: [Synth 8-6155] done synthesizing module 'mb_usb' (0#1) [/home/sean/Downloads/git/ECE385_FP/lab6_2_redo/lab6_2_redo.gen/sources_1/bd/mb_usb/synth/mb_usb.v:936]
WARNING: [Synth 8-7071] port 'gpio_usb_keycode_0_tri_i' of module 'mb_usb' is unconnected for instance 'mb_block_i' [/home/sean/Downloads/git/ECE385_FP/lab6_2_redo/lab6_2_redo.srcs/sources_1/imports/lab6_2_provided_redo/design_source/mb_usb_hdmi_top.sv:72]
WARNING: [Synth 8-7071] port 'gpio_usb_keycode_0_tri_t' of module 'mb_usb' is unconnected for instance 'mb_block_i' [/home/sean/Downloads/git/ECE385_FP/lab6_2_redo/lab6_2_redo.srcs/sources_1/imports/lab6_2_provided_redo/design_source/mb_usb_hdmi_top.sv:72]
WARNING: [Synth 8-7071] port 'gpio_usb_keycode_1_tri_i' of module 'mb_usb' is unconnected for instance 'mb_block_i' [/home/sean/Downloads/git/ECE385_FP/lab6_2_redo/lab6_2_redo.srcs/sources_1/imports/lab6_2_provided_redo/design_source/mb_usb_hdmi_top.sv:72]
WARNING: [Synth 8-7071] port 'gpio_usb_keycode_1_tri_t' of module 'mb_usb' is unconnected for instance 'mb_block_i' [/home/sean/Downloads/git/ECE385_FP/lab6_2_redo/lab6_2_redo.srcs/sources_1/imports/lab6_2_provided_redo/design_source/mb_usb_hdmi_top.sv:72]
WARNING: [Synth 8-7023] instance 'mb_block_i' of module 'mb_usb' has 16 connections declared, but only 12 given [/home/sean/Downloads/git/ECE385_FP/lab6_2_redo/lab6_2_redo.srcs/sources_1/imports/lab6_2_provided_redo/design_source/mb_usb_hdmi_top.sv:72]
INFO: [Synth 8-6157] synthesizing module 'clk_wiz_0' [/home/sean/Downloads/git/ECE385_FP/lab6_2_redo/lab6_2_redo.runs/synth_1/.Xil/Vivado-12742-SgoSkzD/realtime/clk_wiz_0_stub.v:5]
INFO: [Synth 8-6155] done synthesizing module 'clk_wiz_0' (0#1) [/home/sean/Downloads/git/ECE385_FP/lab6_2_redo/lab6_2_redo.runs/synth_1/.Xil/Vivado-12742-SgoSkzD/realtime/clk_wiz_0_stub.v:5]
INFO: [Synth 8-6157] synthesizing module 'vga_controller' [/home/sean/Downloads/git/ECE385_FP/lab6_2_redo/lab6_2_redo.srcs/sources_1/imports/lab6_2_provided_redo/design_source/VGA_controller.sv:26]
INFO: [Synth 8-6155] done synthesizing module 'vga_controller' (0#1) [/home/sean/Downloads/git/ECE385_FP/lab6_2_redo/lab6_2_redo.srcs/sources_1/imports/lab6_2_provided_redo/design_source/VGA_controller.sv:26]
WARNING: [Synth 8-7071] port 'sync' of module 'vga_controller' is unconnected for instance 'vga' [/home/sean/Downloads/git/ECE385_FP/lab6_2_redo/lab6_2_redo.srcs/sources_1/imports/lab6_2_provided_redo/design_source/mb_usb_hdmi_top.sv:97]
WARNING: [Synth 8-7023] instance 'vga' of module 'vga_controller' has 8 connections declared, but only 7 given [/home/sean/Downloads/git/ECE385_FP/lab6_2_redo/lab6_2_redo.srcs/sources_1/imports/lab6_2_provided_redo/design_source/mb_usb_hdmi_top.sv:97]
INFO: [Synth 8-6157] synthesizing module 'hdmi_tx_0' [/home/sean/Downloads/git/ECE385_FP/lab6_2_redo/lab6_2_redo.runs/synth_1/.Xil/Vivado-12742-SgoSkzD/realtime/hdmi_tx_0_stub.v:5]
INFO: [Synth 8-6155] done synthesizing module 'hdmi_tx_0' (0#1) [/home/sean/Downloads/git/ECE385_FP/lab6_2_redo/lab6_2_redo.runs/synth_1/.Xil/Vivado-12742-SgoSkzD/realtime/hdmi_tx_0_stub.v:5]
INFO: [Synth 8-6157] synthesizing module 'ball' [/home/sean/Downloads/git/ECE385_FP/lab6_2_redo/lab6_2_redo.srcs/sources_1/imports/lab6_2_provided_redo/design_source/ball.sv:18]
INFO: [Synth 8-6155] done synthesizing module 'ball' (0#1) [/home/sean/Downloads/git/ECE385_FP/lab6_2_redo/lab6_2_redo.srcs/sources_1/imports/lab6_2_provided_redo/design_source/ball.sv:18]
INFO: [Synth 8-6157] synthesizing module 'color_mapper' [/home/sean/Downloads/git/ECE385_FP/lab6_2_redo/lab6_2_redo.srcs/sources_1/imports/lab6_2_provided_redo/design_source/Color_Mapper.sv:17]
INFO: [Synth 8-6155] done synthesizing module 'color_mapper' (0#1) [/home/sean/Downloads/git/ECE385_FP/lab6_2_redo/lab6_2_redo.srcs/sources_1/imports/lab6_2_provided_redo/design_source/Color_Mapper.sv:17]
INFO: [Synth 8-6155] done synthesizing module 'mb_usb_hdmi_top' (0#1) [/home/sean/Downloads/git/ECE385_FP/lab6_2_redo/lab6_2_redo.srcs/sources_1/imports/lab6_2_provided_redo/design_source/mb_usb_hdmi_top.sv:14]
WARNING: [Synth 8-7129] Port In4[0] in module xlconcat_v2_1_4_xlconcat is either unconnected or has no load
WARNING: [Synth 8-7129] Port In5[0] in module xlconcat_v2_1_4_xlconcat is either unconnected or has no load
WARNING: [Synth 8-7129] Port In6[0] in module xlconcat_v2_1_4_xlconcat is either unconnected or has no load
WARNING: [Synth 8-7129] Port In7[0] in module xlconcat_v2_1_4_xlconcat is either unconnected or has no load
WARNING: [Synth 8-7129] Port In8[0] in module xlconcat_v2_1_4_xlconcat is either unconnected or has no load
WARNING: [Synth 8-7129] Port In9[0] in module xlconcat_v2_1_4_xlconcat is either unconnected or has no load
WARNING: [Synth 8-7129] Port In10[0] in module xlconcat_v2_1_4_xlconcat is either unconnected or has no load
WARNING: [Synth 8-7129] Port In11[0] in module xlconcat_v2_1_4_xlconcat is either unconnected or has no load
WARNING: [Synth 8-7129] Port In12[0] in module xlconcat_v2_1_4_xlconcat is either unconnected or has no load
WARNING: [Synth 8-7129] Port In13[0] in module xlconcat_v2_1_4_xlconcat is either unconnected or has no load
WARNING: [Synth 8-7129] Port In14[0] in module xlconcat_v2_1_4_xlconcat is either unconnected or has no load
WARNING: [Synth 8-7129] Port In15[0] in module xlconcat_v2_1_4_xlconcat is either unconnected or has no load
WARNING: [Synth 8-7129] Port In16[0] in module xlconcat_v2_1_4_xlconcat is either unconnected or has no load
WARNING: [Synth 8-7129] Port In17[0] in module xlconcat_v2_1_4_xlconcat is either unconnected or has no load
WARNING: [Synth 8-7129] Port In18[0] in module xlconcat_v2_1_4_xlconcat is either unconnected or has no load
WARNING: [Synth 8-7129] Port In19[0] in module xlconcat_v2_1_4_xlconcat is either unconnected or has no load
WARNING: [Synth 8-7129] Port In20[0] in module xlconcat_v2_1_4_xlconcat is either unconnected or has no load
WARNING: [Synth 8-7129] Port In21[0] in module xlconcat_v2_1_4_xlconcat is either unconnected or has no load
WARNING: [Synth 8-7129] Port In22[0] in module xlconcat_v2_1_4_xlconcat is either unconnected or has no load
WARNING: [Synth 8-7129] Port In23[0] in module xlconcat_v2_1_4_xlconcat is either unconnected or has no load
WARNING: [Synth 8-7129] Port In24[0] in module xlconcat_v2_1_4_xlconcat is either unconnected or has no load
WARNING: [Synth 8-7129] Port In25[0] in module xlconcat_v2_1_4_xlconcat is either unconnected or has no load
WARNING: [Synth 8-7129] Port In26[0] in module xlconcat_v2_1_4_xlconcat is either unconnected or has no load
WARNING: [Synth 8-7129] Port In27[0] in module xlconcat_v2_1_4_xlconcat is either unconnected or has no load
WARNING: [Synth 8-7129] Port In28[0] in module xlconcat_v2_1_4_xlconcat is either unconnected or has no load
WARNING: [Synth 8-7129] Port In29[0] in module xlconcat_v2_1_4_xlconcat is either unconnected or has no load
WARNING: [Synth 8-7129] Port In30[0] in module xlconcat_v2_1_4_xlconcat is either unconnected or has no load
WARNING: [Synth 8-7129] Port In31[0] in module xlconcat_v2_1_4_xlconcat is either unconnected or has no load
WARNING: [Synth 8-7129] Port In32[0] in module xlconcat_v2_1_4_xlconcat is either unconnected or has no load
WARNING: [Synth 8-7129] Port In33[0] in module xlconcat_v2_1_4_xlconcat is either unconnected or has no load
WARNING: [Synth 8-7129] Port In34[0] in module xlconcat_v2_1_4_xlconcat is either unconnected or has no load
WARNING: [Synth 8-7129] Port In35[0] in module xlconcat_v2_1_4_xlconcat is either unconnected or has no load
WARNING: [Synth 8-7129] Port In36[0] in module xlconcat_v2_1_4_xlconcat is either unconnected or has no load
WARNING: [Synth 8-7129] Port In37[0] in module xlconcat_v2_1_4_xlconcat is either unconnected or has no load
WARNING: [Synth 8-7129] Port In38[0] in module xlconcat_v2_1_4_xlconcat is either unconnected or has no load
WARNING: [Synth 8-7129] Port In39[0] in module xlconcat_v2_1_4_xlconcat is either unconnected or has no load
WARNING: [Synth 8-7129] Port In40[0] in module xlconcat_v2_1_4_xlconcat is either unconnected or has no load
WARNING: [Synth 8-7129] Port In41[0] in module xlconcat_v2_1_4_xlconcat is either unconnected or has no load
WARNING: [Synth 8-7129] Port In42[0] in module xlconcat_v2_1_4_xlconcat is either unconnected or has no load
WARNING: [Synth 8-7129] Port In43[0] in module xlconcat_v2_1_4_xlconcat is either unconnected or has no load
WARNING: [Synth 8-7129] Port In44[0] in module xlconcat_v2_1_4_xlconcat is either unconnected or has no load
WARNING: [Synth 8-7129] Port In45[0] in module xlconcat_v2_1_4_xlconcat is either unconnected or has no load
WARNING: [Synth 8-7129] Port In46[0] in module xlconcat_v2_1_4_xlconcat is either unconnected or has no load
WARNING: [Synth 8-7129] Port In47[0] in module xlconcat_v2_1_4_xlconcat is either unconnected or has no load
WARNING: [Synth 8-7129] Port In48[0] in module xlconcat_v2_1_4_xlconcat is either unconnected or has no load
WARNING: [Synth 8-7129] Port In49[0] in module xlconcat_v2_1_4_xlconcat is either unconnected or has no load
WARNING: [Synth 8-7129] Port In50[0] in module xlconcat_v2_1_4_xlconcat is either unconnected or has no load
WARNING: [Synth 8-7129] Port In51[0] in module xlconcat_v2_1_4_xlconcat is either unconnected or has no load
WARNING: [Synth 8-7129] Port In52[0] in module xlconcat_v2_1_4_xlconcat is either unconnected or has no load
WARNING: [Synth 8-7129] Port In53[0] in module xlconcat_v2_1_4_xlconcat is either unconnected or has no load
WARNING: [Synth 8-7129] Port In54[0] in module xlconcat_v2_1_4_xlconcat is either unconnected or has no load
WARNING: [Synth 8-7129] Port In55[0] in module xlconcat_v2_1_4_xlconcat is either unconnected or has no load
WARNING: [Synth 8-7129] Port In56[0] in module xlconcat_v2_1_4_xlconcat is either unconnected or has no load
WARNING: [Synth 8-7129] Port In57[0] in module xlconcat_v2_1_4_xlconcat is either unconnected or has no load
WARNING: [Synth 8-7129] Port In58[0] in module xlconcat_v2_1_4_xlconcat is either unconnected or has no load
WARNING: [Synth 8-7129] Port In59[0] in module xlconcat_v2_1_4_xlconcat is either unconnected or has no load
WARNING: [Synth 8-7129] Port In60[0] in module xlconcat_v2_1_4_xlconcat is either unconnected or has no load
WARNING: [Synth 8-7129] Port In61[0] in module xlconcat_v2_1_4_xlconcat is either unconnected or has no load
WARNING: [Synth 8-7129] Port In62[0] in module xlconcat_v2_1_4_xlconcat is either unconnected or has no load
WARNING: [Synth 8-7129] Port In63[0] in module xlconcat_v2_1_4_xlconcat is either unconnected or has no load
WARNING: [Synth 8-7129] Port In64[0] in module xlconcat_v2_1_4_xlconcat is either unconnected or has no load
WARNING: [Synth 8-7129] Port In65[0] in module xlconcat_v2_1_4_xlconcat is either unconnected or has no load
WARNING: [Synth 8-7129] Port In66[0] in module xlconcat_v2_1_4_xlconcat is either unconnected or has no load
WARNING: [Synth 8-7129] Port In67[0] in module xlconcat_v2_1_4_xlconcat is either unconnected or has no load
WARNING: [Synth 8-7129] Port In68[0] in module xlconcat_v2_1_4_xlconcat is either unconnected or has no load
WARNING: [Synth 8-7129] Port In69[0] in module xlconcat_v2_1_4_xlconcat is either unconnected or has no load
WARNING: [Synth 8-7129] Port In70[0] in module xlconcat_v2_1_4_xlconcat is either unconnected or has no load
WARNING: [Synth 8-7129] Port In71[0] in module xlconcat_v2_1_4_xlconcat is either unconnected or has no load
WARNING: [Synth 8-7129] Port In72[0] in module xlconcat_v2_1_4_xlconcat is either unconnected or has no load
WARNING: [Synth 8-7129] Port In73[0] in module xlconcat_v2_1_4_xlconcat is either unconnected or has no load
WARNING: [Synth 8-7129] Port In74[0] in module xlconcat_v2_1_4_xlconcat is either unconnected or has no load
WARNING: [Synth 8-7129] Port In75[0] in module xlconcat_v2_1_4_xlconcat is either unconnected or has no load
WARNING: [Synth 8-7129] Port In76[0] in module xlconcat_v2_1_4_xlconcat is either unconnected or has no load
WARNING: [Synth 8-7129] Port In77[0] in module xlconcat_v2_1_4_xlconcat is either unconnected or has no load
WARNING: [Synth 8-7129] Port In78[0] in module xlconcat_v2_1_4_xlconcat is either unconnected or has no load
WARNING: [Synth 8-7129] Port In79[0] in module xlconcat_v2_1_4_xlconcat is either unconnected or has no load
WARNING: [Synth 8-7129] Port In80[0] in module xlconcat_v2_1_4_xlconcat is either unconnected or has no load
WARNING: [Synth 8-7129] Port In81[0] in module xlconcat_v2_1_4_xlconcat is either unconnected or has no load
WARNING: [Synth 8-7129] Port In82[0] in module xlconcat_v2_1_4_xlconcat is either unconnected or has no load
WARNING: [Synth 8-7129] Port In83[0] in module xlconcat_v2_1_4_xlconcat is either unconnected or has no load
WARNING: [Synth 8-7129] Port In84[0] in module xlconcat_v2_1_4_xlconcat is either unconnected or has no load
WARNING: [Synth 8-7129] Port In85[0] in module xlconcat_v2_1_4_xlconcat is either unconnected or has no load
WARNING: [Synth 8-7129] Port In86[0] in module xlconcat_v2_1_4_xlconcat is either unconnected or has no load
WARNING: [Synth 8-7129] Port In87[0] in module xlconcat_v2_1_4_xlconcat is either unconnected or has no load
WARNING: [Synth 8-7129] Port In88[0] in module xlconcat_v2_1_4_xlconcat is either unconnected or has no load
WARNING: [Synth 8-7129] Port In89[0] in module xlconcat_v2_1_4_xlconcat is either unconnected or has no load
WARNING: [Synth 8-7129] Port In90[0] in module xlconcat_v2_1_4_xlconcat is either unconnected or has no load
WARNING: [Synth 8-7129] Port In91[0] in module xlconcat_v2_1_4_xlconcat is either unconnected or has no load
WARNING: [Synth 8-7129] Port In92[0] in module xlconcat_v2_1_4_xlconcat is either unconnected or has no load
WARNING: [Synth 8-7129] Port In93[0] in module xlconcat_v2_1_4_xlconcat is either unconnected or has no load
WARNING: [Synth 8-7129] Port In94[0] in module xlconcat_v2_1_4_xlconcat is either unconnected or has no load
WARNING: [Synth 8-7129] Port In95[0] in module xlconcat_v2_1_4_xlconcat is either unconnected or has no load
WARNING: [Synth 8-7129] Port In96[0] in module xlconcat_v2_1_4_xlconcat is either unconnected or has no load
WARNING: [Synth 8-7129] Port In97[0] in module xlconcat_v2_1_4_xlconcat is either unconnected or has no load
WARNING: [Synth 8-7129] Port In98[0] in module xlconcat_v2_1_4_xlconcat is either unconnected or has no load
WARNING: [Synth 8-7129] Port In99[0] in module xlconcat_v2_1_4_xlconcat is either unconnected or has no load
WARNING: [Synth 8-7129] Port In100[0] in module xlconcat_v2_1_4_xlconcat is either unconnected or has no load
WARNING: [Synth 8-7129] Port In101[0] in module xlconcat_v2_1_4_xlconcat is either unconnected or has no load
WARNING: [Synth 8-7129] Port In102[0] in module xlconcat_v2_1_4_xlconcat is either unconnected or has no load
WARNING: [Synth 8-7129] Port In103[0] in module xlconcat_v2_1_4_xlconcat is either unconnected or has no load
INFO: [Common 17-14] Message 'Synth 8-7129' appears 100 times and further instances of the messages will be disabled. Use the Tcl command set_msg_config to change the current settings.
---------------------------------------------------------------------------------
Finished RTL Elaboration : Time (s): cpu = 00:00:03 ; elapsed = 00:00:04 . Memory (MB): peak = 2266.238 ; gain = 450.707 ; free physical = 19643 ; free virtual = 24166
Synthesis current peak Physical Memory [PSS] (MB): peak = 1404.758; parent = 1199.361; children = 205.396
Synthesis current peak Virtual Memory [VSS] (MB): peak = 3887.121; parent = 2266.242; children = 1620.879
---------------------------------------------------------------------------------
---------------------------------------------------------------------------------
Start Handling Custom Attributes
---------------------------------------------------------------------------------
---------------------------------------------------------------------------------
Finished Handling Custom Attributes : Time (s): cpu = 00:00:03 ; elapsed = 00:00:04 . Memory (MB): peak = 2284.051 ; gain = 468.520 ; free physical = 19642 ; free virtual = 24165
Synthesis current peak Physical Memory [PSS] (MB): peak = 1404.758; parent = 1199.361; children = 205.396
Synthesis current peak Virtual Memory [VSS] (MB): peak = 3904.934; parent = 2284.055; children = 1620.879
---------------------------------------------------------------------------------
---------------------------------------------------------------------------------
Finished RTL Optimization Phase 1 : Time (s): cpu = 00:00:03 ; elapsed = 00:00:04 . Memory (MB): peak = 2284.051 ; gain = 468.520 ; free physical = 19642 ; free virtual = 24165
Synthesis current peak Physical Memory [PSS] (MB): peak = 1404.758; parent = 1199.361; children = 205.396
Synthesis current peak Virtual Memory [VSS] (MB): peak = 3904.934; parent = 2284.055; children = 1620.879
---------------------------------------------------------------------------------
Netlist sorting complete. Time (s): cpu = 00:00:00.01 ; elapsed = 00:00:00.01 . Memory (MB): peak = 2284.051 ; gain = 0.000 ; free physical = 19637 ; free virtual = 24160
INFO: [Project 1-570] Preparing netlist for logic optimization

Processing XDC Constraints
Initializing timing engine
Parsing XDC File [/home/sean/Downloads/git/ECE385_FP/lab6_2_redo/lab6_2_redo.gen/sources_1/ip/clk_wiz_0_1/clk_wiz_0/clk_wiz_0_in_context.xdc] for cell 'clk_wiz'
Finished Parsing XDC File [/home/sean/Downloads/git/ECE385_FP/lab6_2_redo/lab6_2_redo.gen/sources_1/ip/clk_wiz_0_1/clk_wiz_0/clk_wiz_0_in_context.xdc] for cell 'clk_wiz'
Parsing XDC File [/home/sean/Downloads/git/ECE385_FP/lab6_2_redo/lab6_2_redo.gen/sources_1/bd/mb_usb/ip/mb_usb_microblaze_0_0/mb_usb_microblaze_0_0/mb_usb_microblaze_0_0_in_context.xdc] for cell 'mb_block_i/microblaze_0'
Finished Parsing XDC File [/home/sean/Downloads/git/ECE385_FP/lab6_2_redo/lab6_2_redo.gen/sources_1/bd/mb_usb/ip/mb_usb_microblaze_0_0/mb_usb_microblaze_0_0/mb_usb_microblaze_0_0_in_context.xdc] for cell 'mb_block_i/microblaze_0'
Parsing XDC File [/home/sean/Downloads/git/ECE385_FP/lab6_2_redo/lab6_2_redo.gen/sources_1/bd/mb_usb/ip/mb_usb_dlmb_v10_0/mb_usb_dlmb_v10_0/mb_usb_dlmb_v10_0_in_context.xdc] for cell 'mb_block_i/microblaze_0_local_memory/dlmb_v10'
Finished Parsing XDC File [/home/sean/Downloads/git/ECE385_FP/lab6_2_redo/lab6_2_redo.gen/sources_1/bd/mb_usb/ip/mb_usb_dlmb_v10_0/mb_usb_dlmb_v10_0/mb_usb_dlmb_v10_0_in_context.xdc] for cell 'mb_block_i/microblaze_0_local_memory/dlmb_v10'
Parsing XDC File [/home/sean/Downloads/git/ECE385_FP/lab6_2_redo/lab6_2_redo.gen/sources_1/bd/mb_usb/ip/mb_usb_ilmb_v10_0/mb_usb_ilmb_v10_0/mb_usb_dlmb_v10_0_in_context.xdc] for cell 'mb_block_i/microblaze_0_local_memory/ilmb_v10'
Finished Parsing XDC File [/home/sean/Downloads/git/ECE385_FP/lab6_2_redo/lab6_2_redo.gen/sources_1/bd/mb_usb/ip/mb_usb_ilmb_v10_0/mb_usb_ilmb_v10_0/mb_usb_dlmb_v10_0_in_context.xdc] for cell 'mb_block_i/microblaze_0_local_memory/ilmb_v10'
Parsing XDC File [/home/sean/Downloads/git/ECE385_FP/lab6_2_redo/lab6_2_redo.gen/sources_1/bd/mb_usb/ip/mb_usb_dlmb_bram_if_cntlr_0/mb_usb_dlmb_bram_if_cntlr_0/mb_usb_dlmb_bram_if_cntlr_0_in_context.xdc] for cell 'mb_block_i/microblaze_0_local_memory/dlmb_bram_if_cntlr'
Finished Parsing XDC File [/home/sean/Downloads/git/ECE385_FP/lab6_2_redo/lab6_2_redo.gen/sources_1/bd/mb_usb/ip/mb_usb_dlmb_bram_if_cntlr_0/mb_usb_dlmb_bram_if_cntlr_0/mb_usb_dlmb_bram_if_cntlr_0_in_context.xdc] for cell 'mb_block_i/microblaze_0_local_memory/dlmb_bram_if_cntlr'
Parsing XDC File [/home/sean/Downloads/git/ECE385_FP/lab6_2_redo/lab6_2_redo.gen/sources_1/bd/mb_usb/ip/mb_usb_ilmb_bram_if_cntlr_0/mb_usb_ilmb_bram_if_cntlr_0/mb_usb_ilmb_bram_if_cntlr_0_in_context.xdc] for cell 'mb_block_i/microblaze_0_local_memory/ilmb_bram_if_cntlr'
Finished Parsing XDC File [/home/sean/Downloads/git/ECE385_FP/lab6_2_redo/lab6_2_redo.gen/sources_1/bd/mb_usb/ip/mb_usb_ilmb_bram_if_cntlr_0/mb_usb_ilmb_bram_if_cntlr_0/mb_usb_ilmb_bram_if_cntlr_0_in_context.xdc] for cell 'mb_block_i/microblaze_0_local_memory/ilmb_bram_if_cntlr'
Parsing XDC File [/home/sean/Downloads/git/ECE385_FP/lab6_2_redo/lab6_2_redo.gen/sources_1/bd/mb_usb/ip/mb_usb_lmb_bram_0/mb_usb_lmb_bram_0/mb_usb_lmb_bram_0_in_context.xdc] for cell 'mb_block_i/microblaze_0_local_memory/lmb_bram'
Finished Parsing XDC File [/home/sean/Downloads/git/ECE385_FP/lab6_2_redo/lab6_2_redo.gen/sources_1/bd/mb_usb/ip/mb_usb_lmb_bram_0/mb_usb_lmb_bram_0/mb_usb_lmb_bram_0_in_context.xdc] for cell 'mb_block_i/microblaze_0_local_memory/lmb_bram'
Parsing XDC File [/home/sean/Downloads/git/ECE385_FP/lab6_2_redo/lab6_2_redo.gen/sources_1/bd/mb_usb/ip/mb_usb_xbar_0/mb_usb_xbar_0/mb_usb_xbar_0_in_context.xdc] for cell 'mb_block_i/microblaze_0_axi_periph/xbar'
Finished Parsing XDC File [/home/sean/Downloads/git/ECE385_FP/lab6_2_redo/lab6_2_redo.gen/sources_1/bd/mb_usb/ip/mb_usb_xbar_0/mb_usb_xbar_0/mb_usb_xbar_0_in_context.xdc] for cell 'mb_block_i/microblaze_0_axi_periph/xbar'
Parsing XDC File [/home/sean/Downloads/git/ECE385_FP/lab6_2_redo/lab6_2_redo.gen/sources_1/bd/mb_usb/ip/mb_usb_microblaze_0_axi_intc_0/mb_usb_microblaze_0_axi_intc_0/mb_usb_microblaze_0_axi_intc_0_in_context.xdc] for cell 'mb_block_i/microblaze_0_axi_intc'
Finished Parsing XDC File [/home/sean/Downloads/git/ECE385_FP/lab6_2_redo/lab6_2_redo.gen/sources_1/bd/mb_usb/ip/mb_usb_microblaze_0_axi_intc_0/mb_usb_microblaze_0_axi_intc_0/mb_usb_microblaze_0_axi_intc_0_in_context.xdc] for cell 'mb_block_i/microblaze_0_axi_intc'
Parsing XDC File [/home/sean/Downloads/git/ECE385_FP/lab6_2_redo/lab6_2_redo.gen/sources_1/bd/mb_usb/ip/mb_usb_mdm_1_0/mb_usb_mdm_1_0/mb_usb_mdm_1_0_in_context.xdc] for cell 'mb_block_i/mdm_1'
Finished Parsing XDC File [/home/sean/Downloads/git/ECE385_FP/lab6_2_redo/lab6_2_redo.gen/sources_1/bd/mb_usb/ip/mb_usb_mdm_1_0/mb_usb_mdm_1_0/mb_usb_mdm_1_0_in_context.xdc] for cell 'mb_block_i/mdm_1'
Parsing XDC File [/home/sean/Downloads/git/ECE385_FP/lab6_2_redo/lab6_2_redo.gen/sources_1/bd/mb_usb/ip/mb_usb_clk_wiz_1_0/mb_usb_clk_wiz_1_0/mb_usb_clk_wiz_1_0_in_context.xdc] for cell 'mb_block_i/clk_wiz_1'
WARNING: [Constraints 18-619] A clock with name 'Clk' already exists, overwriting the previous clock with the same name. [/home/sean/Downloads/git/ECE385_FP/lab6_2_redo/lab6_2_redo.gen/sources_1/bd/mb_usb/ip/mb_usb_clk_wiz_1_0/mb_usb_clk_wiz_1_0/mb_usb_clk_wiz_1_0_in_context.xdc:1]
Finished Parsing XDC File [/home/sean/Downloads/git/ECE385_FP/lab6_2_redo/lab6_2_redo.gen/sources_1/bd/mb_usb/ip/mb_usb_clk_wiz_1_0/mb_usb_clk_wiz_1_0/mb_usb_clk_wiz_1_0_in_context.xdc] for cell 'mb_block_i/clk_wiz_1'
Parsing XDC File [/home/sean/Downloads/git/ECE385_FP/lab6_2_redo/lab6_2_redo.gen/sources_1/bd/mb_usb/ip/mb_usb_rst_clk_wiz_1_100M_0/mb_usb_rst_clk_wiz_1_100M_0/mb_usb_rst_clk_wiz_1_100M_0_in_context.xdc] for cell 'mb_block_i/rst_clk_wiz_1_100M'
Finished Parsing XDC File [/home/sean/Downloads/git/ECE385_FP/lab6_2_redo/lab6_2_redo.gen/sources_1/bd/mb_usb/ip/mb_usb_rst_clk_wiz_1_100M_0/mb_usb_rst_clk_wiz_1_100M_0/mb_usb_rst_clk_wiz_1_100M_0_in_context.xdc] for cell 'mb_block_i/rst_clk_wiz_1_100M'
Parsing XDC File [/home/sean/Downloads/git/ECE385_FP/lab6_2_redo/lab6_2_redo.gen/sources_1/bd/mb_usb/ip/mb_usb_axi_quad_spi_0_1/mb_usb_axi_quad_spi_0_1/spi_usb_in_context.xdc] for cell 'mb_block_i/spi_usb'
Finished Parsing XDC File [/home/sean/Downloads/git/ECE385_FP/lab6_2_redo/lab6_2_redo.gen/sources_1/bd/mb_usb/ip/mb_usb_axi_quad_spi_0_1/mb_usb_axi_quad_spi_0_1/spi_usb_in_context.xdc] for cell 'mb_block_i/spi_usb'
Parsing XDC File [/home/sean/Downloads/git/ECE385_FP/lab6_2_redo/lab6_2_redo.gen/sources_1/bd/mb_usb/ip/mb_usb_axi_gpio_0_0/mb_usb_axi_gpio_0_0/gpio_usb_rst_in_context.xdc] for cell 'mb_block_i/gpio_usb_rst'
Finished Parsing XDC File [/home/sean/Downloads/git/ECE385_FP/lab6_2_redo/lab6_2_redo.gen/sources_1/bd/mb_usb/ip/mb_usb_axi_gpio_0_0/mb_usb_axi_gpio_0_0/gpio_usb_rst_in_context.xdc] for cell 'mb_block_i/gpio_usb_rst'
Parsing XDC File [/home/sean/Downloads/git/ECE385_FP/lab6_2_redo/lab6_2_redo.gen/sources_1/bd/mb_usb/ip/mb_usb_axi_gpio_0_1/mb_usb_axi_gpio_0_1/gpio_usb_int_in_context.xdc] for cell 'mb_block_i/gpio_usb_int'
Finished Parsing XDC File [/home/sean/Downloads/git/ECE385_FP/lab6_2_redo/lab6_2_redo.gen/sources_1/bd/mb_usb/ip/mb_usb_axi_gpio_0_1/mb_usb_axi_gpio_0_1/gpio_usb_int_in_context.xdc] for cell 'mb_block_i/gpio_usb_int'
Parsing XDC File [/home/sean/Downloads/git/ECE385_FP/lab6_2_redo/lab6_2_redo.gen/sources_1/bd/mb_usb/ip/mb_usb_axi_gpio_0_2/mb_usb_axi_gpio_0_2/gpio_usb_keycode_in_context.xdc] for cell 'mb_block_i/gpio_usb_keycode'
Finished Parsing XDC File [/home/sean/Downloads/git/ECE385_FP/lab6_2_redo/lab6_2_redo.gen/sources_1/bd/mb_usb/ip/mb_usb_axi_gpio_0_2/mb_usb_axi_gpio_0_2/gpio_usb_keycode_in_context.xdc] for cell 'mb_block_i/gpio_usb_keycode'
Parsing XDC File [/home/sean/Downloads/git/ECE385_FP/lab6_2_redo/lab6_2_redo.gen/sources_1/bd/mb_usb/ip/mb_usb_axi_uartlite_0_0/mb_usb_axi_uartlite_0_0/mb_usb_axi_uartlite_0_0_in_context.xdc] for cell 'mb_block_i/axi_uartlite_0'
Finished Parsing XDC File [/home/sean/Downloads/git/ECE385_FP/lab6_2_redo/lab6_2_redo.gen/sources_1/bd/mb_usb/ip/mb_usb_axi_uartlite_0_0/mb_usb_axi_uartlite_0_0/mb_usb_axi_uartlite_0_0_in_context.xdc] for cell 'mb_block_i/axi_uartlite_0'
Parsing XDC File [/home/sean/Downloads/git/ECE385_FP/lab6_2_redo/lab6_2_redo.gen/sources_1/bd/mb_usb/ip/mb_usb_axi_timer_0_0/mb_usb_axi_timer_0_0/timer_usb_axi_in_context.xdc] for cell 'mb_block_i/timer_usb_axi'
Finished Parsing XDC File [/home/sean/Downloads/git/ECE385_FP/lab6_2_redo/lab6_2_redo.gen/sources_1/bd/mb_usb/ip/mb_usb_axi_timer_0_0/mb_usb_axi_timer_0_0/timer_usb_axi_in_context.xdc] for cell 'mb_block_i/timer_usb_axi'
Parsing XDC File [/home/sean/Downloads/git/ECE385_FP/lab6_2_redo/lab6_2_redo.gen/sources_1/ip/hdmi_tx_0/hdmi_tx_0/hdmi_tx_0_in_context.xdc] for cell 'vga_to_hdmi'
Finished Parsing XDC File [/home/sean/Downloads/git/ECE385_FP/lab6_2_redo/lab6_2_redo.gen/sources_1/ip/hdmi_tx_0/hdmi_tx_0/hdmi_tx_0_in_context.xdc] for cell 'vga_to_hdmi'
Parsing XDC File [/home/sean/Downloads/git/ECE385_FP/lab6_2_redo/lab6_2_redo.srcs/constrs_1/imports/pin_assignment/mb_usb_hdmi_top.xdc]
CRITICAL WARNING: [Constraints 18-1056] Clock 'clk_100' completely overrides clock 'Clk'.
New: create_clock -period 10.000 -name clk_100 -waveform {0.000 5.000} [get_ports Clk], [/home/sean/Downloads/git/ECE385_FP/lab6_2_redo/lab6_2_redo.srcs/constrs_1/imports/pin_assignment/mb_usb_hdmi_top.xdc:1]
Previous: create_clock -period 10.000 [get_ports Clk], [/home/sean/Downloads/git/ECE385_FP/lab6_2_redo/lab6_2_redo.gen/sources_1/bd/mb_usb/ip/mb_usb_clk_wiz_1_0/mb_usb_clk_wiz_1_0/mb_usb_clk_wiz_1_0_in_context.xdc:1]
Resolution: Review the constraint files and remove the redundant clock definition(s). If the clock constraints are not saved in a file, you can first save the constraints to an XDC file and reload the design once the constraints have been corrected.
Finished Parsing XDC File [/home/sean/Downloads/git/ECE385_FP/lab6_2_redo/lab6_2_redo.srcs/constrs_1/imports/pin_assignment/mb_usb_hdmi_top.xdc]
INFO: [Project 1-236] Implementation specific constraints were found while reading constraint file [/home/sean/Downloads/git/ECE385_FP/lab6_2_redo/lab6_2_redo.srcs/constrs_1/imports/pin_assignment/mb_usb_hdmi_top.xdc]. These constraints will be ignored for synthesis but will be used in implementation. Impacted constraints are listed in the file [.Xil/mb_usb_hdmi_top_propImpl.xdc].
Resolution: To avoid this warning, move constraints listed in [.Xil/mb_usb_hdmi_top_propImpl.xdc] to another XDC file and exclude this new file from synthesis with the used_in_synthesis property (File Properties dialog in GUI) and re-run elaboration/synthesis.
Parsing XDC File [/home/sean/Downloads/git/ECE385_FP/lab6_2_redo/lab6_2_redo.runs/synth_1/dont_touch.xdc]
Finished Parsing XDC File [/home/sean/Downloads/git/ECE385_FP/lab6_2_redo/lab6_2_redo.runs/synth_1/dont_touch.xdc]
Completed Processing XDC Constraints

Netlist sorting complete. Time (s): cpu = 00:00:00 ; elapsed = 00:00:00 . Memory (MB): peak = 2440.832 ; gain = 0.000 ; free physical = 19536 ; free virtual = 24069
INFO: [Project 1-111] Unisim Transformation Summary:
No Unisim elements were transformed.

Constraint Validation Runtime : Time (s): cpu = 00:00:00.01 ; elapsed = 00:00:00.01 . Memory (MB): peak = 2440.832 ; gain = 0.000 ; free physical = 19536 ; free virtual = 24069
WARNING: [Timing 38-316] Clock period '20.000' specified during out-of-context synthesis of instance 'mb_block_i/spi_usb' at clock pin 'ext_spi_clk' is different from the actual clock period '10.000', this can lead to different synthesis results.
WARNING: [Timing 38-316] Clock period '20.000' specified during out-of-context synthesis of instance 'mb_block_i/microblaze_0_local_memory/lmb_bram' at clock pin 'clka' is different from the actual clock period '10.000', this can lead to different synthesis results.
INFO: [Synth 8-11241] undeclared symbol 'REGCCE', assumed default net type 'wire' [/alottadata/tools/Xilinx/Vivado/2022.2/data/verilog/src/unimacro/BRAM_SINGLE_MACRO.v:2170]
---------------------------------------------------------------------------------
Finished Constraint Validation : Time (s): cpu = 00:00:07 ; elapsed = 00:00:08 . Memory (MB): peak = 2440.832 ; gain = 625.301 ; free physical = 19608 ; free virtual = 24142
Synthesis current peak Physical Memory [PSS] (MB): peak = 1404.758; parent = 1199.361; children = 205.396
Synthesis current peak Virtual Memory [VSS] (MB): peak = 4029.699; parent = 2408.820; children = 1620.879
---------------------------------------------------------------------------------
---------------------------------------------------------------------------------
Start Loading Part and Timing Information
---------------------------------------------------------------------------------
Loading part: xc7s50csga324-1
---------------------------------------------------------------------------------
Finished Loading Part and Timing Information : Time (s): cpu = 00:00:07 ; elapsed = 00:00:08 . Memory (MB): peak = 2440.832 ; gain = 625.301 ; free physical = 19608 ; free virtual = 24142
Synthesis current peak Physical Memory [PSS] (MB): peak = 1404.758; parent = 1199.361; children = 205.396
Synthesis current peak Virtual Memory [VSS] (MB): peak = 4029.699; parent = 2408.820; children = 1620.879
---------------------------------------------------------------------------------
---------------------------------------------------------------------------------
Start Applying 'set_property' XDC Constraints
---------------------------------------------------------------------------------
Applied set_property IO_BUFFER_TYPE = NONE for Clk. (constraint file  /home/sean/Downloads/git/ECE385_FP/lab6_2_redo/lab6_2_redo.gen/sources_1/bd/mb_usb/ip/mb_usb_clk_wiz_1_0/mb_usb_clk_wiz_1_0/mb_usb_clk_wiz_1_0_in_context.xdc, line 3).
Applied set_property CLOCK_BUFFER_TYPE = NONE for Clk. (constraint file  /home/sean/Downloads/git/ECE385_FP/lab6_2_redo/lab6_2_redo.gen/sources_1/bd/mb_usb/ip/mb_usb_clk_wiz_1_0/mb_usb_clk_wiz_1_0/mb_usb_clk_wiz_1_0_in_context.xdc, line 4).
Applied set_property IO_BUFFER_TYPE = NONE for hdmi_tmds_clk_n. (constraint file  /home/sean/Downloads/git/ECE385_FP/lab6_2_redo/lab6_2_redo.gen/sources_1/ip/hdmi_tx_0/hdmi_tx_0/hdmi_tx_0_in_context.xdc, line 1).
Applied set_property CLOCK_BUFFER_TYPE = NONE for hdmi_tmds_clk_n. (constraint file  /home/sean/Downloads/git/ECE385_FP/lab6_2_redo/lab6_2_redo.gen/sources_1/ip/hdmi_tx_0/hdmi_tx_0/hdmi_tx_0_in_context.xdc, line 2).
Applied set_property IO_BUFFER_TYPE = NONE for hdmi_tmds_clk_p. (constraint file  /home/sean/Downloads/git/ECE385_FP/lab6_2_redo/lab6_2_redo.gen/sources_1/ip/hdmi_tx_0/hdmi_tx_0/hdmi_tx_0_in_context.xdc, line 3).
Applied set_property CLOCK_BUFFER_TYPE = NONE for hdmi_tmds_clk_p. (constraint file  /home/sean/Downloads/git/ECE385_FP/lab6_2_redo/lab6_2_redo.gen/sources_1/ip/hdmi_tx_0/hdmi_tx_0/hdmi_tx_0_in_context.xdc, line 4).
Applied set_property IO_BUFFER_TYPE = NONE for hdmi_tmds_data_n[0]. (constraint file  /home/sean/Downloads/git/ECE385_FP/lab6_2_redo/lab6_2_redo.gen/sources_1/ip/hdmi_tx_0/hdmi_tx_0/hdmi_tx_0_in_context.xdc, line 5).
Applied set_property CLOCK_BUFFER_TYPE = NONE for hdmi_tmds_data_n[0]. (constraint file  /home/sean/Downloads/git/ECE385_FP/lab6_2_redo/lab6_2_redo.gen/sources_1/ip/hdmi_tx_0/hdmi_tx_0/hdmi_tx_0_in_context.xdc, line 6).
Applied set_property IO_BUFFER_TYPE = NONE for hdmi_tmds_data_n[1]. (constraint file  /home/sean/Downloads/git/ECE385_FP/lab6_2_redo/lab6_2_redo.gen/sources_1/ip/hdmi_tx_0/hdmi_tx_0/hdmi_tx_0_in_context.xdc, line 7).
Applied set_property CLOCK_BUFFER_TYPE = NONE for hdmi_tmds_data_n[1]. (constraint file  /home/sean/Downloads/git/ECE385_FP/lab6_2_redo/lab6_2_redo.gen/sources_1/ip/hdmi_tx_0/hdmi_tx_0/hdmi_tx_0_in_context.xdc, line 8).
Applied set_property IO_BUFFER_TYPE = NONE for hdmi_tmds_data_n[2]. (constraint file  /home/sean/Downloads/git/ECE385_FP/lab6_2_redo/lab6_2_redo.gen/sources_1/ip/hdmi_tx_0/hdmi_tx_0/hdmi_tx_0_in_context.xdc, line 9).
Applied set_property CLOCK_BUFFER_TYPE = NONE for hdmi_tmds_data_n[2]. (constraint file  /home/sean/Downloads/git/ECE385_FP/lab6_2_redo/lab6_2_redo.gen/sources_1/ip/hdmi_tx_0/hdmi_tx_0/hdmi_tx_0_in_context.xdc, line 10).
Applied set_property IO_BUFFER_TYPE = NONE for hdmi_tmds_data_p[0]. (constraint file  /home/sean/Downloads/git/ECE385_FP/lab6_2_redo/lab6_2_redo.gen/sources_1/ip/hdmi_tx_0/hdmi_tx_0/hdmi_tx_0_in_context.xdc, line 11).
Applied set_property CLOCK_BUFFER_TYPE = NONE for hdmi_tmds_data_p[0]. (constraint file  /home/sean/Downloads/git/ECE385_FP/lab6_2_redo/lab6_2_redo.gen/sources_1/ip/hdmi_tx_0/hdmi_tx_0/hdmi_tx_0_in_context.xdc, line 12).
Applied set_property IO_BUFFER_TYPE = NONE for hdmi_tmds_data_p[1]. (constraint file  /home/sean/Downloads/git/ECE385_FP/lab6_2_redo/lab6_2_redo.gen/sources_1/ip/hdmi_tx_0/hdmi_tx_0/hdmi_tx_0_in_context.xdc, line 13).
Applied set_property CLOCK_BUFFER_TYPE = NONE for hdmi_tmds_data_p[1]. (constraint file  /home/sean/Downloads/git/ECE385_FP/lab6_2_redo/lab6_2_redo.gen/sources_1/ip/hdmi_tx_0/hdmi_tx_0/hdmi_tx_0_in_context.xdc, line 14).
Applied set_property IO_BUFFER_TYPE = NONE for hdmi_tmds_data_p[2]. (constraint file  /home/sean/Downloads/git/ECE385_FP/lab6_2_redo/lab6_2_redo.gen/sources_1/ip/hdmi_tx_0/hdmi_tx_0/hdmi_tx_0_in_context.xdc, line 15).
Applied set_property CLOCK_BUFFER_TYPE = NONE for hdmi_tmds_data_p[2]. (constraint file  /home/sean/Downloads/git/ECE385_FP/lab6_2_redo/lab6_2_redo.gen/sources_1/ip/hdmi_tx_0/hdmi_tx_0/hdmi_tx_0_in_context.xdc, line 16).
Applied set_property KEEP_HIERARCHY = SOFT for clk_wiz. (constraint file  auto generated constraint).
Applied set_property KEEP_HIERARCHY = SOFT for mb_block_i. (constraint file  auto generated constraint).
Applied set_property KEEP_HIERARCHY = SOFT for mb_block_i/microblaze_0. (constraint file  auto generated constraint).
Applied set_property KEEP_HIERARCHY = SOFT for mb_block_i/microblaze_0_local_memory/dlmb_v10. (constraint file  auto generated constraint).
Applied set_property KEEP_HIERARCHY = SOFT for mb_block_i/microblaze_0_local_memory/ilmb_v10. (constraint file  auto generated constraint).
Applied set_property KEEP_HIERARCHY = SOFT for mb_block_i/microblaze_0_local_memory/dlmb_bram_if_cntlr. (constraint file  auto generated constraint).
Applied set_property KEEP_HIERARCHY = SOFT for mb_block_i/microblaze_0_local_memory/ilmb_bram_if_cntlr. (constraint file  auto generated constraint).
Applied set_property KEEP_HIERARCHY = SOFT for mb_block_i/microblaze_0_local_memory/lmb_bram. (constraint file  auto generated constraint).
Applied set_property KEEP_HIERARCHY = SOFT for mb_block_i/microblaze_0_axi_periph/xbar. (constraint file  auto generated constraint).
Applied set_property KEEP_HIERARCHY = SOFT for mb_block_i/microblaze_0_axi_periph. (constraint file  auto generated constraint).
Applied set_property KEEP_HIERARCHY = SOFT for mb_block_i/microblaze_0_axi_intc. (constraint file  auto generated constraint).
Applied set_property KEEP_HIERARCHY = SOFT for mb_block_i/microblaze_0_xlconcat. (constraint file  auto generated constraint).
Applied set_property KEEP_HIERARCHY = SOFT for mb_block_i/mdm_1. (constraint file  auto generated constraint).
Applied set_property KEEP_HIERARCHY = SOFT for mb_block_i/clk_wiz_1. (constraint file  auto generated constraint).
Applied set_property KEEP_HIERARCHY = SOFT for mb_block_i/rst_clk_wiz_1_100M. (constraint file  auto generated constraint).
Applied set_property KEEP_HIERARCHY = SOFT for mb_block_i/spi_usb. (constraint file  auto generated constraint).
Applied set_property KEEP_HIERARCHY = SOFT for mb_block_i/gpio_usb_rst. (constraint file  auto generated constraint).
Applied set_property KEEP_HIERARCHY = SOFT for mb_block_i/gpio_usb_int. (constraint file  auto generated constraint).
Applied set_property KEEP_HIERARCHY = SOFT for mb_block_i/gpio_usb_keycode. (constraint file  auto generated constraint).
Applied set_property KEEP_HIERARCHY = SOFT for mb_block_i/axi_uartlite_0. (constraint file  auto generated constraint).
Applied set_property KEEP_HIERARCHY = SOFT for mb_block_i/timer_usb_axi. (constraint file  auto generated constraint).
Applied set_property KEEP_HIERARCHY = SOFT for vga_to_hdmi. (constraint file  auto generated constraint).
---------------------------------------------------------------------------------
Finished applying 'set_property' XDC Constraints : Time (s): cpu = 00:00:07 ; elapsed = 00:00:08 . Memory (MB): peak = 2440.832 ; gain = 625.301 ; free physical = 19608 ; free virtual = 24141
Synthesis current peak Physical Memory [PSS] (MB): peak = 1404.758; parent = 1199.361; children = 205.396
Synthesis current peak Virtual Memory [VSS] (MB): peak = 4029.699; parent = 2408.820; children = 1620.879
---------------------------------------------------------------------------------
---------------------------------------------------------------------------------
Finished RTL Optimization Phase 2 : Time (s): cpu = 00:00:07 ; elapsed = 00:00:08 . Memory (MB): peak = 2440.832 ; gain = 625.301 ; free physical = 19595 ; free virtual = 24129
Synthesis current peak Physical Memory [PSS] (MB): peak = 1404.758; parent = 1199.361; children = 205.396
Synthesis current peak Virtual Memory [VSS] (MB): peak = 4029.699; parent = 2408.820; children = 1620.879
---------------------------------------------------------------------------------
---------------------------------------------------------------------------------
Start RTL Component Statistics 
---------------------------------------------------------------------------------
Detailed RTL Component Info : 
+---Adders : 
	   3 Input   32 Bit       Adders := 2     
	   2 Input   32 Bit       Adders := 1     
	   2 Input   11 Bit       Adders := 2     
	   2 Input   10 Bit       Adders := 6     
+---Registers : 
	               10 Bit    Registers := 6     
	                1 Bit    Registers := 2     
+---Multipliers : 
	              32x32  Multipliers := 2     
+---Muxes : 
	   2 Input   10 Bit        Muxes := 5     
	   4 Input    8 Bit        Muxes := 2     
	   2 Input    8 Bit        Muxes := 2     
	   5 Input    4 Bit        Muxes := 2     
	   2 Input    4 Bit        Muxes := 3     
---------------------------------------------------------------------------------
Finished RTL Component Statistics 
---------------------------------------------------------------------------------
---------------------------------------------------------------------------------
Start Part Resource Summary
---------------------------------------------------------------------------------
Part Resources:
DSPs: 120 (col length:60)
BRAMs: 150 (col length: RAMB18 60 RAMB36 30)
---------------------------------------------------------------------------------
Finished Part Resource Summary
---------------------------------------------------------------------------------
---------------------------------------------------------------------------------
Start Cross Boundary and Area Optimization
---------------------------------------------------------------------------------
WARNING: [Synth 8-7080] Parallel synthesis criteria is not met
DSP Report: Generating DSP color_instance/Red3, operation Mode is: A*B.
DSP Report: operator color_instance/Red3 is absorbed into DSP color_instance/Red3.
DSP Report: operator color_instance/Red3 is absorbed into DSP color_instance/Red3.
DSP Report: Generating DSP color_instance/Red3, operation Mode is: (PCIN>>17)+A*B.
DSP Report: operator color_instance/Red3 is absorbed into DSP color_instance/Red3.
DSP Report: operator color_instance/Red3 is absorbed into DSP color_instance/Red3.
DSP Report: Generating DSP color_instance/Red3, operation Mode is: A*B.
DSP Report: operator color_instance/Red3 is absorbed into DSP color_instance/Red3.
DSP Report: operator color_instance/Red3 is absorbed into DSP color_instance/Red3.
DSP Report: Generating DSP color_instance/Red3, operation Mode is: (PCIN>>17)+A*B.
DSP Report: operator color_instance/Red3 is absorbed into DSP color_instance/Red3.
DSP Report: operator color_instance/Red3 is absorbed into DSP color_instance/Red3.
DSP Report: Generating DSP color_instance/Red3, operation Mode is: A*B.
DSP Report: operator color_instance/Red3 is absorbed into DSP color_instance/Red3.
DSP Report: operator color_instance/Red3 is absorbed into DSP color_instance/Red3.
DSP Report: Generating DSP color_instance/Red3, operation Mode is: (PCIN>>17)+A*B.
DSP Report: operator color_instance/Red3 is absorbed into DSP color_instance/Red3.
DSP Report: operator color_instance/Red3 is absorbed into DSP color_instance/Red3.
DSP Report: Generating DSP color_instance/Red3, operation Mode is: A*B.
DSP Report: operator color_instance/Red3 is absorbed into DSP color_instance/Red3.
DSP Report: operator color_instance/Red3 is absorbed into DSP color_instance/Red3.
DSP Report: Generating DSP color_instance/Red3, operation Mode is: (PCIN>>17)+A*B.
DSP Report: operator color_instance/Red3 is absorbed into DSP color_instance/Red3.
DSP Report: operator color_instance/Red3 is absorbed into DSP color_instance/Red3.
WARNING: [Synth 8-3917] design mb_usb_hdmi_top has port hex_segA[7] driven by constant 1
WARNING: [Synth 8-3917] design mb_usb_hdmi_top has port hex_segB[7] driven by constant 1
---------------------------------------------------------------------------------
Finished Cross Boundary and Area Optimization : Time (s): cpu = 00:00:09 ; elapsed = 00:00:10 . Memory (MB): peak = 2440.832 ; gain = 625.301 ; free physical = 19581 ; free virtual = 24120
Synthesis current peak Physical Memory [PSS] (MB): peak = 1404.758; parent = 1199.361; children = 205.396
Synthesis current peak Virtual Memory [VSS] (MB): peak = 4029.699; parent = 2408.820; children = 1620.879
---------------------------------------------------------------------------------
---------------------------------------------------------------------------------
Start ROM, RAM, DSP, Shift Register and Retiming Reporting
---------------------------------------------------------------------------------

DSP: Preliminary Mapping Report (see note below. The ' indicates corresponding REG is set)
+----------------+----------------+--------+--------+--------+--------+--------+------+------+------+------+-------+------+------+
|Module Name     | DSP Mapping    | A Size | B Size | C Size | D Size | P Size | AREG | BREG | CREG | DREG | ADREG | MREG | PREG | 
+----------------+----------------+--------+--------+--------+--------+--------+------+------+------+------+-------+------+------+
|mb_usb_hdmi_top | A*B            | 18     | 15     | -      | -      | 48     | 0    | 0    | -    | -    | -     | 0    | 0    | 
|mb_usb_hdmi_top | (PCIN>>17)+A*B | 15     | 15     | -      | -      | 48     | 0    | 0    | -    | -    | -     | 0    | 0    | 
|mb_usb_hdmi_top | A*B            | 18     | 18     | -      | -      | 48     | 0    | 0    | -    | -    | -     | 0    | 0    | 
|mb_usb_hdmi_top | (PCIN>>17)+A*B | 18     | 15     | -      | -      | 48     | 0    | 0    | -    | -    | -     | 0    | 0    | 
|mb_usb_hdmi_top | A*B            | 18     | 15     | -      | -      | 48     | 0    | 0    | -    | -    | -     | 0    | 0    | 
|mb_usb_hdmi_top | (PCIN>>17)+A*B | 15     | 15     | -      | -      | 48     | 0    | 0    | -    | -    | -     | 0    | 0    | 
|mb_usb_hdmi_top | A*B            | 18     | 18     | -      | -      | 48     | 0    | 0    | -    | -    | -     | 0    | 0    | 
|mb_usb_hdmi_top | (PCIN>>17)+A*B | 18     | 15     | -      | -      | 48     | 0    | 0    | -    | -    | -     | 0    | 0    | 
+----------------+----------------+--------+--------+--------+--------+--------+------+------+------+------+-------+------+------+

Note: The table above is a preliminary report that shows the DSPs inferred at the current stage of the synthesis flow. Some DSP may be reimplemented as non DSP primitives later in the synthesis flow. Multiple instantiated DSPs are reported only once.
---------------------------------------------------------------------------------
Finished ROM, RAM, DSP, Shift Register and Retiming Reporting
---------------------------------------------------------------------------------
---------------------------------------------------------------------------------
Start Applying XDC Timing Constraints
---------------------------------------------------------------------------------
WARNING: [Synth 8-565] redefining clock 'Clk'
---------------------------------------------------------------------------------
Finished Applying XDC Timing Constraints : Time (s): cpu = 00:00:12 ; elapsed = 00:00:14 . Memory (MB): peak = 2440.832 ; gain = 625.301 ; free physical = 19445 ; free virtual = 23991
Synthesis current peak Physical Memory [PSS] (MB): peak = 1538.332; parent = 1332.998; children = 205.396
Synthesis current peak Virtual Memory [VSS] (MB): peak = 4029.699; parent = 2408.820; children = 1620.879
---------------------------------------------------------------------------------
---------------------------------------------------------------------------------
Start Timing Optimization
---------------------------------------------------------------------------------
---------------------------------------------------------------------------------
Finished Timing Optimization : Time (s): cpu = 00:00:13 ; elapsed = 00:00:14 . Memory (MB): peak = 2440.832 ; gain = 625.301 ; free physical = 19433 ; free virtual = 23979
Synthesis current peak Physical Memory [PSS] (MB): peak = 1543.832; parent = 1338.498; children = 205.396
Synthesis current peak Virtual Memory [VSS] (MB): peak = 4029.699; parent = 2408.820; children = 1620.879
---------------------------------------------------------------------------------
---------------------------------------------------------------------------------
Start Technology Mapping
---------------------------------------------------------------------------------
---------------------------------------------------------------------------------
Finished Technology Mapping : Time (s): cpu = 00:00:13 ; elapsed = 00:00:14 . Memory (MB): peak = 2440.832 ; gain = 625.301 ; free physical = 19429 ; free virtual = 23975
Synthesis current peak Physical Memory [PSS] (MB): peak = 1544.625; parent = 1339.291; children = 205.396
Synthesis current peak Virtual Memory [VSS] (MB): peak = 4029.699; parent = 2408.820; children = 1620.879
---------------------------------------------------------------------------------
---------------------------------------------------------------------------------
Start IO Insertion
---------------------------------------------------------------------------------
---------------------------------------------------------------------------------
Start Flattening Before IO Insertion
---------------------------------------------------------------------------------
---------------------------------------------------------------------------------
Finished Flattening Before IO Insertion
---------------------------------------------------------------------------------
---------------------------------------------------------------------------------
Start Final Netlist Cleanup
---------------------------------------------------------------------------------
---------------------------------------------------------------------------------
Finished Final Netlist Cleanup
---------------------------------------------------------------------------------
---------------------------------------------------------------------------------
Finished IO Insertion : Time (s): cpu = 00:00:15 ; elapsed = 00:00:17 . Memory (MB): peak = 2440.832 ; gain = 625.301 ; free physical = 19427 ; free virtual = 23973
Synthesis current peak Physical Memory [PSS] (MB): peak = 1544.902; parent = 1339.568; children = 205.396
Synthesis current peak Virtual Memory [VSS] (MB): peak = 4029.699; parent = 2408.820; children = 1620.879
---------------------------------------------------------------------------------
---------------------------------------------------------------------------------
Start Renaming Generated Instances
---------------------------------------------------------------------------------
---------------------------------------------------------------------------------
Finished Renaming Generated Instances : Time (s): cpu = 00:00:15 ; elapsed = 00:00:17 . Memory (MB): peak = 2440.832 ; gain = 625.301 ; free physical = 19427 ; free virtual = 23973
Synthesis current peak Physical Memory [PSS] (MB): peak = 1544.902; parent = 1339.568; children = 205.396
Synthesis current peak Virtual Memory [VSS] (MB): peak = 4029.699; parent = 2408.820; children = 1620.879
---------------------------------------------------------------------------------
---------------------------------------------------------------------------------
Start Rebuilding User Hierarchy
---------------------------------------------------------------------------------
---------------------------------------------------------------------------------
Finished Rebuilding User Hierarchy : Time (s): cpu = 00:00:15 ; elapsed = 00:00:17 . Memory (MB): peak = 2440.832 ; gain = 625.301 ; free physical = 19427 ; free virtual = 23973
Synthesis current peak Physical Memory [PSS] (MB): peak = 1544.984; parent = 1339.650; children = 205.396
Synthesis current peak Virtual Memory [VSS] (MB): peak = 4029.699; parent = 2408.820; children = 1620.879
---------------------------------------------------------------------------------
---------------------------------------------------------------------------------
Start Renaming Generated Ports
---------------------------------------------------------------------------------
---------------------------------------------------------------------------------
Finished Renaming Generated Ports : Time (s): cpu = 00:00:15 ; elapsed = 00:00:17 . Memory (MB): peak = 2440.832 ; gain = 625.301 ; free physical = 19427 ; free virtual = 23973
Synthesis current peak Physical Memory [PSS] (MB): peak = 1545.047; parent = 1339.713; children = 205.396
Synthesis current peak Virtual Memory [VSS] (MB): peak = 4029.699; parent = 2408.820; children = 1620.879
---------------------------------------------------------------------------------
---------------------------------------------------------------------------------
Start Handling Custom Attributes
---------------------------------------------------------------------------------
---------------------------------------------------------------------------------
Finished Handling Custom Attributes : Time (s): cpu = 00:00:15 ; elapsed = 00:00:17 . Memory (MB): peak = 2440.832 ; gain = 625.301 ; free physical = 19427 ; free virtual = 23973
Synthesis current peak Physical Memory [PSS] (MB): peak = 1545.047; parent = 1339.713; children = 205.396
Synthesis current peak Virtual Memory [VSS] (MB): peak = 4029.699; parent = 2408.820; children = 1620.879
---------------------------------------------------------------------------------
---------------------------------------------------------------------------------
Start Renaming Generated Nets
---------------------------------------------------------------------------------
---------------------------------------------------------------------------------
Finished Renaming Generated Nets : Time (s): cpu = 00:00:15 ; elapsed = 00:00:17 . Memory (MB): peak = 2440.832 ; gain = 625.301 ; free physical = 19427 ; free virtual = 23973
Synthesis current peak Physical Memory [PSS] (MB): peak = 1545.047; parent = 1339.713; children = 205.396
Synthesis current peak Virtual Memory [VSS] (MB): peak = 4029.699; parent = 2408.820; children = 1620.879
---------------------------------------------------------------------------------
---------------------------------------------------------------------------------
Start Writing Synthesis Report
---------------------------------------------------------------------------------

DSP Final Report (the ' indicates corresponding REG is set)
+----------------+--------------+--------+--------+--------+--------+--------+------+------+------+------+-------+------+------+
|Module Name     | DSP Mapping  | A Size | B Size | C Size | D Size | P Size | AREG | BREG | CREG | DREG | ADREG | MREG | PREG | 
+----------------+--------------+--------+--------+--------+--------+--------+------+------+------+------+-------+------+------+
|mb_usb_hdmi_top | A*B          | 17     | 18     | -      | -      | 48     | 0    | 0    | -    | -    | -     | 0    | 0    | 
|mb_usb_hdmi_top | A*B          | 17     | 17     | -      | -      | 48     | 0    | 0    | -    | -    | -     | 0    | 0    | 
|mb_usb_hdmi_top | PCIN>>17+A*B | 17     | 18     | -      | -      | 48     | 0    | 0    | -    | -    | -     | 0    | 0    | 
|mb_usb_hdmi_top | A*B          | 17     | 18     | -      | -      | 48     | 0    | 0    | -    | -    | -     | 0    | 0    | 
|mb_usb_hdmi_top | A*B          | 17     | 17     | -      | -      | 48     | 0    | 0    | -    | -    | -     | 0    | 0    | 
|mb_usb_hdmi_top | PCIN>>17+A*B | 17     | 18     | -      | -      | 48     | 0    | 0    | -    | -    | -     | 0    | 0    | 
+----------------+--------------+--------+--------+--------+--------+--------+------+------+------+------+-------+------+------+


Report BlackBoxes: 
+------+-------------------------------+----------+
|      |BlackBox name                  |Instances |
+------+-------------------------------+----------+
|1     |mb_usb_xbar_0                  |         1|
|2     |mb_usb_axi_uartlite_0_0        |         1|
|3     |mb_usb_clk_wiz_1_0             |         1|
|4     |mb_usb_axi_gpio_0_1            |         1|
|5     |mb_usb_axi_gpio_0_2            |         1|
|6     |mb_usb_axi_gpio_0_0            |         1|
|7     |mb_usb_mdm_1_0                 |         1|
|8     |mb_usb_microblaze_0_0          |         1|
|9     |mb_usb_microblaze_0_axi_intc_0 |         1|
|10    |mb_usb_rst_clk_wiz_1_100M_0    |         1|
|11    |mb_usb_axi_quad_spi_0_1        |         1|
|12    |mb_usb_axi_timer_0_0           |         1|
|13    |mb_usb_dlmb_bram_if_cntlr_0    |         1|
|14    |mb_usb_dlmb_v10_0              |         1|
|15    |mb_usb_ilmb_bram_if_cntlr_0    |         1|
|16    |mb_usb_ilmb_v10_0              |         1|
|17    |mb_usb_lmb_bram_0              |         1|
|18    |clk_wiz_0                      |         1|
|19    |hdmi_tx_0                      |         1|
+------+-------------------------------+----------+

Report Cell Usage: 
+------+-----------------------------+------+
|      |Cell                         |Count |
+------+-----------------------------+------+
|1     |clk_wiz                      |     1|
|2     |hdmi_tx                      |     1|
|3     |mb_usb_axi_gpio_0            |     3|
|6     |mb_usb_axi_quad_spi_0        |     1|
|7     |mb_usb_axi_timer_0           |     1|
|8     |mb_usb_axi_uartlite_0        |     1|
|9     |mb_usb_clk_wiz_1             |     1|
|10    |mb_usb_dlmb_bram_if_cntlr    |     1|
|11    |mb_usb_dlmb_v10              |     1|
|12    |mb_usb_ilmb_bram_if_cntlr    |     1|
|13    |mb_usb_ilmb_v10              |     1|
|14    |mb_usb_lmb_bram              |     1|
|15    |mb_usb_mdm_1                 |     1|
|16    |mb_usb_microblaze_0          |     1|
|17    |mb_usb_microblaze_0_axi_intc |     1|
|18    |mb_usb_rst_clk_wiz_1_100M    |     1|
|19    |mb_usb_xbar                  |     1|
|20    |CARRY4                       |    31|
|21    |DSP48E1                      |     6|
|22    |LUT1                         |    17|
|23    |LUT2                         |    92|
|24    |LUT3                         |    11|
|25    |LUT4                         |    19|
|26    |LUT5                         |    57|
|27    |LUT6                         |    18|
|28    |FDCE                         |    22|
|29    |FDRE                         |    17|
|30    |IBUF                         |     4|
|31    |OBUF                         |    29|
+------+-----------------------------+------+
---------------------------------------------------------------------------------
Finished Writing Synthesis Report : Time (s): cpu = 00:00:15 ; elapsed = 00:00:17 . Memory (MB): peak = 2440.832 ; gain = 625.301 ; free physical = 19427 ; free virtual = 23973
Synthesis current peak Physical Memory [PSS] (MB): peak = 1545.109; parent = 1339.775; children = 205.396
Synthesis current peak Virtual Memory [VSS] (MB): peak = 4029.699; parent = 2408.820; children = 1620.879
---------------------------------------------------------------------------------
Synthesis finished with 0 errors, 0 critical warnings and 20 warnings.
Synthesis Optimization Runtime : Time (s): cpu = 00:00:14 ; elapsed = 00:00:16 . Memory (MB): peak = 2440.832 ; gain = 468.520 ; free physical = 19498 ; free virtual = 24044
Synthesis Optimization Complete : Time (s): cpu = 00:00:15 ; elapsed = 00:00:17 . Memory (MB): peak = 2440.832 ; gain = 625.301 ; free physical = 19498 ; free virtual = 24044
INFO: [Project 1-571] Translating synthesized netlist
Netlist sorting complete. Time (s): cpu = 00:00:00.01 ; elapsed = 00:00:00.01 . Memory (MB): peak = 2440.832 ; gain = 0.000 ; free physical = 19602 ; free virtual = 24147
INFO: [Netlist 29-17] Analyzing 37 Unisim elements for replacement
INFO: [Netlist 29-28] Unisim Transformation completed in 0 CPU seconds
INFO: [Project 1-570] Preparing netlist for logic optimization
INFO: [Opt 31-140] Inserted 1 IBUFs to IO ports without IO buffers.
INFO: [Opt 31-138] Pushed 0 inverter(s) to 0 load pin(s).
Netlist sorting complete. Time (s): cpu = 00:00:00 ; elapsed = 00:00:00 . Memory (MB): peak = 2440.832 ; gain = 0.000 ; free physical = 19548 ; free virtual = 24094
INFO: [Project 1-111] Unisim Transformation Summary:
No Unisim elements were transformed.

Synth Design complete, checksum: 1c0a72f9
INFO: [Common 17-83] Releasing license: Synthesis
104 Infos, 137 Warnings, 1 Critical Warnings and 0 Errors encountered.
synth_design completed successfully
synth_design: Time (s): cpu = 00:00:19 ; elapsed = 00:00:19 . Memory (MB): peak = 2440.832 ; gain = 897.457 ; free physical = 19761 ; free virtual = 24306
INFO: [runtcl-6] Synthesis results are not added to the cache due to CRITICAL_WARNING
INFO: [Common 17-1381] The checkpoint '/home/sean/Downloads/git/ECE385_FP/lab6_2_redo/lab6_2_redo.runs/synth_1/mb_usb_hdmi_top.dcp' has been generated.
INFO: [runtcl-4] Executing : report_utilization -file mb_usb_hdmi_top_utilization_synth.rpt -pb mb_usb_hdmi_top_utilization_synth.pb
INFO: [Common 17-206] Exiting Vivado at Fri Dec  6 18:18:14 2024...
